#
# A fatal error has been detected by the Java Runtime Environment:
#
#  EXCEPTION_ACCESS_VIOLATION (0xc0000005) at pc=0x0000000064a886a7, pid=14380, tid=22104
#
# JRE version: OpenJDK Runtime Environment Zulu17.34+19-CA (17.0.3+7) (build 17.0.3+7-LTS)
# Java VM: OpenJDK 64-Bit Server VM Zulu17.34+19-CA (17.0.3+7-LTS, mixed mode, sharing, tiered, compressed oops, compressed class ptrs, g1 gc, windows-amd64)
# Problematic frame:
# C  [imgui-java64.dll+0x886a7]
#
# No core dump will be written. Minidumps are not enabled by default on client versions of Windows
#
# If you would like to submit a bug report, please visit:
#   http://www.azul.com/support/
# The crash happened outside the Java Virtual Machine in native code.
# See problematic frame for where to report the bug.
#

---------------  S U M M A R Y ------------

Command Line: -agentlib:jdwp=transport=dt_socket,address=127.0.0.1:9339,suspend=y,server=n -javaagent:C:\Users\Maxmilite\AppData\Local\JetBrains\IdeaIC2022.1\captureAgent\debugger-agent.jar -Dfile.encoding=UTF-8 sdu.revolution.Main

Host: 12th Gen Intel(R) Core(TM) i5-12500H, 16 cores, 15G,  Windows 11 , 64 bit Build 22000 (10.0.22000.1219)
Time: Sat Nov 26 10:19:29 2022 China Standard Time elapsed time: 8.041652 seconds (0d 0h 0m 8s)

---------------  T H R E A D  ---------------

Current thread (0x000002417ccf4dc0):  JavaThread "main" [_thread_in_native, id=22104, stack(0x00000098dc800000,0x00000098dc900000)]

Stack: [0x00000098dc800000,0x00000098dc900000],  sp=0x00000098dc8ff1e0,  free space=1020k
Native frames: (J=compiled Java code, j=interpreted, Vv=VM code, C=native code)
C  [imgui-java64.dll+0x886a7]

Java frames: (J=compiled Java code, j=interpreted, Vv=VM code)
j  imgui.ImDrawData.getCmdListsCount()I+0
j  sdu.revolution.engine.graph.GuiRender.render(Lsdu/revolution/engine/scene/Scene;)V+140
j  sdu.revolution.engine.graph.Render.render(Lsdu/revolution/engine/main/Window;Lsdu/revolution/engine/scene/Scene;)V+40
j  sdu.revolution.engine.main.Engine.run()V+242
j  sdu.revolution.engine.main.Engine.start()V+6
j  sdu.revolution.Main.main([Ljava/lang/String;)V+107
v  ~StubRoutines::call_stub

siginfo: EXCEPTION_ACCESS_VIOLATION (0xc0000005), reading address 0x0000000000000004


Register to memory mapping:

RIP=0x0000000064a886a7 imgui-java64.dll
RAX=0x0 is NULL
RBX={method} {0x0000024121ebd3c0} 'getCmdListsCount' '()I' in 'imgui/ImDrawData'
RCX=0x000002417ccf5070 points into unknown readable memory: 0x0000024122768a50 | 50 8a 76 22 41 02 00 00
RDX=0x00000098dc8ff2b0 is pointing into the stack for thread: 0x000002417ccf4dc0
RSP=0x00000098dc8ff1e0 is pointing into the stack for thread: 0x000002417ccf4dc0
RBP=0x00000098dc8ff290 is pointing into the stack for thread: 0x000002417ccf4dc0
RSI=0x0000000712435590 is an oop: [Ljava.util.HashMap$Node; 
{0x0000000712435590} - klass: 'java/util/HashMap$Node'[]
 - length: 16
RDI=0x0000024107a8a218 is at code_begin+4280 in an Interpreter codelet
return entry points  [0x0000024107a89160, 0x0000024107a8b380]  8736 bytes
R8 =0x0000000000000042 is an unknown value
R9 =0x0000000712465448 is an oop: imgui.ImDrawData 
{0x0000000712465448} - klass: 'imgui/ImDrawData'
 - ---- fields (total size 3 words):
 - public 'ptr' 'J' @16  0 (0 0)
R10=0x00007ff85c334960 jvm.dll
R11=0x0000000000000014 is an unknown value
R12=0x000002417ccf5070 points into unknown readable memory: 0x0000024122768a50 | 50 8a 76 22 41 02 00 00
R13=0x00000098dc8ff2b0 is pointing into the stack for thread: 0x000002417ccf4dc0
R14=0x00000098dc8ff2b0 is pointing into the stack for thread: 0x000002417ccf4dc0
R15=0x000002417ccf4dc0 is a thread


Registers:
RAX=0x0000000000000000, RBX=0x0000024121ebd3b8, RCX=0x000002417ccf5070, RDX=0x00000098dc8ff2b0
RSP=0x00000098dc8ff1e0, RBP=0x00000098dc8ff290, RSI=0x0000000712435590, RDI=0x0000024107a8a218
R8 =0x0000000000000042, R9 =0x0000000712465448, R10=0x00007ff85c334960, R11=0x0000000000000014
R12=0x000002417ccf5070, R13=0x00000098dc8ff2b0, R14=0x00000098dc8ff2b0, R15=0x000002417ccf4dc0
RIP=0x0000000064a886a7, EFLAGS=0x0000000000010246

Top of Stack: (sp=0x00000098dc8ff1e0)
0x00000098dc8ff1e0:   0000024107a8a218 0000024107a91049
0x00000098dc8ff1f0:   0000024121ebd3b8 0000024121ebd3b8
0x00000098dc8ff200:   0000024121ebd3b8 0000000000000000
0x00000098dc8ff210:   0000024121ebd3b8 0000024107a91366
0x00000098dc8ff220:   0000024121ebd3b8 0000000712435590
0x00000098dc8ff230:   00000098dc8ff258 0000000712435590
0x00000098dc8ff240:   0000024107a90c76 00000098dc8ff248
0x00000098dc8ff250:   0000024121ebd3b8 00000098dc8ff2b0
0x00000098dc8ff260:   0000024121ebe128 0000000000000000
0x00000098dc8ff270:   0000000712468578 0000024121ebd3b8
0x00000098dc8ff280:   0000000000000000 00000098dc8ff2b0
0x00000098dc8ff290:   00000098dc8ff300 0000024107a8a322
0x00000098dc8ff2a0:   0000000000000000 0000024107a8d4f6
0x00000098dc8ff2b0:   0000000712465448 00000098dc8ff2b8
0x00000098dc8ff2c0:   0000024121e6ba7c 00000098dc8ff368
0x00000098dc8ff2d0:   0000024121e70000 0000000000000000 

Instructions: (pc=0x0000000064a886a7)
0x0000000064a885a7:   83 c4 20 5b 41 5c 41 5d c3 41 56 41 55 41 54 56
0x0000000064a885b7:   53 48 83 ec 20 8b 74 24 70 49 89 cd 49 89 d6 49
0x0000000064a885c7:   63 d8 4d 89 cc 4d 85 c9 74 0f 48 8b 01 4c 89 ca
0x0000000064a885d7:   ff 90 30 07 00 00 49 89 c4 e8 3b 05 11 00 4d 8b
0x0000000064a885e7:   4d 00 4c 89 f2 4c 89 e9 49 89 c0 41 ff 91 28 03
0x0000000064a885f7:   00 00 4c 63 c6 4c 89 e1 48 8b 40 10 48 8b 04 d8
0x0000000064a88607:   48 8b 50 28 48 83 c4 20 5b 5e 41 5c 41 5d 41 5e
0x0000000064a88617:   e9 84 91 12 00 0f 1f 40 00 b8 14 00 00 00 c3 66
0x0000000064a88627:   2e 0f 1f 84 00 00 00 00 00 b8 02 00 00 00 c3 66
0x0000000064a88637:   2e 0f 1f 84 00 00 00 00 00 41 55 41 54 48 83 ec
0x0000000064a88647:   28 49 89 cc 49 89 d5 e8 cd 04 11 00 4d 8b 0c 24
0x0000000064a88657:   4c 89 ea 4c 89 e1 49 89 c0 41 ff 91 28 03 00 00
0x0000000064a88667:   0f b6 00 48 83 c4 28 41 5c 41 5d c3 66 66 2e 0f
0x0000000064a88677:   1f 84 00 00 00 00 00 66 90 41 55 41 54 48 83 ec
0x0000000064a88687:   28 49 89 cc 49 89 d5 e8 8d 04 11 00 4d 8b 0c 24
0x0000000064a88697:   4c 89 ea 4c 89 e1 49 89 c0 41 ff 91 28 03 00 00
0x0000000064a886a7:   8b 40 04 48 83 c4 28 41 5c 41 5d c3 66 66 2e 0f
0x0000000064a886b7:   1f 84 00 00 00 00 00 66 90 41 55 41 54 48 83 ec
0x0000000064a886c7:   28 49 89 cc 49 89 d5 e8 4d 04 11 00 4d 8b 0c 24
0x0000000064a886d7:   4c 89 ea 4c 89 e1 49 89 c0 41 ff 91 28 03 00 00
0x0000000064a886e7:   8b 40 08 48 83 c4 28 41 5c 41 5d c3 66 66 2e 0f
0x0000000064a886f7:   1f 84 00 00 00 00 00 66 90 41 55 41 54 48 83 ec
0x0000000064a88707:   28 49 89 cc 49 89 d5 e8 0d 04 11 00 4d 8b 0c 24
0x0000000064a88717:   4c 89 ea 4c 89 e1 49 89 c0 41 ff 91 28 03 00 00
0x0000000064a88727:   8b 40 0c 48 83 c4 28 41 5c 41 5d c3 66 66 2e 0f
0x0000000064a88737:   1f 84 00 00 00 00 00 66 90 41 55 41 54 53 48 83
0x0000000064a88747:   ec 20 49 89 cc 4c 89 c3 49 89 d5 e8 c9 03 11 00
0x0000000064a88757:   4d 8b 0c 24 4c 89 ea 4c 89 e1 49 89 c0 41 ff 91
0x0000000064a88767:   28 03 00 00 49 89 d8 4c 89 e1 48 8d 50 18 48 83
0x0000000064a88777:   c4 20 5b 41 5c 41 5d e9 dd 08 11 00 66 66 2e 0f
0x0000000064a88787:   1f 84 00 00 00 00 00 66 90 41 55 41 54 48 83 ec
0x0000000064a88797:   28 49 89 cc 49 89 d5 e8 7d 03 11 00 4d 8b 0c 24 


Stack slot to memory mapping:
stack at sp + 0 slots: 0x0000024107a8a218 is at code_begin+4280 in an Interpreter codelet
return entry points  [0x0000024107a89160, 0x0000024107a8b380]  8736 bytes
stack at sp + 1 slots: 0x0000024107a91049 is at code_begin+1161 in an Interpreter codelet
method entry point (kind = native)  [0x0000024107a90bc0, 0x0000024107a91ce0]  4384 bytes
stack at sp + 2 slots: {method} {0x0000024121ebd3c0} 'getCmdListsCount' '()I' in 'imgui/ImDrawData'
stack at sp + 3 slots: {method} {0x0000024121ebd3c0} 'getCmdListsCount' '()I' in 'imgui/ImDrawData'
stack at sp + 4 slots: {method} {0x0000024121ebd3c0} 'getCmdListsCount' '()I' in 'imgui/ImDrawData'
stack at sp + 5 slots: 0x0 is NULL
stack at sp + 6 slots: {method} {0x0000024121ebd3c0} 'getCmdListsCount' '()I' in 'imgui/ImDrawData'
stack at sp + 7 slots: 0x0000024107a91366 is at code_begin+1958 in an Interpreter codelet
method entry point (kind = native)  [0x0000024107a90bc0, 0x0000024107a91ce0]  4384 bytes


---------------  P R O C E S S  ---------------

Threads class SMR info:
_java_thread_list=0x000002412f379430, length=24, elements={
0x000002417ccf4dc0, 0x0000024121263fc0, 0x00000241212668a0, 0x000002412128c220,
0x000002412128caf0, 0x000002412128d3c0, 0x000002412127ec20, 0x0000024121283500,
0x0000024121283ec0, 0x00000241212847d0, 0x0000024121260560, 0x00000241214c7e40,
0x00000241214df4b0, 0x00000241214e1d40, 0x00000241214f43e0, 0x000002412ca3e9e0,
0x00000241222f2a20, 0x000002412f00a840, 0x000002412c24c050, 0x0000024123394270,
0x0000024123394fa0, 0x00000241233954c0, 0x0000024121449030, 0x000002412f37c4d0
}

Java Threads: ( => current thread )
=>0x000002417ccf4dc0 JavaThread "main" [_thread_in_native, id=22104, stack(0x00000098dc800000,0x00000098dc900000)]
  0x0000024121263fc0 JavaThread "Reference Handler" daemon [_thread_blocked, id=23600, stack(0x00000098dcf00000,0x00000098dd000000)]
  0x00000241212668a0 JavaThread "Finalizer" daemon [_thread_blocked, id=1392, stack(0x00000098dd000000,0x00000098dd100000)]
  0x000002412128c220 JavaThread "Signal Dispatcher" daemon [_thread_blocked, id=7892, stack(0x00000098dd100000,0x00000098dd200000)]
  0x000002412128caf0 JavaThread "Attach Listener" daemon [_thread_blocked, id=18164, stack(0x00000098dd200000,0x00000098dd300000)]
  0x000002412128d3c0 JavaThread "Service Thread" daemon [_thread_blocked, id=18544, stack(0x00000098dd300000,0x00000098dd400000)]
  0x000002412127ec20 JavaThread "Monitor Deflation Thread" daemon [_thread_blocked, id=6688, stack(0x00000098dd400000,0x00000098dd500000)]
  0x0000024121283500 JavaThread "C2 CompilerThread0" daemon [_thread_blocked, id=15984, stack(0x00000098dd500000,0x00000098dd600000)]
  0x0000024121283ec0 JavaThread "C1 CompilerThread0" daemon [_thread_blocked, id=23108, stack(0x00000098dd600000,0x00000098dd700000)]
  0x00000241212847d0 JavaThread "Sweeper thread" daemon [_thread_blocked, id=20988, stack(0x00000098dd700000,0x00000098dd800000)]
  0x0000024121260560 JavaThread "Common-Cleaner" daemon [_thread_blocked, id=19048, stack(0x00000098dd800000,0x00000098dd900000)]
  0x00000241214c7e40 JavaThread "JDWP Transport Listener: dt_socket" daemon [_thread_blocked, id=23620, stack(0x00000098dde00000,0x00000098ddf00000)]
  0x00000241214df4b0 JavaThread "JDWP Event Helper Thread" daemon [_thread_blocked, id=19684, stack(0x00000098ddf00000,0x00000098de000000)]
  0x00000241214e1d40 JavaThread "JDWP Command Reader" daemon [_thread_in_native, id=14268, stack(0x00000098de000000,0x00000098de100000)]
  0x00000241214f43e0 JavaThread "Notification Thread" daemon [_thread_blocked, id=24420, stack(0x00000098ddc00000,0x00000098ddd00000)]
  0x000002412ca3e9e0 JavaThread "C1 CompilerThread1" daemon [_thread_blocked, id=4164, stack(0x00000098dd900000,0x00000098dda00000)]
  0x00000241222f2a20 JavaThread "C1 CompilerThread2" daemon [_thread_blocked, id=11604, stack(0x00000098dda00000,0x00000098ddb00000)]
  0x000002412f00a840 JavaThread "C2 CompilerThread1" daemon [_thread_blocked, id=9640, stack(0x00000098ddb00000,0x00000098ddc00000)]
  0x000002412c24c050 JavaThread "C2 CompilerThread2" daemon [_thread_blocked, id=2156, stack(0x00000098df530000,0x00000098df630000)]
  0x0000024123394270 JavaThread "C2 CompilerThread3" daemon [_thread_blocked, id=2212, stack(0x00000098df630000,0x00000098df730000)]
  0x0000024123394fa0 JavaThread "C2 CompilerThread4" daemon [_thread_blocked, id=1136, stack(0x00000098df730000,0x00000098df830000)]
  0x00000241233954c0 JavaThread "C2 CompilerThread5" daemon [_thread_blocked, id=18632, stack(0x00000098df830000,0x00000098df930000)]
  0x0000024121449030 JavaThread "C1 CompilerThread3" daemon [_thread_blocked, id=10164, stack(0x00000098dfa30000,0x00000098dfb30000)]
  0x000002412f37c4d0 JavaThread "pool-1-thread-1" [_thread_blocked, id=24108, stack(0x00000098df930000,0x00000098dfa30000)]

Other Threads:
  0x000002417e29d580 VMThread "VM Thread" [stack: 0x00000098dce00000,0x00000098dcf00000] [id=3052]
  0x0000024121500f70 WatcherThread [stack: 0x00000098ddd00000,0x00000098dde00000] [id=24152]
  0x000002417e0e0a10 GCTaskThread "GC Thread#0" [stack: 0x00000098dc900000,0x00000098dca00000] [id=13132]
  0x00000241232846f0 GCTaskThread "GC Thread#1" [stack: 0x00000098de100000,0x00000098de200000] [id=20672]
  0x0000024123283bf0 GCTaskThread "GC Thread#2" [stack: 0x00000098dea30000,0x00000098deb30000] [id=3068]
  0x0000024123283670 GCTaskThread "GC Thread#3" [stack: 0x00000098deb30000,0x00000098dec30000] [id=20116]
  0x0000024123283eb0 GCTaskThread "GC Thread#4" [stack: 0x00000098dec30000,0x00000098ded30000] [id=720]
  0x00000241232851f0 GCTaskThread "GC Thread#5" [stack: 0x00000098ded30000,0x00000098dee30000] [id=17544]
  0x0000024123285770 GCTaskThread "GC Thread#6" [stack: 0x00000098dee30000,0x00000098def30000] [id=9676]
  0x0000024123285a30 GCTaskThread "GC Thread#7" [stack: 0x00000098def30000,0x00000098df030000] [id=18812]
  0x0000024123286270 GCTaskThread "GC Thread#8" [stack: 0x00000098df030000,0x00000098df130000] [id=23704]
  0x0000024123284170 GCTaskThread "GC Thread#9" [stack: 0x00000098df130000,0x00000098df230000] [id=15080]
  0x00000241232867f0 GCTaskThread "GC Thread#10" [stack: 0x00000098df230000,0x00000098df330000] [id=23536]
  0x0000024123286ab0 GCTaskThread "GC Thread#11" [stack: 0x00000098df330000,0x00000098df430000] [id=8848]
  0x0000024123599470 GCTaskThread "GC Thread#12" [stack: 0x00000098df430000,0x00000098df530000] [id=23016]
  0x000002417cd37b40 ConcurrentGCThread "G1 Main Marker" [stack: 0x00000098dca00000,0x00000098dcb00000] [id=4240]
  0x000002417cd39870 ConcurrentGCThread "G1 Conc#0" [stack: 0x00000098dcb00000,0x00000098dcc00000] [id=9672]
  0x000002417e1d0980 ConcurrentGCThread "G1 Refine#0" [stack: 0x00000098dcc00000,0x00000098dcd00000] [id=15032]
  0x000002417e1d1060 ConcurrentGCThread "G1 Service" [stack: 0x00000098dcd00000,0x00000098dce00000] [id=18700]

Threads with active compile tasks:

VM state: not at safepoint (normal execution)

VM Mutex/Monitor currently owned by a thread: None

Heap address: 0x0000000704800000, size: 4024 MB, Compressed Oops mode: Zero based, Oop shift amount: 3

CDS archive(s) mapped at: [0x0000000800000000-0x0000000800c00000-0x0000000800c00000), size 12582912, SharedBaseAddress: 0x0000000800000000, ArchiveRelocationMode: 0.
Compressed class space mapped at: 0x0000000800c00000-0x0000000840c00000, reserved size: 1073741824
Narrow klass base: 0x0000000800000000, Narrow klass shift: 0, Narrow klass range: 0x100000000

GC Precious Log:
 CPUs: 16 total, 16 available
 Memory: 16088M
 Large Page Support: Disabled
 NUMA Support: Disabled
 Compressed Oops: Enabled (Zero based)
 Heap Region Size: 2M
 Heap Min Capacity: 8M
 Heap Initial Capacity: 252M
 Heap Max Capacity: 4024M
 Pre-touch: Disabled
 Parallel Workers: 13
 Concurrent Workers: 3
 Concurrent Refinement Workers: 13
 Periodic GC: Disabled

Heap:
 garbage-first heap   total 258048K, used 57836K [0x0000000704800000, 0x0000000800000000)
  region size 2048K, 28 young (57344K), 1 survivors (2048K)
 Metaspace       used 12019K, committed 12224K, reserved 1064960K
  class space    used 891K, committed 1024K, reserved 1048576K

Heap Regions: E=young(eden), S=young(survivor), O=old, HS=humongous(starts), HC=humongous(continues), CS=collection set, F=free, OA=open archive, CA=closed archive, TAMS=top-at-mark-start (previous, next)
|   0|0x0000000704800000, 0x0000000704a00000, 0x0000000704a00000|100%| O|  |TAMS 0x0000000704800000, 0x0000000704800000| Untracked 
|   1|0x0000000704a00000, 0x0000000704c00000, 0x0000000704c00000|100%| O|  |TAMS 0x0000000704a00000, 0x0000000704a00000| Untracked 
|   2|0x0000000704c00000, 0x0000000704ca5000, 0x0000000704e00000| 32%| O|  |TAMS 0x0000000704c00000, 0x0000000704c00000| Untracked 
|   3|0x0000000704e00000, 0x0000000704e00000, 0x0000000705000000|  0%| F|  |TAMS 0x0000000704e00000, 0x0000000704e00000| Untracked 
|   4|0x0000000705000000, 0x0000000705000000, 0x0000000705200000|  0%| F|  |TAMS 0x0000000705000000, 0x0000000705000000| Untracked 
|   5|0x0000000705200000, 0x0000000705200000, 0x0000000705400000|  0%| F|  |TAMS 0x0000000705200000, 0x0000000705200000| Untracked 
|   6|0x0000000705400000, 0x0000000705400000, 0x0000000705600000|  0%| F|  |TAMS 0x0000000705400000, 0x0000000705400000| Untracked 
|   7|0x0000000705600000, 0x0000000705600000, 0x0000000705800000|  0%| F|  |TAMS 0x0000000705600000, 0x0000000705600000| Untracked 
|   8|0x0000000705800000, 0x0000000705800000, 0x0000000705a00000|  0%| F|  |TAMS 0x0000000705800000, 0x0000000705800000| Untracked 
|   9|0x0000000705a00000, 0x0000000705a00000, 0x0000000705c00000|  0%| F|  |TAMS 0x0000000705a00000, 0x0000000705a00000| Untracked 
|  10|0x0000000705c00000, 0x0000000705c00000, 0x0000000705e00000|  0%| F|  |TAMS 0x0000000705c00000, 0x0000000705c00000| Untracked 
|  11|0x0000000705e00000, 0x0000000705e00000, 0x0000000706000000|  0%| F|  |TAMS 0x0000000705e00000, 0x0000000705e00000| Untracked 
|  12|0x0000000706000000, 0x0000000706000000, 0x0000000706200000|  0%| F|  |TAMS 0x0000000706000000, 0x0000000706000000| Untracked 
|  13|0x0000000706200000, 0x0000000706200000, 0x0000000706400000|  0%| F|  |TAMS 0x0000000706200000, 0x0000000706200000| Untracked 
|  14|0x0000000706400000, 0x0000000706400000, 0x0000000706600000|  0%| F|  |TAMS 0x0000000706400000, 0x0000000706400000| Untracked 
|  15|0x0000000706600000, 0x0000000706600000, 0x0000000706800000|  0%| F|  |TAMS 0x0000000706600000, 0x0000000706600000| Untracked 
|  16|0x0000000706800000, 0x0000000706800000, 0x0000000706a00000|  0%| F|  |TAMS 0x0000000706800000, 0x0000000706800000| Untracked 
|  17|0x0000000706a00000, 0x0000000706a00000, 0x0000000706c00000|  0%| F|  |TAMS 0x0000000706a00000, 0x0000000706a00000| Untracked 
|  18|0x0000000706c00000, 0x0000000706c00000, 0x0000000706e00000|  0%| F|  |TAMS 0x0000000706c00000, 0x0000000706c00000| Untracked 
|  19|0x0000000706e00000, 0x0000000706e00000, 0x0000000707000000|  0%| F|  |TAMS 0x0000000706e00000, 0x0000000706e00000| Untracked 
|  20|0x0000000707000000, 0x0000000707000000, 0x0000000707200000|  0%| F|  |TAMS 0x0000000707000000, 0x0000000707000000| Untracked 
|  21|0x0000000707200000, 0x0000000707200000, 0x0000000707400000|  0%| F|  |TAMS 0x0000000707200000, 0x0000000707200000| Untracked 
|  22|0x0000000707400000, 0x0000000707400000, 0x0000000707600000|  0%| F|  |TAMS 0x0000000707400000, 0x0000000707400000| Untracked 
|  23|0x0000000707600000, 0x0000000707600000, 0x0000000707800000|  0%| F|  |TAMS 0x0000000707600000, 0x0000000707600000| Untracked 
|  24|0x0000000707800000, 0x0000000707800000, 0x0000000707a00000|  0%| F|  |TAMS 0x0000000707800000, 0x0000000707800000| Untracked 
|  25|0x0000000707a00000, 0x0000000707a00000, 0x0000000707c00000|  0%| F|  |TAMS 0x0000000707a00000, 0x0000000707a00000| Untracked 
|  26|0x0000000707c00000, 0x0000000707c00000, 0x0000000707e00000|  0%| F|  |TAMS 0x0000000707c00000, 0x0000000707c00000| Untracked 
|  27|0x0000000707e00000, 0x0000000707e00000, 0x0000000708000000|  0%| F|  |TAMS 0x0000000707e00000, 0x0000000707e00000| Untracked 
|  28|0x0000000708000000, 0x0000000708000000, 0x0000000708200000|  0%| F|  |TAMS 0x0000000708000000, 0x0000000708000000| Untracked 
|  29|0x0000000708200000, 0x0000000708200000, 0x0000000708400000|  0%| F|  |TAMS 0x0000000708200000, 0x0000000708200000| Untracked 
|  30|0x0000000708400000, 0x0000000708400000, 0x0000000708600000|  0%| F|  |TAMS 0x0000000708400000, 0x0000000708400000| Untracked 
|  31|0x0000000708600000, 0x0000000708600000, 0x0000000708800000|  0%| F|  |TAMS 0x0000000708600000, 0x0000000708600000| Untracked 
|  32|0x0000000708800000, 0x0000000708800000, 0x0000000708a00000|  0%| F|  |TAMS 0x0000000708800000, 0x0000000708800000| Untracked 
|  33|0x0000000708a00000, 0x0000000708a00000, 0x0000000708c00000|  0%| F|  |TAMS 0x0000000708a00000, 0x0000000708a00000| Untracked 
|  34|0x0000000708c00000, 0x0000000708c00000, 0x0000000708e00000|  0%| F|  |TAMS 0x0000000708c00000, 0x0000000708c00000| Untracked 
|  35|0x0000000708e00000, 0x0000000708e00000, 0x0000000709000000|  0%| F|  |TAMS 0x0000000708e00000, 0x0000000708e00000| Untracked 
|  36|0x0000000709000000, 0x0000000709000000, 0x0000000709200000|  0%| F|  |TAMS 0x0000000709000000, 0x0000000709000000| Untracked 
|  37|0x0000000709200000, 0x0000000709200000, 0x0000000709400000|  0%| F|  |TAMS 0x0000000709200000, 0x0000000709200000| Untracked 
|  38|0x0000000709400000, 0x0000000709400000, 0x0000000709600000|  0%| F|  |TAMS 0x0000000709400000, 0x0000000709400000| Untracked 
|  39|0x0000000709600000, 0x0000000709600000, 0x0000000709800000|  0%| F|  |TAMS 0x0000000709600000, 0x0000000709600000| Untracked 
|  40|0x0000000709800000, 0x0000000709800000, 0x0000000709a00000|  0%| F|  |TAMS 0x0000000709800000, 0x0000000709800000| Untracked 
|  41|0x0000000709a00000, 0x0000000709a00000, 0x0000000709c00000|  0%| F|  |TAMS 0x0000000709a00000, 0x0000000709a00000| Untracked 
|  42|0x0000000709c00000, 0x0000000709c00000, 0x0000000709e00000|  0%| F|  |TAMS 0x0000000709c00000, 0x0000000709c00000| Untracked 
|  43|0x0000000709e00000, 0x0000000709e00000, 0x000000070a000000|  0%| F|  |TAMS 0x0000000709e00000, 0x0000000709e00000| Untracked 
|  44|0x000000070a000000, 0x000000070a000000, 0x000000070a200000|  0%| F|  |TAMS 0x000000070a000000, 0x000000070a000000| Untracked 
|  45|0x000000070a200000, 0x000000070a200000, 0x000000070a400000|  0%| F|  |TAMS 0x000000070a200000, 0x000000070a200000| Untracked 
|  46|0x000000070a400000, 0x000000070a400000, 0x000000070a600000|  0%| F|  |TAMS 0x000000070a400000, 0x000000070a400000| Untracked 
|  47|0x000000070a600000, 0x000000070a600000, 0x000000070a800000|  0%| F|  |TAMS 0x000000070a600000, 0x000000070a600000| Untracked 
|  48|0x000000070a800000, 0x000000070a800000, 0x000000070aa00000|  0%| F|  |TAMS 0x000000070a800000, 0x000000070a800000| Untracked 
|  49|0x000000070aa00000, 0x000000070aa00000, 0x000000070ac00000|  0%| F|  |TAMS 0x000000070aa00000, 0x000000070aa00000| Untracked 
|  50|0x000000070ac00000, 0x000000070ac00000, 0x000000070ae00000|  0%| F|  |TAMS 0x000000070ac00000, 0x000000070ac00000| Untracked 
|  51|0x000000070ae00000, 0x000000070ae00000, 0x000000070b000000|  0%| F|  |TAMS 0x000000070ae00000, 0x000000070ae00000| Untracked 
|  52|0x000000070b000000, 0x000000070b000000, 0x000000070b200000|  0%| F|  |TAMS 0x000000070b000000, 0x000000070b000000| Untracked 
|  53|0x000000070b200000, 0x000000070b200000, 0x000000070b400000|  0%| F|  |TAMS 0x000000070b200000, 0x000000070b200000| Untracked 
|  54|0x000000070b400000, 0x000000070b400000, 0x000000070b600000|  0%| F|  |TAMS 0x000000070b400000, 0x000000070b400000| Untracked 
|  55|0x000000070b600000, 0x000000070b600000, 0x000000070b800000|  0%| F|  |TAMS 0x000000070b600000, 0x000000070b600000| Untracked 
|  56|0x000000070b800000, 0x000000070b800000, 0x000000070ba00000|  0%| F|  |TAMS 0x000000070b800000, 0x000000070b800000| Untracked 
|  57|0x000000070ba00000, 0x000000070ba00000, 0x000000070bc00000|  0%| F|  |TAMS 0x000000070ba00000, 0x000000070ba00000| Untracked 
|  58|0x000000070bc00000, 0x000000070bc00000, 0x000000070be00000|  0%| F|  |TAMS 0x000000070bc00000, 0x000000070bc00000| Untracked 
|  59|0x000000070be00000, 0x000000070be00000, 0x000000070c000000|  0%| F|  |TAMS 0x000000070be00000, 0x000000070be00000| Untracked 
|  60|0x000000070c000000, 0x000000070c000000, 0x000000070c200000|  0%| F|  |TAMS 0x000000070c000000, 0x000000070c000000| Untracked 
|  61|0x000000070c200000, 0x000000070c200000, 0x000000070c400000|  0%| F|  |TAMS 0x000000070c200000, 0x000000070c200000| Untracked 
|  62|0x000000070c400000, 0x000000070c400000, 0x000000070c600000|  0%| F|  |TAMS 0x000000070c400000, 0x000000070c400000| Untracked 
|  63|0x000000070c600000, 0x000000070c600000, 0x000000070c800000|  0%| F|  |TAMS 0x000000070c600000, 0x000000070c600000| Untracked 
|  64|0x000000070c800000, 0x000000070c800000, 0x000000070ca00000|  0%| F|  |TAMS 0x000000070c800000, 0x000000070c800000| Untracked 
|  65|0x000000070ca00000, 0x000000070ca00000, 0x000000070cc00000|  0%| F|  |TAMS 0x000000070ca00000, 0x000000070ca00000| Untracked 
|  66|0x000000070cc00000, 0x000000070cc00000, 0x000000070ce00000|  0%| F|  |TAMS 0x000000070cc00000, 0x000000070cc00000| Untracked 
|  67|0x000000070ce00000, 0x000000070ce00000, 0x000000070d000000|  0%| F|  |TAMS 0x000000070ce00000, 0x000000070ce00000| Untracked 
|  68|0x000000070d000000, 0x000000070d000000, 0x000000070d200000|  0%| F|  |TAMS 0x000000070d000000, 0x000000070d000000| Untracked 
|  69|0x000000070d200000, 0x000000070d200000, 0x000000070d400000|  0%| F|  |TAMS 0x000000070d200000, 0x000000070d200000| Untracked 
|  70|0x000000070d400000, 0x000000070d400000, 0x000000070d600000|  0%| F|  |TAMS 0x000000070d400000, 0x000000070d400000| Untracked 
|  71|0x000000070d600000, 0x000000070d600000, 0x000000070d800000|  0%| F|  |TAMS 0x000000070d600000, 0x000000070d600000| Untracked 
|  72|0x000000070d800000, 0x000000070d800000, 0x000000070da00000|  0%| F|  |TAMS 0x000000070d800000, 0x000000070d800000| Untracked 
|  73|0x000000070da00000, 0x000000070da00000, 0x000000070dc00000|  0%| F|  |TAMS 0x000000070da00000, 0x000000070da00000| Untracked 
|  74|0x000000070dc00000, 0x000000070dc00000, 0x000000070de00000|  0%| F|  |TAMS 0x000000070dc00000, 0x000000070dc00000| Untracked 
|  75|0x000000070de00000, 0x000000070de00000, 0x000000070e000000|  0%| F|  |TAMS 0x000000070de00000, 0x000000070de00000| Untracked 
|  76|0x000000070e000000, 0x000000070e000000, 0x000000070e200000|  0%| F|  |TAMS 0x000000070e000000, 0x000000070e000000| Untracked 
|  77|0x000000070e200000, 0x000000070e200000, 0x000000070e400000|  0%| F|  |TAMS 0x000000070e200000, 0x000000070e200000| Untracked 
|  78|0x000000070e400000, 0x000000070e400000, 0x000000070e600000|  0%| F|  |TAMS 0x000000070e400000, 0x000000070e400000| Untracked 
|  79|0x000000070e600000, 0x000000070e600000, 0x000000070e800000|  0%| F|  |TAMS 0x000000070e600000, 0x000000070e600000| Untracked 
|  80|0x000000070e800000, 0x000000070e800000, 0x000000070ea00000|  0%| F|  |TAMS 0x000000070e800000, 0x000000070e800000| Untracked 
|  81|0x000000070ea00000, 0x000000070ea00000, 0x000000070ec00000|  0%| F|  |TAMS 0x000000070ea00000, 0x000000070ea00000| Untracked 
|  82|0x000000070ec00000, 0x000000070ec00000, 0x000000070ee00000|  0%| F|  |TAMS 0x000000070ec00000, 0x000000070ec00000| Untracked 
|  83|0x000000070ee00000, 0x000000070ee00000, 0x000000070f000000|  0%| F|  |TAMS 0x000000070ee00000, 0x000000070ee00000| Untracked 
|  84|0x000000070f000000, 0x000000070f000000, 0x000000070f200000|  0%| F|  |TAMS 0x000000070f000000, 0x000000070f000000| Untracked 
|  85|0x000000070f200000, 0x000000070f200000, 0x000000070f400000|  0%| F|  |TAMS 0x000000070f200000, 0x000000070f200000| Untracked 
|  86|0x000000070f400000, 0x000000070f400000, 0x000000070f600000|  0%| F|  |TAMS 0x000000070f400000, 0x000000070f400000| Untracked 
|  87|0x000000070f600000, 0x000000070f600000, 0x000000070f800000|  0%| F|  |TAMS 0x000000070f600000, 0x000000070f600000| Untracked 
|  88|0x000000070f800000, 0x000000070f800000, 0x000000070fa00000|  0%| F|  |TAMS 0x000000070f800000, 0x000000070f800000| Untracked 
|  89|0x000000070fa00000, 0x000000070fa00000, 0x000000070fc00000|  0%| F|  |TAMS 0x000000070fa00000, 0x000000070fa00000| Untracked 
|  90|0x000000070fc00000, 0x000000070fc00000, 0x000000070fe00000|  0%| F|  |TAMS 0x000000070fc00000, 0x000000070fc00000| Untracked 
|  91|0x000000070fe00000, 0x000000070fe00000, 0x0000000710000000|  0%| F|  |TAMS 0x000000070fe00000, 0x000000070fe00000| Untracked 
|  92|0x0000000710000000, 0x0000000710000000, 0x0000000710200000|  0%| F|  |TAMS 0x0000000710000000, 0x0000000710000000| Untracked 
|  93|0x0000000710200000, 0x0000000710200000, 0x0000000710400000|  0%| F|  |TAMS 0x0000000710200000, 0x0000000710200000| Untracked 
|  94|0x0000000710400000, 0x0000000710400000, 0x0000000710600000|  0%| F|  |TAMS 0x0000000710400000, 0x0000000710400000| Untracked 
|  95|0x0000000710600000, 0x0000000710600000, 0x0000000710800000|  0%| F|  |TAMS 0x0000000710600000, 0x0000000710600000| Untracked 
|  96|0x0000000710800000, 0x0000000710800000, 0x0000000710a00000|  0%| F|  |TAMS 0x0000000710800000, 0x0000000710800000| Untracked 
|  97|0x0000000710a00000, 0x0000000710a00000, 0x0000000710c00000|  0%| F|  |TAMS 0x0000000710a00000, 0x0000000710a00000| Untracked 
|  98|0x0000000710c00000, 0x0000000710d00800, 0x0000000710e00000| 50%| E|  |TAMS 0x0000000710c00000, 0x0000000710c00000| Complete 
|  99|0x0000000710e00000, 0x0000000711000000, 0x0000000711000000|100%| E|CS|TAMS 0x0000000710e00000, 0x0000000710e00000| Complete 
| 100|0x0000000711000000, 0x0000000711200000, 0x0000000711200000|100%| E|CS|TAMS 0x0000000711000000, 0x0000000711000000| Complete 
| 101|0x0000000711200000, 0x0000000711400000, 0x0000000711400000|100%| E|CS|TAMS 0x0000000711200000, 0x0000000711200000| Complete 
| 102|0x0000000711400000, 0x0000000711600000, 0x0000000711600000|100%| E|CS|TAMS 0x0000000711400000, 0x0000000711400000| Complete 
| 103|0x0000000711600000, 0x0000000711800000, 0x0000000711800000|100%| E|CS|TAMS 0x0000000711600000, 0x0000000711600000| Complete 
| 104|0x0000000711800000, 0x0000000711a00000, 0x0000000711a00000|100%| E|CS|TAMS 0x0000000711800000, 0x0000000711800000| Complete 
| 105|0x0000000711a00000, 0x0000000711c00000, 0x0000000711c00000|100%| E|  |TAMS 0x0000000711a00000, 0x0000000711a00000| Complete 
| 106|0x0000000711c00000, 0x0000000711e00000, 0x0000000711e00000|100%| E|CS|TAMS 0x0000000711c00000, 0x0000000711c00000| Complete 
| 107|0x0000000711e00000, 0x0000000712000000, 0x0000000712000000|100%| E|CS|TAMS 0x0000000711e00000, 0x0000000711e00000| Complete 
| 108|0x0000000712000000, 0x0000000712200000, 0x0000000712200000|100%| E|CS|TAMS 0x0000000712000000, 0x0000000712000000| Complete 
| 109|0x0000000712200000, 0x0000000712400000, 0x0000000712400000|100%| E|CS|TAMS 0x0000000712200000, 0x0000000712200000| Complete 
| 110|0x0000000712400000, 0x00000007125d6370, 0x0000000712600000| 91%| S|CS|TAMS 0x0000000712400000, 0x0000000712400000| Complete 
| 111|0x0000000712600000, 0x0000000712800000, 0x0000000712800000|100%| E|CS|TAMS 0x0000000712600000, 0x0000000712600000| Complete 
| 112|0x0000000712800000, 0x0000000712a00000, 0x0000000712a00000|100%| E|CS|TAMS 0x0000000712800000, 0x0000000712800000| Complete 
| 113|0x0000000712a00000, 0x0000000712c00000, 0x0000000712c00000|100%| E|CS|TAMS 0x0000000712a00000, 0x0000000712a00000| Complete 
| 114|0x0000000712c00000, 0x0000000712e00000, 0x0000000712e00000|100%| E|CS|TAMS 0x0000000712c00000, 0x0000000712c00000| Complete 
| 115|0x0000000712e00000, 0x0000000713000000, 0x0000000713000000|100%| E|CS|TAMS 0x0000000712e00000, 0x0000000712e00000| Complete 
| 116|0x0000000713000000, 0x0000000713200000, 0x0000000713200000|100%| E|CS|TAMS 0x0000000713000000, 0x0000000713000000| Complete 
| 117|0x0000000713200000, 0x0000000713400000, 0x0000000713400000|100%| E|CS|TAMS 0x0000000713200000, 0x0000000713200000| Complete 
| 118|0x0000000713400000, 0x0000000713600000, 0x0000000713600000|100%| E|CS|TAMS 0x0000000713400000, 0x0000000713400000| Complete 
| 119|0x0000000713600000, 0x0000000713800000, 0x0000000713800000|100%| E|CS|TAMS 0x0000000713600000, 0x0000000713600000| Complete 
| 120|0x0000000713800000, 0x0000000713a00000, 0x0000000713a00000|100%| E|CS|TAMS 0x0000000713800000, 0x0000000713800000| Complete 
| 121|0x0000000713a00000, 0x0000000713c00000, 0x0000000713c00000|100%| E|CS|TAMS 0x0000000713a00000, 0x0000000713a00000| Complete 
| 122|0x0000000713c00000, 0x0000000713e00000, 0x0000000713e00000|100%| E|CS|TAMS 0x0000000713c00000, 0x0000000713c00000| Complete 
| 123|0x0000000713e00000, 0x0000000714000000, 0x0000000714000000|100%| E|CS|TAMS 0x0000000713e00000, 0x0000000713e00000| Complete 
| 124|0x0000000714000000, 0x0000000714200000, 0x0000000714200000|100%| E|CS|TAMS 0x0000000714000000, 0x0000000714000000| Complete 
| 125|0x0000000714200000, 0x0000000714400000, 0x0000000714400000|100%| E|CS|TAMS 0x0000000714200000, 0x0000000714200000| Complete 

Card table byte_map: [0x000002417ea80000,0x000002417f260000] _byte_map_base: 0x000002417b25c000

Marking Bits (Prev, Next): (CMBitMap*) 0x000002417cd27690, (CMBitMap*) 0x000002417cd276d0
 Prev Bits: [0x0000024116a80000, 0x000002411a960000)
 Next Bits: [0x000002411a960000, 0x000002411e840000)

Polling page: 0x000002417d090000

Metaspace:

Usage:
  Non-class:     10.87 MB used.
      Class:    891.15 KB used.
       Both:     11.74 MB used.

Virtual space:
  Non-class space:       16.00 MB reserved,      10.94 MB ( 68%) committed,  2 nodes.
      Class space:        1.00 GB reserved,       1.00 MB ( <1%) committed,  1 nodes.
             Both:        1.02 GB reserved,      11.94 MB (  1%) committed. 

Chunk freelists:
   Non-Class:  198.00 KB
       Class:  3.01 MB
        Both:  3.21 MB

MaxMetaspaceSize: unlimited
CompressedClassSpaceSize: 1.00 GB
Initial GC threshold: 21.00 MB
Current GC threshold: 21.00 MB
CDS: on
MetaspaceReclaimPolicy: balanced
 - commit_granule_bytes: 65536.
 - commit_granule_words: 8192.
 - virtual_space_node_default_size: 1048576.
 - enlarge_chunks_in_place: 1.
 - new_chunks_are_fully_committed: 0.
 - uncommit_free_chunks: 1.
 - use_allocation_guard: 0.
 - handle_deallocations: 1.


Internal statistics:

num_allocs_failed_limit: 0.
num_arena_births: 194.
num_arena_deaths: 0.
num_vsnodes_births: 3.
num_vsnodes_deaths: 0.
num_space_committed: 189.
num_space_uncommitted: 0.
num_chunks_returned_to_freelist: 0.
num_chunks_taken_from_freelist: 562.
num_chunk_merges: 0.
num_chunk_splits: 394.
num_chunks_enlarged: 304.
num_purges: 0.
num_inconsistent_stats: 0.

CodeHeap 'non-profiled nmethods': size=119168Kb used=1149Kb max_used=1149Kb free=118018Kb
 bounds [0x000002410f620000, 0x000002410f890000, 0x0000024116a80000]
CodeHeap 'profiled nmethods': size=119104Kb used=4559Kb max_used=4559Kb free=114544Kb
 bounds [0x00000241081d0000, 0x0000024108650000, 0x000002410f620000]
CodeHeap 'non-nmethods': size=7488Kb used=3554Kb max_used=3568Kb free=3933Kb
 bounds [0x0000024107a80000, 0x0000024107e00000, 0x00000241081d0000]
 total_blobs=3787 nmethods=2505 adapters=1192
 compilation: enabled
              stopped_count=0, restarted_count=0
 full_count=0

Compilation events (20 events):
Event: 8.012 Thread 0x0000024121283ec0 nmethod 2495 0x000002410863f310 code [0x000002410863f4a0, 0x000002410863f5e8]
Event: 8.012 Thread 0x000002412ca3e9e0 2496       3       java.util.regex.Pattern::isSupplementary (21 bytes)
Event: 8.012 Thread 0x000002412ca3e9e0 nmethod 2496 0x000002410863f710 code [0x000002410863f8c0, 0x000002410863fb38]
Event: 8.012 Thread 0x0000024121283ec0 2497       3       java.lang.String::checkIndex (48 bytes)
Event: 8.013 Thread 0x0000024121283ec0 nmethod 2497 0x000002410863fc10 code [0x000002410863fe80, 0x0000024108640618]
Event: 8.013 Thread 0x0000024121449030 2498       3       org.jetbrains.capture.org.objectweb.asm.ByteVector::putShort (52 bytes)
Event: 8.013 Thread 0x0000024121449030 nmethod 2498 0x0000024108640910 code [0x0000024108640ac0, 0x0000024108640ce8]
Event: 8.016 Thread 0x000002412f00a840 2500       4       java.lang.Number::<init> (5 bytes)
Event: 8.016 Thread 0x000002412f00a840 nmethod 2500 0x000002410f73ac10 code [0x000002410f73ad80, 0x000002410f73adf8]
Event: 8.016 Thread 0x0000024121449030 2501       3       java.lang.Module::allows (60 bytes)
Event: 8.016 Thread 0x00000241222f2a20 2502       3       java.lang.invoke.MethodType$ConcurrentWeakInternSet::get (47 bytes)
Event: 8.016 Thread 0x0000024121449030 nmethod 2501 0x0000024108640e90 code [0x0000024108641080, 0x00000241086416c8]
Event: 8.017 Thread 0x00000241222f2a20 nmethod 2502 0x0000024108641810 code [0x0000024108641a40, 0x0000024108642418]
Event: 8.020 Thread 0x000002412ca3e9e0 2503   !   3       sun.nio.ch.ChannelInputStream::read (95 bytes)
Event: 8.020 Thread 0x000002412ca3e9e0 nmethod 2503 0x0000024108642790 code [0x00000241086429e0, 0x0000024108643428]
Event: 8.026 Thread 0x000002412c24c050 2504       4       java.lang.StringConcatHelper::newString (67 bytes)
Event: 8.026 Thread 0x000002412c24c050 nmethod 2504 0x000002410f73af10 code [0x000002410f73b0a0, 0x000002410f73b198]
Event: 8.030 Thread 0x0000024121283500 nmethod 2486% 0x000002410f73b290 code [0x000002410f73b600, 0x000002410f73dbb0]
Event: 8.034 Thread 0x0000024121449030 2506       3       java.util.Arrays::equals (43 bytes)
Event: 8.034 Thread 0x0000024121449030 nmethod 2506 0x0000024108643810 code [0x00000241086439e0, 0x0000024108643ce8]

GC Heap History (4 events):
Event: 1.117 GC heap before
{Heap before GC invocations=0 (full 0):
 garbage-first heap   total 258048K, used 20480K [0x0000000704800000, 0x0000000800000000)
  region size 2048K, 11 young (22528K), 0 survivors (0K)
 Metaspace       used 4352K, committed 4544K, reserved 1056768K
  class space    used 246K, committed 320K, reserved 1048576K
}
Event: 1.121 GC heap after
{Heap after GC invocations=1 (full 0):
 garbage-first heap   total 258048K, used 4797K [0x0000000704800000, 0x0000000800000000)
  region size 2048K, 2 young (4096K), 2 survivors (4096K)
 Metaspace       used 4352K, committed 4544K, reserved 1056768K
  class space    used 246K, committed 320K, reserved 1048576K
}
Event: 7.661 GC heap before
{Heap before GC invocations=1 (full 0):
 garbage-first heap   total 258048K, used 29373K [0x0000000704800000, 0x0000000800000000)
  region size 2048K, 15 young (30720K), 2 survivors (4096K)
 Metaspace       used 7017K, committed 7232K, reserved 1064960K
  class space    used 369K, committed 512K, reserved 1048576K
}
Event: 7.664 GC heap after
{Heap after GC invocations=2 (full 0):
 garbage-first heap   total 258048K, used 6636K [0x0000000704800000, 0x0000000800000000)
  region size 2048K, 1 young (2048K), 1 survivors (2048K)
 Metaspace       used 7017K, committed 7232K, reserved 1064960K
  class space    used 369K, committed 512K, reserved 1048576K
}

Deoptimization events (20 events):
Event: 7.994 Thread 0x000002417ccf4dc0 Uncommon trap: trap_request=0xffffffc6 fr.pc=0x000002410f6fd840 relative=0x00000000000001a0
Event: 7.994 Thread 0x000002417ccf4dc0 Uncommon trap: reason=bimorphic_or_optimized_type_check action=maybe_recompile pc=0x000002410f6fd840 method=java.util.stream.AbstractPipeline.<init>(Ljava/util/stream/AbstractPipeline;I)V @ 66 c2
Event: 7.994 Thread 0x000002417ccf4dc0 DEOPT PACKING pc=0x000002410f6fd840 sp=0x00000098dc8fd0a0
Event: 7.994 Thread 0x000002417ccf4dc0 DEOPT UNPACKING pc=0x0000024107ad23a3 sp=0x00000098dc8fd068 mode 2
Event: 7.994 Thread 0x000002417ccf4dc0 Uncommon trap: trap_request=0xffffffc6 fr.pc=0x000002410f6fd1e4 relative=0x0000000000000424
Event: 7.994 Thread 0x000002417ccf4dc0 Uncommon trap: reason=bimorphic_or_optimized_type_check action=maybe_recompile pc=0x000002410f6fd1e4 method=java.util.stream.AbstractPipeline.wrapSink(Ljava/util/stream/Sink;)Ljava/util/stream/Sink; @ 23 c2
Event: 7.994 Thread 0x000002417ccf4dc0 DEOPT PACKING pc=0x000002410f6fd1e4 sp=0x00000098dc8fd020
Event: 7.994 Thread 0x000002417ccf4dc0 DEOPT UNPACKING pc=0x0000024107ad23a3 sp=0x00000098dc8fd008 mode 2
Event: 7.994 Thread 0x000002417ccf4dc0 Uncommon trap: trap_request=0xffffffc6 fr.pc=0x000002410f71e124 relative=0x0000000000000204
Event: 7.994 Thread 0x000002417ccf4dc0 Uncommon trap: reason=bimorphic_or_optimized_type_check action=maybe_recompile pc=0x000002410f71e124 method=java.util.stream.StreamOpFlag.fromCharacteristics(Ljava/util/Spliterator;)I @ 1 c2
Event: 7.994 Thread 0x000002417ccf4dc0 DEOPT PACKING pc=0x000002410f71e124 sp=0x00000098dc8fcc70
Event: 7.994 Thread 0x000002417ccf4dc0 DEOPT UNPACKING pc=0x0000024107ad23a3 sp=0x00000098dc8fcbd0 mode 2
Event: 7.994 Thread 0x000002417ccf4dc0 Uncommon trap: trap_request=0xffffffc6 fr.pc=0x000002410f6fbd40 relative=0x00000000000000a0
Event: 7.994 Thread 0x000002417ccf4dc0 Uncommon trap: reason=bimorphic_or_optimized_type_check action=maybe_recompile pc=0x000002410f6fbd40 method=java.util.stream.Sink$ChainedReference.end()V @ 4 c2
Event: 7.994 Thread 0x000002417ccf4dc0 DEOPT PACKING pc=0x000002410f6fbd40 sp=0x00000098dc8fcfb0
Event: 7.994 Thread 0x000002417ccf4dc0 DEOPT UNPACKING pc=0x0000024107ad23a3 sp=0x00000098dc8fcf58 mode 2
Event: 7.994 Thread 0x000002417ccf4dc0 Uncommon trap: trap_request=0xffffffc6 fr.pc=0x000002410f6fbd40 relative=0x00000000000000a0
Event: 7.994 Thread 0x000002417ccf4dc0 Uncommon trap: reason=bimorphic_or_optimized_type_check action=maybe_recompile pc=0x000002410f6fbd40 method=java.util.stream.Sink$ChainedReference.end()V @ 4 c2
Event: 7.994 Thread 0x000002417ccf4dc0 DEOPT PACKING pc=0x000002410f6fbd40 sp=0x00000098dc8fcf40
Event: 7.994 Thread 0x000002417ccf4dc0 DEOPT UNPACKING pc=0x0000024107ad23a3 sp=0x00000098dc8fcef0 mode 2

Classes unloaded (0 events):
No events

Classes redefined (0 events):
No events

Internal exceptions (20 events):
Event: 1.258 Thread 0x000002417ccf4dc0 Exception <a 'sun/nio/fs/WindowsException'{0x0000000713fc7ae0}> (0x0000000713fc7ae0) 
thrown [c:\jenkins\workspace\zulu17-build-win64\zulu-src.git\src\hotspot\share\prims\jni.cpp, line 516]
Event: 1.258 Thread 0x000002417ccf4dc0 Exception <a 'sun/nio/fs/WindowsException'{0x0000000713fc7e90}> (0x0000000713fc7e90) 
thrown [c:\jenkins\workspace\zulu17-build-win64\zulu-src.git\src\hotspot\share\prims\jni.cpp, line 516]
Event: 1.290 Thread 0x000002417ccf4dc0 Exception <a 'java/lang/NoSuchMethodError'{0x0000000713ce1388}: 'void java.lang.invoke.DirectMethodHandle$Holder.invokeStatic(java.lang.Object, long)'> (0x0000000713ce1388) 
thrown [c:\jenkins\workspace\zulu17-build-win64\zulu-src.git\src\hotspot\share\interpreter\linkResolver.cpp, line 766]
Event: 7.747 Thread 0x000002417ccf4dc0 Exception <a 'java/lang/NoSuchMethodError'{0x0000000712fd9060}: 'int java.lang.invoke.DirectMethodHandle$Holder.invokeVirtual(java.lang.Object, java.lang.Object)'> (0x0000000712fd9060) 
thrown [c:\jenkins\workspace\zulu17-build-win64\zulu-src.git\src\hotspot\share\interpreter\linkResolver.cpp, line 766]
Event: 7.748 Thread 0x000002417ccf4dc0 Exception <a 'java/lang/NoSuchMethodError'{0x0000000712fe3948}: 'java.lang.Object java.lang.invoke.Invokers$Holder.invokeExact_MT(java.lang.Object, java.lang.Object, java.lang.Object, java.lang.Object, java.lang.Object, java.lang.Object)'> (0x0000000712fe3948) 
thrown [c:\jenkins\workspace\zulu17-build-win64\zulu-src.git\src\hotspot\share\interpreter\linkResolver.cpp, line 766]
Event: 7.765 Thread 0x000002417ccf4dc0 Exception <a 'java/lang/NoSuchMethodError'{0x0000000712b25880}: 'void java.lang.invoke.DirectMethodHandle$Holder.invokeStaticInit(java.lang.Object, java.lang.Object)'> (0x0000000712b25880) 
thrown [c:\jenkins\workspace\zulu17-build-win64\zulu-src.git\src\hotspot\share\interpreter\linkResolver.cpp, line 766]
Event: 7.824 Thread 0x000002417ccf4dc0 Exception <a 'java/lang/NoSuchMethodError'{0x000000071226d998}: 'int java.lang.invoke.DirectMethodHandle$Holder.invokeStaticInit(java.lang.Object, java.lang.Object)'> (0x000000071226d998) 
thrown [c:\jenkins\workspace\zulu17-build-win64\zulu-src.git\src\hotspot\share\interpreter\linkResolver.cpp, line 766]
Event: 7.838 Thread 0x000002417ccf4dc0 Exception <a 'java/lang/NoSuchMethodError'{0x0000000712360d70}: 'void java.lang.invoke.DirectMethodHandle$Holder.invokeStatic(java.lang.Object, java.lang.Object, java.lang.Object)'> (0x0000000712360d70) 
thrown [c:\jenkins\workspace\zulu17-build-win64\zulu-src.git\src\hotspot\share\interpreter\linkResolver.cpp, line 766]
Event: 7.839 Thread 0x000002417ccf4dc0 Exception <a 'java/lang/NoSuchMethodError'{0x0000000712367f40}: 'void java.lang.invoke.DirectMethodHandle$Holder.invokeStatic(java.lang.Object, java.lang.Object, java.lang.Object, java.lang.Object)'> (0x0000000712367f40) 
thrown [c:\jenkins\workspace\zulu17-build-win64\zulu-src.git\src\hotspot\share\interpreter\linkResolver.cpp, line 766]
Event: 7.860 Thread 0x000002417ccf4dc0 Exception <a 'java/lang/NoSuchMethodError'{0x00000007120f7768}: 'java.lang.Object java.lang.invoke.DirectMethodHandle$Holder.newInvokeSpecial(java.lang.Object, java.lang.Object, java.lang.Object, java.lang.Object, java.lang.Object)'> (0x00000007120f7768) 
thrown [c:\jenkins\workspace\zulu17-build-win64\zulu-src.git\src\hotspot\share\interpreter\linkResolver.cpp, line 766]
Event: 7.888 Thread 0x000002417ccf4dc0 Exception <a 'java/lang/NoSuchMethodError'{0x0000000711ee9b10}: 'void java.lang.invoke.DirectMethodHandle$Holder.invokeSpecial(java.lang.Object, java.lang.Object, java.lang.Object, java.lang.Object, java.lang.Object)'> (0x0000000711ee9b10) 
thrown [c:\jenkins\workspace\zulu17-build-win64\zulu-src.git\src\hotspot\share\interpreter\linkResolver.cpp, line 766]
Event: 7.977 Thread 0x000002417ccf4dc0 Exception <a 'java/lang/NoSuchMethodError'{0x00000007115ba8a0}: 'void java.lang.invoke.DirectMethodHandle$Holder.invokeStatic(java.lang.Object, java.lang.Object, long, int)'> (0x00000007115ba8a0) 
thrown [c:\jenkins\workspace\zulu17-build-win64\zulu-src.git\src\hotspot\share\interpreter\linkResolver.cpp, line 766]
Event: 7.979 Thread 0x000002417ccf4dc0 Exception <a 'java/lang/NoSuchMethodError'{0x00000007115ce670}: 'void java.lang.invoke.DirectMethodHandle$Holder.invokeStatic(java.lang.Object, java.lang.Object, long, double, double)'> (0x00000007115ce670) 
thrown [c:\jenkins\workspace\zulu17-build-win64\zulu-src.git\src\hotspot\share\interpreter\linkResolver.cpp, line 766]
Event: 7.979 Thread 0x000002417ccf4dc0 Exception <a 'java/lang/NoSuchMethodError'{0x00000007115d4ca8}: 'void java.lang.invoke.DirectMethodHandle$Holder.invokeStatic(java.lang.Object, java.lang.Object, long, int, int)'> (0x00000007115d4ca8) 
thrown [c:\jenkins\workspace\zulu17-build-win64\zulu-src.git\src\hotspot\share\interpreter\linkResolver.cpp, line 766]
Event: 7.980 Thread 0x000002417ccf4dc0 Exception <a 'java/lang/NoSuchMethodError'{0x00000007115e1188}: 'void java.lang.invoke.DirectMethodHandle$Holder.invokeStatic(java.lang.Object, java.lang.Object, long, int, int, int)'> (0x00000007115e1188) 
thrown [c:\jenkins\workspace\zulu17-build-win64\zulu-src.git\src\hotspot\share\interpreter\linkResolver.cpp, line 766]
Event: 7.981 Thread 0x000002417ccf4dc0 Exception <a 'java/lang/NoSuchMethodError'{0x00000007115ea7c0}: 'void java.lang.invoke.DirectMethodHandle$Holder.invokeStatic(java.lang.Object, java.lang.Object, long)'> (0x00000007115ea7c0) 
thrown [c:\jenkins\workspace\zulu17-build-win64\zulu-src.git\src\hotspot\share\interpreter\linkResolver.cpp, line 766]
Event: 8.007 Thread 0x000002417ccf4dc0 Exception <a 'java/lang/NoSuchMethodError'{0x00000007110e2ca8}: 'void java.lang.invoke.DirectMethodHandle$Holder.invokeInterface(java.lang.Object, java.lang.Object)'> (0x00000007110e2ca8) 
thrown [c:\jenkins\workspace\zulu17-build-win64\zulu-src.git\src\hotspot\share\interpreter\linkResolver.cpp, line 766]
Event: 8.020 Thread 0x000002417ccf4dc0 Exception <a 'sun/nio/fs/WindowsException'{0x0000000711129f88}> (0x0000000711129f88) 
thrown [c:\jenkins\workspace\zulu17-build-win64\zulu-src.git\src\hotspot\share\prims\jni.cpp, line 516]
Event: 8.020 Thread 0x000002417ccf4dc0 Exception <a 'sun/nio/fs/WindowsException'{0x000000071112a358}> (0x000000071112a358) 
thrown [c:\jenkins\workspace\zulu17-build-win64\zulu-src.git\src\hotspot\share\prims\jni.cpp, line 516]
Event: 8.034 Thread 0x000002417ccf4dc0 Exception <a 'java/lang/NoSuchMethodError'{0x0000000710c1bd08}: 'void java.lang.invoke.DirectMethodHandle$Holder.invokeVirtual(java.lang.Object, java.lang.Object)'> (0x0000000710c1bd08) 
thrown [c:\jenkins\workspace\zulu17-build-win64\zulu-src.git\src\hotspot\share\interpreter\linkResolver.cpp, line 766]

VM Operations (20 events):
Event: 2.229 Executing VM operation: Cleanup
Event: 2.230 Executing VM operation: Cleanup done
Event: 3.243 Executing VM operation: Cleanup
Event: 3.243 Executing VM operation: Cleanup done
Event: 5.259 Executing VM operation: Cleanup
Event: 5.259 Executing VM operation: Cleanup done
Event: 6.261 Executing VM operation: Cleanup
Event: 6.261 Executing VM operation: Cleanup done
Event: 7.647 Executing VM operation: HandshakeAllThreads
Event: 7.647 Executing VM operation: HandshakeAllThreads done
Event: 7.647 Executing VM operation: Cleanup
Event: 7.647 Executing VM operation: Cleanup done
Event: 7.661 Executing VM operation: G1CollectForAllocation
Event: 7.664 Executing VM operation: G1CollectForAllocation done
Event: 7.913 Executing VM operation: HandshakeAllThreads
Event: 7.913 Executing VM operation: HandshakeAllThreads done
Event: 7.998 Executing VM operation: HandshakeAllThreads
Event: 7.998 Executing VM operation: HandshakeAllThreads done
Event: 8.014 Executing VM operation: HandshakeAllThreads
Event: 8.014 Executing VM operation: HandshakeAllThreads done

Events (20 events):
Event: 8.032 loading class com/spinyowl/legui/system/renderer/nvg/icon/NvgImageIconRenderer
Event: 8.032 loading class com/spinyowl/legui/system/renderer/nvg/icon/NvgImageIconRenderer done
Event: 8.032 loading class com/spinyowl/legui/system/renderer/nvg/icon/NvgCharIconRenderer
Event: 8.032 loading class com/spinyowl/legui/system/renderer/nvg/icon/NvgCharIconRenderer done
Event: 8.033 loading class com/spinyowl/legui/system/renderer/nvg/image/NvgStbBackedLoadableImageRenderer
Event: 8.033 loading class com/spinyowl/legui/system/renderer/nvg/image/NvgStbBackedLoadableImageRenderer done
Event: 8.033 loading class com/spinyowl/legui/image/FBOImage
Event: 8.033 loading class com/spinyowl/legui/image/FBOImage done
Event: 8.033 loading class com/spinyowl/legui/system/renderer/nvg/image/NvgFBOImageRenderer
Event: 8.033 loading class com/spinyowl/legui/system/renderer/nvg/image/NvgFBOImageRenderer done
Event: 8.033 loading class com/spinyowl/legui/image/BufferedImageRGBA
Event: 8.033 loading class com/spinyowl/legui/image/BufferedImageRGBA done
Event: 8.033 loading class com/spinyowl/legui/system/renderer/nvg/image/NvgBufferedImageRGBARenderer
Event: 8.033 loading class com/spinyowl/legui/system/renderer/nvg/image/NvgBufferedImageRGBARenderer done
Event: 8.034 loading class com/spinyowl/legui/system/renderer/ComponentRenderer
Event: 8.034 loading class com/spinyowl/legui/system/renderer/ComponentRenderer done
Event: 8.034 loading class org/lwjgl/opengl/GL32
Event: 8.034 loading class org/lwjgl/opengl/GL32 done
Event: 8.034 loading class org/lwjgl/opengl/GL31
Event: 8.034 loading class org/lwjgl/opengl/GL31 done


Dynamic libraries:
0x00007ff615fe0000 - 0x00007ff615fee000 	D:\Program Files\Zulu\zulu-17\bin\java.exe
0x00007ff8f86c0000 - 0x00007ff8f88c9000 	C:\Windows\SYSTEM32\ntdll.dll
0x00007ff8f7350000 - 0x00007ff8f740e000 	C:\Windows\System32\KERNEL32.DLL
0x00007ff8f5dd0000 - 0x00007ff8f614b000 	C:\Windows\System32\KERNELBASE.dll
0x00007ff8f5cb0000 - 0x00007ff8f5dc1000 	C:\Windows\System32\ucrtbase.dll
0x00007ff8b9f00000 - 0x00007ff8b9f18000 	D:\Program Files\Zulu\zulu-17\bin\jli.dll
0x00007ff8b9ee0000 - 0x00007ff8b9efb000 	D:\Program Files\Zulu\zulu-17\bin\VCRUNTIME140.dll
0x00007ff8f7e30000 - 0x00007ff8f7fdd000 	C:\Windows\System32\USER32.dll
0x00007ff8d5950000 - 0x00007ff8d5bf5000 	C:\Windows\WinSxS\amd64_microsoft.windows.common-controls_6595b64144ccf1df_6.0.22000.120_none_9d947278b86cc467\COMCTL32.dll
0x00007ff8f6280000 - 0x00007ff8f62a6000 	C:\Windows\System32\win32u.dll
0x00007ff8f7e00000 - 0x00007ff8f7e29000 	C:\Windows\System32\GDI32.dll
0x00007ff8f6fa0000 - 0x00007ff8f7043000 	C:\Windows\System32\msvcrt.dll
0x00007ff8f5b90000 - 0x00007ff8f5ca8000 	C:\Windows\System32\gdi32full.dll
0x00007ff8f64a0000 - 0x00007ff8f653d000 	C:\Windows\System32\msvcp_win.dll
0x00007ff8f7050000 - 0x00007ff8f7082000 	C:\Windows\System32\IMM32.DLL
0x00007ff8c95b0000 - 0x00007ff8c95dd000 	C:\Program Files\MacType\MacType64.dll
0x00007ff8f74a0000 - 0x00007ff8f754e000 	C:\Windows\System32\ADVAPI32.dll
0x00007ff8f6d80000 - 0x00007ff8f6e1e000 	C:\Windows\System32\sechost.dll
0x00007ff8f70f0000 - 0x00007ff8f7210000 	C:\Windows\System32\RPCRT4.dll
0x00007ff8c95e0000 - 0x00007ff8c963a000 	C:\Program Files\MacType\Easyhk64.dll
0x00007ff8c8e50000 - 0x00007ff8c8f5b000 	C:\Program Files\MacType\MacType64.Core.dll
0x00007ff8f1460000 - 0x00007ff8f1a18000 	C:\Windows\SYSTEM32\d2d1.dll
0x00007ff8be820000 - 0x00007ff8bea7f000 	C:\Windows\SYSTEM32\dwrite.dll
0x00007ff8f62b0000 - 0x00007ff8f632f000 	C:\Windows\System32\bcryptPrimitives.dll
0x00007ff8c8d30000 - 0x00007ff8c8d3c000 	D:\Program Files\Zulu\zulu-17\bin\vcruntime140_1.dll
0x00007ff862c50000 - 0x00007ff862cdd000 	D:\Program Files\Zulu\zulu-17\bin\msvcp140.dll
0x00007ff85b790000 - 0x00007ff85c3f8000 	D:\Program Files\Zulu\zulu-17\bin\server\jvm.dll
0x00007ff8f6d70000 - 0x00007ff8f6d78000 	C:\Windows\System32\PSAPI.DLL
0x00007ff8c0b20000 - 0x00007ff8c0b29000 	C:\Windows\SYSTEM32\WSOCK32.dll
0x00007ff8e58a0000 - 0x00007ff8e58aa000 	C:\Windows\SYSTEM32\VERSION.dll
0x00007ff8f6d00000 - 0x00007ff8f6d6f000 	C:\Windows\System32\WS2_32.dll
0x00007ff8ef060000 - 0x00007ff8ef093000 	C:\Windows\SYSTEM32\WINMM.dll
0x00007ff8f4cc0000 - 0x00007ff8f4cd8000 	C:\Windows\SYSTEM32\kernel.appcore.dll
0x00007ff8c8950000 - 0x00007ff8c895a000 	D:\Program Files\Zulu\zulu-17\bin\jimage.dll
0x00007ff8f30e0000 - 0x00007ff8f3301000 	C:\Windows\SYSTEM32\DBGHELP.DLL
0x00007ff8e8220000 - 0x00007ff8e8251000 	C:\Windows\SYSTEM32\dbgcore.DLL
0x00007ff8b13d0000 - 0x00007ff8b140b000 	D:\Program Files\Zulu\zulu-17\bin\jdwp.dll
0x00007ff8d39d0000 - 0x00007ff8d39de000 	D:\Program Files\Zulu\zulu-17\bin\instrument.dll
0x00007ff8b6f60000 - 0x00007ff8b6f85000 	D:\Program Files\Zulu\zulu-17\bin\java.dll
0x00007ff8af840000 - 0x00007ff8af858000 	D:\Program Files\Zulu\zulu-17\bin\zip.dll
0x00007ff85d020000 - 0x00007ff85d0f7000 	D:\Program Files\Zulu\zulu-17\bin\jsvml.dll
0x00007ff8f6540000 - 0x00007ff8f6cf8000 	C:\Windows\System32\SHELL32.dll
0x00007ff8f3c40000 - 0x00007ff8f44a5000 	C:\Windows\SYSTEM32\windows.storage.dll
0x00007ff8f8050000 - 0x00007ff8f83c8000 	C:\Windows\System32\combase.dll
0x00007ff8f3ad0000 - 0x00007ff8f3c36000 	C:\Windows\SYSTEM32\wintypes.dll
0x00007ff8f6eb0000 - 0x00007ff8f6f9a000 	C:\Windows\System32\SHCORE.dll
0x00007ff8f76a0000 - 0x00007ff8f76fd000 	C:\Windows\System32\shlwapi.dll
0x00007ff8f5ac0000 - 0x00007ff8f5ae1000 	C:\Windows\SYSTEM32\profapi.dll
0x00007ff8cafa0000 - 0x00007ff8cafac000 	D:\Program Files\Zulu\zulu-17\bin\dt_socket.dll
0x00007ff8f4770000 - 0x00007ff8f479d000 	C:\Windows\SYSTEM32\IPHLPAPI.DLL
0x00007ff8f5150000 - 0x00007ff8f51b7000 	C:\Windows\system32\mswsock.dll
0x00007ff8b7e90000 - 0x00007ff8b7ea9000 	D:\Program Files\Zulu\zulu-17\bin\net.dll
0x00007ff8ef2f0000 - 0x00007ff8ef404000 	C:\Windows\SYSTEM32\WINHTTP.dll
0x00007ff8b06c0000 - 0x00007ff8b06d6000 	D:\Program Files\Zulu\zulu-17\bin\nio.dll
0x00007ff8c6230000 - 0x00007ff8c6240000 	D:\Program Files\Zulu\zulu-17\bin\verify.dll
0x00007ff8aaa90000 - 0x00007ff8aab05000 	C:\Users\Maxmilite\AppData\Local\Temp\lwjglMaxmilite\3.3.1-build-7\lwjgl.dll
0x00007ff8aaa20000 - 0x00007ff8aaa81000 	C:\Users\MAXMIL~1\AppData\Local\Temp\lwjglMaxmilite\3.3.1-build-7\glfw.dll
0x00007ff8ab380000 - 0x00007ff8ab3c5000 	C:\Windows\SYSTEM32\dinput8.dll
0x00007ff8d52b0000 - 0x00007ff8d52c1000 	C:\Windows\SYSTEM32\xinput1_4.dll
0x00007ff8f5860000 - 0x00007ff8f58ac000 	C:\Windows\SYSTEM32\cfgmgr32.dll
0x00007ff8f58b0000 - 0x00007ff8f58dc000 	C:\Windows\SYSTEM32\DEVOBJ.dll
0x00007ff8f34a0000 - 0x00007ff8f34cf000 	C:\Windows\SYSTEM32\dwmapi.dll
0x00007ff8d2930000 - 0x00007ff8d2af9000 	C:\Windows\SYSTEM32\inputhost.dll
0x00007ff8f2820000 - 0x00007ff8f2951000 	C:\Windows\SYSTEM32\CoreMessaging.dll
0x00007ff8f2dc0000 - 0x00007ff8f2e6c000 	C:\Windows\system32\uxtheme.dll
0x00007ff8f5340000 - 0x00007ff8f534c000 	C:\Windows\SYSTEM32\CRYPTBASE.DLL
0x00007ff8f7580000 - 0x00007ff8f769d000 	C:\Windows\System32\MSCTF.dll
0x00007ff85df30000 - 0x00007ff85e031000 	C:\Windows\SYSTEM32\opengl32.dll
0x00007ff8c5540000 - 0x00007ff8c556d000 	C:\Windows\SYSTEM32\GLU32.dll
0x00007ff8f2eb0000 - 0x00007ff8f2ee8000 	C:\Windows\SYSTEM32\dxcore.dll
0x00007ff8f0a80000 - 0x00007ff8f0ac4000 	C:\Windows\SYSTEM32\directxdatabasehelper.dll
0x00007ff8f4ce0000 - 0x00007ff8f4d14000 	C:\Windows\SYSTEM32\ntmarta.dll
0x00007ff8f7210000 - 0x00007ff8f72c5000 	C:\Windows\System32\clbcatq.dll
0x00007ff8564c0000 - 0x00007ff85967a000 	C:\Windows\System32\DriverStore\FileRepository\nvaci.inf_amd64_8ce19eb793971eee\nvoglv64.dll
0x00007ff8f77e0000 - 0x00007ff8f7c4c000 	C:\Windows\System32\SETUPAPI.dll
0x00007ff8f7700000 - 0x00007ff8f77d6000 	C:\Windows\System32\OLEAUT32.dll
0x00007ff8f1de0000 - 0x00007ff8f1df4000 	C:\Windows\SYSTEM32\WTSAPI32.dll
0x0000024124240000 - 0x00000241243da000 	C:\Windows\System32\ole32.dll
0x00007ff8f5480000 - 0x00007ff8f5492000 	C:\Windows\SYSTEM32\msasn1.dll
0x00007ff8e5860000 - 0x00007ff8e5891000 	C:\Windows\SYSTEM32\cryptnet.dll
0x00007ff8f6330000 - 0x00007ff8f6492000 	C:\Windows\System32\CRYPT32.dll
0x00007ff8e5710000 - 0x00007ff8e5859000 	C:\Windows\SYSTEM32\drvstore.dll
0x00007ff8f53d0000 - 0x00007ff8f5411000 	C:\Windows\SYSTEM32\wldp.dll
0x00007ff8f6210000 - 0x00007ff8f6278000 	C:\Windows\System32\WINTRUST.dll
0x00007ff8a2640000 - 0x00007ff8a290f000 	C:\Windows\system32\nvspcap64.dll
0x00007ff8f4ad0000 - 0x00007ff8f4b1d000 	C:\Windows\SYSTEM32\powrprof.dll
0x00007ff8f4ab0000 - 0x00007ff8f4ac3000 	C:\Windows\SYSTEM32\UMPDC.dll
0x00007ff8f4700000 - 0x00007ff8f4764000 	C:\Windows\SYSTEM32\WINSTA.dll
0x00007ff8f2fc0000 - 0x00007ff8f30b3000 	C:\Windows\system32\dxgi.dll
0x00007ff8eebf0000 - 0x00007ff8eee70000 	C:\Windows\system32\d3d11.dll
0x00007ff8aa900000 - 0x00007ff8aaa17000 	C:\Windows\System32\DriverStore\FileRepository\nvaci.inf_amd64_8ce19eb793971eee\nvldumdx.dll
0x00007ff8f7550000 - 0x00007ff8f756f000 	C:\Windows\System32\imagehlp.dll
0x00007ff8f5430000 - 0x00007ff8f5448000 	C:\Windows\SYSTEM32\CRYPTSP.dll
0x00007ff8f4c20000 - 0x00007ff8f4c55000 	C:\Windows\system32\rsaenh.dll
0x00007ff8f5570000 - 0x00007ff8f5597000 	C:\Windows\SYSTEM32\bcrypt.dll
0x00007ff852eb0000 - 0x00007ff8558aa000 	C:\Windows\System32\DriverStore\FileRepository\nvaci.inf_amd64_8ce19eb793971eee\nvwgf2umx.dll
0x00007ff8e8260000 - 0x00007ff8e89a8000 	C:\Windows\SYSTEM32\nvapi64.dll
0x00007ff89de90000 - 0x00007ff89e0e9000 	C:\Users\MAXMIL~1\AppData\Local\Temp\lwjglMaxmilite\3.3.1-build-7\jemalloc.dll
0x00007ff8aa8a0000 - 0x00007ff8aa8fd000 	C:\Users\Maxmilite\AppData\Local\Temp\lwjglMaxmilite\3.3.1-build-7\lwjgl_opengl.dll
0x00007ff8cb820000 - 0x00007ff8cb94d000 	C:\Windows\SYSTEM32\textinputframework.dll
0x00007ff8ef410000 - 0x00007ff8ef77d000 	C:\Windows\SYSTEM32\CoreUIComponents.dll
0x0000000064a00000 - 0x000000006578a000 	C:\Users\Maxmilite\AppData\Local\Temp\imgui-java-natives_1669429162567\imgui-java64.dll
0x00007ff8aa810000 - 0x00007ff8aa891000 	C:\Users\Maxmilite\AppData\Local\Temp\lwjglMaxmilite\3.3.1-build-7\lwjgl_stb.dll
0x00007ff89d8e0000 - 0x00007ff89de89000 	C:\Users\MAXMIL~1\AppData\Local\Temp\lwjglMaxmilite\3.3.1-build-7\assimp.dll
0x00007ff8aa5a0000 - 0x00007ff8aa632000 	C:\Users\Maxmilite\AppData\Local\Temp\lwjglMaxmilite\3.3.1-build-7\lwjgl_nanovg.dll

dbghelp: loaded successfully - version: 4.0.5 - missing functions: none
symbol engine: initialized successfully - sym options: 0x614 - pdb path: .;D:\Program Files\Zulu\zulu-17\bin;C:\Windows\SYSTEM32;C:\Windows\WinSxS\amd64_microsoft.windows.common-controls_6595b64144ccf1df_6.0.22000.120_none_9d947278b86cc467;C:\Program Files\MacType;D:\Program Files\Zulu\zulu-17\bin\server;C:\Users\Maxmilite\AppData\Local\Temp\lwjglMaxmilite\3.3.1-build-7;C:\Users\MAXMIL~1\AppData\Local\Temp\lwjglMaxmilite\3.3.1-build-7;C:\Windows\System32\DriverStore\FileRepository\nvaci.inf_amd64_8ce19eb793971eee;C:\Users\Maxmilite\AppData\Local\Temp\imgui-java-natives_1669429162567

VM Arguments:
jvm_args: -agentlib:jdwp=transport=dt_socket,address=127.0.0.1:9339,suspend=y,server=n -javaagent:C:\Users\Maxmilite\AppData\Local\JetBrains\IdeaIC2022.1\captureAgent\debugger-agent.jar -Dfile.encoding=UTF-8 
java_command: sdu.revolution.Main
java_class_path (initial): D:\CodeSpace\Revolution\target\classes;C:\Users\Maxmilite\.m2\repository\org\cooder\tinylog\tinylog\1.2.2\tinylog-1.2.2.jar;C:\Users\Maxmilite\.m2\repository\org\lwjgl\lwjgl\3.3.1\lwjgl-3.3.1.jar;C:\Users\Maxmilite\.m2\repository\org\lwjgl\lwjgl-assimp\3.3.1\lwjgl-assimp-3.3.1.jar;C:\Users\Maxmilite\.m2\repository\org\lwjgl\lwjgl-bgfx\3.3.1\lwjgl-bgfx-3.3.1.jar;C:\Users\Maxmilite\.m2\repository\org\lwjgl\lwjgl-cuda\3.3.1\lwjgl-cuda-3.3.1.jar;C:\Users\Maxmilite\.m2\repository\org\lwjgl\lwjgl-egl\3.3.1\lwjgl-egl-3.3.1.jar;C:\Users\Maxmilite\.m2\repository\org\lwjgl\lwjgl-glfw\3.3.1\lwjgl-glfw-3.3.1.jar;C:\Users\Maxmilite\.m2\repository\org\lwjgl\lwjgl-jawt\3.3.1\lwjgl-jawt-3.3.1.jar;C:\Users\Maxmilite\.m2\repository\org\lwjgl\lwjgl-jemalloc\3.3.1\lwjgl-jemalloc-3.3.1.jar;C:\Users\Maxmilite\.m2\repository\org\lwjgl\lwjgl-libdivide\3.3.1\lwjgl-libdivide-3.3.1.jar;C:\Users\Maxmilite\.m2\repository\org\lwjgl\lwjgl-llvm\3.3.1\lwjgl-llvm-3.3.1.jar;C:\Users\Maxmilite\.m2\repository\org\lwjgl\lwjgl-lmdb\3.3.1\lwjgl-lmdb-3.3.1.jar;C:\Users\Maxmilite\.m2\repository\org\lwjgl\lwjgl-lz4\3.3.1\lwjgl-lz4-3.3.1.jar;C:\Users\Maxmilite\.m2\repository\org\lwjgl\lwjgl-meow\3.3.1\lwjgl-meow-3.3.1.jar;C:\Users\Maxmilite\.m2\repository\org\lwjgl\lwjgl-meshoptimizer\3.3.1\lwjgl-meshoptimizer-3.3.1.jar;C:\Users\Maxmilite\.m2\repository\org\lwjgl\lwjgl-nanovg\3.3.1\lwjgl-nanovg-3.3.1.jar;C:\Users\Maxmilite\.m2\repository\org\lwjgl\lwjgl-nfd\3.3.1\lwjgl-nfd-3.3.1.jar;C:\Users\Maxmilite\.m2\repository\org\lwjgl\lwjgl-nuklear\3.3.1\lwjgl-nuklear-3.3.1.jar;C:\Users\Maxmilite\.m2\repository\org\lwjgl\lwjgl-odbc\3.3.1\lwjgl-odbc-3.3.1.jar;C:\Users\Maxmilite\.m2\repository\org\lwjgl\lwjgl-openal\3.3.1\lwjgl-openal-3.3.1.jar;C:\Users\Maxmilite\.m2\repository\org\lwjgl\lwjgl-opencl\3.3.1\lwjgl-opencl-3.3.1.jar;C:\Users\Maxmilite\.m2\repository\org\lwjgl\lwjgl-opengl\3.3.1\lwjgl-opengl-3.3.1.jar;C:\Users\Maxmilite\.m2\repository\org\lwjgl\lwjgl-opengles\3.3.1\lwjgl-opengles
Launcher Type: SUN_STANDARD

[Global flags]
     intx CICompilerCount                          = 12                                        {product} {ergonomic}
     uint ConcGCThreads                            = 3                                         {product} {ergonomic}
     uint G1ConcRefinementThreads                  = 13                                        {product} {ergonomic}
   size_t G1HeapRegionSize                         = 2097152                                   {product} {ergonomic}
    uintx GCDrainStackTargetSize                   = 64                                        {product} {ergonomic}
   size_t InitialHeapSize                          = 264241152                                 {product} {ergonomic}
   size_t MarkStackSize                            = 4194304                                   {product} {ergonomic}
   size_t MaxHeapSize                              = 4219469824                                {product} {ergonomic}
   size_t MaxNewSize                               = 2531262464                                {product} {ergonomic}
   size_t MinHeapDeltaBytes                        = 2097152                                   {product} {ergonomic}
   size_t MinHeapSize                              = 8388608                                   {product} {ergonomic}
    uintx NonNMethodCodeHeapSize                   = 7602480                                {pd product} {ergonomic}
    uintx NonProfiledCodeHeapSize                  = 122027880                              {pd product} {ergonomic}
    uintx ProfiledCodeHeapSize                     = 122027880                              {pd product} {ergonomic}
    uintx ReservedCodeCacheSize                    = 251658240                              {pd product} {ergonomic}
     bool SegmentedCodeCache                       = true                                      {product} {ergonomic}
   size_t SoftMaxHeapSize                          = 4219469824                             {manageable} {ergonomic}
     bool UseCompressedClassPointers               = true                           {product lp64_product} {ergonomic}
     bool UseCompressedOops                        = true                           {product lp64_product} {ergonomic}
     bool UseG1GC                                  = true                                      {product} {ergonomic}
     bool UseLargePagesIndividualAllocation        = false                                  {pd product} {ergonomic}

Logging:
Log output configuration:
 #0: stdout all=warning uptime,level,tags
 #1: stderr all=off uptime,level,tags

Environment Variables:
JAVA_HOME=D:\Program Files\Zulu\zulu-17\
PATH=D:\Program Files (x86)\VMware\VMware Workstation\bin\;C:\Program Files (x86)\Common Files\Intel\Shared Libraries\redist\intel64\compiler;D:\Program Files\Zulu\zulu-17\bin\;C:\Windows\system32;C:\Windows;C:\Windows\System32\Wbem;C:\Windows\System32\WindowsPowerShell\v1.0\;C:\Windows\System32\OpenSSH\;C:\Program Files (x86)\NVIDIA Corporation\PhysX\Common;D:\Program Files\Bandizip\Bandizip;C:\Program Files\dotnet\;D:\TDM-GCC-64\bin;D:\Program Files\nodejs\;C:\ProgramData\chocolatey\bin;D:\Program Files\Git\cmd;D:\Program Files (x86)\NetSarang\Xshell 7\;C:\Program Files\NVIDIA Corporation\NVIDIA NvDLISR;D:\Program Files\IDM Computer Solutions\UltraEdit;C:\Program Files\Pandoc\;E:\Program Files\MATLAB\R2020a\bin;D:\Program Files\Python\Python310\Scripts\;D:\Program Files\Python\Python310\;C:\Users\Maxmilite\AppData\Local\Microsoft\WindowsApps;D:\Program Files\Microsoft VS Code\bin;C:\Users\Maxmilite\AppData\Roaming\npm;C:\Users\Maxmilite\AppData\Local\GitHubDesktop\bin;D:\Tools\ADB;D:\Tools\kotlin-native-windows-x86_64-1.7.10\bin;E:\texlive\2022\bin\win32;C:\Program Files\Pandoc;
USERNAME=Maxmilite
OS=Windows_NT
PROCESSOR_IDENTIFIER=Intel64 Family 6 Model 154 Stepping 3, GenuineIntel



---------------  S Y S T E M  ---------------

OS:
 Windows 11 , 64 bit Build 22000 (10.0.22000.1219)
OS uptime: 0 days 2:05 hours
Hyper-V role detected

CPU: total 16 (initial active 16) (8 cores per cpu, 2 threads per core) family 6 model 154 stepping 3 microcode 0x41b, cx8, cmov, fxsr, ht, mmx, 3dnowpref, sse, sse2, sse3, ssse3, sse4.1, sse4.2, popcnt, lzcnt, tsc, tscinvbit, avx, avx2, aes, erms, clmul, bmi1, bmi2, adx, sha, fma, vzeroupper, clflush, clflushopt, clwb, hv

Memory: 4k page, system-wide physical 16088M (3485M free)
TotalPageFile size 28376M (AvailPageFile size 10189M)
current process WorkingSet (physical memory assigned to process): 244M, peak: 244M
current process commit charge ("private bytes"): 572M, peak: 572M

vm_info: OpenJDK 64-Bit Server VM (17.0.3+7-LTS) for windows-amd64 JRE (17.0.3+7-LTS) (Zulu17.34+19-CA), built on Apr 17 2022 09:18:41 by "zulu_re" with MS VC++ 16.10 / 16.11 (VS2019)

END.
