#
# A fatal error has been detected by the Java Runtime Environment:
#
#  EXCEPTION_ACCESS_VIOLATION (0xc0000005) at pc=0x00007ffd0c020b10, pid=23144, tid=23128
#
# JRE version: OpenJDK Runtime Environment Zulu17.34+19-CA (17.0.3+7) (build 17.0.3+7-LTS)
# Java VM: OpenJDK 64-Bit Server VM Zulu17.34+19-CA (17.0.3+7-LTS, mixed mode, sharing, tiered, compressed oops, compressed class ptrs, g1 gc, windows-amd64)
# Problematic frame:
# C  [nvoglv64.dll+0xf10b10]
#
# No core dump will be written. Minidumps are not enabled by default on client versions of Windows
#
# If you would like to submit a bug report, please visit:
#   http://www.azul.com/support/
# The crash happened outside the Java Virtual Machine in native code.
# See problematic frame for where to report the bug.
#

---------------  S U M M A R Y ------------

Command Line: -agentlib:jdwp=transport=dt_socket,address=127.0.0.1:1722,suspend=y,server=n -javaagent:C:\Users\Maxmilite\AppData\Local\JetBrains\IdeaIC2022.1\captureAgent\debugger-agent.jar -Dfile.encoding=UTF-8 sdu.revolution.Main

Host: 12th Gen Intel(R) Core(TM) i5-12500H, 16 cores, 15G,  Windows 11 , 64 bit Build 22000 (10.0.22000.1219)
Time: Fri Nov 25 17:47:07 2022 China Standard Time elapsed time: 34.673920 seconds (0d 0h 0m 34s)

---------------  T H R E A D  ---------------

Current thread (0x000001a5c681d090):  JavaThread "main" [_thread_in_native, id=23128, stack(0x00000066b6600000,0x00000066b6700000)]

Stack: [0x00000066b6600000,0x00000066b6700000],  sp=0x00000066b66fed28,  free space=1019k
Native frames: (J=compiled Java code, j=interpreted, Vv=VM code, C=native code)
C  [nvoglv64.dll+0xf10b10]

Java frames: (J=compiled Java code, j=interpreted, Vv=VM code)
j  org.lwjgl.opengl.GL11C.nglDrawElements(IIIJ)V+0
j  org.lwjgl.opengl.GL11C.glDrawElements(IIIJ)V+4
j  org.lwjgl.opengl.GL11.glDrawElements(IIIJ)V+4
j  sdu.revolution.engine.graph.SkyBoxRender.render(Lsdu/revolution/engine/scene/Scene;)V+278
j  sdu.revolution.engine.graph.Render.render(Lsdu/revolution/engine/main/Window;Lsdu/revolution/engine/scene/Scene;)V+24
j  sdu.revolution.engine.main.Engine.run()V+242
j  sdu.revolution.engine.main.Engine.start()V+6
j  sdu.revolution.Main.main([Ljava/lang/String;)V+70
v  ~StubRoutines::call_stub

siginfo: EXCEPTION_ACCESS_VIOLATION (0xc0000005), reading address 0x0000000000000000


Register to memory mapping:

RIP=0x00007ffd0c020b10 nvoglv64.dll
RAX=0x0 is NULL
RBX=0x000001a5faa0167c points into unknown readable memory: 00 00 00 00
RCX=0x000001a5faa0167c points into unknown readable memory: 00 00 00 00
RDX=0x0000000000000008 is an unknown value
RSP=0x00000066b66fed28 is pointing into the stack for thread: 0x000001a5c681d090
RBP=0x0000000000000004 is an unknown value
RSI=0x0000000000000002 is an unknown value
RDI=0x000001a5f62b8288 points into unknown readable memory: 0x0000000000000000 | 00 00 00 00 00 00 00 00
R8 =0x0000000000000010 is an unknown value
R9 =0x0000000000000018 is an unknown value
R10=0x0000000000000010 is an unknown value
R11=0x0 is NULL
R12=0x0 is NULL
R13=0x000001a5f62b7f28 points into unknown readable memory: 0x0000000000000000 | 00 00 00 00 00 00 00 00
R14=0x000001a5ef6c9da4 points into unknown readable memory: 00 00 00 00
R15=0x00007ffd0c020b00 nvoglv64.dll


Registers:
RAX=0x0000000000000000, RBX=0x000001a5faa0167c, RCX=0x000001a5faa0167c, RDX=0x0000000000000008
RSP=0x00000066b66fed28, RBP=0x0000000000000004, RSI=0x0000000000000002, RDI=0x000001a5f62b8288
R8 =0x0000000000000010, R9 =0x0000000000000018, R10=0x0000000000000010, R11=0x0000000000000000
R12=0x0000000000000000, R13=0x000001a5f62b7f28, R14=0x000001a5ef6c9da4, R15=0x00007ffd0c020b00
RIP=0x00007ffd0c020b10, EFLAGS=0x0000000000010202

Top of Stack: (sp=0x00000066b66fed28)
0x00000066b66fed28:   00007ffd0c0c9241 00007ffd0b110000
0x00000066b66fed38:   0000000000000000 000001a5eff70000
0x00000066b66fed48:   00000000000002a0 4a02d7b700000000
0x00000066b66fed58:   00007ffd0bf54442 9970303000000000
0x00000066b66fed68:   00007ffd0bf4ee06 0000000000000005
0x00000066b66fed78:   00000002006017fc 000001a5faa0167c
0x00000066b66fed88:   10c0000000000000 000001a5ecf88f60
0x00000066b66fed98:   00007ffd0bf541cb 0000000000000000
0x00000066b66feda8:   000001a5ecf88f60 0000000000000000
0x00000066b66fedb8:   0000000000000000 0000000000000004
0x00000066b66fedc8:   000001a5eff70000 0000000000001405
0x00000066b66fedd8:   0000000000000018 0000000000000024
0x00000066b66fede8:   00007ffd0c0bae58 000001a5eff70000
0x00000066b66fedf8:   0000000000000000 0000000000000018
0x00000066b66fee08:   000001a500000000 5437a07400001400
0x00000066b66fee18:   0000000000000000 00000066b66fee80 

Instructions: (pc=0x00007ffd0c020b10)
0x00007ffd0c020a10:   0f be 42 fe 89 01 0f be 42 ff 89 41 04 0f be 02
0x00007ffd0c020a20:   89 41 08 0f be 42 01 49 03 d2 89 41 0c 48 83 c1
0x00007ffd0c020a30:   10 41 83 e9 01 75 d9 48 8b c1 c3 cc cc cc cc cc
0x00007ffd0c020a40:   4d 63 d0 48 83 c2 02 66 0f 1f 84 00 00 00 00 00
0x00007ffd0c020a50:   0f b6 42 fe 89 01 0f b6 42 ff 89 41 04 0f b6 02
0x00007ffd0c020a60:   89 41 08 0f b6 42 01 49 03 d2 89 41 0c 48 83 c1
0x00007ffd0c020a70:   10 41 83 e9 01 75 d9 48 8b c1 c3 cc cc cc cc cc
0x00007ffd0c020a80:   4d 63 d0 48 83 c2 04 66 0f 1f 84 00 00 00 00 00
0x00007ffd0c020a90:   0f bf 42 fc 89 01 0f bf 42 fe 89 41 04 0f bf 02
0x00007ffd0c020aa0:   89 41 08 0f bf 42 02 49 03 d2 89 41 0c 48 83 c1
0x00007ffd0c020ab0:   10 41 83 e9 01 75 d9 48 8b c1 c3 cc cc cc cc cc
0x00007ffd0c020ac0:   4d 63 d0 48 83 c2 04 66 0f 1f 84 00 00 00 00 00
0x00007ffd0c020ad0:   0f b7 42 fc 89 01 0f b7 42 fe 89 41 04 0f b7 02
0x00007ffd0c020ae0:   89 41 08 0f b7 42 02 49 03 d2 89 41 0c 48 83 c1
0x00007ffd0c020af0:   10 41 83 e9 01 75 d9 48 8b c1 c3 cc cc cc cc cc
0x00007ffd0c020b00:   4d 63 d0 48 83 c2 08 66 0f 1f 84 00 00 00 00 00
0x00007ffd0c020b10:   8b 42 f8 89 01 8b 42 fc 89 41 04 8b 02 89 41 08
0x00007ffd0c020b20:   8b 42 04 49 03 d2 89 41 0c 48 83 c1 10 41 83 e9
0x00007ffd0c020b30:   01 75 dd 48 8b c1 c3 cc cc cc cc cc cc cc cc cc
0x00007ffd0c020b40:   4d 63 d0 8b 02 0f 57 c0 49 03 d2 f3 48 0f 2a c0
0x00007ffd0c020b50:   f3 0f 11 01 48 83 c1 04 41 83 e9 01 75 e5 48 8b
0x00007ffd0c020b60:   c1 c3 cc cc cc cc cc cc cc cc cc cc cc cc cc cc
0x00007ffd0c020b70:   4d 63 d0 8b 02 0f 57 c0 0f 57 c9 f3 48 0f 2a c0
0x00007ffd0c020b80:   f3 0f 11 01 8b 42 04 49 03 d2 f3 48 0f 2a c8 f3
0x00007ffd0c020b90:   0f 11 49 04 48 83 c1 08 41 83 e9 01 75 d5 48 8b
0x00007ffd0c020ba0:   c1 c3 cc cc cc cc cc cc cc cc cc cc cc cc cc cc
0x00007ffd0c020bb0:   4d 63 d0 48 83 c2 08 66 0f 1f 84 00 00 00 00 00
0x00007ffd0c020bc0:   8b 42 f8 0f 57 c0 0f 57 c9 f3 48 0f 2a c0 f3 0f
0x00007ffd0c020bd0:   11 01 0f 57 c0 8b 42 fc f3 48 0f 2a c8 f3 0f 11
0x00007ffd0c020be0:   49 04 8b 02 49 03 d2 f3 48 0f 2a c0 f3 0f 11 41
0x00007ffd0c020bf0:   08 48 83 c1 0c 41 83 e9 01 75 c5 48 8b c1 c3 cc
0x00007ffd0c020c00:   4d 63 d0 48 83 c2 08 66 0f 1f 84 00 00 00 00 00 


Stack slot to memory mapping:
stack at sp + 0 slots: 0x00007ffd0c0c9241 nvoglv64.dll
stack at sp + 1 slots: 0x00007ffd0b110000 nvoglv64.dll
stack at sp + 2 slots: 0x0 is NULL
stack at sp + 3 slots: 0x000001a5eff70000 points into unknown readable memory: 0x000001a5ec368870 | 70 88 36 ec a5 01 00 00
stack at sp + 4 slots: 0x00000000000002a0 is an unknown value
stack at sp + 5 slots: 0x4a02d7b700000000 is an unknown value
stack at sp + 6 slots: 0x00007ffd0bf54442 nvoglv64.dll
stack at sp + 7 slots: 0x9970303000000000 is an unknown value


---------------  P R O C E S S  ---------------

Threads class SMR info:
_java_thread_list=0x000001a5f5a29040, length=15, elements={
0x000001a5c681d090, 0x000001a5ead41ed0, 0x000001a5ead427a0, 0x000001a5ead5e4d0,
0x000001a5ead612a0, 0x000001a5ead61c60, 0x000001a5ead66630, 0x000001a5ead67320,
0x000001a5ead6bde0, 0x000001a5ead6c9f0, 0x000001a5eae84810, 0x000001a5eaf8e990,
0x000001a5eb005540, 0x000001a5eafd7ea0, 0x000001a5eae86b80
}

Java Threads: ( => current thread )
=>0x000001a5c681d090 JavaThread "main" [_thread_in_native, id=23128, stack(0x00000066b6600000,0x00000066b6700000)]
  0x000001a5ead41ed0 JavaThread "Reference Handler" daemon [_thread_blocked, id=17560, stack(0x00000066b6d00000,0x00000066b6e00000)]
  0x000001a5ead427a0 JavaThread "Finalizer" daemon [_thread_blocked, id=8380, stack(0x00000066b6e00000,0x00000066b6f00000)]
  0x000001a5ead5e4d0 JavaThread "Signal Dispatcher" daemon [_thread_blocked, id=21836, stack(0x00000066b6f00000,0x00000066b7000000)]
  0x000001a5ead612a0 JavaThread "Attach Listener" daemon [_thread_blocked, id=11036, stack(0x00000066b7000000,0x00000066b7100000)]
  0x000001a5ead61c60 JavaThread "Service Thread" daemon [_thread_blocked, id=15444, stack(0x00000066b7100000,0x00000066b7200000)]
  0x000001a5ead66630 JavaThread "Monitor Deflation Thread" daemon [_thread_blocked, id=20680, stack(0x00000066b7200000,0x00000066b7300000)]
  0x000001a5ead67320 JavaThread "C2 CompilerThread0" daemon [_thread_blocked, id=21716, stack(0x00000066b7300000,0x00000066b7400000)]
  0x000001a5ead6bde0 JavaThread "C1 CompilerThread0" daemon [_thread_blocked, id=2792, stack(0x00000066b7400000,0x00000066b7500000)]
  0x000001a5ead6c9f0 JavaThread "Sweeper thread" daemon [_thread_blocked, id=23072, stack(0x00000066b7500000,0x00000066b7600000)]
  0x000001a5eae84810 JavaThread "Common-Cleaner" daemon [_thread_blocked, id=12064, stack(0x00000066b7600000,0x00000066b7700000)]
  0x000001a5eaf8e990 JavaThread "JDWP Transport Listener: dt_socket" daemon [_thread_blocked, id=15308, stack(0x00000066b7c00000,0x00000066b7d00000)]
  0x000001a5eb005540 JavaThread "JDWP Event Helper Thread" daemon [_thread_blocked, id=15392, stack(0x00000066b7d00000,0x00000066b7e00000)]
  0x000001a5eafd7ea0 JavaThread "JDWP Command Reader" daemon [_thread_in_native, id=21452, stack(0x00000066b7e00000,0x00000066b7f00000)]
  0x000001a5eae86b80 JavaThread "Notification Thread" daemon [_thread_blocked, id=12820, stack(0x00000066b7f00000,0x00000066b8000000)]

Other Threads:
  0x000001a5de8991c0 VMThread "VM Thread" [stack: 0x00000066b6c00000,0x00000066b6d00000] [id=15052]
  0x000001a5eae93b50 WatcherThread [stack: 0x00000066b8000000,0x00000066b8100000] [id=20888]
  0x000001a5c684fa40 GCTaskThread "GC Thread#0" [stack: 0x00000066b6700000,0x00000066b6800000] [id=22864]
  0x000001a5ed590980 GCTaskThread "GC Thread#1" [stack: 0x00000066b7a00000,0x00000066b7b00000] [id=1472]
  0x000001a5ed58f380 GCTaskThread "GC Thread#2" [stack: 0x00000066b7b00000,0x00000066b7c00000] [id=22752]
  0x000001a5ed58f640 GCTaskThread "GC Thread#3" [stack: 0x00000066b8810000,0x00000066b8910000] [id=21852]
  0x000001a5ed58fbc0 GCTaskThread "GC Thread#4" [stack: 0x00000066b8910000,0x00000066b8a10000] [id=21648]
  0x000001a5ed590f00 GCTaskThread "GC Thread#5" [stack: 0x00000066b8a10000,0x00000066b8b10000] [id=11220]
  0x000001a5ed5911c0 GCTaskThread "GC Thread#6" [stack: 0x00000066b8b10000,0x00000066b8c10000] [id=23452]
  0x000001a5ed58eb40 GCTaskThread "GC Thread#7" [stack: 0x00000066b8c10000,0x00000066b8d10000] [id=22572]
  0x000001a5ed591740 GCTaskThread "GC Thread#8" [stack: 0x00000066b8d10000,0x00000066b8e10000] [id=21188]
  0x000001a5ed591a00 GCTaskThread "GC Thread#9" [stack: 0x00000066b8e10000,0x00000066b8f10000] [id=20776]
  0x000001a5ed591cc0 GCTaskThread "GC Thread#10" [stack: 0x00000066b8f10000,0x00000066b9010000] [id=3252]
  0x000001a5ed58e5c0 GCTaskThread "GC Thread#11" [stack: 0x00000066b9010000,0x00000066b9110000] [id=22756]
  0x000001a5ed58ee00 GCTaskThread "GC Thread#12" [stack: 0x00000066b9110000,0x00000066b9210000] [id=19728]
  0x000001a5c6860170 ConcurrentGCThread "G1 Main Marker" [stack: 0x00000066b6800000,0x00000066b6900000] [id=13492]
  0x000001a5c6860af0 ConcurrentGCThread "G1 Conc#0" [stack: 0x00000066b6900000,0x00000066b6a00000] [id=15740]
  0x000001a5de7d0110 ConcurrentGCThread "G1 Refine#0" [stack: 0x00000066b6a00000,0x00000066b6b00000] [id=18964]
  0x000001a5de7d19f0 ConcurrentGCThread "G1 Service" [stack: 0x00000066b6b00000,0x00000066b6c00000] [id=23324]

Threads with active compile tasks:

VM state: not at safepoint (normal execution)

VM Mutex/Monitor currently owned by a thread: None

Heap address: 0x0000000704800000, size: 4024 MB, Compressed Oops mode: Zero based, Oop shift amount: 3

CDS archive(s) mapped at: [0x0000000800000000-0x0000000800c00000-0x0000000800c00000), size 12582912, SharedBaseAddress: 0x0000000800000000, ArchiveRelocationMode: 0.
Compressed class space mapped at: 0x0000000800c00000-0x0000000840c00000, reserved size: 1073741824
Narrow klass base: 0x0000000800000000, Narrow klass shift: 0, Narrow klass range: 0x100000000

GC Precious Log:
 CPUs: 16 total, 16 available
 Memory: 16088M
 Large Page Support: Disabled
 NUMA Support: Disabled
 Compressed Oops: Enabled (Zero based)
 Heap Region Size: 2M
 Heap Min Capacity: 8M
 Heap Initial Capacity: 252M
 Heap Max Capacity: 4024M
 Pre-touch: Disabled
 Parallel Workers: 13
 Concurrent Workers: 3
 Concurrent Refinement Workers: 13
 Periodic GC: Disabled

Heap:
 garbage-first heap   total 258048K, used 24322K [0x0000000704800000, 0x0000000800000000)
  region size 2048K, 12 young (24576K), 2 survivors (4096K)
 Metaspace       used 8211K, committed 8384K, reserved 1064960K
  class space    used 435K, committed 512K, reserved 1048576K

Heap Regions: E=young(eden), S=young(survivor), O=old, HS=humongous(starts), HC=humongous(continues), CS=collection set, F=free, OA=open archive, CA=closed archive, TAMS=top-at-mark-start (previous, next)
|   0|0x0000000704800000, 0x0000000704a00000, 0x0000000704a00000|100%| O|  |TAMS 0x0000000704800000, 0x0000000704800000| Untracked 
|   1|0x0000000704a00000, 0x0000000704b75400, 0x0000000704c00000| 72%| O|  |TAMS 0x0000000704a00000, 0x0000000704a00000| Untracked 
|   2|0x0000000704c00000, 0x0000000704c00000, 0x0000000704e00000|  0%| F|  |TAMS 0x0000000704c00000, 0x0000000704c00000| Untracked 
|   3|0x0000000704e00000, 0x0000000704e00000, 0x0000000705000000|  0%| F|  |TAMS 0x0000000704e00000, 0x0000000704e00000| Untracked 
|   4|0x0000000705000000, 0x0000000705000000, 0x0000000705200000|  0%| F|  |TAMS 0x0000000705000000, 0x0000000705000000| Untracked 
|   5|0x0000000705200000, 0x0000000705200000, 0x0000000705400000|  0%| F|  |TAMS 0x0000000705200000, 0x0000000705200000| Untracked 
|   6|0x0000000705400000, 0x0000000705400000, 0x0000000705600000|  0%| F|  |TAMS 0x0000000705400000, 0x0000000705400000| Untracked 
|   7|0x0000000705600000, 0x0000000705600000, 0x0000000705800000|  0%| F|  |TAMS 0x0000000705600000, 0x0000000705600000| Untracked 
|   8|0x0000000705800000, 0x0000000705800000, 0x0000000705a00000|  0%| F|  |TAMS 0x0000000705800000, 0x0000000705800000| Untracked 
|   9|0x0000000705a00000, 0x0000000705a00000, 0x0000000705c00000|  0%| F|  |TAMS 0x0000000705a00000, 0x0000000705a00000| Untracked 
|  10|0x0000000705c00000, 0x0000000705c00000, 0x0000000705e00000|  0%| F|  |TAMS 0x0000000705c00000, 0x0000000705c00000| Untracked 
|  11|0x0000000705e00000, 0x0000000705e00000, 0x0000000706000000|  0%| F|  |TAMS 0x0000000705e00000, 0x0000000705e00000| Untracked 
|  12|0x0000000706000000, 0x0000000706000000, 0x0000000706200000|  0%| F|  |TAMS 0x0000000706000000, 0x0000000706000000| Untracked 
|  13|0x0000000706200000, 0x0000000706200000, 0x0000000706400000|  0%| F|  |TAMS 0x0000000706200000, 0x0000000706200000| Untracked 
|  14|0x0000000706400000, 0x0000000706400000, 0x0000000706600000|  0%| F|  |TAMS 0x0000000706400000, 0x0000000706400000| Untracked 
|  15|0x0000000706600000, 0x0000000706600000, 0x0000000706800000|  0%| F|  |TAMS 0x0000000706600000, 0x0000000706600000| Untracked 
|  16|0x0000000706800000, 0x0000000706800000, 0x0000000706a00000|  0%| F|  |TAMS 0x0000000706800000, 0x0000000706800000| Untracked 
|  17|0x0000000706a00000, 0x0000000706a00000, 0x0000000706c00000|  0%| F|  |TAMS 0x0000000706a00000, 0x0000000706a00000| Untracked 
|  18|0x0000000706c00000, 0x0000000706c00000, 0x0000000706e00000|  0%| F|  |TAMS 0x0000000706c00000, 0x0000000706c00000| Untracked 
|  19|0x0000000706e00000, 0x0000000706e00000, 0x0000000707000000|  0%| F|  |TAMS 0x0000000706e00000, 0x0000000706e00000| Untracked 
|  20|0x0000000707000000, 0x0000000707000000, 0x0000000707200000|  0%| F|  |TAMS 0x0000000707000000, 0x0000000707000000| Untracked 
|  21|0x0000000707200000, 0x0000000707200000, 0x0000000707400000|  0%| F|  |TAMS 0x0000000707200000, 0x0000000707200000| Untracked 
|  22|0x0000000707400000, 0x0000000707400000, 0x0000000707600000|  0%| F|  |TAMS 0x0000000707400000, 0x0000000707400000| Untracked 
|  23|0x0000000707600000, 0x0000000707600000, 0x0000000707800000|  0%| F|  |TAMS 0x0000000707600000, 0x0000000707600000| Untracked 
|  24|0x0000000707800000, 0x0000000707800000, 0x0000000707a00000|  0%| F|  |TAMS 0x0000000707800000, 0x0000000707800000| Untracked 
|  25|0x0000000707a00000, 0x0000000707a00000, 0x0000000707c00000|  0%| F|  |TAMS 0x0000000707a00000, 0x0000000707a00000| Untracked 
|  26|0x0000000707c00000, 0x0000000707c00000, 0x0000000707e00000|  0%| F|  |TAMS 0x0000000707c00000, 0x0000000707c00000| Untracked 
|  27|0x0000000707e00000, 0x0000000707e00000, 0x0000000708000000|  0%| F|  |TAMS 0x0000000707e00000, 0x0000000707e00000| Untracked 
|  28|0x0000000708000000, 0x0000000708000000, 0x0000000708200000|  0%| F|  |TAMS 0x0000000708000000, 0x0000000708000000| Untracked 
|  29|0x0000000708200000, 0x0000000708200000, 0x0000000708400000|  0%| F|  |TAMS 0x0000000708200000, 0x0000000708200000| Untracked 
|  30|0x0000000708400000, 0x0000000708400000, 0x0000000708600000|  0%| F|  |TAMS 0x0000000708400000, 0x0000000708400000| Untracked 
|  31|0x0000000708600000, 0x0000000708600000, 0x0000000708800000|  0%| F|  |TAMS 0x0000000708600000, 0x0000000708600000| Untracked 
|  32|0x0000000708800000, 0x0000000708800000, 0x0000000708a00000|  0%| F|  |TAMS 0x0000000708800000, 0x0000000708800000| Untracked 
|  33|0x0000000708a00000, 0x0000000708a00000, 0x0000000708c00000|  0%| F|  |TAMS 0x0000000708a00000, 0x0000000708a00000| Untracked 
|  34|0x0000000708c00000, 0x0000000708c00000, 0x0000000708e00000|  0%| F|  |TAMS 0x0000000708c00000, 0x0000000708c00000| Untracked 
|  35|0x0000000708e00000, 0x0000000708e00000, 0x0000000709000000|  0%| F|  |TAMS 0x0000000708e00000, 0x0000000708e00000| Untracked 
|  36|0x0000000709000000, 0x0000000709000000, 0x0000000709200000|  0%| F|  |TAMS 0x0000000709000000, 0x0000000709000000| Untracked 
|  37|0x0000000709200000, 0x0000000709200000, 0x0000000709400000|  0%| F|  |TAMS 0x0000000709200000, 0x0000000709200000| Untracked 
|  38|0x0000000709400000, 0x0000000709400000, 0x0000000709600000|  0%| F|  |TAMS 0x0000000709400000, 0x0000000709400000| Untracked 
|  39|0x0000000709600000, 0x0000000709600000, 0x0000000709800000|  0%| F|  |TAMS 0x0000000709600000, 0x0000000709600000| Untracked 
|  40|0x0000000709800000, 0x0000000709800000, 0x0000000709a00000|  0%| F|  |TAMS 0x0000000709800000, 0x0000000709800000| Untracked 
|  41|0x0000000709a00000, 0x0000000709a00000, 0x0000000709c00000|  0%| F|  |TAMS 0x0000000709a00000, 0x0000000709a00000| Untracked 
|  42|0x0000000709c00000, 0x0000000709c00000, 0x0000000709e00000|  0%| F|  |TAMS 0x0000000709c00000, 0x0000000709c00000| Untracked 
|  43|0x0000000709e00000, 0x0000000709e00000, 0x000000070a000000|  0%| F|  |TAMS 0x0000000709e00000, 0x0000000709e00000| Untracked 
|  44|0x000000070a000000, 0x000000070a000000, 0x000000070a200000|  0%| F|  |TAMS 0x000000070a000000, 0x000000070a000000| Untracked 
|  45|0x000000070a200000, 0x000000070a200000, 0x000000070a400000|  0%| F|  |TAMS 0x000000070a200000, 0x000000070a200000| Untracked 
|  46|0x000000070a400000, 0x000000070a400000, 0x000000070a600000|  0%| F|  |TAMS 0x000000070a400000, 0x000000070a400000| Untracked 
|  47|0x000000070a600000, 0x000000070a600000, 0x000000070a800000|  0%| F|  |TAMS 0x000000070a600000, 0x000000070a600000| Untracked 
|  48|0x000000070a800000, 0x000000070a800000, 0x000000070aa00000|  0%| F|  |TAMS 0x000000070a800000, 0x000000070a800000| Untracked 
|  49|0x000000070aa00000, 0x000000070aa00000, 0x000000070ac00000|  0%| F|  |TAMS 0x000000070aa00000, 0x000000070aa00000| Untracked 
|  50|0x000000070ac00000, 0x000000070ac00000, 0x000000070ae00000|  0%| F|  |TAMS 0x000000070ac00000, 0x000000070ac00000| Untracked 
|  51|0x000000070ae00000, 0x000000070ae00000, 0x000000070b000000|  0%| F|  |TAMS 0x000000070ae00000, 0x000000070ae00000| Untracked 
|  52|0x000000070b000000, 0x000000070b000000, 0x000000070b200000|  0%| F|  |TAMS 0x000000070b000000, 0x000000070b000000| Untracked 
|  53|0x000000070b200000, 0x000000070b200000, 0x000000070b400000|  0%| F|  |TAMS 0x000000070b200000, 0x000000070b200000| Untracked 
|  54|0x000000070b400000, 0x000000070b400000, 0x000000070b600000|  0%| F|  |TAMS 0x000000070b400000, 0x000000070b400000| Untracked 
|  55|0x000000070b600000, 0x000000070b600000, 0x000000070b800000|  0%| F|  |TAMS 0x000000070b600000, 0x000000070b600000| Untracked 
|  56|0x000000070b800000, 0x000000070b800000, 0x000000070ba00000|  0%| F|  |TAMS 0x000000070b800000, 0x000000070b800000| Untracked 
|  57|0x000000070ba00000, 0x000000070ba00000, 0x000000070bc00000|  0%| F|  |TAMS 0x000000070ba00000, 0x000000070ba00000| Untracked 
|  58|0x000000070bc00000, 0x000000070bc00000, 0x000000070be00000|  0%| F|  |TAMS 0x000000070bc00000, 0x000000070bc00000| Untracked 
|  59|0x000000070be00000, 0x000000070be00000, 0x000000070c000000|  0%| F|  |TAMS 0x000000070be00000, 0x000000070be00000| Untracked 
|  60|0x000000070c000000, 0x000000070c000000, 0x000000070c200000|  0%| F|  |TAMS 0x000000070c000000, 0x000000070c000000| Untracked 
|  61|0x000000070c200000, 0x000000070c200000, 0x000000070c400000|  0%| F|  |TAMS 0x000000070c200000, 0x000000070c200000| Untracked 
|  62|0x000000070c400000, 0x000000070c400000, 0x000000070c600000|  0%| F|  |TAMS 0x000000070c400000, 0x000000070c400000| Untracked 
|  63|0x000000070c600000, 0x000000070c600000, 0x000000070c800000|  0%| F|  |TAMS 0x000000070c600000, 0x000000070c600000| Untracked 
|  64|0x000000070c800000, 0x000000070c800000, 0x000000070ca00000|  0%| F|  |TAMS 0x000000070c800000, 0x000000070c800000| Untracked 
|  65|0x000000070ca00000, 0x000000070ca00000, 0x000000070cc00000|  0%| F|  |TAMS 0x000000070ca00000, 0x000000070ca00000| Untracked 
|  66|0x000000070cc00000, 0x000000070cc00000, 0x000000070ce00000|  0%| F|  |TAMS 0x000000070cc00000, 0x000000070cc00000| Untracked 
|  67|0x000000070ce00000, 0x000000070ce00000, 0x000000070d000000|  0%| F|  |TAMS 0x000000070ce00000, 0x000000070ce00000| Untracked 
|  68|0x000000070d000000, 0x000000070d000000, 0x000000070d200000|  0%| F|  |TAMS 0x000000070d000000, 0x000000070d000000| Untracked 
|  69|0x000000070d200000, 0x000000070d200000, 0x000000070d400000|  0%| F|  |TAMS 0x000000070d200000, 0x000000070d200000| Untracked 
|  70|0x000000070d400000, 0x000000070d400000, 0x000000070d600000|  0%| F|  |TAMS 0x000000070d400000, 0x000000070d400000| Untracked 
|  71|0x000000070d600000, 0x000000070d600000, 0x000000070d800000|  0%| F|  |TAMS 0x000000070d600000, 0x000000070d600000| Untracked 
|  72|0x000000070d800000, 0x000000070d800000, 0x000000070da00000|  0%| F|  |TAMS 0x000000070d800000, 0x000000070d800000| Untracked 
|  73|0x000000070da00000, 0x000000070da00000, 0x000000070dc00000|  0%| F|  |TAMS 0x000000070da00000, 0x000000070da00000| Untracked 
|  74|0x000000070dc00000, 0x000000070dc00000, 0x000000070de00000|  0%| F|  |TAMS 0x000000070dc00000, 0x000000070dc00000| Untracked 
|  75|0x000000070de00000, 0x000000070de00000, 0x000000070e000000|  0%| F|  |TAMS 0x000000070de00000, 0x000000070de00000| Untracked 
|  76|0x000000070e000000, 0x000000070e000000, 0x000000070e200000|  0%| F|  |TAMS 0x000000070e000000, 0x000000070e000000| Untracked 
|  77|0x000000070e200000, 0x000000070e200000, 0x000000070e400000|  0%| F|  |TAMS 0x000000070e200000, 0x000000070e200000| Untracked 
|  78|0x000000070e400000, 0x000000070e400000, 0x000000070e600000|  0%| F|  |TAMS 0x000000070e400000, 0x000000070e400000| Untracked 
|  79|0x000000070e600000, 0x000000070e600000, 0x000000070e800000|  0%| F|  |TAMS 0x000000070e600000, 0x000000070e600000| Untracked 
|  80|0x000000070e800000, 0x000000070e800000, 0x000000070ea00000|  0%| F|  |TAMS 0x000000070e800000, 0x000000070e800000| Untracked 
|  81|0x000000070ea00000, 0x000000070ea00000, 0x000000070ec00000|  0%| F|  |TAMS 0x000000070ea00000, 0x000000070ea00000| Untracked 
|  82|0x000000070ec00000, 0x000000070ec00000, 0x000000070ee00000|  0%| F|  |TAMS 0x000000070ec00000, 0x000000070ec00000| Untracked 
|  83|0x000000070ee00000, 0x000000070ee00000, 0x000000070f000000|  0%| F|  |TAMS 0x000000070ee00000, 0x000000070ee00000| Untracked 
|  84|0x000000070f000000, 0x000000070f000000, 0x000000070f200000|  0%| F|  |TAMS 0x000000070f000000, 0x000000070f000000| Untracked 
|  85|0x000000070f200000, 0x000000070f200000, 0x000000070f400000|  0%| F|  |TAMS 0x000000070f200000, 0x000000070f200000| Untracked 
|  86|0x000000070f400000, 0x000000070f400000, 0x000000070f600000|  0%| F|  |TAMS 0x000000070f400000, 0x000000070f400000| Untracked 
|  87|0x000000070f600000, 0x000000070f600000, 0x000000070f800000|  0%| F|  |TAMS 0x000000070f600000, 0x000000070f600000| Untracked 
|  88|0x000000070f800000, 0x000000070f800000, 0x000000070fa00000|  0%| F|  |TAMS 0x000000070f800000, 0x000000070f800000| Untracked 
|  89|0x000000070fa00000, 0x000000070fa00000, 0x000000070fc00000|  0%| F|  |TAMS 0x000000070fa00000, 0x000000070fa00000| Untracked 
|  90|0x000000070fc00000, 0x000000070fc00000, 0x000000070fe00000|  0%| F|  |TAMS 0x000000070fc00000, 0x000000070fc00000| Untracked 
|  91|0x000000070fe00000, 0x000000070fe00000, 0x0000000710000000|  0%| F|  |TAMS 0x000000070fe00000, 0x000000070fe00000| Untracked 
|  92|0x0000000710000000, 0x0000000710000000, 0x0000000710200000|  0%| F|  |TAMS 0x0000000710000000, 0x0000000710000000| Untracked 
|  93|0x0000000710200000, 0x0000000710200000, 0x0000000710400000|  0%| F|  |TAMS 0x0000000710200000, 0x0000000710200000| Untracked 
|  94|0x0000000710400000, 0x0000000710400000, 0x0000000710600000|  0%| F|  |TAMS 0x0000000710400000, 0x0000000710400000| Untracked 
|  95|0x0000000710600000, 0x0000000710600000, 0x0000000710800000|  0%| F|  |TAMS 0x0000000710600000, 0x0000000710600000| Untracked 
|  96|0x0000000710800000, 0x0000000710800000, 0x0000000710a00000|  0%| F|  |TAMS 0x0000000710800000, 0x0000000710800000| Untracked 
|  97|0x0000000710a00000, 0x0000000710a00000, 0x0000000710c00000|  0%| F|  |TAMS 0x0000000710a00000, 0x0000000710a00000| Untracked 
|  98|0x0000000710c00000, 0x0000000710c00000, 0x0000000710e00000|  0%| F|  |TAMS 0x0000000710c00000, 0x0000000710c00000| Untracked 
|  99|0x0000000710e00000, 0x0000000710e00000, 0x0000000711000000|  0%| F|  |TAMS 0x0000000710e00000, 0x0000000710e00000| Untracked 
| 100|0x0000000711000000, 0x0000000711000000, 0x0000000711200000|  0%| F|  |TAMS 0x0000000711000000, 0x0000000711000000| Untracked 
| 101|0x0000000711200000, 0x0000000711200000, 0x0000000711400000|  0%| F|  |TAMS 0x0000000711200000, 0x0000000711200000| Untracked 
| 102|0x0000000711400000, 0x0000000711400000, 0x0000000711600000|  0%| F|  |TAMS 0x0000000711400000, 0x0000000711400000| Untracked 
| 103|0x0000000711600000, 0x0000000711600000, 0x0000000711800000|  0%| F|  |TAMS 0x0000000711600000, 0x0000000711600000| Untracked 
| 104|0x0000000711800000, 0x0000000711800000, 0x0000000711a00000|  0%| F|  |TAMS 0x0000000711800000, 0x0000000711800000| Untracked 
| 105|0x0000000711a00000, 0x0000000711a00000, 0x0000000711c00000|  0%| F|  |TAMS 0x0000000711a00000, 0x0000000711a00000| Untracked 
| 106|0x0000000711c00000, 0x0000000711c00000, 0x0000000711e00000|  0%| F|  |TAMS 0x0000000711c00000, 0x0000000711c00000| Untracked 
| 107|0x0000000711e00000, 0x0000000711e4b510, 0x0000000712000000| 14%| S|CS|TAMS 0x0000000711e00000, 0x0000000711e00000| Complete 
| 108|0x0000000712000000, 0x0000000712200000, 0x0000000712200000|100%| S|CS|TAMS 0x0000000712000000, 0x0000000712000000| Complete 
| 109|0x0000000712200000, 0x0000000712200000, 0x0000000712400000|  0%| F|  |TAMS 0x0000000712200000, 0x0000000712200000| Untracked 
| 110|0x0000000712400000, 0x0000000712400000, 0x0000000712600000|  0%| F|  |TAMS 0x0000000712400000, 0x0000000712400000| Untracked 
| 111|0x0000000712600000, 0x0000000712600000, 0x0000000712800000|  0%| F|  |TAMS 0x0000000712600000, 0x0000000712600000| Untracked 
| 112|0x0000000712800000, 0x0000000712800000, 0x0000000712a00000|  0%| F|  |TAMS 0x0000000712800000, 0x0000000712800000| Untracked 
| 113|0x0000000712a00000, 0x0000000712a00000, 0x0000000712c00000|  0%| F|  |TAMS 0x0000000712a00000, 0x0000000712a00000| Untracked 
| 114|0x0000000712c00000, 0x0000000712c00000, 0x0000000712e00000|  0%| F|  |TAMS 0x0000000712c00000, 0x0000000712c00000| Untracked 
| 115|0x0000000712e00000, 0x0000000712e00000, 0x0000000713000000|  0%| F|  |TAMS 0x0000000712e00000, 0x0000000712e00000| Untracked 
| 116|0x0000000713000000, 0x0000000713200000, 0x0000000713200000|100%| E|  |TAMS 0x0000000713000000, 0x0000000713000000| Complete 
| 117|0x0000000713200000, 0x0000000713400000, 0x0000000713400000|100%| E|CS|TAMS 0x0000000713200000, 0x0000000713200000| Complete 
| 118|0x0000000713400000, 0x0000000713600000, 0x0000000713600000|100%| E|CS|TAMS 0x0000000713400000, 0x0000000713400000| Complete 
| 119|0x0000000713600000, 0x0000000713800000, 0x0000000713800000|100%| E|CS|TAMS 0x0000000713600000, 0x0000000713600000| Complete 
| 120|0x0000000713800000, 0x0000000713a00000, 0x0000000713a00000|100%| E|CS|TAMS 0x0000000713800000, 0x0000000713800000| Complete 
| 121|0x0000000713a00000, 0x0000000713c00000, 0x0000000713c00000|100%| E|CS|TAMS 0x0000000713a00000, 0x0000000713a00000| Complete 
| 122|0x0000000713c00000, 0x0000000713e00000, 0x0000000713e00000|100%| E|CS|TAMS 0x0000000713c00000, 0x0000000713c00000| Complete 
| 123|0x0000000713e00000, 0x0000000714000000, 0x0000000714000000|100%| E|CS|TAMS 0x0000000713e00000, 0x0000000713e00000| Complete 
| 124|0x0000000714000000, 0x0000000714200000, 0x0000000714200000|100%| E|CS|TAMS 0x0000000714000000, 0x0000000714000000| Complete 
| 125|0x0000000714200000, 0x0000000714400000, 0x0000000714400000|100%| E|CS|TAMS 0x0000000714200000, 0x0000000714200000| Complete 

Card table byte_map: [0x000001a5df080000,0x000001a5df860000] _byte_map_base: 0x000001a5db85c000

Marking Bits (Prev, Next): (CMBitMap*) 0x000001a5c684ff00, (CMBitMap*) 0x000001a5c684ff40
 Prev Bits: [0x000001a5e0040000, 0x000001a5e3f20000)
 Next Bits: [0x000001a5e3f20000, 0x000001a5e7e00000)

Polling page: 0x000001a5c4f10000

Metaspace:

Usage:
  Non-class:      7.59 MB used.
      Class:    435.79 KB used.
       Both:      8.02 MB used.

Virtual space:
  Non-class space:       16.00 MB reserved,       7.69 MB ( 48%) committed,  2 nodes.
      Class space:        1.00 GB reserved,     512.00 KB ( <1%) committed,  1 nodes.
             Both:        1.02 GB reserved,       8.19 MB ( <1%) committed. 

Chunk freelists:
   Non-Class:  2.53 MB
       Class:  3.45 MB
        Both:  5.98 MB

MaxMetaspaceSize: unlimited
CompressedClassSpaceSize: 1.00 GB
Initial GC threshold: 21.00 MB
Current GC threshold: 21.00 MB
CDS: on
MetaspaceReclaimPolicy: balanced
 - commit_granule_bytes: 65536.
 - commit_granule_words: 8192.
 - virtual_space_node_default_size: 1048576.
 - enlarge_chunks_in_place: 1.
 - new_chunks_are_fully_committed: 0.
 - uncommit_free_chunks: 1.
 - use_allocation_guard: 0.
 - handle_deallocations: 1.


Internal statistics:

num_allocs_failed_limit: 0.
num_arena_births: 144.
num_arena_deaths: 0.
num_vsnodes_births: 3.
num_vsnodes_deaths: 0.
num_space_committed: 129.
num_space_uncommitted: 0.
num_chunks_returned_to_freelist: 0.
num_chunks_taken_from_freelist: 369.
num_chunk_merges: 0.
num_chunk_splits: 267.
num_chunks_enlarged: 211.
num_purges: 0.
num_inconsistent_stats: 0.

CodeHeap 'non-profiled nmethods': size=119168Kb used=961Kb max_used=961Kb free=118206Kb
 bounds [0x000001a5d6270000, 0x000001a5d64e0000, 0x000001a5dd6d0000]
CodeHeap 'profiled nmethods': size=119104Kb used=3201Kb max_used=3201Kb free=115902Kb
 bounds [0x000001a5cee20000, 0x000001a5cf150000, 0x000001a5d6270000]
CodeHeap 'non-nmethods': size=7488Kb used=1845Kb max_used=3574Kb free=5642Kb
 bounds [0x000001a5ce6d0000, 0x000001a5cea60000, 0x000001a5cee20000]
 total_blobs=3181 nmethods=1920 adapters=1174
 compilation: enabled
              stopped_count=0, restarted_count=0
 full_count=0

Compilation events (20 events):
Event: 9.747 Thread 0x000001a5f5d664b0 1914       4       java.util.stream.AbstractPipeline::<init> (91 bytes)
Event: 9.752 Thread 0x000001a5f5d664b0 nmethod 1914 0x000001a5d634fb10 code [0x000001a5d634fca0, 0x000001a5d6350078]
Event: 9.755 Thread 0x000001a5ead67320 nmethod 1886 0x000001a5d6350210 code [0x000001a5d6350420, 0x000001a5d6351428]
Event: 9.800 Thread 0x000001a5ebdf6160 nmethod 1913 0x000001a5d6352e90 code [0x000001a5d6353100, 0x000001a5d6354d38]
Event: 9.847 Thread 0x000001a5f5448430 nmethod 1905 0x000001a5d6355b90 code [0x000001a5d6355e80, 0x000001a5d6359418]
Event: 9.851 Thread 0x000001a5f5d67da0 nmethod 1904 0x000001a5d635ab10 code [0x000001a5d635ae00, 0x000001a5d635e238]
Event: 11.077 Thread 0x000001a5ead6bde0 1915       3       java.util.Formatter$Flags::contains (22 bytes)
Event: 11.077 Thread 0x000001a5ead6bde0 nmethod 1915 0x000001a5cf13f890 code [0x000001a5cf13fa20, 0x000001a5cf13fbd8]
Event: 11.078 Thread 0x000001a5f53a10d0 1916       3       java.lang.StringBuilder::length (5 bytes)
Event: 11.078 Thread 0x000001a5ebdf6160 1917       4       java.lang.AbstractStringBuilder::getCoder (15 bytes)
Event: 11.078 Thread 0x000001a5f53a10d0 nmethod 1916 0x000001a5cf13fc90 code [0x000001a5cf13fe20, 0x000001a5cf13ff38]
Event: 11.078 Thread 0x000001a5ebdf6160 nmethod 1917 0x000001a5d635fb90 code [0x000001a5d635fd00, 0x000001a5d635fd78]
Event: 11.083 Thread 0x000001a5f53a10d0 1918       3       sdu.revolution.engine.model.items.DirtBlock::input (1 bytes)
Event: 11.084 Thread 0x000001a5ead6bde0 1919       3       sdu.revolution.engine.model.items.GrassBlock::input (1 bytes)
Event: 11.084 Thread 0x000001a5f53a10d0 nmethod 1918 0x000001a5cf140010 code [0x000001a5cf1401a0, 0x000001a5cf1402b8]
Event: 11.084 Thread 0x000001a5ead6bde0 nmethod 1919 0x000001a5cf140390 code [0x000001a5cf140520, 0x000001a5cf140638]
Event: 11.206 Thread 0x000001a5f5d67da0 1920       4       java.lang.Long::numberOfTrailingZeros (26 bytes)
Event: 11.207 Thread 0x000001a5ead67320 1921       4       java.lang.Character::isDigit (5 bytes)
Event: 11.207 Thread 0x000001a5f5d67da0 nmethod 1920 0x000001a5d635fe90 code [0x000001a5d6360000, 0x000001a5d6360078]
Event: 11.207 Thread 0x000001a5ead67320 nmethod 1921 0x000001a5d6360190 code [0x000001a5d6360320, 0x000001a5d63603f8]

GC Heap History (4 events):
Event: 0.903 GC heap before
{Heap before GC invocations=0 (full 0):
 garbage-first heap   total 258048K, used 22528K [0x0000000704800000, 0x0000000800000000)
  region size 2048K, 11 young (22528K), 0 survivors (0K)
 Metaspace       used 5107K, committed 5312K, reserved 1056768K
  class space    used 308K, committed 384K, reserved 1048576K
}
Event: 0.907 GC heap after
{Heap after GC invocations=1 (full 0):
 garbage-first heap   total 258048K, used 3767K [0x0000000704800000, 0x0000000800000000)
  region size 2048K, 2 young (4096K), 2 survivors (4096K)
 Metaspace       used 5107K, committed 5312K, reserved 1056768K
  class space    used 308K, committed 384K, reserved 1048576K
}
Event: 9.683 GC heap before
{Heap before GC invocations=1 (full 0):
 garbage-first heap   total 258048K, used 32439K [0x0000000704800000, 0x0000000800000000)
  region size 2048K, 17 young (34816K), 2 survivors (4096K)
 Metaspace       used 8139K, committed 8320K, reserved 1064960K
  class space    used 433K, committed 512K, reserved 1048576K
}
Event: 9.688 GC heap after
{Heap after GC invocations=2 (full 0):
 garbage-first heap   total 258048K, used 5890K [0x0000000704800000, 0x0000000800000000)
  region size 2048K, 2 young (4096K), 2 survivors (4096K)
 Metaspace       used 8139K, committed 8320K, reserved 1064960K
  class space    used 433K, committed 512K, reserved 1048576K
}

Deoptimization events (20 events):
Event: 11.204 Thread 0x000001a5c681d090 Uncommon trap: trap_request=0xffffff45 fr.pc=0x000001a5d62aefc4 relative=0x0000000000000324
Event: 11.204 Thread 0x000001a5c681d090 Uncommon trap: reason=unstable_if action=reinterpret pc=0x000001a5d62aefc4 method=java.util.jar.Manifest$FastInputStream.readLine([BII)I @ 106 c2
Event: 11.204 Thread 0x000001a5c681d090 DEOPT PACKING pc=0x000001a5d62aefc4 sp=0x00000066b66fd3a0
Event: 11.204 Thread 0x000001a5c681d090 DEOPT UNPACKING pc=0x000001a5ce7223a3 sp=0x00000066b66fd330 mode 2
Event: 11.206 Thread 0x000001a5c681d090 Uncommon trap: trap_request=0xffffff45 fr.pc=0x000001a5d6328ff4 relative=0x00000000000002d4
Event: 11.206 Thread 0x000001a5c681d090 Uncommon trap: reason=unstable_if action=reinterpret pc=0x000001a5d6328ff4 method=jdk.internal.math.FloatingDecimal$BinaryToASCIIBuffer.dtoa(IJIZ)V @ 111 c2
Event: 11.206 Thread 0x000001a5c681d090 DEOPT PACKING pc=0x000001a5d6328ff4 sp=0x00000066b66fe400
Event: 11.206 Thread 0x000001a5c681d090 DEOPT UNPACKING pc=0x000001a5ce7223a3 sp=0x00000066b66fe2d0 mode 2
Event: 11.206 Thread 0x000001a5c681d090 Uncommon trap: trap_request=0xffffff45 fr.pc=0x000001a5d6313cd0 relative=0x0000000000000710
Event: 11.206 Thread 0x000001a5c681d090 Uncommon trap: reason=unstable_if action=reinterpret pc=0x000001a5d6313cd0 method=java.text.DigitList.getDataChars(I)[C @ 13 c2
Event: 11.206 Thread 0x000001a5c681d090 DEOPT PACKING pc=0x000001a5d6313cd0 sp=0x00000066b66fe400
Event: 11.206 Thread 0x000001a5c681d090 DEOPT UNPACKING pc=0x000001a5ce7223a3 sp=0x00000066b66fe300 mode 2
Event: 11.206 Thread 0x000001a5c681d090 Uncommon trap: trap_request=0xffffff45 fr.pc=0x000001a5d630e9cc relative=0x00000000000031cc
Event: 11.206 Thread 0x000001a5c681d090 Uncommon trap: reason=unstable_if action=reinterpret pc=0x000001a5d630e9cc method=java.text.DecimalFormat.subformatNumber(Ljava/lang/StringBuffer;Ljava/text/Format$FieldDelegate;ZZIIII)V @ 513 c2
Event: 11.206 Thread 0x000001a5c681d090 DEOPT PACKING pc=0x000001a5d630e9cc sp=0x00000066b66fe350
Event: 11.206 Thread 0x000001a5c681d090 DEOPT UNPACKING pc=0x000001a5ce7223a3 sp=0x00000066b66fe308 mode 2
Event: 11.206 Thread 0x000001a5c681d090 Uncommon trap: trap_request=0xffffff45 fr.pc=0x000001a5d6328a14 relative=0x0000000000000094
Event: 11.206 Thread 0x000001a5c681d090 Uncommon trap: reason=unstable_if action=reinterpret pc=0x000001a5d6328a14 method=java.lang.Integer.numberOfTrailingZeros(I)I @ 38 c2
Event: 11.206 Thread 0x000001a5c681d090 DEOPT PACKING pc=0x000001a5d6328a14 sp=0x00000066b66fe270
Event: 11.206 Thread 0x000001a5c681d090 DEOPT UNPACKING pc=0x000001a5ce7223a3 sp=0x00000066b66fe1f8 mode 2

Classes unloaded (0 events):
No events

Classes redefined (0 events):
No events

Internal exceptions (20 events):
Event: 0.274 Thread 0x000001a5c681d090 Exception <a 'java/lang/NoSuchMethodError'{0x00000007134b6180}: 'int java.lang.invoke.DirectMethodHandle$Holder.invokeStaticInit(java.lang.Object, java.lang.Object, int, long)'> (0x00000007134b6180) 
thrown [c:\jenkins\workspace\zulu17-build-win64\zulu-src.git\src\hotspot\share\interpreter\linkResolver.cpp, line 766]
Event: 0.275 Thread 0x000001a5c681d090 Exception <a 'java/lang/NoSuchMethodError'{0x00000007134bba48}: 'java.lang.Object java.lang.invoke.DirectMethodHandle$Holder.newInvokeSpecial(java.lang.Object, java.lang.Object, int)'> (0x00000007134bba48) 
thrown [c:\jenkins\workspace\zulu17-build-win64\zulu-src.git\src\hotspot\share\interpreter\linkResolver.cpp, line 766]
Event: 0.277 Thread 0x000001a5c681d090 Exception <a 'java/lang/NoSuchMethodError'{0x00000007134cbff0}: 'int java.lang.invoke.DirectMethodHandle$Holder.invokeStaticInit(java.lang.Object, java.lang.Object, long, long)'> (0x00000007134cbff0) 
thrown [c:\jenkins\workspace\zulu17-build-win64\zulu-src.git\src\hotspot\share\interpreter\linkResolver.cpp, line 766]
Event: 0.278 Thread 0x000001a5c681d090 Exception <a 'java/lang/NoSuchMethodError'{0x00000007134d1d78}: 'java.lang.Object java.lang.invoke.DirectMethodHandle$Holder.newInvokeSpecial(java.lang.Object, java.lang.Object, long)'> (0x00000007134d1d78) 
thrown [c:\jenkins\workspace\zulu17-build-win64\zulu-src.git\src\hotspot\share\interpreter\linkResolver.cpp, line 766]
Event: 0.278 Thread 0x000001a5c681d090 Exception <a 'java/lang/NoSuchMethodError'{0x00000007134d58e8}: 'java.lang.Object java.lang.invoke.Invokers$Holder.linkToTargetMethod(java.lang.Object, long, java.lang.Object)'> (0x00000007134d58e8) 
thrown [c:\jenkins\workspace\zulu17-build-win64\zulu-src.git\src\hotspot\share\interpreter\linkResolver.cpp, line 766]
Event: 0.279 Thread 0x000001a5c681d090 Exception <a 'java/lang/NoSuchMethodError'{0x00000007134dcdb8}: 'int java.lang.invoke.DirectMethodHandle$Holder.invokeStaticInit(java.lang.Object, java.lang.Object, java.lang.Object, long)'> (0x00000007134dcdb8) 
thrown [c:\jenkins\workspace\zulu17-build-win64\zulu-src.git\src\hotspot\share\interpreter\linkResolver.cpp, line 766]
Event: 0.688 Thread 0x000001a5c681d090 Exception <a 'sun/nio/fs/WindowsException'{0x00000007135c26e8}> (0x00000007135c26e8) 
thrown [c:\jenkins\workspace\zulu17-build-win64\zulu-src.git\src\hotspot\share\prims\jni.cpp, line 516]
Event: 0.688 Thread 0x000001a5c681d090 Exception <a 'sun/nio/fs/WindowsException'{0x00000007135c2aa8}> (0x00000007135c2aa8) 
thrown [c:\jenkins\workspace\zulu17-build-win64\zulu-src.git\src\hotspot\share\prims\jni.cpp, line 516]
Event: 0.696 Thread 0x000001a5c681d090 Exception <a 'java/lang/NoSuchMethodError'{0x00000007135f2fb0}: 'void java.lang.invoke.DirectMethodHandle$Holder.invokeStatic(java.lang.Object, int, long)'> (0x00000007135f2fb0) 
thrown [c:\jenkins\workspace\zulu17-build-win64\zulu-src.git\src\hotspot\share\interpreter\linkResolver.cpp, line 766]
Event: 0.751 Thread 0x000001a5c681d090 Exception <a 'sun/nio/fs/WindowsException'{0x00000007132a9cc0}> (0x00000007132a9cc0) 
thrown [c:\jenkins\workspace\zulu17-build-win64\zulu-src.git\src\hotspot\share\prims\jni.cpp, line 516]
Event: 0.751 Thread 0x000001a5c681d090 Exception <a 'sun/nio/fs/WindowsException'{0x00000007132aa090}> (0x00000007132aa090) 
thrown [c:\jenkins\workspace\zulu17-build-win64\zulu-src.git\src\hotspot\share\prims\jni.cpp, line 516]
Event: 0.756 Thread 0x000001a5c681d090 Exception <a 'sun/nio/fs/WindowsException'{0x00000007132bc000}> (0x00000007132bc000) 
thrown [c:\jenkins\workspace\zulu17-build-win64\zulu-src.git\src\hotspot\share\prims\jni.cpp, line 516]
Event: 0.756 Thread 0x000001a5c681d090 Exception <a 'sun/nio/fs/WindowsException'{0x00000007132bc300}> (0x00000007132bc300) 
thrown [c:\jenkins\workspace\zulu17-build-win64\zulu-src.git\src\hotspot\share\prims\jni.cpp, line 516]
Event: 0.842 Thread 0x000001a5c681d090 Exception <a 'java/lang/NoSuchMethodError'{0x00000007131ad398}: 'void java.lang.invoke.DirectMethodHandle$Holder.invokeStatic(java.lang.Object, int)'> (0x00000007131ad398) 
thrown [c:\jenkins\workspace\zulu17-build-win64\zulu-src.git\src\hotspot\share\interpreter\linkResolver.cpp, line 766]
Event: 0.854 Thread 0x000001a5c681d090 Exception <a 'sun/nio/fs/WindowsException'{0x0000000712e4bd10}> (0x0000000712e4bd10) 
thrown [c:\jenkins\workspace\zulu17-build-win64\zulu-src.git\src\hotspot\share\prims\jni.cpp, line 516]
Event: 0.991 Thread 0x000001a5c681d090 Exception <a 'sun/nio/fs/WindowsException'{0x0000000713f50e58}> (0x0000000713f50e58) 
thrown [c:\jenkins\workspace\zulu17-build-win64\zulu-src.git\src\hotspot\share\prims\jni.cpp, line 516]
Event: 0.991 Thread 0x000001a5c681d090 Exception <a 'sun/nio/fs/WindowsException'{0x0000000713f51208}> (0x0000000713f51208) 
thrown [c:\jenkins\workspace\zulu17-build-win64\zulu-src.git\src\hotspot\share\prims\jni.cpp, line 516]
Event: 1.033 Thread 0x000001a5c681d090 Exception <a 'sun/nio/fs/WindowsException'{0x0000000713c48450}> (0x0000000713c48450) 
thrown [c:\jenkins\workspace\zulu17-build-win64\zulu-src.git\src\hotspot\share\prims\jni.cpp, line 516]
Event: 1.033 Thread 0x000001a5c681d090 Exception <a 'sun/nio/fs/WindowsException'{0x0000000713c48800}> (0x0000000713c48800) 
thrown [c:\jenkins\workspace\zulu17-build-win64\zulu-src.git\src\hotspot\share\prims\jni.cpp, line 516]
Event: 1.057 Thread 0x000001a5c681d090 Exception <a 'java/lang/NoSuchMethodError'{0x0000000713d83b00}: 'void java.lang.invoke.DirectMethodHandle$Holder.invokeStatic(java.lang.Object, long)'> (0x0000000713d83b00) 
thrown [c:\jenkins\workspace\zulu17-build-win64\zulu-src.git\src\hotspot\share\interpreter\linkResolver.cpp, line 766]

VM Operations (20 events):
Event: 33.846 Executing VM operation: get/set locals
Event: 33.846 Executing VM operation: get/set locals done
Event: 33.846 Executing VM operation: get/set locals
Event: 33.846 Executing VM operation: get/set locals done
Event: 33.847 Executing VM operation: get/set locals
Event: 33.847 Executing VM operation: get/set locals done
Event: 33.847 Executing VM operation: get/set locals
Event: 33.847 Executing VM operation: get/set locals done
Event: 33.847 Executing VM operation: get/set locals
Event: 33.848 Executing VM operation: get/set locals done
Event: 33.888 Executing VM operation: get/set locals
Event: 33.888 Executing VM operation: get/set locals done
Event: 34.656 Executing VM operation: ChangeSingleStep
Event: 34.656 Executing VM operation: ChangeSingleStep done
Event: 34.656 Executing VM operation: ChangeSingleStep
Event: 34.657 Executing VM operation: ChangeSingleStep done
Event: 34.657 Executing VM operation: ChangeSingleStep
Event: 34.657 Executing VM operation: ChangeSingleStep done
Event: 34.657 Executing VM operation: ChangeSingleStep
Event: 34.657 Executing VM operation: ChangeSingleStep done

Events (20 events):
Event: 9.674 Thread 0x000001a5f5448430 Thread added: 0x000001a5f5448430
Event: 9.675 Thread 0x000001a5f5d664b0 Thread added: 0x000001a5f5d664b0
Event: 9.693 Thread 0x000001a5f53a10d0 Thread added: 0x000001a5f53a10d0
Event: 9.697 Thread 0x000001a5f5a2f020 Thread added: 0x000001a5f5a2f020
Event: 9.748 loading class sdu/revolution/engine/scene/AnimationData
Event: 9.748 loading class sdu/revolution/engine/scene/AnimationData done
Event: 9.750 loading class sdu/revolution/engine/scene/SkyBox
Event: 9.750 loading class sdu/revolution/engine/scene/SkyBox done
Event: 11.077 Thread 0x000001a5f5a2f020 Thread exited: 0x000001a5f5a2f020
Event: 11.077 Thread 0x000001a5f5d664b0 Thread exited: 0x000001a5f5d664b0
Event: 11.078 Thread 0x000001a5f5448430 Thread exited: 0x000001a5f5448430
Event: 11.204 loading class com/intellij/rt/debugger/BatchEvaluatorServer
Event: 11.204 loading class com/intellij/rt/debugger/BatchEvaluatorServer done
Event: 11.206 loading class java/text/DigitList$1
Event: 11.206 loading class java/text/DigitList$1 done
Event: 11.206 Thread 0x000001a5ebdf6160 Thread exited: 0x000001a5ebdf6160
Event: 11.207 Thread 0x000001a5f5d682c0 Thread exited: 0x000001a5f5d682c0
Event: 16.216 Thread 0x000001a5f5d67da0 Thread exited: 0x000001a5f5d67da0
Event: 16.216 Thread 0x000001a5f53a10d0 Thread exited: 0x000001a5f53a10d0
Event: 16.216 Thread 0x000001a5ebdf5020 Thread exited: 0x000001a5ebdf5020


Dynamic libraries:
0x00007ff6b6e70000 - 0x00007ff6b6e7e000 	D:\Program Files\Zulu\zulu-17\bin\java.exe
0x00007ffd74fa0000 - 0x00007ffd751a9000 	C:\Windows\SYSTEM32\ntdll.dll
0x00007ffd745c0000 - 0x00007ffd7467e000 	C:\Windows\System32\KERNEL32.DLL
0x00007ffd727c0000 - 0x00007ffd72b3b000 	C:\Windows\System32\KERNELBASE.dll
0x00007ffd72630000 - 0x00007ffd72741000 	C:\Windows\System32\ucrtbase.dll
0x00007ffd306e0000 - 0x00007ffd306f8000 	D:\Program Files\Zulu\zulu-17\bin\jli.dll
0x00007ffd23500000 - 0x00007ffd2351b000 	D:\Program Files\Zulu\zulu-17\bin\VCRUNTIME140.dll
0x00007ffd72fa0000 - 0x00007ffd7314d000 	C:\Windows\System32\USER32.dll
0x00007ffd72df0000 - 0x00007ffd72e16000 	C:\Windows\System32\win32u.dll
0x00007ffd74b20000 - 0x00007ffd74b49000 	C:\Windows\System32\GDI32.dll
0x00007ffd71690000 - 0x00007ffd71935000 	C:\Windows\WinSxS\amd64_microsoft.windows.common-controls_6595b64144ccf1df_6.0.22000.120_none_9d947278b86cc467\COMCTL32.dll
0x00007ffd72470000 - 0x00007ffd72588000 	C:\Windows\System32\gdi32full.dll
0x00007ffd72590000 - 0x00007ffd7262d000 	C:\Windows\System32\msvcp_win.dll
0x00007ffd74ca0000 - 0x00007ffd74d43000 	C:\Windows\System32\msvcrt.dll
0x00007ffd74990000 - 0x00007ffd749c2000 	C:\Windows\System32\IMM32.DLL
0x00007ffd45390000 - 0x00007ffd453bd000 	C:\Program Files\MacType\MacType64.dll
0x00007ffd72e20000 - 0x00007ffd72ece000 	C:\Windows\System32\ADVAPI32.dll
0x00007ffd73150000 - 0x00007ffd731ee000 	C:\Windows\System32\sechost.dll
0x00007ffd74680000 - 0x00007ffd747a0000 	C:\Windows\System32\RPCRT4.dll
0x00007ffd45920000 - 0x00007ffd4597a000 	C:\Program Files\MacType\Easyhk64.dll
0x00007ffd45050000 - 0x00007ffd4515b000 	C:\Program Files\MacType\MacType64.Core.dll
0x00007ffd6d9d0000 - 0x00007ffd6df88000 	C:\Windows\SYSTEM32\d2d1.dll
0x00007ffd47cb0000 - 0x00007ffd47f0f000 	C:\Windows\SYSTEM32\dwrite.dll
0x00007ffd72b40000 - 0x00007ffd72bbf000 	C:\Windows\System32\bcryptPrimitives.dll
0x00007ffd49e10000 - 0x00007ffd49e1c000 	D:\Program Files\Zulu\zulu-17\bin\vcruntime140_1.dll
0x00007ffcdc4d0000 - 0x00007ffcdc55d000 	D:\Program Files\Zulu\zulu-17\bin\msvcp140.dll
0x00007ffcd9a80000 - 0x00007ffcda6e8000 	D:\Program Files\Zulu\zulu-17\bin\server\jvm.dll
0x00007ffd747b0000 - 0x00007ffd747b8000 	C:\Windows\System32\PSAPI.DLL
0x00007ffd6bbe0000 - 0x00007ffd6bc13000 	C:\Windows\SYSTEM32\WINMM.dll
0x00007ffd42ac0000 - 0x00007ffd42ac9000 	C:\Windows\SYSTEM32\WSOCK32.dll
0x00007ffd62160000 - 0x00007ffd6216a000 	C:\Windows\SYSTEM32\VERSION.dll
0x00007ffd74ef0000 - 0x00007ffd74f5f000 	C:\Windows\System32\WS2_32.dll
0x00007ffd70eb0000 - 0x00007ffd70ec8000 	C:\Windows\SYSTEM32\kernel.appcore.dll
0x00007ffd3c710000 - 0x00007ffd3c71a000 	D:\Program Files\Zulu\zulu-17\bin\jimage.dll
0x00007ffd71dc0000 - 0x00007ffd71fe1000 	C:\Windows\SYSTEM32\DBGHELP.DLL
0x00007ffd71c90000 - 0x00007ffd71cc1000 	C:\Windows\SYSTEM32\dbgcore.DLL
0x00007ffd6e240000 - 0x00007ffd6e27b000 	D:\Program Files\Zulu\zulu-17\bin\jdwp.dll
0x00007ffd6e230000 - 0x00007ffd6e23e000 	D:\Program Files\Zulu\zulu-17\bin\instrument.dll
0x00007ffcfcf70000 - 0x00007ffcfcf95000 	D:\Program Files\Zulu\zulu-17\bin\java.dll
0x00007ffcf8de0000 - 0x00007ffcf8df8000 	D:\Program Files\Zulu\zulu-17\bin\zip.dll
0x00007ffcdc3f0000 - 0x00007ffcdc4c7000 	D:\Program Files\Zulu\zulu-17\bin\jsvml.dll
0x00007ffd73e00000 - 0x00007ffd745b8000 	C:\Windows\System32\SHELL32.dll
0x00007ffd6fea0000 - 0x00007ffd70705000 	C:\Windows\SYSTEM32\windows.storage.dll
0x00007ffd731f0000 - 0x00007ffd73568000 	C:\Windows\System32\combase.dll
0x00007ffd6fd30000 - 0x00007ffd6fe96000 	C:\Windows\SYSTEM32\wintypes.dll
0x000001a5eb1c0000 - 0x000001a5eb2aa000 	C:\Windows\System32\SHCORE.dll
0x00007ffd749d0000 - 0x00007ffd74a2d000 	C:\Windows\System32\shlwapi.dll
0x00007ffd723a0000 - 0x00007ffd723c1000 	C:\Windows\SYSTEM32\profapi.dll
0x00007ffd6e200000 - 0x00007ffd6e20c000 	D:\Program Files\Zulu\zulu-17\bin\dt_socket.dll
0x00007ffd709d0000 - 0x00007ffd709fd000 	C:\Windows\SYSTEM32\IPHLPAPI.DLL
0x00007ffd71300000 - 0x00007ffd71367000 	C:\Windows\system32\mswsock.dll
0x00007ffd234b0000 - 0x00007ffd234c9000 	D:\Program Files\Zulu\zulu-17\bin\net.dll
0x00007ffd6b520000 - 0x00007ffd6b634000 	C:\Windows\SYSTEM32\WINHTTP.dll
0x00007ffd03570000 - 0x00007ffd03586000 	D:\Program Files\Zulu\zulu-17\bin\nio.dll
0x00007ffd3b240000 - 0x00007ffd3b250000 	D:\Program Files\Zulu\zulu-17\bin\verify.dll
0x00007ffd51ec0000 - 0x00007ffd51f35000 	C:\Users\Maxmilite\AppData\Local\Temp\lwjglMaxmilite\3.3.1-build-7\lwjgl.dll
0x00007ffd4fd50000 - 0x00007ffd4fdb1000 	C:\Users\MAXMIL~1\AppData\Local\Temp\lwjglMaxmilite\3.3.1-build-7\glfw.dll
0x00007ffd54f70000 - 0x00007ffd54fb5000 	C:\Windows\SYSTEM32\dinput8.dll
0x00007ffd536f0000 - 0x00007ffd53701000 	C:\Windows\SYSTEM32\xinput1_4.dll
0x00007ffd72140000 - 0x00007ffd7218c000 	C:\Windows\SYSTEM32\cfgmgr32.dll
0x00007ffd72190000 - 0x00007ffd721bc000 	C:\Windows\SYSTEM32\DEVOBJ.dll
0x00007ffd6f7e0000 - 0x00007ffd6f80f000 	C:\Windows\SYSTEM32\dwmapi.dll
0x00007ffd4c660000 - 0x00007ffd4c829000 	C:\Windows\SYSTEM32\inputhost.dll
0x00007ffd6ed40000 - 0x00007ffd6ee71000 	C:\Windows\SYSTEM32\CoreMessaging.dll
0x00007ffd6f300000 - 0x00007ffd6f3ac000 	C:\Windows\system32\uxtheme.dll
0x00007ffd73670000 - 0x00007ffd7378d000 	C:\Windows\System32\MSCTF.dll
0x00007ffd714f0000 - 0x00007ffd714fc000 	C:\Windows\SYSTEM32\CRYPTBASE.DLL
0x00007ffcdb350000 - 0x00007ffcdb451000 	C:\Windows\SYSTEM32\opengl32.dll
0x00007ffd38e10000 - 0x00007ffd38e3d000 	C:\Windows\SYSTEM32\GLU32.dll
0x00007ffd6f420000 - 0x00007ffd6f458000 	C:\Windows\SYSTEM32\dxcore.dll
0x00007ffd6ce30000 - 0x00007ffd6ce74000 	C:\Windows\SYSTEM32\directxdatabasehelper.dll
0x00007ffd71d80000 - 0x00007ffd71db4000 	C:\Windows\SYSTEM32\ntmarta.dll
0x000001a5ecd70000 - 0x000001a5ece25000 	C:\Windows\System32\clbcatq.dll
0x00007ffd0b110000 - 0x00007ffd0e2ca000 	C:\Windows\System32\DriverStore\FileRepository\nvaci.inf_amd64_8ce19eb793971eee\nvoglv64.dll
0x00007ffd73790000 - 0x00007ffd73bfc000 	C:\Windows\System32\SETUPAPI.dll
0x00007ffd74d50000 - 0x00007ffd74eea000 	C:\Windows\System32\ole32.dll
0x00007ffd73570000 - 0x00007ffd73646000 	C:\Windows\System32\OLEAUT32.dll
0x00007ffd6e360000 - 0x00007ffd6e374000 	C:\Windows\SYSTEM32\WTSAPI32.dll
0x00007ffd71610000 - 0x00007ffd71622000 	C:\Windows\SYSTEM32\msasn1.dll
0x00007ffd62100000 - 0x00007ffd62131000 	C:\Windows\SYSTEM32\cryptnet.dll
0x00007ffd72c80000 - 0x00007ffd72de2000 	C:\Windows\System32\CRYPT32.dll
0x00007ffd61fb0000 - 0x00007ffd620f9000 	C:\Windows\SYSTEM32\drvstore.dll
0x00007ffd71580000 - 0x00007ffd715c1000 	C:\Windows\SYSTEM32\wldp.dll
0x000001a5ece30000 - 0x000001a5ece98000 	C:\Windows\System32\WINTRUST.dll
0x00007ffd3b740000 - 0x00007ffd3ba0f000 	C:\Windows\system32\nvspcap64.dll
0x00007ffd71ff0000 - 0x00007ffd7203d000 	C:\Windows\SYSTEM32\powrprof.dll
0x00007ffd719b0000 - 0x00007ffd719c3000 	C:\Windows\SYSTEM32\UMPDC.dll
0x00007ffd70960000 - 0x00007ffd709c4000 	C:\Windows\SYSTEM32\WINSTA.dll
0x00007ffd6f480000 - 0x00007ffd6f573000 	C:\Windows\system32\dxgi.dll
0x00007ffd6ace0000 - 0x00007ffd6af60000 	C:\Windows\system32\d3d11.dll
0x00007ffd40fc0000 - 0x00007ffd410d7000 	C:\Windows\System32\DriverStore\FileRepository\nvaci.inf_amd64_8ce19eb793971eee\nvldumdx.dll
0x00007ffd73650000 - 0x00007ffd7366f000 	C:\Windows\System32\imagehlp.dll
0x00007ffd72120000 - 0x00007ffd72138000 	C:\Windows\SYSTEM32\CRYPTSP.dll
0x00007ffd70e10000 - 0x00007ffd70e45000 	C:\Windows\system32\rsaenh.dll
0x00007ffd71cd0000 - 0x00007ffd71cf7000 	C:\Windows\SYSTEM32\bcrypt.dll
0x00007ffccd650000 - 0x00007ffcd004a000 	C:\Windows\System32\DriverStore\FileRepository\nvaci.inf_amd64_8ce19eb793971eee\nvwgf2umx.dll
0x00007ffd64c90000 - 0x00007ffd653d8000 	C:\Windows\SYSTEM32\nvapi64.dll
0x00007ffd2c800000 - 0x00007ffd2ca59000 	C:\Users\MAXMIL~1\AppData\Local\Temp\lwjglMaxmilite\3.3.1-build-7\jemalloc.dll
0x00007ffd46b70000 - 0x00007ffd46c9d000 	C:\Windows\SYSTEM32\textinputframework.dll
0x00007ffd53730000 - 0x00007ffd5378d000 	C:\Users\Maxmilite\AppData\Local\Temp\lwjglMaxmilite\3.3.1-build-7\lwjgl_opengl.dll
0x0000000064a00000 - 0x000000006578a000 	C:\Users\Maxmilite\AppData\Local\Temp\imgui-java-natives_1669369593673\imgui-java64.dll
0x00007ffd40f30000 - 0x00007ffd40fb1000 	C:\Users\Maxmilite\AppData\Local\Temp\lwjglMaxmilite\3.3.1-build-7\lwjgl_stb.dll
0x00007ffd2c250000 - 0x00007ffd2c7f9000 	C:\Users\MAXMIL~1\AppData\Local\Temp\lwjglMaxmilite\3.3.1-build-7\assimp.dll

dbghelp: loaded successfully - version: 4.0.5 - missing functions: none
symbol engine: initialized successfully - sym options: 0x614 - pdb path: .;D:\Program Files\Zulu\zulu-17\bin;C:\Windows\SYSTEM32;C:\Windows\WinSxS\amd64_microsoft.windows.common-controls_6595b64144ccf1df_6.0.22000.120_none_9d947278b86cc467;C:\Program Files\MacType;D:\Program Files\Zulu\zulu-17\bin\server;C:\Users\Maxmilite\AppData\Local\Temp\lwjglMaxmilite\3.3.1-build-7;C:\Users\MAXMIL~1\AppData\Local\Temp\lwjglMaxmilite\3.3.1-build-7;C:\Windows\System32\DriverStore\FileRepository\nvaci.inf_amd64_8ce19eb793971eee;C:\Users\Maxmilite\AppData\Local\Temp\imgui-java-natives_1669369593673

VM Arguments:
jvm_args: -agentlib:jdwp=transport=dt_socket,address=127.0.0.1:1722,suspend=y,server=n -javaagent:C:\Users\Maxmilite\AppData\Local\JetBrains\IdeaIC2022.1\captureAgent\debugger-agent.jar -Dfile.encoding=UTF-8 
java_command: sdu.revolution.Main
java_class_path (initial): D:\CodeSpace\Revolution\target\classes;C:\Users\Maxmilite\.m2\repository\org\cooder\tinylog\tinylog\1.2.2\tinylog-1.2.2.jar;C:\Users\Maxmilite\.m2\repository\org\lwjgl\lwjgl\3.3.1\lwjgl-3.3.1.jar;C:\Users\Maxmilite\.m2\repository\org\lwjgl\lwjgl-assimp\3.3.1\lwjgl-assimp-3.3.1.jar;C:\Users\Maxmilite\.m2\repository\org\lwjgl\lwjgl-bgfx\3.3.1\lwjgl-bgfx-3.3.1.jar;C:\Users\Maxmilite\.m2\repository\org\lwjgl\lwjgl-cuda\3.3.1\lwjgl-cuda-3.3.1.jar;C:\Users\Maxmilite\.m2\repository\org\lwjgl\lwjgl-egl\3.3.1\lwjgl-egl-3.3.1.jar;C:\Users\Maxmilite\.m2\repository\org\lwjgl\lwjgl-glfw\3.3.1\lwjgl-glfw-3.3.1.jar;C:\Users\Maxmilite\.m2\repository\org\lwjgl\lwjgl-jawt\3.3.1\lwjgl-jawt-3.3.1.jar;C:\Users\Maxmilite\.m2\repository\org\lwjgl\lwjgl-jemalloc\3.3.1\lwjgl-jemalloc-3.3.1.jar;C:\Users\Maxmilite\.m2\repository\org\lwjgl\lwjgl-libdivide\3.3.1\lwjgl-libdivide-3.3.1.jar;C:\Users\Maxmilite\.m2\repository\org\lwjgl\lwjgl-llvm\3.3.1\lwjgl-llvm-3.3.1.jar;C:\Users\Maxmilite\.m2\repository\org\lwjgl\lwjgl-lmdb\3.3.1\lwjgl-lmdb-3.3.1.jar;C:\Users\Maxmilite\.m2\repository\org\lwjgl\lwjgl-lz4\3.3.1\lwjgl-lz4-3.3.1.jar;C:\Users\Maxmilite\.m2\repository\org\lwjgl\lwjgl-meow\3.3.1\lwjgl-meow-3.3.1.jar;C:\Users\Maxmilite\.m2\repository\org\lwjgl\lwjgl-meshoptimizer\3.3.1\lwjgl-meshoptimizer-3.3.1.jar;C:\Users\Maxmilite\.m2\repository\org\lwjgl\lwjgl-nanovg\3.3.1\lwjgl-nanovg-3.3.1.jar;C:\Users\Maxmilite\.m2\repository\org\lwjgl\lwjgl-nfd\3.3.1\lwjgl-nfd-3.3.1.jar;C:\Users\Maxmilite\.m2\repository\org\lwjgl\lwjgl-nuklear\3.3.1\lwjgl-nuklear-3.3.1.jar;C:\Users\Maxmilite\.m2\repository\org\lwjgl\lwjgl-odbc\3.3.1\lwjgl-odbc-3.3.1.jar;C:\Users\Maxmilite\.m2\repository\org\lwjgl\lwjgl-openal\3.3.1\lwjgl-openal-3.3.1.jar;C:\Users\Maxmilite\.m2\repository\org\lwjgl\lwjgl-opencl\3.3.1\lwjgl-opencl-3.3.1.jar;C:\Users\Maxmilite\.m2\repository\org\lwjgl\lwjgl-opengl\3.3.1\lwjgl-opengl-3.3.1.jar;C:\Users\Maxmilite\.m2\repository\org\lwjgl\lwjgl-opengles\3.3.1\lwjgl-opengles
Launcher Type: SUN_STANDARD

[Global flags]
     intx CICompilerCount                          = 12                                        {product} {ergonomic}
     uint ConcGCThreads                            = 3                                         {product} {ergonomic}
     uint G1ConcRefinementThreads                  = 13                                        {product} {ergonomic}
   size_t G1HeapRegionSize                         = 2097152                                   {product} {ergonomic}
    uintx GCDrainStackTargetSize                   = 64                                        {product} {ergonomic}
   size_t InitialHeapSize                          = 264241152                                 {product} {ergonomic}
   size_t MarkStackSize                            = 4194304                                   {product} {ergonomic}
   size_t MaxHeapSize                              = 4219469824                                {product} {ergonomic}
   size_t MaxNewSize                               = 2531262464                                {product} {ergonomic}
   size_t MinHeapDeltaBytes                        = 2097152                                   {product} {ergonomic}
   size_t MinHeapSize                              = 8388608                                   {product} {ergonomic}
    uintx NonNMethodCodeHeapSize                   = 7602480                                {pd product} {ergonomic}
    uintx NonProfiledCodeHeapSize                  = 122027880                              {pd product} {ergonomic}
    uintx ProfiledCodeHeapSize                     = 122027880                              {pd product} {ergonomic}
    uintx ReservedCodeCacheSize                    = 251658240                              {pd product} {ergonomic}
     bool SegmentedCodeCache                       = true                                      {product} {ergonomic}
   size_t SoftMaxHeapSize                          = 4219469824                             {manageable} {ergonomic}
     bool UseCompressedClassPointers               = true                           {product lp64_product} {ergonomic}
     bool UseCompressedOops                        = true                           {product lp64_product} {ergonomic}
     bool UseG1GC                                  = true                                      {product} {ergonomic}
     bool UseLargePagesIndividualAllocation        = false                                  {pd product} {ergonomic}

Logging:
Log output configuration:
 #0: stdout all=warning uptime,level,tags
 #1: stderr all=off uptime,level,tags

Environment Variables:
JAVA_HOME=D:\Program Files\Zulu\zulu-17\
PATH=D:\Program Files (x86)\VMware\VMware Workstation\bin\;C:\Program Files (x86)\Common Files\Intel\Shared Libraries\redist\intel64\compiler;D:\Program Files\Zulu\zulu-17\bin\;C:\Windows\system32;C:\Windows;C:\Windows\System32\Wbem;C:\Windows\System32\WindowsPowerShell\v1.0\;C:\Windows\System32\OpenSSH\;C:\Program Files (x86)\NVIDIA Corporation\PhysX\Common;D:\Program Files\Bandizip\Bandizip;C:\Program Files\dotnet\;D:\TDM-GCC-64\bin;D:\Program Files\nodejs\;C:\ProgramData\chocolatey\bin;D:\Program Files\Git\cmd;D:\Program Files (x86)\NetSarang\Xshell 7\;C:\Program Files\NVIDIA Corporation\NVIDIA NvDLISR;D:\Program Files\IDM Computer Solutions\UltraEdit;C:\Program Files\Pandoc\;E:\Program Files\MATLAB\R2020a\bin;D:\Program Files\Python\Python310\Scripts\;D:\Program Files\Python\Python310\;C:\Users\Maxmilite\AppData\Local\Microsoft\WindowsApps;D:\Program Files\Microsoft VS Code\bin;C:\Users\Maxmilite\AppData\Roaming\npm;C:\Users\Maxmilite\AppData\Local\GitHubDesktop\bin;D:\Tools\ADB;D:\Tools\kotlin-native-windows-x86_64-1.7.10\bin;E:\texlive\2022\bin\win32;C:\Program Files\Pandoc;
USERNAME=Maxmilite
OS=Windows_NT
PROCESSOR_IDENTIFIER=Intel64 Family 6 Model 154 Stepping 3, GenuineIntel



---------------  S Y S T E M  ---------------

OS:
 Windows 11 , 64 bit Build 22000 (10.0.22000.1219)
OS uptime: 0 days 1:46 hours
Hyper-V role detected

CPU: total 16 (initial active 16) (8 cores per cpu, 2 threads per core) family 6 model 154 stepping 3 microcode 0x41b, cx8, cmov, fxsr, ht, mmx, 3dnowpref, sse, sse2, sse3, ssse3, sse4.1, sse4.2, popcnt, lzcnt, tsc, tscinvbit, avx, avx2, aes, erms, clmul, bmi1, bmi2, adx, sha, fma, vzeroupper, clflush, clflushopt, clwb, hv

Memory: 4k page, system-wide physical 16088M (4078M free)
TotalPageFile size 28376M (AvailPageFile size 10964M)
current process WorkingSet (physical memory assigned to process): 257M, peak: 541M
current process commit charge ("private bytes"): 728M, peak: 887M

vm_info: OpenJDK 64-Bit Server VM (17.0.3+7-LTS) for windows-amd64 JRE (17.0.3+7-LTS) (Zulu17.34+19-CA), built on Apr 17 2022 09:18:41 by "zulu_re" with MS VC++ 16.10 / 16.11 (VS2019)

END.
