#
# A fatal error has been detected by the Java Runtime Environment:
#
#  EXCEPTION_ACCESS_VIOLATION (0xc0000005) at pc=0x00007ffd0c020b10, pid=10036, tid=20164
#
# JRE version: OpenJDK Runtime Environment Zulu17.34+19-CA (17.0.3+7) (build 17.0.3+7-LTS)
# Java VM: OpenJDK 64-Bit Server VM Zulu17.34+19-CA (17.0.3+7-LTS, mixed mode, sharing, tiered, compressed oops, compressed class ptrs, g1 gc, windows-amd64)
# Problematic frame:
# C  [nvoglv64.dll+0xf10b10]
#
# No core dump will be written. Minidumps are not enabled by default on client versions of Windows
#
# If you would like to submit a bug report, please visit:
#   http://www.azul.com/support/
# The crash happened outside the Java Virtual Machine in native code.
# See problematic frame for where to report the bug.
#

---------------  S U M M A R Y ------------

Command Line: -javaagent:D:\Program Files\JetBrains\IntelliJ IDEA Community Edition 2022.1.4\lib\idea_rt.jar=12704:D:\Program Files\JetBrains\IntelliJ IDEA Community Edition 2022.1.4\bin -Dfile.encoding=UTF-8 sdu.revolution.Main

Host: 12th Gen Intel(R) Core(TM) i5-12500H, 16 cores, 15G,  Windows 11 , 64 bit Build 22000 (10.0.22000.1219)
Time: Fri Nov 25 17:52:18 2022 China Standard Time elapsed time: 9.364144 seconds (0d 0h 0m 9s)

---------------  T H R E A D  ---------------

Current thread (0x0000017a6737ee00):  JavaThread "main" [_thread_in_native, id=20164, stack(0x00000063c9300000,0x00000063c9400000)]

Stack: [0x00000063c9300000,0x00000063c9400000],  sp=0x00000063c93ff1e8,  free space=1020k
Native frames: (J=compiled Java code, j=interpreted, Vv=VM code, C=native code)
C  [nvoglv64.dll+0xf10b10]

Java frames: (J=compiled Java code, j=interpreted, Vv=VM code)
j  org.lwjgl.opengl.GL11C.nglDrawElements(IIIJ)V+0
j  org.lwjgl.opengl.GL11C.glDrawElements(IIIJ)V+4
j  org.lwjgl.opengl.GL11.glDrawElements(IIIJ)V+4
j  sdu.revolution.engine.graph.SceneRender.render(Lsdu/revolution/engine/scene/Scene;)V+468
j  sdu.revolution.engine.graph.Render.render(Lsdu/revolution/engine/main/Window;Lsdu/revolution/engine/scene/Scene;)V+32
j  sdu.revolution.engine.main.Engine.run()V+242
j  sdu.revolution.engine.main.Engine.start()V+6
j  sdu.revolution.Main.main([Ljava/lang/String;)V+70
v  ~StubRoutines::call_stub

siginfo: EXCEPTION_ACCESS_VIOLATION (0xc0000005), reading address 0x0000000000000000


Register to memory mapping:

RIP=0x00007ffd0c020b10 nvoglv64.dll
RAX=0x0 is NULL
RBX=0x0000017a19d4ae6c points into unknown readable memory: 00 00 00 00
RCX=0x0000017a19d4ae6c points into unknown readable memory: 00 00 00 00
RDX=0x0000000000000008 is an unknown value
RSP=0x00000063c93ff1e8 is pointing into the stack for thread: 0x0000017a6737ee00
RBP=0x0000000000000004 is an unknown value
RSI=0x0000000000000002 is an unknown value
RDI=0x0000017a16d8fc38 points into unknown readable memory: 0x0000000000000000 | 00 00 00 00 00 00 00 00
R8 =0x0000000000000010 is an unknown value
R9 =0x0000000000000018 is an unknown value
R10=0x0000000000000010 is an unknown value
R11=0x0 is NULL
R12=0x0000000000000002 is an unknown value
R13=0x0000017a16d8f8d8 points into unknown readable memory: 0x0000000000000000 | 00 00 00 00 00 00 00 00
R14=0x0000017a0f3e96b8 points into unknown readable memory: 0x0000000000000000 | 00 00 00 00 00 00 00 00
R15=0x00007ffd0c020b00 nvoglv64.dll


Registers:
RAX=0x0000000000000000, RBX=0x0000017a19d4ae6c, RCX=0x0000017a19d4ae6c, RDX=0x0000000000000008
RSP=0x00000063c93ff1e8, RBP=0x0000000000000004, RSI=0x0000000000000002, RDI=0x0000017a16d8fc38
R8 =0x0000000000000010, R9 =0x0000000000000018, R10=0x0000000000000010, R11=0x0000000000000000
R12=0x0000000000000002, R13=0x0000017a16d8f8d8, R14=0x0000017a0f3e96b8, R15=0x00007ffd0c020b00
RIP=0x00007ffd0c020b10, EFLAGS=0x0000000000010202

Top of Stack: (sp=0x00000063c93ff1e8)
0x00000063c93ff1e8:   00007ffd0c0c9241 00007ffd0b110000
0x00000063c93ff1f8:   0000000000000000 0000017a0fc40000
0x00000063c93ff208:   0000000000000480 4a02d7b700000000
0x00000063c93ff218:   00007ffd0bf54442 9970303000000000
0x00000063c93ff228:   00007ffd0bf4ee06 0000000000000017
0x00000063c93ff238:   000000001934b0ac 0000017a19d4ae6c
0x00000063c93ff248:   10c0000000000000 0000017a0cfb43f0
0x00000063c93ff258:   00007ffd0bf541cb 0000000000000000
0x00000063c93ff268:   0000017a0cfb43f0 0000000000000000
0x00000063c93ff278:   0000000000000000 0000000000000004
0x00000063c93ff288:   0000017a0fc40000 0000000000001405
0x00000063c93ff298:   0000000000000018 0000000000000024
0x00000063c93ff2a8:   00007ffd0c0bae58 0000017a0fc40000
0x00000063c93ff2b8:   0000000000000000 0000000000000018
0x00000063c93ff2c8:   0000017a00000000 5437a07400001400
0x00000063c93ff2d8:   0000000000000000 00000063c93ff340 

Instructions: (pc=0x00007ffd0c020b10)
0x00007ffd0c020a10:   0f be 42 fe 89 01 0f be 42 ff 89 41 04 0f be 02
0x00007ffd0c020a20:   89 41 08 0f be 42 01 49 03 d2 89 41 0c 48 83 c1
0x00007ffd0c020a30:   10 41 83 e9 01 75 d9 48 8b c1 c3 cc cc cc cc cc
0x00007ffd0c020a40:   4d 63 d0 48 83 c2 02 66 0f 1f 84 00 00 00 00 00
0x00007ffd0c020a50:   0f b6 42 fe 89 01 0f b6 42 ff 89 41 04 0f b6 02
0x00007ffd0c020a60:   89 41 08 0f b6 42 01 49 03 d2 89 41 0c 48 83 c1
0x00007ffd0c020a70:   10 41 83 e9 01 75 d9 48 8b c1 c3 cc cc cc cc cc
0x00007ffd0c020a80:   4d 63 d0 48 83 c2 04 66 0f 1f 84 00 00 00 00 00
0x00007ffd0c020a90:   0f bf 42 fc 89 01 0f bf 42 fe 89 41 04 0f bf 02
0x00007ffd0c020aa0:   89 41 08 0f bf 42 02 49 03 d2 89 41 0c 48 83 c1
0x00007ffd0c020ab0:   10 41 83 e9 01 75 d9 48 8b c1 c3 cc cc cc cc cc
0x00007ffd0c020ac0:   4d 63 d0 48 83 c2 04 66 0f 1f 84 00 00 00 00 00
0x00007ffd0c020ad0:   0f b7 42 fc 89 01 0f b7 42 fe 89 41 04 0f b7 02
0x00007ffd0c020ae0:   89 41 08 0f b7 42 02 49 03 d2 89 41 0c 48 83 c1
0x00007ffd0c020af0:   10 41 83 e9 01 75 d9 48 8b c1 c3 cc cc cc cc cc
0x00007ffd0c020b00:   4d 63 d0 48 83 c2 08 66 0f 1f 84 00 00 00 00 00
0x00007ffd0c020b10:   8b 42 f8 89 01 8b 42 fc 89 41 04 8b 02 89 41 08
0x00007ffd0c020b20:   8b 42 04 49 03 d2 89 41 0c 48 83 c1 10 41 83 e9
0x00007ffd0c020b30:   01 75 dd 48 8b c1 c3 cc cc cc cc cc cc cc cc cc
0x00007ffd0c020b40:   4d 63 d0 8b 02 0f 57 c0 49 03 d2 f3 48 0f 2a c0
0x00007ffd0c020b50:   f3 0f 11 01 48 83 c1 04 41 83 e9 01 75 e5 48 8b
0x00007ffd0c020b60:   c1 c3 cc cc cc cc cc cc cc cc cc cc cc cc cc cc
0x00007ffd0c020b70:   4d 63 d0 8b 02 0f 57 c0 0f 57 c9 f3 48 0f 2a c0
0x00007ffd0c020b80:   f3 0f 11 01 8b 42 04 49 03 d2 f3 48 0f 2a c8 f3
0x00007ffd0c020b90:   0f 11 49 04 48 83 c1 08 41 83 e9 01 75 d5 48 8b
0x00007ffd0c020ba0:   c1 c3 cc cc cc cc cc cc cc cc cc cc cc cc cc cc
0x00007ffd0c020bb0:   4d 63 d0 48 83 c2 08 66 0f 1f 84 00 00 00 00 00
0x00007ffd0c020bc0:   8b 42 f8 0f 57 c0 0f 57 c9 f3 48 0f 2a c0 f3 0f
0x00007ffd0c020bd0:   11 01 0f 57 c0 8b 42 fc f3 48 0f 2a c8 f3 0f 11
0x00007ffd0c020be0:   49 04 8b 02 49 03 d2 f3 48 0f 2a c0 f3 0f 11 41
0x00007ffd0c020bf0:   08 48 83 c1 0c 41 83 e9 01 75 c5 48 8b c1 c3 cc
0x00007ffd0c020c00:   4d 63 d0 48 83 c2 08 66 0f 1f 84 00 00 00 00 00 


Stack slot to memory mapping:
stack at sp + 0 slots: 0x00007ffd0c0c9241 nvoglv64.dll
stack at sp + 1 slots: 0x00007ffd0b110000 nvoglv64.dll
stack at sp + 2 slots: 0x0 is NULL
stack at sp + 3 slots: 0x0000017a0fc40000 points into unknown readable memory: 0x0000017a0cece260 | 60 e2 ec 0c 7a 01 00 00
stack at sp + 4 slots: 0x0000000000000480 is an unknown value
stack at sp + 5 slots: 0x4a02d7b700000000 is an unknown value
stack at sp + 6 slots: 0x00007ffd0bf54442 nvoglv64.dll
stack at sp + 7 slots: 0x9970303000000000 is an unknown value


---------------  P R O C E S S  ---------------

Threads class SMR info:
_java_thread_list=0x0000017a1814ef40, length=19, elements={
0x0000017a6737ee00, 0x0000017a0b8d73b0, 0x0000017a0b8d9c90, 0x0000017a0b8efc80,
0x0000017a0b8f0550, 0x0000017a0b8f2e30, 0x0000017a0b8f3700, 0x0000017a0b8f4300,
0x0000017a0b8f4c10, 0x0000017a0b8f9530, 0x0000017a0ba3caa0, 0x0000017a0ca08e80,
0x0000017a0ca09360, 0x0000017a10dd6490, 0x0000017a18150550, 0x0000017a10dca6e0,
0x0000017a0b970db0, 0x0000017a1814c0c0, 0x0000017a1814f0f0
}

Java Threads: ( => current thread )
=>0x0000017a6737ee00 JavaThread "main" [_thread_in_native, id=20164, stack(0x00000063c9300000,0x00000063c9400000)]
  0x0000017a0b8d73b0 JavaThread "Reference Handler" daemon [_thread_blocked, id=10352, stack(0x00000063c9a00000,0x00000063c9b00000)]
  0x0000017a0b8d9c90 JavaThread "Finalizer" daemon [_thread_blocked, id=15392, stack(0x00000063c9b00000,0x00000063c9c00000)]
  0x0000017a0b8efc80 JavaThread "Signal Dispatcher" daemon [_thread_blocked, id=11332, stack(0x00000063c9c00000,0x00000063c9d00000)]
  0x0000017a0b8f0550 JavaThread "Attach Listener" daemon [_thread_blocked, id=16476, stack(0x00000063c9d00000,0x00000063c9e00000)]
  0x0000017a0b8f2e30 JavaThread "Service Thread" daemon [_thread_blocked, id=20296, stack(0x00000063c9e00000,0x00000063c9f00000)]
  0x0000017a0b8f3700 JavaThread "Monitor Deflation Thread" daemon [_thread_blocked, id=2732, stack(0x00000063c9f00000,0x00000063ca000000)]
  0x0000017a0b8f4300 JavaThread "C2 CompilerThread0" daemon [_thread_blocked, id=22380, stack(0x00000063ca000000,0x00000063ca100000)]
  0x0000017a0b8f4c10 JavaThread "C1 CompilerThread0" daemon [_thread_blocked, id=22912, stack(0x00000063ca100000,0x00000063ca200000)]
  0x0000017a0b8f9530 JavaThread "Sweeper thread" daemon [_thread_blocked, id=20076, stack(0x00000063ca200000,0x00000063ca300000)]
  0x0000017a0ba3caa0 JavaThread "Common-Cleaner" daemon [_thread_blocked, id=1292, stack(0x00000063ca400000,0x00000063ca500000)]
  0x0000017a0ca08e80 JavaThread "Monitor Ctrl-Break" daemon [_thread_in_native, id=17564, stack(0x00000063ca700000,0x00000063ca800000)]
  0x0000017a0ca09360 JavaThread "Notification Thread" daemon [_thread_blocked, id=23440, stack(0x00000063ca800000,0x00000063ca900000)]
  0x0000017a10dd6490 JavaThread "C1 CompilerThread1" daemon [_thread_blocked, id=22384, stack(0x00000063ca300000,0x00000063ca400000)]
  0x0000017a18150550 JavaThread "C2 CompilerThread1" daemon [_thread_blocked, id=18616, stack(0x00000063ca500000,0x00000063ca600000)]
  0x0000017a10dca6e0 JavaThread "C2 CompilerThread2" daemon [_thread_blocked, id=23056, stack(0x00000063cb820000,0x00000063cb920000)]
  0x0000017a0b970db0 JavaThread "C2 CompilerThread3" daemon [_thread_blocked, id=22424, stack(0x00000063cb920000,0x00000063cba20000)]
  0x0000017a1814c0c0 JavaThread "C1 CompilerThread2" daemon [_thread_blocked, id=22652, stack(0x00000063cba20000,0x00000063cbb20000)]
  0x0000017a1814f0f0 JavaThread "C1 CompilerThread3" daemon [_thread_blocked, id=3872, stack(0x00000063cbb20000,0x00000063cbc20000)]

Other Threads:
  0x0000017a0b8d36c0 VMThread "VM Thread" [stack: 0x00000063c9900000,0x00000063c9a00000] [id=21056]
  0x0000017a673cd6e0 WatcherThread [stack: 0x00000063ca900000,0x00000063caa00000] [id=22492]
  0x0000017a7f210a10 GCTaskThread "GC Thread#0" [stack: 0x00000063c9400000,0x00000063c9500000] [id=16508]
  0x0000017a10738610 GCTaskThread "GC Thread#1" [stack: 0x00000063ca600000,0x00000063ca700000] [id=2480]
  0x0000017a107388d0 GCTaskThread "GC Thread#2" [stack: 0x00000063cb120000,0x00000063cb220000] [id=21344]
  0x0000017a10e70360 GCTaskThread "GC Thread#3" [stack: 0x00000063cb220000,0x00000063cb320000] [id=9064]
  0x0000017a10e6f860 GCTaskThread "GC Thread#4" [stack: 0x00000063cb320000,0x00000063cb420000] [id=21436]
  0x0000017a10e70620 GCTaskThread "GC Thread#5" [stack: 0x00000063cb420000,0x00000063cb520000] [id=23204]
  0x0000017a10e6f5a0 GCTaskThread "GC Thread#6" [stack: 0x00000063cb520000,0x00000063cb620000] [id=22196]
  0x0000017a10e6ed60 GCTaskThread "GC Thread#7" [stack: 0x00000063cb620000,0x00000063cb720000] [id=19680]
  0x0000017a10e6fb20 GCTaskThread "GC Thread#8" [stack: 0x00000063cb720000,0x00000063cb820000] [id=14736]
  0x0000017a10e708e0 GCTaskThread "GC Thread#9" [stack: 0x00000063cbc20000,0x00000063cbd20000] [id=4348]
  0x0000017a10e6eaa0 GCTaskThread "GC Thread#10" [stack: 0x00000063cbd20000,0x00000063cbe20000] [id=2652]
  0x0000017a673c3010 ConcurrentGCThread "G1 Main Marker" [stack: 0x00000063c9500000,0x00000063c9600000] [id=12132]
  0x0000017a673c3e40 ConcurrentGCThread "G1 Conc#0" [stack: 0x00000063c9600000,0x00000063c9700000] [id=2792]
  0x0000017a7f313b00 ConcurrentGCThread "G1 Refine#0" [stack: 0x00000063c9700000,0x00000063c9800000] [id=19796]
  0x0000017a7f3141e0 ConcurrentGCThread "G1 Service" [stack: 0x00000063c9800000,0x00000063c9900000] [id=9648]

Threads with active compile tasks:

VM state: not at safepoint (normal execution)

VM Mutex/Monitor currently owned by a thread: None

Heap address: 0x0000000704800000, size: 4024 MB, Compressed Oops mode: Zero based, Oop shift amount: 3

CDS archive(s) mapped at: [0x0000000800000000-0x0000000800c00000-0x0000000800c00000), size 12582912, SharedBaseAddress: 0x0000000800000000, ArchiveRelocationMode: 0.
Compressed class space mapped at: 0x0000000800c00000-0x0000000840c00000, reserved size: 1073741824
Narrow klass base: 0x0000000800000000, Narrow klass shift: 0, Narrow klass range: 0x100000000

GC Precious Log:
 CPUs: 16 total, 16 available
 Memory: 16088M
 Large Page Support: Disabled
 NUMA Support: Disabled
 Compressed Oops: Enabled (Zero based)
 Heap Region Size: 2M
 Heap Min Capacity: 8M
 Heap Initial Capacity: 252M
 Heap Max Capacity: 4024M
 Pre-touch: Disabled
 Parallel Workers: 13
 Concurrent Workers: 3
 Concurrent Refinement Workers: 13
 Periodic GC: Disabled

Heap:
 garbage-first heap   total 258048K, used 16564K [0x0000000704800000, 0x0000000800000000)
  region size 2048K, 8 young (16384K), 2 survivors (4096K)
 Metaspace       used 8500K, committed 8704K, reserved 1064960K
  class space    used 464K, committed 576K, reserved 1048576K

Heap Regions: E=young(eden), S=young(survivor), O=old, HS=humongous(starts), HC=humongous(continues), CS=collection set, F=free, OA=open archive, CA=closed archive, TAMS=top-at-mark-start (previous, next)
|   0|0x0000000704800000, 0x0000000704a00000, 0x0000000704a00000|100%| O|  |TAMS 0x0000000704800000, 0x0000000704800000| Untracked 
|   1|0x0000000704a00000, 0x0000000704ba7a00, 0x0000000704c00000| 82%| O|  |TAMS 0x0000000704a00000, 0x0000000704a00000| Untracked 
|   2|0x0000000704c00000, 0x0000000704c00000, 0x0000000704e00000|  0%| F|  |TAMS 0x0000000704c00000, 0x0000000704c00000| Untracked 
|   3|0x0000000704e00000, 0x0000000704e00000, 0x0000000705000000|  0%| F|  |TAMS 0x0000000704e00000, 0x0000000704e00000| Untracked 
|   4|0x0000000705000000, 0x0000000705000000, 0x0000000705200000|  0%| F|  |TAMS 0x0000000705000000, 0x0000000705000000| Untracked 
|   5|0x0000000705200000, 0x0000000705200000, 0x0000000705400000|  0%| F|  |TAMS 0x0000000705200000, 0x0000000705200000| Untracked 
|   6|0x0000000705400000, 0x0000000705400000, 0x0000000705600000|  0%| F|  |TAMS 0x0000000705400000, 0x0000000705400000| Untracked 
|   7|0x0000000705600000, 0x0000000705600000, 0x0000000705800000|  0%| F|  |TAMS 0x0000000705600000, 0x0000000705600000| Untracked 
|   8|0x0000000705800000, 0x0000000705800000, 0x0000000705a00000|  0%| F|  |TAMS 0x0000000705800000, 0x0000000705800000| Untracked 
|   9|0x0000000705a00000, 0x0000000705a00000, 0x0000000705c00000|  0%| F|  |TAMS 0x0000000705a00000, 0x0000000705a00000| Untracked 
|  10|0x0000000705c00000, 0x0000000705c00000, 0x0000000705e00000|  0%| F|  |TAMS 0x0000000705c00000, 0x0000000705c00000| Untracked 
|  11|0x0000000705e00000, 0x0000000705e00000, 0x0000000706000000|  0%| F|  |TAMS 0x0000000705e00000, 0x0000000705e00000| Untracked 
|  12|0x0000000706000000, 0x0000000706000000, 0x0000000706200000|  0%| F|  |TAMS 0x0000000706000000, 0x0000000706000000| Untracked 
|  13|0x0000000706200000, 0x0000000706200000, 0x0000000706400000|  0%| F|  |TAMS 0x0000000706200000, 0x0000000706200000| Untracked 
|  14|0x0000000706400000, 0x0000000706400000, 0x0000000706600000|  0%| F|  |TAMS 0x0000000706400000, 0x0000000706400000| Untracked 
|  15|0x0000000706600000, 0x0000000706600000, 0x0000000706800000|  0%| F|  |TAMS 0x0000000706600000, 0x0000000706600000| Untracked 
|  16|0x0000000706800000, 0x0000000706800000, 0x0000000706a00000|  0%| F|  |TAMS 0x0000000706800000, 0x0000000706800000| Untracked 
|  17|0x0000000706a00000, 0x0000000706a00000, 0x0000000706c00000|  0%| F|  |TAMS 0x0000000706a00000, 0x0000000706a00000| Untracked 
|  18|0x0000000706c00000, 0x0000000706c00000, 0x0000000706e00000|  0%| F|  |TAMS 0x0000000706c00000, 0x0000000706c00000| Untracked 
|  19|0x0000000706e00000, 0x0000000706e00000, 0x0000000707000000|  0%| F|  |TAMS 0x0000000706e00000, 0x0000000706e00000| Untracked 
|  20|0x0000000707000000, 0x0000000707000000, 0x0000000707200000|  0%| F|  |TAMS 0x0000000707000000, 0x0000000707000000| Untracked 
|  21|0x0000000707200000, 0x0000000707200000, 0x0000000707400000|  0%| F|  |TAMS 0x0000000707200000, 0x0000000707200000| Untracked 
|  22|0x0000000707400000, 0x0000000707400000, 0x0000000707600000|  0%| F|  |TAMS 0x0000000707400000, 0x0000000707400000| Untracked 
|  23|0x0000000707600000, 0x0000000707600000, 0x0000000707800000|  0%| F|  |TAMS 0x0000000707600000, 0x0000000707600000| Untracked 
|  24|0x0000000707800000, 0x0000000707800000, 0x0000000707a00000|  0%| F|  |TAMS 0x0000000707800000, 0x0000000707800000| Untracked 
|  25|0x0000000707a00000, 0x0000000707a00000, 0x0000000707c00000|  0%| F|  |TAMS 0x0000000707a00000, 0x0000000707a00000| Untracked 
|  26|0x0000000707c00000, 0x0000000707c00000, 0x0000000707e00000|  0%| F|  |TAMS 0x0000000707c00000, 0x0000000707c00000| Untracked 
|  27|0x0000000707e00000, 0x0000000707e00000, 0x0000000708000000|  0%| F|  |TAMS 0x0000000707e00000, 0x0000000707e00000| Untracked 
|  28|0x0000000708000000, 0x0000000708000000, 0x0000000708200000|  0%| F|  |TAMS 0x0000000708000000, 0x0000000708000000| Untracked 
|  29|0x0000000708200000, 0x0000000708200000, 0x0000000708400000|  0%| F|  |TAMS 0x0000000708200000, 0x0000000708200000| Untracked 
|  30|0x0000000708400000, 0x0000000708400000, 0x0000000708600000|  0%| F|  |TAMS 0x0000000708400000, 0x0000000708400000| Untracked 
|  31|0x0000000708600000, 0x0000000708600000, 0x0000000708800000|  0%| F|  |TAMS 0x0000000708600000, 0x0000000708600000| Untracked 
|  32|0x0000000708800000, 0x0000000708800000, 0x0000000708a00000|  0%| F|  |TAMS 0x0000000708800000, 0x0000000708800000| Untracked 
|  33|0x0000000708a00000, 0x0000000708a00000, 0x0000000708c00000|  0%| F|  |TAMS 0x0000000708a00000, 0x0000000708a00000| Untracked 
|  34|0x0000000708c00000, 0x0000000708c00000, 0x0000000708e00000|  0%| F|  |TAMS 0x0000000708c00000, 0x0000000708c00000| Untracked 
|  35|0x0000000708e00000, 0x0000000708e00000, 0x0000000709000000|  0%| F|  |TAMS 0x0000000708e00000, 0x0000000708e00000| Untracked 
|  36|0x0000000709000000, 0x0000000709000000, 0x0000000709200000|  0%| F|  |TAMS 0x0000000709000000, 0x0000000709000000| Untracked 
|  37|0x0000000709200000, 0x0000000709200000, 0x0000000709400000|  0%| F|  |TAMS 0x0000000709200000, 0x0000000709200000| Untracked 
|  38|0x0000000709400000, 0x0000000709400000, 0x0000000709600000|  0%| F|  |TAMS 0x0000000709400000, 0x0000000709400000| Untracked 
|  39|0x0000000709600000, 0x0000000709600000, 0x0000000709800000|  0%| F|  |TAMS 0x0000000709600000, 0x0000000709600000| Untracked 
|  40|0x0000000709800000, 0x0000000709800000, 0x0000000709a00000|  0%| F|  |TAMS 0x0000000709800000, 0x0000000709800000| Untracked 
|  41|0x0000000709a00000, 0x0000000709a00000, 0x0000000709c00000|  0%| F|  |TAMS 0x0000000709a00000, 0x0000000709a00000| Untracked 
|  42|0x0000000709c00000, 0x0000000709c00000, 0x0000000709e00000|  0%| F|  |TAMS 0x0000000709c00000, 0x0000000709c00000| Untracked 
|  43|0x0000000709e00000, 0x0000000709e00000, 0x000000070a000000|  0%| F|  |TAMS 0x0000000709e00000, 0x0000000709e00000| Untracked 
|  44|0x000000070a000000, 0x000000070a000000, 0x000000070a200000|  0%| F|  |TAMS 0x000000070a000000, 0x000000070a000000| Untracked 
|  45|0x000000070a200000, 0x000000070a200000, 0x000000070a400000|  0%| F|  |TAMS 0x000000070a200000, 0x000000070a200000| Untracked 
|  46|0x000000070a400000, 0x000000070a400000, 0x000000070a600000|  0%| F|  |TAMS 0x000000070a400000, 0x000000070a400000| Untracked 
|  47|0x000000070a600000, 0x000000070a600000, 0x000000070a800000|  0%| F|  |TAMS 0x000000070a600000, 0x000000070a600000| Untracked 
|  48|0x000000070a800000, 0x000000070a800000, 0x000000070aa00000|  0%| F|  |TAMS 0x000000070a800000, 0x000000070a800000| Untracked 
|  49|0x000000070aa00000, 0x000000070aa00000, 0x000000070ac00000|  0%| F|  |TAMS 0x000000070aa00000, 0x000000070aa00000| Untracked 
|  50|0x000000070ac00000, 0x000000070ac00000, 0x000000070ae00000|  0%| F|  |TAMS 0x000000070ac00000, 0x000000070ac00000| Untracked 
|  51|0x000000070ae00000, 0x000000070ae00000, 0x000000070b000000|  0%| F|  |TAMS 0x000000070ae00000, 0x000000070ae00000| Untracked 
|  52|0x000000070b000000, 0x000000070b000000, 0x000000070b200000|  0%| F|  |TAMS 0x000000070b000000, 0x000000070b000000| Untracked 
|  53|0x000000070b200000, 0x000000070b200000, 0x000000070b400000|  0%| F|  |TAMS 0x000000070b200000, 0x000000070b200000| Untracked 
|  54|0x000000070b400000, 0x000000070b400000, 0x000000070b600000|  0%| F|  |TAMS 0x000000070b400000, 0x000000070b400000| Untracked 
|  55|0x000000070b600000, 0x000000070b600000, 0x000000070b800000|  0%| F|  |TAMS 0x000000070b600000, 0x000000070b600000| Untracked 
|  56|0x000000070b800000, 0x000000070b800000, 0x000000070ba00000|  0%| F|  |TAMS 0x000000070b800000, 0x000000070b800000| Untracked 
|  57|0x000000070ba00000, 0x000000070ba00000, 0x000000070bc00000|  0%| F|  |TAMS 0x000000070ba00000, 0x000000070ba00000| Untracked 
|  58|0x000000070bc00000, 0x000000070bc00000, 0x000000070be00000|  0%| F|  |TAMS 0x000000070bc00000, 0x000000070bc00000| Untracked 
|  59|0x000000070be00000, 0x000000070be00000, 0x000000070c000000|  0%| F|  |TAMS 0x000000070be00000, 0x000000070be00000| Untracked 
|  60|0x000000070c000000, 0x000000070c000000, 0x000000070c200000|  0%| F|  |TAMS 0x000000070c000000, 0x000000070c000000| Untracked 
|  61|0x000000070c200000, 0x000000070c200000, 0x000000070c400000|  0%| F|  |TAMS 0x000000070c200000, 0x000000070c200000| Untracked 
|  62|0x000000070c400000, 0x000000070c400000, 0x000000070c600000|  0%| F|  |TAMS 0x000000070c400000, 0x000000070c400000| Untracked 
|  63|0x000000070c600000, 0x000000070c600000, 0x000000070c800000|  0%| F|  |TAMS 0x000000070c600000, 0x000000070c600000| Untracked 
|  64|0x000000070c800000, 0x000000070c800000, 0x000000070ca00000|  0%| F|  |TAMS 0x000000070c800000, 0x000000070c800000| Untracked 
|  65|0x000000070ca00000, 0x000000070ca00000, 0x000000070cc00000|  0%| F|  |TAMS 0x000000070ca00000, 0x000000070ca00000| Untracked 
|  66|0x000000070cc00000, 0x000000070cc00000, 0x000000070ce00000|  0%| F|  |TAMS 0x000000070cc00000, 0x000000070cc00000| Untracked 
|  67|0x000000070ce00000, 0x000000070ce00000, 0x000000070d000000|  0%| F|  |TAMS 0x000000070ce00000, 0x000000070ce00000| Untracked 
|  68|0x000000070d000000, 0x000000070d000000, 0x000000070d200000|  0%| F|  |TAMS 0x000000070d000000, 0x000000070d000000| Untracked 
|  69|0x000000070d200000, 0x000000070d200000, 0x000000070d400000|  0%| F|  |TAMS 0x000000070d200000, 0x000000070d200000| Untracked 
|  70|0x000000070d400000, 0x000000070d400000, 0x000000070d600000|  0%| F|  |TAMS 0x000000070d400000, 0x000000070d400000| Untracked 
|  71|0x000000070d600000, 0x000000070d600000, 0x000000070d800000|  0%| F|  |TAMS 0x000000070d600000, 0x000000070d600000| Untracked 
|  72|0x000000070d800000, 0x000000070d800000, 0x000000070da00000|  0%| F|  |TAMS 0x000000070d800000, 0x000000070d800000| Untracked 
|  73|0x000000070da00000, 0x000000070da00000, 0x000000070dc00000|  0%| F|  |TAMS 0x000000070da00000, 0x000000070da00000| Untracked 
|  74|0x000000070dc00000, 0x000000070dc00000, 0x000000070de00000|  0%| F|  |TAMS 0x000000070dc00000, 0x000000070dc00000| Untracked 
|  75|0x000000070de00000, 0x000000070de00000, 0x000000070e000000|  0%| F|  |TAMS 0x000000070de00000, 0x000000070de00000| Untracked 
|  76|0x000000070e000000, 0x000000070e000000, 0x000000070e200000|  0%| F|  |TAMS 0x000000070e000000, 0x000000070e000000| Untracked 
|  77|0x000000070e200000, 0x000000070e200000, 0x000000070e400000|  0%| F|  |TAMS 0x000000070e200000, 0x000000070e200000| Untracked 
|  78|0x000000070e400000, 0x000000070e400000, 0x000000070e600000|  0%| F|  |TAMS 0x000000070e400000, 0x000000070e400000| Untracked 
|  79|0x000000070e600000, 0x000000070e600000, 0x000000070e800000|  0%| F|  |TAMS 0x000000070e600000, 0x000000070e600000| Untracked 
|  80|0x000000070e800000, 0x000000070e800000, 0x000000070ea00000|  0%| F|  |TAMS 0x000000070e800000, 0x000000070e800000| Untracked 
|  81|0x000000070ea00000, 0x000000070ea00000, 0x000000070ec00000|  0%| F|  |TAMS 0x000000070ea00000, 0x000000070ea00000| Untracked 
|  82|0x000000070ec00000, 0x000000070ec00000, 0x000000070ee00000|  0%| F|  |TAMS 0x000000070ec00000, 0x000000070ec00000| Untracked 
|  83|0x000000070ee00000, 0x000000070ee00000, 0x000000070f000000|  0%| F|  |TAMS 0x000000070ee00000, 0x000000070ee00000| Untracked 
|  84|0x000000070f000000, 0x000000070f000000, 0x000000070f200000|  0%| F|  |TAMS 0x000000070f000000, 0x000000070f000000| Untracked 
|  85|0x000000070f200000, 0x000000070f200000, 0x000000070f400000|  0%| F|  |TAMS 0x000000070f200000, 0x000000070f200000| Untracked 
|  86|0x000000070f400000, 0x000000070f400000, 0x000000070f600000|  0%| F|  |TAMS 0x000000070f400000, 0x000000070f400000| Untracked 
|  87|0x000000070f600000, 0x000000070f600000, 0x000000070f800000|  0%| F|  |TAMS 0x000000070f600000, 0x000000070f600000| Untracked 
|  88|0x000000070f800000, 0x000000070f800000, 0x000000070fa00000|  0%| F|  |TAMS 0x000000070f800000, 0x000000070f800000| Untracked 
|  89|0x000000070fa00000, 0x000000070fa00000, 0x000000070fc00000|  0%| F|  |TAMS 0x000000070fa00000, 0x000000070fa00000| Untracked 
|  90|0x000000070fc00000, 0x000000070fc00000, 0x000000070fe00000|  0%| F|  |TAMS 0x000000070fc00000, 0x000000070fc00000| Untracked 
|  91|0x000000070fe00000, 0x000000070fe00000, 0x0000000710000000|  0%| F|  |TAMS 0x000000070fe00000, 0x000000070fe00000| Untracked 
|  92|0x0000000710000000, 0x0000000710000000, 0x0000000710200000|  0%| F|  |TAMS 0x0000000710000000, 0x0000000710000000| Untracked 
|  93|0x0000000710200000, 0x0000000710200000, 0x0000000710400000|  0%| F|  |TAMS 0x0000000710200000, 0x0000000710200000| Untracked 
|  94|0x0000000710400000, 0x0000000710400000, 0x0000000710600000|  0%| F|  |TAMS 0x0000000710400000, 0x0000000710400000| Untracked 
|  95|0x0000000710600000, 0x0000000710600000, 0x0000000710800000|  0%| F|  |TAMS 0x0000000710600000, 0x0000000710600000| Untracked 
|  96|0x0000000710800000, 0x0000000710800000, 0x0000000710a00000|  0%| F|  |TAMS 0x0000000710800000, 0x0000000710800000| Untracked 
|  97|0x0000000710a00000, 0x0000000710a00000, 0x0000000710c00000|  0%| F|  |TAMS 0x0000000710a00000, 0x0000000710a00000| Untracked 
|  98|0x0000000710c00000, 0x0000000710c00000, 0x0000000710e00000|  0%| F|  |TAMS 0x0000000710c00000, 0x0000000710c00000| Untracked 
|  99|0x0000000710e00000, 0x0000000710e00000, 0x0000000711000000|  0%| F|  |TAMS 0x0000000710e00000, 0x0000000710e00000| Untracked 
| 100|0x0000000711000000, 0x0000000711000000, 0x0000000711200000|  0%| F|  |TAMS 0x0000000711000000, 0x0000000711000000| Untracked 
| 101|0x0000000711200000, 0x0000000711200000, 0x0000000711400000|  0%| F|  |TAMS 0x0000000711200000, 0x0000000711200000| Untracked 
| 102|0x0000000711400000, 0x0000000711400000, 0x0000000711600000|  0%| F|  |TAMS 0x0000000711400000, 0x0000000711400000| Untracked 
| 103|0x0000000711600000, 0x0000000711600000, 0x0000000711800000|  0%| F|  |TAMS 0x0000000711600000, 0x0000000711600000| Untracked 
| 104|0x0000000711800000, 0x0000000711800000, 0x0000000711a00000|  0%| F|  |TAMS 0x0000000711800000, 0x0000000711800000| Untracked 
| 105|0x0000000711a00000, 0x0000000711a00000, 0x0000000711c00000|  0%| F|  |TAMS 0x0000000711a00000, 0x0000000711a00000| Untracked 
| 106|0x0000000711c00000, 0x0000000711c00000, 0x0000000711e00000|  0%| F|  |TAMS 0x0000000711c00000, 0x0000000711c00000| Untracked 
| 107|0x0000000711e00000, 0x0000000711e85728, 0x0000000712000000| 26%| S|CS|TAMS 0x0000000711e00000, 0x0000000711e00000| Complete 
| 108|0x0000000712000000, 0x0000000712200000, 0x0000000712200000|100%| S|CS|TAMS 0x0000000712000000, 0x0000000712000000| Complete 
| 109|0x0000000712200000, 0x0000000712200000, 0x0000000712400000|  0%| F|  |TAMS 0x0000000712200000, 0x0000000712200000| Untracked 
| 110|0x0000000712400000, 0x0000000712400000, 0x0000000712600000|  0%| F|  |TAMS 0x0000000712400000, 0x0000000712400000| Untracked 
| 111|0x0000000712600000, 0x0000000712600000, 0x0000000712800000|  0%| F|  |TAMS 0x0000000712600000, 0x0000000712600000| Untracked 
| 112|0x0000000712800000, 0x0000000712800000, 0x0000000712a00000|  0%| F|  |TAMS 0x0000000712800000, 0x0000000712800000| Untracked 
| 113|0x0000000712a00000, 0x0000000712a00000, 0x0000000712c00000|  0%| F|  |TAMS 0x0000000712a00000, 0x0000000712a00000| Untracked 
| 114|0x0000000712c00000, 0x0000000712c00000, 0x0000000712e00000|  0%| F|  |TAMS 0x0000000712c00000, 0x0000000712c00000| Untracked 
| 115|0x0000000712e00000, 0x0000000712e00000, 0x0000000713000000|  0%| F|  |TAMS 0x0000000712e00000, 0x0000000712e00000| Untracked 
| 116|0x0000000713000000, 0x0000000713000000, 0x0000000713200000|  0%| F|  |TAMS 0x0000000713000000, 0x0000000713000000| Untracked 
| 117|0x0000000713200000, 0x0000000713200000, 0x0000000713400000|  0%| F|  |TAMS 0x0000000713200000, 0x0000000713200000| Untracked 
| 118|0x0000000713400000, 0x0000000713400000, 0x0000000713600000|  0%| F|  |TAMS 0x0000000713400000, 0x0000000713400000| Untracked 
| 119|0x0000000713600000, 0x0000000713600000, 0x0000000713800000|  0%| F|  |TAMS 0x0000000713600000, 0x0000000713600000| Untracked 
| 120|0x0000000713800000, 0x0000000713a00000, 0x0000000713a00000|100%| E|  |TAMS 0x0000000713800000, 0x0000000713800000| Complete 
| 121|0x0000000713a00000, 0x0000000713c00000, 0x0000000713c00000|100%| E|CS|TAMS 0x0000000713a00000, 0x0000000713a00000| Complete 
| 122|0x0000000713c00000, 0x0000000713e00000, 0x0000000713e00000|100%| E|CS|TAMS 0x0000000713c00000, 0x0000000713c00000| Complete 
| 123|0x0000000713e00000, 0x0000000714000000, 0x0000000714000000|100%| E|CS|TAMS 0x0000000713e00000, 0x0000000713e00000| Complete 
| 124|0x0000000714000000, 0x0000000714200000, 0x0000000714200000|100%| E|CS|TAMS 0x0000000714000000, 0x0000000714000000| Complete 
| 125|0x0000000714200000, 0x0000000714400000, 0x0000000714400000|100%| E|CS|TAMS 0x0000000714200000, 0x0000000714200000| Complete 

Card table byte_map: [0x0000017a00000000,0x0000017a007e0000] _byte_map_base: 0x00000179fc7dc000

Marking Bits (Prev, Next): (CMBitMap*) 0x0000017a673b0740, (CMBitMap*) 0x0000017a673b0780
 Prev Bits: [0x0000017a00fc0000, 0x0000017a04ea0000)
 Next Bits: [0x0000017a04ea0000, 0x0000017a08d80000)

Polling page: 0x0000017a65a40000

Metaspace:

Usage:
  Non-class:      7.85 MB used.
      Class:    464.71 KB used.
       Both:      8.30 MB used.

Virtual space:
  Non-class space:       16.00 MB reserved,       7.94 MB ( 50%) committed,  2 nodes.
      Class space:        1.00 GB reserved,     576.00 KB ( <1%) committed,  1 nodes.
             Both:        1.02 GB reserved,       8.50 MB ( <1%) committed. 

Chunk freelists:
   Non-Class:  2.58 MB
       Class:  3.45 MB
        Both:  6.03 MB

MaxMetaspaceSize: unlimited
CompressedClassSpaceSize: 1.00 GB
Initial GC threshold: 21.00 MB
Current GC threshold: 21.00 MB
CDS: on
MetaspaceReclaimPolicy: balanced
 - commit_granule_bytes: 65536.
 - commit_granule_words: 8192.
 - virtual_space_node_default_size: 1048576.
 - enlarge_chunks_in_place: 1.
 - new_chunks_are_fully_committed: 0.
 - uncommit_free_chunks: 1.
 - use_allocation_guard: 0.
 - handle_deallocations: 1.


Internal statistics:

num_allocs_failed_limit: 0.
num_arena_births: 144.
num_arena_deaths: 0.
num_vsnodes_births: 3.
num_vsnodes_deaths: 0.
num_space_committed: 134.
num_space_uncommitted: 0.
num_chunks_returned_to_freelist: 0.
num_chunks_taken_from_freelist: 376.
num_chunk_merges: 0.
num_chunk_splits: 267.
num_chunks_enlarged: 209.
num_purges: 0.
num_inconsistent_stats: 0.

CodeHeap 'non-profiled nmethods': size=119168Kb used=845Kb max_used=845Kb free=118322Kb
 bounds [0x0000017a76dc0000, 0x0000017a77030000, 0x0000017a7e220000]
CodeHeap 'profiled nmethods': size=119104Kb used=3140Kb max_used=3140Kb free=115963Kb
 bounds [0x0000017a6f970000, 0x0000017a6fc90000, 0x0000017a76dc0000]
CodeHeap 'non-nmethods': size=7488Kb used=3478Kb max_used=3522Kb free=4010Kb
 bounds [0x0000017a6f220000, 0x0000017a6f5a0000, 0x0000017a6f970000]
 total_blobs=3184 nmethods=1907 adapters=1187
 compilation: enabled
              stopped_count=0, restarted_count=0
 full_count=0

Compilation events (20 events):
Event: 9.315 Thread 0x0000017a1814c0c0 1900       3       java.util.concurrent.ConcurrentHashMap::values (25 bytes)
Event: 9.315 Thread 0x0000017a0b8f4c10 1902       3       java.util.concurrent.ConcurrentHashMap$ValueIterator::<init> (12 bytes)
Event: 9.315 Thread 0x0000017a1814f0f0 1901       3       java.util.concurrent.ConcurrentHashMap$ValuesView::iterator (34 bytes)
Event: 9.316 Thread 0x0000017a10dd6490 1903       3       sdu.revolution.engine.model.items.DirtBlock::input (1 bytes)
Event: 9.316 Thread 0x0000017a0b8f4c10 nmethod 1902 0x0000017a6fc7eb90 code [0x0000017a6fc7ed20, 0x0000017a6fc7ee68]
Event: 9.316 Thread 0x0000017a1814c0c0 nmethod 1900 0x0000017a6fc7ef10 code [0x0000017a6fc7f0c0, 0x0000017a6fc7f478]
Event: 9.316 Thread 0x0000017a1814c0c0 1904       3       sdu.revolution.engine.model.items.GrassBlock::input (1 bytes)
Event: 9.316 Thread 0x0000017a1814f0f0 nmethod 1901 0x0000017a6fc7f590 code [0x0000017a6fc7f740, 0x0000017a6fc7f988]
Event: 9.316 Thread 0x0000017a10dd6490 nmethod 1903 0x0000017a6fc7fa90 code [0x0000017a6fc7fc20, 0x0000017a6fc7fd38]
Event: 9.316 Thread 0x0000017a1814c0c0 nmethod 1904 0x0000017a6fc7fe10 code [0x0000017a6fc7ffa0, 0x0000017a6fc800b8]
Event: 9.316 Thread 0x0000017a1814f0f0 1905       3       sdu.revolution.engine.model.items.DirtBlock::update (1 bytes)
Event: 9.316 Thread 0x0000017a0b8f4c10 1906       3       sdu.revolution.engine.model.items.GrassBlock::update (1 bytes)
Event: 9.316 Thread 0x0000017a1814f0f0 nmethod 1905 0x0000017a6fc80190 code [0x0000017a6fc80320, 0x0000017a6fc80438]
Event: 9.316 Thread 0x0000017a0b8f4c10 nmethod 1906 0x0000017a6fc80510 code [0x0000017a6fc806a0, 0x0000017a6fc807b8]
Event: 9.317 Thread 0x0000017a1814c0c0 1907       3       java.util.concurrent.ConcurrentHashMap::sumCount (60 bytes)
Event: 9.317 Thread 0x0000017a1814c0c0 nmethod 1907 0x0000017a6fc80890 code [0x0000017a6fc80a40, 0x0000017a6fc80cb8]
Event: 9.317 Thread 0x0000017a1814c0c0 1908       3       java.lang.reflect.Array::newInstance (6 bytes)
Event: 9.317 Thread 0x0000017a1814c0c0 nmethod 1908 0x0000017a6fc80e10 code [0x0000017a6fc80fa0, 0x0000017a6fc810a8]
Event: 9.333 Thread 0x0000017a10dca6e0 nmethod 1894 0x0000017a76e8a990 code [0x0000017a76e8ac00, 0x0000017a76e8c098]
Event: 9.350 Thread 0x0000017a18150550 nmethod 1896 0x0000017a76e8cc90 code [0x0000017a76e8cf60, 0x0000017a76e8eaa8]

GC Heap History (4 events):
Event: 0.748 GC heap before
{Heap before GC invocations=0 (full 0):
 garbage-first heap   total 258048K, used 22528K [0x0000000704800000, 0x0000000800000000)
  region size 2048K, 11 young (22528K), 0 survivors (0K)
 Metaspace       used 7690K, committed 7872K, reserved 1064960K
  class space    used 428K, committed 512K, reserved 1048576K
}
Event: 0.751 GC heap after
{Heap after GC invocations=1 (full 0):
 garbage-first heap   total 258048K, used 3906K [0x0000000704800000, 0x0000000800000000)
  region size 2048K, 2 young (4096K), 2 survivors (4096K)
 Metaspace       used 7690K, committed 7872K, reserved 1064960K
  class space    used 428K, committed 512K, reserved 1048576K
}
Event: 9.250 GC heap before
{Heap before GC invocations=1 (full 0):
 garbage-first heap   total 258048K, used 34626K [0x0000000704800000, 0x0000000800000000)
  region size 2048K, 17 young (34816K), 2 survivors (4096K)
 Metaspace       used 8483K, committed 8704K, reserved 1064960K
  class space    used 464K, committed 576K, reserved 1048576K
}
Event: 9.261 GC heap after
{Heap after GC invocations=2 (full 0):
 garbage-first heap   total 258048K, used 6324K [0x0000000704800000, 0x0000000800000000)
  region size 2048K, 2 young (4096K), 2 survivors (4096K)
 Metaspace       used 8483K, committed 8704K, reserved 1064960K
  class space    used 464K, committed 576K, reserved 1048576K
}

Deoptimization events (20 events):
Event: 9.294 Thread 0x0000017a6737ee00 Uncommon trap: trap_request=0xffffffde fr.pc=0x0000017a76e7b294 relative=0x00000000000001d4
Event: 9.294 Thread 0x0000017a6737ee00 Uncommon trap: reason=class_check action=maybe_recompile pc=0x0000017a76e7b294 method=java.util.stream.ReferencePipeline$2$1.accept(Ljava/lang/Object;)V @ 8 c2
Event: 9.294 Thread 0x0000017a6737ee00 DEOPT PACKING pc=0x0000017a76e7b294 sp=0x00000063c93fd010
Event: 9.294 Thread 0x0000017a6737ee00 DEOPT UNPACKING pc=0x0000017a6f2723a3 sp=0x00000063c93fcfb8 mode 2
Event: 9.294 Thread 0x0000017a6737ee00 Uncommon trap: trap_request=0xffffffde fr.pc=0x0000017a76e7b294 relative=0x00000000000001d4
Event: 9.294 Thread 0x0000017a6737ee00 Uncommon trap: reason=class_check action=maybe_recompile pc=0x0000017a76e7b294 method=java.util.stream.ReferencePipeline$2$1.accept(Ljava/lang/Object;)V @ 8 c2
Event: 9.294 Thread 0x0000017a6737ee00 DEOPT PACKING pc=0x0000017a76e7b294 sp=0x00000063c93fd010
Event: 9.294 Thread 0x0000017a6737ee00 DEOPT UNPACKING pc=0x0000017a6f2723a3 sp=0x00000063c93fcfb8 mode 2
Event: 9.294 Thread 0x0000017a6737ee00 Uncommon trap: trap_request=0xffffffde fr.pc=0x0000017a76e7b294 relative=0x00000000000001d4
Event: 9.294 Thread 0x0000017a6737ee00 Uncommon trap: reason=class_check action=maybe_recompile pc=0x0000017a76e7b294 method=java.util.stream.ReferencePipeline$2$1.accept(Ljava/lang/Object;)V @ 8 c2
Event: 9.294 Thread 0x0000017a6737ee00 DEOPT PACKING pc=0x0000017a76e7b294 sp=0x00000063c93fd010
Event: 9.294 Thread 0x0000017a6737ee00 DEOPT UNPACKING pc=0x0000017a6f2723a3 sp=0x00000063c93fcfb8 mode 2
Event: 9.294 Thread 0x0000017a6737ee00 Uncommon trap: trap_request=0xffffffde fr.pc=0x0000017a76e7b294 relative=0x00000000000001d4
Event: 9.295 Thread 0x0000017a6737ee00 Uncommon trap: reason=class_check action=maybe_recompile pc=0x0000017a76e7b294 method=java.util.stream.ReferencePipeline$2$1.accept(Ljava/lang/Object;)V @ 8 c2
Event: 9.295 Thread 0x0000017a6737ee00 DEOPT PACKING pc=0x0000017a76e7b294 sp=0x00000063c93fd010
Event: 9.295 Thread 0x0000017a6737ee00 DEOPT UNPACKING pc=0x0000017a6f2723a3 sp=0x00000063c93fcfb8 mode 2
Event: 9.295 Thread 0x0000017a6737ee00 Uncommon trap: trap_request=0xffffffc6 fr.pc=0x0000017a76e88fb4 relative=0x0000000000000094
Event: 9.295 Thread 0x0000017a6737ee00 Uncommon trap: reason=bimorphic_or_optimized_type_check action=maybe_recompile pc=0x0000017a76e88fb4 method=java.util.stream.Sink$ChainedReference.end()V @ 4 c2
Event: 9.295 Thread 0x0000017a6737ee00 DEOPT PACKING pc=0x0000017a76e88fb4 sp=0x00000063c93fd120
Event: 9.295 Thread 0x0000017a6737ee00 DEOPT UNPACKING pc=0x0000017a6f2723a3 sp=0x00000063c93fd0c0 mode 2

Classes unloaded (0 events):
No events

Classes redefined (0 events):
No events

Internal exceptions (20 events):
Event: 0.188 Thread 0x0000017a6737ee00 Exception <a 'java/lang/NoSuchMethodError'{0x000000071391a258}: 'int java.lang.invoke.DirectMethodHandle$Holder.invokeStaticInit(java.lang.Object, java.lang.Object, int, long)'> (0x000000071391a258) 
thrown [c:\jenkins\workspace\zulu17-build-win64\zulu-src.git\src\hotspot\share\interpreter\linkResolver.cpp, line 766]
Event: 0.188 Thread 0x0000017a6737ee00 Exception <a 'java/lang/NoSuchMethodError'{0x000000071391fb20}: 'java.lang.Object java.lang.invoke.DirectMethodHandle$Holder.newInvokeSpecial(java.lang.Object, java.lang.Object, int)'> (0x000000071391fb20) 
thrown [c:\jenkins\workspace\zulu17-build-win64\zulu-src.git\src\hotspot\share\interpreter\linkResolver.cpp, line 766]
Event: 0.189 Thread 0x0000017a6737ee00 Exception <a 'java/lang/NoSuchMethodError'{0x000000071392e8b8}: 'int java.lang.invoke.DirectMethodHandle$Holder.invokeStaticInit(java.lang.Object, java.lang.Object, long, long)'> (0x000000071392e8b8) 
thrown [c:\jenkins\workspace\zulu17-build-win64\zulu-src.git\src\hotspot\share\interpreter\linkResolver.cpp, line 766]
Event: 0.189 Thread 0x0000017a6737ee00 Exception <a 'java/lang/NoSuchMethodError'{0x0000000713934640}: 'java.lang.Object java.lang.invoke.DirectMethodHandle$Holder.newInvokeSpecial(java.lang.Object, java.lang.Object, long)'> (0x0000000713934640) 
thrown [c:\jenkins\workspace\zulu17-build-win64\zulu-src.git\src\hotspot\share\interpreter\linkResolver.cpp, line 766]
Event: 0.190 Thread 0x0000017a6737ee00 Exception <a 'java/lang/NoSuchMethodError'{0x00000007139381b0}: 'java.lang.Object java.lang.invoke.Invokers$Holder.linkToTargetMethod(java.lang.Object, long, java.lang.Object)'> (0x00000007139381b0) 
thrown [c:\jenkins\workspace\zulu17-build-win64\zulu-src.git\src\hotspot\share\interpreter\linkResolver.cpp, line 766]
Event: 0.190 Thread 0x0000017a6737ee00 Exception <a 'java/lang/NoSuchMethodError'{0x000000071393f680}: 'int java.lang.invoke.DirectMethodHandle$Holder.invokeStaticInit(java.lang.Object, java.lang.Object, java.lang.Object, long)'> (0x000000071393f680) 
thrown [c:\jenkins\workspace\zulu17-build-win64\zulu-src.git\src\hotspot\share\interpreter\linkResolver.cpp, line 766]
Event: 0.453 Thread 0x0000017a6737ee00 Exception <a 'sun/nio/fs/WindowsException'{0x00000007139ff178}> (0x00000007139ff178) 
thrown [c:\jenkins\workspace\zulu17-build-win64\zulu-src.git\src\hotspot\share\prims\jni.cpp, line 516]
Event: 0.453 Thread 0x0000017a6737ee00 Exception <a 'sun/nio/fs/WindowsException'{0x00000007139ff538}> (0x00000007139ff538) 
thrown [c:\jenkins\workspace\zulu17-build-win64\zulu-src.git\src\hotspot\share\prims\jni.cpp, line 516]
Event: 0.457 Thread 0x0000017a6737ee00 Exception <a 'java/lang/NoSuchMethodError'{0x0000000713629910}: 'void java.lang.invoke.DirectMethodHandle$Holder.invokeStatic(java.lang.Object, int, long)'> (0x0000000713629910) 
thrown [c:\jenkins\workspace\zulu17-build-win64\zulu-src.git\src\hotspot\share\interpreter\linkResolver.cpp, line 766]
Event: 0.501 Thread 0x0000017a6737ee00 Exception <a 'sun/nio/fs/WindowsException'{0x00000007136cd660}> (0x00000007136cd660) 
thrown [c:\jenkins\workspace\zulu17-build-win64\zulu-src.git\src\hotspot\share\prims\jni.cpp, line 516]
Event: 0.501 Thread 0x0000017a6737ee00 Exception <a 'sun/nio/fs/WindowsException'{0x00000007136cda30}> (0x00000007136cda30) 
thrown [c:\jenkins\workspace\zulu17-build-win64\zulu-src.git\src\hotspot\share\prims\jni.cpp, line 516]
Event: 0.503 Thread 0x0000017a6737ee00 Exception <a 'sun/nio/fs/WindowsException'{0x00000007136df418}> (0x00000007136df418) 
thrown [c:\jenkins\workspace\zulu17-build-win64\zulu-src.git\src\hotspot\share\prims\jni.cpp, line 516]
Event: 0.503 Thread 0x0000017a6737ee00 Exception <a 'sun/nio/fs/WindowsException'{0x00000007136df718}> (0x00000007136df718) 
thrown [c:\jenkins\workspace\zulu17-build-win64\zulu-src.git\src\hotspot\share\prims\jni.cpp, line 516]
Event: 0.550 Thread 0x0000017a6737ee00 Exception <a 'java/lang/NoSuchMethodError'{0x0000000713532468}: 'void java.lang.invoke.DirectMethodHandle$Holder.invokeStatic(java.lang.Object, int)'> (0x0000000713532468) 
thrown [c:\jenkins\workspace\zulu17-build-win64\zulu-src.git\src\hotspot\share\interpreter\linkResolver.cpp, line 766]
Event: 0.560 Thread 0x0000017a6737ee00 Exception <a 'sun/nio/fs/WindowsException'{0x00000007135bbe28}> (0x00000007135bbe28) 
thrown [c:\jenkins\workspace\zulu17-build-win64\zulu-src.git\src\hotspot\share\prims\jni.cpp, line 516]
Event: 0.688 Thread 0x0000017a6737ee00 Exception <a 'sun/nio/fs/WindowsException'{0x0000000712ee2678}> (0x0000000712ee2678) 
thrown [c:\jenkins\workspace\zulu17-build-win64\zulu-src.git\src\hotspot\share\prims\jni.cpp, line 516]
Event: 0.688 Thread 0x0000017a6737ee00 Exception <a 'sun/nio/fs/WindowsException'{0x0000000712ee2a28}> (0x0000000712ee2a28) 
thrown [c:\jenkins\workspace\zulu17-build-win64\zulu-src.git\src\hotspot\share\prims\jni.cpp, line 516]
Event: 0.727 Thread 0x0000017a6737ee00 Exception <a 'sun/nio/fs/WindowsException'{0x0000000712f612b8}> (0x0000000712f612b8) 
thrown [c:\jenkins\workspace\zulu17-build-win64\zulu-src.git\src\hotspot\share\prims\jni.cpp, line 516]
Event: 0.727 Thread 0x0000017a6737ee00 Exception <a 'sun/nio/fs/WindowsException'{0x0000000712f61668}> (0x0000000712f61668) 
thrown [c:\jenkins\workspace\zulu17-build-win64\zulu-src.git\src\hotspot\share\prims\jni.cpp, line 516]
Event: 0.753 Thread 0x0000017a6737ee00 Exception <a 'java/lang/NoSuchMethodError'{0x000000071421e118}: 'void java.lang.invoke.DirectMethodHandle$Holder.invokeStatic(java.lang.Object, long)'> (0x000000071421e118) 
thrown [c:\jenkins\workspace\zulu17-build-win64\zulu-src.git\src\hotspot\share\interpreter\linkResolver.cpp, line 766]

VM Operations (20 events):
Event: 0.696 Executing VM operation: HandshakeAllThreads
Event: 0.696 Executing VM operation: HandshakeAllThreads done
Event: 0.748 Executing VM operation: G1CollectForAllocation
Event: 0.751 Executing VM operation: G1CollectForAllocation done
Event: 1.752 Executing VM operation: Cleanup
Event: 1.752 Executing VM operation: Cleanup done
Event: 2.757 Executing VM operation: Cleanup
Event: 2.757 Executing VM operation: Cleanup done
Event: 3.768 Executing VM operation: Cleanup
Event: 3.768 Executing VM operation: Cleanup done
Event: 4.770 Executing VM operation: Cleanup
Event: 4.770 Executing VM operation: Cleanup done
Event: 7.791 Executing VM operation: Cleanup
Event: 7.791 Executing VM operation: Cleanup done
Event: 9.163 Executing VM operation: HandshakeAllThreads
Event: 9.163 Executing VM operation: HandshakeAllThreads done
Event: 9.163 Executing VM operation: Cleanup
Event: 9.163 Executing VM operation: Cleanup done
Event: 9.249 Executing VM operation: G1CollectForAllocation
Event: 9.261 Executing VM operation: G1CollectForAllocation done

Events (20 events):
Event: 3.756 Thread 0x0000017a0ba41b00 Thread exited: 0x0000017a0ba41b00
Event: 4.489 Thread 0x0000017a0b9bd360 Thread exited: 0x0000017a0b9bd360
Event: 9.139 Thread 0x0000017a10dd6490 Thread added: 0x0000017a10dd6490
Event: 9.140 Thread 0x0000017a18150550 Thread added: 0x0000017a18150550
Event: 9.140 Thread 0x0000017a10dca6e0 Thread added: 0x0000017a10dca6e0
Event: 9.161 loading class java/util/ImmutableCollections$Access
Event: 9.161 loading class java/util/ImmutableCollections$Access done
Event: 9.161 loading class java/util/ImmutableCollections$Access$1
Event: 9.161 loading class jdk/internal/access/JavaUtilCollectionAccess
Event: 9.161 loading class jdk/internal/access/JavaUtilCollectionAccess done
Event: 9.161 loading class java/util/ImmutableCollections$Access$1 done
Event: 9.162 loading class java/util/stream/Nodes$SpinedNodeBuilder
Event: 9.162 loading class java/util/stream/SpinedBuffer
Event: 9.162 loading class java/util/stream/AbstractSpinedBuffer
Event: 9.162 loading class java/util/stream/AbstractSpinedBuffer done
Event: 9.162 loading class java/util/stream/SpinedBuffer done
Event: 9.163 loading class java/util/stream/Nodes$SpinedNodeBuilder done
Event: 9.187 Thread 0x0000017a0b970db0 Thread added: 0x0000017a0b970db0
Event: 9.197 Thread 0x0000017a1814c0c0 Thread added: 0x0000017a1814c0c0
Event: 9.208 Thread 0x0000017a1814f0f0 Thread added: 0x0000017a1814f0f0


Dynamic libraries:
0x00007ff6b6e70000 - 0x00007ff6b6e7e000 	D:\Program Files\Zulu\zulu-17\bin\java.exe
0x00007ffd74fa0000 - 0x00007ffd751a9000 	C:\Windows\SYSTEM32\ntdll.dll
0x00007ffd745c0000 - 0x00007ffd7467e000 	C:\Windows\System32\KERNEL32.DLL
0x00007ffd727c0000 - 0x00007ffd72b3b000 	C:\Windows\System32\KERNELBASE.dll
0x00007ffd72630000 - 0x00007ffd72741000 	C:\Windows\System32\ucrtbase.dll
0x00007ffd23500000 - 0x00007ffd2351b000 	D:\Program Files\Zulu\zulu-17\bin\VCRUNTIME140.dll
0x00007ffd306e0000 - 0x00007ffd306f8000 	D:\Program Files\Zulu\zulu-17\bin\jli.dll
0x00007ffd72fa0000 - 0x00007ffd7314d000 	C:\Windows\System32\USER32.dll
0x00007ffd72df0000 - 0x00007ffd72e16000 	C:\Windows\System32\win32u.dll
0x00007ffd71690000 - 0x00007ffd71935000 	C:\Windows\WinSxS\amd64_microsoft.windows.common-controls_6595b64144ccf1df_6.0.22000.120_none_9d947278b86cc467\COMCTL32.dll
0x00007ffd74b20000 - 0x00007ffd74b49000 	C:\Windows\System32\GDI32.dll
0x00007ffd74ca0000 - 0x00007ffd74d43000 	C:\Windows\System32\msvcrt.dll
0x00007ffd72470000 - 0x00007ffd72588000 	C:\Windows\System32\gdi32full.dll
0x00007ffd72590000 - 0x00007ffd7262d000 	C:\Windows\System32\msvcp_win.dll
0x00007ffd74990000 - 0x00007ffd749c2000 	C:\Windows\System32\IMM32.DLL
0x00007ffd45390000 - 0x00007ffd453bd000 	C:\Program Files\MacType\MacType64.dll
0x00007ffd72e20000 - 0x00007ffd72ece000 	C:\Windows\System32\ADVAPI32.dll
0x00007ffd73150000 - 0x00007ffd731ee000 	C:\Windows\System32\sechost.dll
0x00007ffd74680000 - 0x00007ffd747a0000 	C:\Windows\System32\RPCRT4.dll
0x00007ffd45920000 - 0x00007ffd4597a000 	C:\Program Files\MacType\Easyhk64.dll
0x00007ffd45050000 - 0x00007ffd4515b000 	C:\Program Files\MacType\MacType64.Core.dll
0x00007ffd6d9d0000 - 0x00007ffd6df88000 	C:\Windows\SYSTEM32\d2d1.dll
0x00007ffd47cb0000 - 0x00007ffd47f0f000 	C:\Windows\SYSTEM32\dwrite.dll
0x00007ffd72b40000 - 0x00007ffd72bbf000 	C:\Windows\System32\bcryptPrimitives.dll
0x00007ffd49e10000 - 0x00007ffd49e1c000 	D:\Program Files\Zulu\zulu-17\bin\vcruntime140_1.dll
0x00007ffcdc4d0000 - 0x00007ffcdc55d000 	D:\Program Files\Zulu\zulu-17\bin\msvcp140.dll
0x00007ffcd9a80000 - 0x00007ffcda6e8000 	D:\Program Files\Zulu\zulu-17\bin\server\jvm.dll
0x00007ffd747b0000 - 0x00007ffd747b8000 	C:\Windows\System32\PSAPI.DLL
0x00007ffd6bbe0000 - 0x00007ffd6bc13000 	C:\Windows\SYSTEM32\WINMM.dll
0x00007ffd42ac0000 - 0x00007ffd42ac9000 	C:\Windows\SYSTEM32\WSOCK32.dll
0x00007ffd62160000 - 0x00007ffd6216a000 	C:\Windows\SYSTEM32\VERSION.dll
0x00007ffd74ef0000 - 0x00007ffd74f5f000 	C:\Windows\System32\WS2_32.dll
0x00007ffd70eb0000 - 0x00007ffd70ec8000 	C:\Windows\SYSTEM32\kernel.appcore.dll
0x00007ffd3c710000 - 0x00007ffd3c71a000 	D:\Program Files\Zulu\zulu-17\bin\jimage.dll
0x00007ffd71dc0000 - 0x00007ffd71fe1000 	C:\Windows\SYSTEM32\DBGHELP.DLL
0x00007ffd71c90000 - 0x00007ffd71cc1000 	C:\Windows\SYSTEM32\dbgcore.DLL
0x00007ffd6e230000 - 0x00007ffd6e23e000 	D:\Program Files\Zulu\zulu-17\bin\instrument.dll
0x00007ffcfcf70000 - 0x00007ffcfcf95000 	D:\Program Files\Zulu\zulu-17\bin\java.dll
0x00007ffcdc3f0000 - 0x00007ffcdc4c7000 	D:\Program Files\Zulu\zulu-17\bin\jsvml.dll
0x00007ffd73e00000 - 0x00007ffd745b8000 	C:\Windows\System32\SHELL32.dll
0x00007ffd6fea0000 - 0x00007ffd70705000 	C:\Windows\SYSTEM32\windows.storage.dll
0x00007ffd731f0000 - 0x00007ffd73568000 	C:\Windows\System32\combase.dll
0x00007ffd6fd30000 - 0x00007ffd6fe96000 	C:\Windows\SYSTEM32\wintypes.dll
0x0000017a0bd40000 - 0x0000017a0be2a000 	C:\Windows\System32\SHCORE.dll
0x00007ffd749d0000 - 0x00007ffd74a2d000 	C:\Windows\System32\shlwapi.dll
0x00007ffd723a0000 - 0x00007ffd723c1000 	C:\Windows\SYSTEM32\profapi.dll
0x00007ffcf8de0000 - 0x00007ffcf8df8000 	D:\Program Files\Zulu\zulu-17\bin\zip.dll
0x00007ffd234b0000 - 0x00007ffd234c9000 	D:\Program Files\Zulu\zulu-17\bin\net.dll
0x00007ffd6b520000 - 0x00007ffd6b634000 	C:\Windows\SYSTEM32\WINHTTP.dll
0x00007ffd71300000 - 0x00007ffd71367000 	C:\Windows\system32\mswsock.dll
0x00007ffd03570000 - 0x00007ffd03586000 	D:\Program Files\Zulu\zulu-17\bin\nio.dll
0x00007ffd63700000 - 0x00007ffd6371a000 	D:\Program Files\JetBrains\IntelliJ IDEA Community Edition 2022.1.4\bin\breakgen64.dll
0x00007ffd3b240000 - 0x00007ffd3b250000 	D:\Program Files\Zulu\zulu-17\bin\verify.dll
0x00007ffd51ec0000 - 0x00007ffd51f35000 	C:\Users\Maxmilite\AppData\Local\Temp\lwjglMaxmilite\3.3.1-build-7\lwjgl.dll
0x00007ffd4fd50000 - 0x00007ffd4fdb1000 	C:\Users\MAXMIL~1\AppData\Local\Temp\lwjglMaxmilite\3.3.1-build-7\glfw.dll
0x00007ffd54f70000 - 0x00007ffd54fb5000 	C:\Windows\SYSTEM32\dinput8.dll
0x00007ffd536f0000 - 0x00007ffd53701000 	C:\Windows\SYSTEM32\xinput1_4.dll
0x00007ffd72190000 - 0x00007ffd721bc000 	C:\Windows\SYSTEM32\DEVOBJ.dll
0x00007ffd72140000 - 0x00007ffd7218c000 	C:\Windows\SYSTEM32\cfgmgr32.dll
0x00007ffd6f7e0000 - 0x00007ffd6f80f000 	C:\Windows\SYSTEM32\dwmapi.dll
0x00007ffd4c660000 - 0x00007ffd4c829000 	C:\Windows\SYSTEM32\inputhost.dll
0x00007ffd6ed40000 - 0x00007ffd6ee71000 	C:\Windows\SYSTEM32\CoreMessaging.dll
0x00007ffd6f300000 - 0x00007ffd6f3ac000 	C:\Windows\system32\uxtheme.dll
0x00007ffd73670000 - 0x00007ffd7378d000 	C:\Windows\System32\MSCTF.dll
0x00007ffd714f0000 - 0x00007ffd714fc000 	C:\Windows\SYSTEM32\CRYPTBASE.DLL
0x00007ffcdb350000 - 0x00007ffcdb451000 	C:\Windows\SYSTEM32\opengl32.dll
0x00007ffd38e10000 - 0x00007ffd38e3d000 	C:\Windows\SYSTEM32\GLU32.dll
0x00007ffd6f420000 - 0x00007ffd6f458000 	C:\Windows\SYSTEM32\dxcore.dll
0x00007ffd6ce30000 - 0x00007ffd6ce74000 	C:\Windows\SYSTEM32\directxdatabasehelper.dll
0x00007ffd71d80000 - 0x00007ffd71db4000 	C:\Windows\SYSTEM32\ntmarta.dll
0x0000017a0d900000 - 0x0000017a0d9b5000 	C:\Windows\System32\clbcatq.dll
0x00007ffd0b110000 - 0x00007ffd0e2ca000 	C:\Windows\System32\DriverStore\FileRepository\nvaci.inf_amd64_8ce19eb793971eee\nvoglv64.dll
0x00007ffd73790000 - 0x00007ffd73bfc000 	C:\Windows\System32\SETUPAPI.dll
0x00007ffd74d50000 - 0x00007ffd74eea000 	C:\Windows\System32\ole32.dll
0x00007ffd73570000 - 0x00007ffd73646000 	C:\Windows\System32\OLEAUT32.dll
0x00007ffd6e360000 - 0x00007ffd6e374000 	C:\Windows\SYSTEM32\WTSAPI32.dll
0x00007ffd71610000 - 0x00007ffd71622000 	C:\Windows\SYSTEM32\msasn1.dll
0x00007ffd62100000 - 0x00007ffd62131000 	C:\Windows\SYSTEM32\cryptnet.dll
0x00007ffd72c80000 - 0x00007ffd72de2000 	C:\Windows\System32\CRYPT32.dll
0x00007ffd61fb0000 - 0x00007ffd620f9000 	C:\Windows\SYSTEM32\drvstore.dll
0x00007ffd71580000 - 0x00007ffd715c1000 	C:\Windows\SYSTEM32\wldp.dll
0x0000017a0bf90000 - 0x0000017a0bff8000 	C:\Windows\System32\WINTRUST.dll
0x00007ffd3b740000 - 0x00007ffd3ba0f000 	C:\Windows\system32\nvspcap64.dll
0x00007ffd71ff0000 - 0x00007ffd7203d000 	C:\Windows\SYSTEM32\powrprof.dll
0x00007ffd719b0000 - 0x00007ffd719c3000 	C:\Windows\SYSTEM32\UMPDC.dll
0x00007ffd70960000 - 0x00007ffd709c4000 	C:\Windows\SYSTEM32\WINSTA.dll
0x00007ffd6f480000 - 0x00007ffd6f573000 	C:\Windows\system32\dxgi.dll
0x00007ffd6ace0000 - 0x00007ffd6af60000 	C:\Windows\system32\d3d11.dll
0x00007ffd40fc0000 - 0x00007ffd410d7000 	C:\Windows\System32\DriverStore\FileRepository\nvaci.inf_amd64_8ce19eb793971eee\nvldumdx.dll
0x00007ffd73650000 - 0x00007ffd7366f000 	C:\Windows\System32\imagehlp.dll
0x00007ffd72120000 - 0x00007ffd72138000 	C:\Windows\SYSTEM32\CRYPTSP.dll
0x00007ffd70e10000 - 0x00007ffd70e45000 	C:\Windows\system32\rsaenh.dll
0x00007ffd71cd0000 - 0x00007ffd71cf7000 	C:\Windows\SYSTEM32\bcrypt.dll
0x00007ffccd650000 - 0x00007ffcd004a000 	C:\Windows\System32\DriverStore\FileRepository\nvaci.inf_amd64_8ce19eb793971eee\nvwgf2umx.dll
0x00007ffd64c90000 - 0x00007ffd653d8000 	C:\Windows\SYSTEM32\nvapi64.dll
0x00007ffd2c3c0000 - 0x00007ffd2c619000 	C:\Users\MAXMIL~1\AppData\Local\Temp\lwjglMaxmilite\3.3.1-build-7\jemalloc.dll
0x00007ffd46b70000 - 0x00007ffd46c9d000 	C:\Windows\SYSTEM32\textinputframework.dll
0x00007ffd6b640000 - 0x00007ffd6b9ad000 	C:\Windows\SYSTEM32\CoreUIComponents.dll
0x00007ffd53730000 - 0x00007ffd5378d000 	C:\Users\Maxmilite\AppData\Local\Temp\lwjglMaxmilite\3.3.1-build-7\lwjgl_opengl.dll
0x0000000064a00000 - 0x000000006578a000 	C:\Users\Maxmilite\AppData\Local\Temp\imgui-java-natives_1669369929849\imgui-java64.dll
0x00007ffd40f30000 - 0x00007ffd40fb1000 	C:\Users\Maxmilite\AppData\Local\Temp\lwjglMaxmilite\3.3.1-build-7\lwjgl_stb.dll
0x00007ffd2be10000 - 0x00007ffd2c3b9000 	C:\Users\MAXMIL~1\AppData\Local\Temp\lwjglMaxmilite\3.3.1-build-7\assimp.dll

dbghelp: loaded successfully - version: 4.0.5 - missing functions: none
symbol engine: initialized successfully - sym options: 0x614 - pdb path: .;D:\Program Files\Zulu\zulu-17\bin;C:\Windows\SYSTEM32;C:\Windows\WinSxS\amd64_microsoft.windows.common-controls_6595b64144ccf1df_6.0.22000.120_none_9d947278b86cc467;C:\Program Files\MacType;D:\Program Files\Zulu\zulu-17\bin\server;D:\Program Files\JetBrains\IntelliJ IDEA Community Edition 2022.1.4\bin;C:\Users\Maxmilite\AppData\Local\Temp\lwjglMaxmilite\3.3.1-build-7;C:\Users\MAXMIL~1\AppData\Local\Temp\lwjglMaxmilite\3.3.1-build-7;C:\Windows\System32\DriverStore\FileRepository\nvaci.inf_amd64_8ce19eb793971eee;C:\Users\Maxmilite\AppData\Local\Temp\imgui-java-natives_1669369929849

VM Arguments:
jvm_args: -javaagent:D:\Program Files\JetBrains\IntelliJ IDEA Community Edition 2022.1.4\lib\idea_rt.jar=12704:D:\Program Files\JetBrains\IntelliJ IDEA Community Edition 2022.1.4\bin -Dfile.encoding=UTF-8 
java_command: sdu.revolution.Main
java_class_path (initial): D:\CodeSpace\Revolution\target\classes;C:\Users\Maxmilite\.m2\repository\org\cooder\tinylog\tinylog\1.2.2\tinylog-1.2.2.jar;C:\Users\Maxmilite\.m2\repository\org\lwjgl\lwjgl\3.3.1\lwjgl-3.3.1.jar;C:\Users\Maxmilite\.m2\repository\org\lwjgl\lwjgl-assimp\3.3.1\lwjgl-assimp-3.3.1.jar;C:\Users\Maxmilite\.m2\repository\org\lwjgl\lwjgl-bgfx\3.3.1\lwjgl-bgfx-3.3.1.jar;C:\Users\Maxmilite\.m2\repository\org\lwjgl\lwjgl-cuda\3.3.1\lwjgl-cuda-3.3.1.jar;C:\Users\Maxmilite\.m2\repository\org\lwjgl\lwjgl-egl\3.3.1\lwjgl-egl-3.3.1.jar;C:\Users\Maxmilite\.m2\repository\org\lwjgl\lwjgl-glfw\3.3.1\lwjgl-glfw-3.3.1.jar;C:\Users\Maxmilite\.m2\repository\org\lwjgl\lwjgl-jawt\3.3.1\lwjgl-jawt-3.3.1.jar;C:\Users\Maxmilite\.m2\repository\org\lwjgl\lwjgl-jemalloc\3.3.1\lwjgl-jemalloc-3.3.1.jar;C:\Users\Maxmilite\.m2\repository\org\lwjgl\lwjgl-libdivide\3.3.1\lwjgl-libdivide-3.3.1.jar;C:\Users\Maxmilite\.m2\repository\org\lwjgl\lwjgl-llvm\3.3.1\lwjgl-llvm-3.3.1.jar;C:\Users\Maxmilite\.m2\repository\org\lwjgl\lwjgl-lmdb\3.3.1\lwjgl-lmdb-3.3.1.jar;C:\Users\Maxmilite\.m2\repository\org\lwjgl\lwjgl-lz4\3.3.1\lwjgl-lz4-3.3.1.jar;C:\Users\Maxmilite\.m2\repository\org\lwjgl\lwjgl-meow\3.3.1\lwjgl-meow-3.3.1.jar;C:\Users\Maxmilite\.m2\repository\org\lwjgl\lwjgl-meshoptimizer\3.3.1\lwjgl-meshoptimizer-3.3.1.jar;C:\Users\Maxmilite\.m2\repository\org\lwjgl\lwjgl-nanovg\3.3.1\lwjgl-nanovg-3.3.1.jar;C:\Users\Maxmilite\.m2\repository\org\lwjgl\lwjgl-nfd\3.3.1\lwjgl-nfd-3.3.1.jar;C:\Users\Maxmilite\.m2\repository\org\lwjgl\lwjgl-nuklear\3.3.1\lwjgl-nuklear-3.3.1.jar;C:\Users\Maxmilite\.m2\repository\org\lwjgl\lwjgl-odbc\3.3.1\lwjgl-odbc-3.3.1.jar;C:\Users\Maxmilite\.m2\repository\org\lwjgl\lwjgl-openal\3.3.1\lwjgl-openal-3.3.1.jar;C:\Users\Maxmilite\.m2\repository\org\lwjgl\lwjgl-opencl\3.3.1\lwjgl-opencl-3.3.1.jar;C:\Users\Maxmilite\.m2\repository\org\lwjgl\lwjgl-opengl\3.3.1\lwjgl-opengl-3.3.1.jar;C:\Users\Maxmilite\.m2\repository\org\lwjgl\lwjgl-opengles\3.3.1\lwjgl-opengles
Launcher Type: SUN_STANDARD

[Global flags]
     intx CICompilerCount                          = 12                                        {product} {ergonomic}
     uint ConcGCThreads                            = 3                                         {product} {ergonomic}
     uint G1ConcRefinementThreads                  = 13                                        {product} {ergonomic}
   size_t G1HeapRegionSize                         = 2097152                                   {product} {ergonomic}
    uintx GCDrainStackTargetSize                   = 64                                        {product} {ergonomic}
   size_t InitialHeapSize                          = 264241152                                 {product} {ergonomic}
   size_t MarkStackSize                            = 4194304                                   {product} {ergonomic}
   size_t MaxHeapSize                              = 4219469824                                {product} {ergonomic}
   size_t MaxNewSize                               = 2531262464                                {product} {ergonomic}
   size_t MinHeapDeltaBytes                        = 2097152                                   {product} {ergonomic}
   size_t MinHeapSize                              = 8388608                                   {product} {ergonomic}
    uintx NonNMethodCodeHeapSize                   = 7602480                                {pd product} {ergonomic}
    uintx NonProfiledCodeHeapSize                  = 122027880                              {pd product} {ergonomic}
    uintx ProfiledCodeHeapSize                     = 122027880                              {pd product} {ergonomic}
    uintx ReservedCodeCacheSize                    = 251658240                              {pd product} {ergonomic}
     bool SegmentedCodeCache                       = true                                      {product} {ergonomic}
   size_t SoftMaxHeapSize                          = 4219469824                             {manageable} {ergonomic}
     bool UseCompressedClassPointers               = true                           {product lp64_product} {ergonomic}
     bool UseCompressedOops                        = true                           {product lp64_product} {ergonomic}
     bool UseG1GC                                  = true                                      {product} {ergonomic}
     bool UseLargePagesIndividualAllocation        = false                                  {pd product} {ergonomic}

Logging:
Log output configuration:
 #0: stdout all=warning uptime,level,tags
 #1: stderr all=off uptime,level,tags

Environment Variables:
JAVA_HOME=D:\Program Files\Zulu\zulu-17\
PATH=D:\Program Files (x86)\VMware\VMware Workstation\bin\;C:\Program Files (x86)\Common Files\Intel\Shared Libraries\redist\intel64\compiler;D:\Program Files\Zulu\zulu-17\bin\;C:\Windows\system32;C:\Windows;C:\Windows\System32\Wbem;C:\Windows\System32\WindowsPowerShell\v1.0\;C:\Windows\System32\OpenSSH\;C:\Program Files (x86)\NVIDIA Corporation\PhysX\Common;D:\Program Files\Bandizip\Bandizip;C:\Program Files\dotnet\;D:\TDM-GCC-64\bin;D:\Program Files\nodejs\;C:\ProgramData\chocolatey\bin;D:\Program Files\Git\cmd;D:\Program Files (x86)\NetSarang\Xshell 7\;C:\Program Files\NVIDIA Corporation\NVIDIA NvDLISR;D:\Program Files\IDM Computer Solutions\UltraEdit;C:\Program Files\Pandoc\;E:\Program Files\MATLAB\R2020a\bin;D:\Program Files\Python\Python310\Scripts\;D:\Program Files\Python\Python310\;C:\Users\Maxmilite\AppData\Local\Microsoft\WindowsApps;D:\Program Files\Microsoft VS Code\bin;C:\Users\Maxmilite\AppData\Roaming\npm;C:\Users\Maxmilite\AppData\Local\GitHubDesktop\bin;D:\Tools\ADB;D:\Tools\kotlin-native-windows-x86_64-1.7.10\bin;E:\texlive\2022\bin\win32;C:\Program Files\Pandoc;
USERNAME=Maxmilite
OS=Windows_NT
PROCESSOR_IDENTIFIER=Intel64 Family 6 Model 154 Stepping 3, GenuineIntel



---------------  S Y S T E M  ---------------

OS:
 Windows 11 , 64 bit Build 22000 (10.0.22000.1219)
OS uptime: 0 days 1:51 hours
Hyper-V role detected

CPU: total 16 (initial active 16) (8 cores per cpu, 2 threads per core) family 6 model 154 stepping 3 microcode 0x41b, cx8, cmov, fxsr, ht, mmx, 3dnowpref, sse, sse2, sse3, ssse3, sse4.1, sse4.2, popcnt, lzcnt, tsc, tscinvbit, avx, avx2, aes, erms, clmul, bmi1, bmi2, adx, sha, fma, vzeroupper, clflush, clflushopt, clwb, hv

Memory: 4k page, system-wide physical 16088M (3988M free)
TotalPageFile size 28376M (AvailPageFile size 11009M)
current process WorkingSet (physical memory assigned to process): 207M, peak: 208M
current process commit charge ("private bytes"): 537M, peak: 538M

vm_info: OpenJDK 64-Bit Server VM (17.0.3+7-LTS) for windows-amd64 JRE (17.0.3+7-LTS) (Zulu17.34+19-CA), built on Apr 17 2022 09:18:41 by "zulu_re" with MS VC++ 16.10 / 16.11 (VS2019)

END.
