#
# A fatal error has been detected by the Java Runtime Environment:
#
#  EXCEPTION_ACCESS_VIOLATION (0xc0000005) at pc=0x0000000064a886a7, pid=23880, tid=24056
#
# JRE version: OpenJDK Runtime Environment Zulu17.34+19-CA (17.0.3+7) (build 17.0.3+7-LTS)
# Java VM: OpenJDK 64-Bit Server VM Zulu17.34+19-CA (17.0.3+7-LTS, mixed mode, sharing, tiered, compressed oops, compressed class ptrs, g1 gc, windows-amd64)
# Problematic frame:
# C  [imgui-java64.dll+0x886a7]
#
# No core dump will be written. Minidumps are not enabled by default on client versions of Windows
#
# If you would like to submit a bug report, please visit:
#   http://www.azul.com/support/
# The crash happened outside the Java Virtual Machine in native code.
# See problematic frame for where to report the bug.
#

---------------  S U M M A R Y ------------

Command Line: -javaagent:D:\Program Files\JetBrains\IntelliJ IDEA Community Edition 2022.1.4\lib\idea_rt.jar=9322:D:\Program Files\JetBrains\IntelliJ IDEA Community Edition 2022.1.4\bin -Dfile.encoding=UTF-8 sdu.revolution.Main

Host: 12th Gen Intel(R) Core(TM) i5-12500H, 16 cores, 15G,  Windows 11 , 64 bit Build 22000 (10.0.22000.1219)
Time: Sat Nov 26 10:19:06 2022 China Standard Time elapsed time: 7.610846 seconds (0d 0h 0m 7s)

---------------  T H R E A D  ---------------

Current thread (0x00000215451244e0):  JavaThread "main" [_thread_in_native, id=24056, stack(0x00000087aae00000,0x00000087aaf00000)]

Stack: [0x00000087aae00000,0x00000087aaf00000],  sp=0x00000087aaeff430,  free space=1021k
Native frames: (J=compiled Java code, j=interpreted, Vv=VM code, C=native code)
C  [imgui-java64.dll+0x886a7]

Java frames: (J=compiled Java code, j=interpreted, Vv=VM code)
j  imgui.ImDrawData.getCmdListsCount()I+0
j  sdu.revolution.engine.graph.GuiRender.render(Lsdu/revolution/engine/scene/Scene;)V+140
j  sdu.revolution.engine.graph.Render.render(Lsdu/revolution/engine/main/Window;Lsdu/revolution/engine/scene/Scene;)V+40
j  sdu.revolution.engine.main.Engine.run()V+242
j  sdu.revolution.engine.main.Engine.start()V+6
j  sdu.revolution.Main.main([Ljava/lang/String;)V+107
v  ~StubRoutines::call_stub

siginfo: EXCEPTION_ACCESS_VIOLATION (0xc0000005), reading address 0x0000000000000004


Register to memory mapping:

RIP=0x0000000064a886a7 imgui-java64.dll
RAX=0x0 is NULL
RBX={method} {0x000002156a2b7670} 'getCmdListsCount' '()I' in 'imgui/ImDrawData'
RCX=0x0000021545124790 points into unknown readable memory: 0x000002156aa7b480 | 80 b4 a7 6a 15 02 00 00
RDX=0x00000087aaeff500 is pointing into the stack for thread: 0x00000215451244e0
RSP=0x00000087aaeff430 is pointing into the stack for thread: 0x00000215451244e0
RBP=0x00000087aaeff4e0 is pointing into the stack for thread: 0x00000215451244e0
RSI=0x0 is NULL
RDI=0x000002154cfc95cd is at code_begin+1325 in an Interpreter codelet
return entry points  [0x000002154cfc90a0, 0x000002154cfc9ba0]  2816 bytes
R8 =0x0000000000000042 is an unknown value
R9 =0x0000000704a6c780 is an oop: imgui.ImDrawData 
{0x0000000704a6c780} - klass: 'imgui/ImDrawData'
 - ---- fields (total size 3 words):
 - public 'ptr' 'J' @16  0 (0 0)
R10=0x00007ff85c334960 jvm.dll
R11=0x0000000000000010 is an unknown value
R12=0x0000021545124790 points into unknown readable memory: 0x000002156aa7b480 | 80 b4 a7 6a 15 02 00 00
R13=0x00000087aaeff500 is pointing into the stack for thread: 0x00000215451244e0
R14=0x00000087aaeff500 is pointing into the stack for thread: 0x00000215451244e0
R15=0x00000215451244e0 is a thread


Registers:
RAX=0x0000000000000000, RBX=0x000002156a2b7668, RCX=0x0000021545124790, RDX=0x00000087aaeff500
RSP=0x00000087aaeff430, RBP=0x00000087aaeff4e0, RSI=0x0000000000000000, RDI=0x000002154cfc95cd
R8 =0x0000000000000042, R9 =0x0000000704a6c780, R10=0x00007ff85c334960, R11=0x0000000000000010
R12=0x0000021545124790, R13=0x00000087aaeff500, R14=0x00000087aaeff500, R15=0x00000215451244e0
RIP=0x0000000064a886a7, EFLAGS=0x0000000000010246

Top of Stack: (sp=0x00000087aaeff430)
0x00000087aaeff430:   000002154cfc95cd 000002154cfcd48e
0x00000087aaeff440:   000002156a2b7668 000002156a2b7668
0x00000087aaeff450:   000002156a2b7668 0000000000000000
0x00000087aaeff460:   000002156a2b7668 000002154cfcd621
0x00000087aaeff470:   000002156a2b7668 0000000000000000
0x00000087aaeff480:   00000087aaeff4a8 0000000000000000
0x00000087aaeff490:   000002154cfcd2f6 00000087aaeff498
0x00000087aaeff4a0:   000002156a2b7668 00000087aaeff500
0x00000087aaeff4b0:   000002156a2b8348 0000000000000000
0x00000087aaeff4c0:   0000000704a6ce48 000002156a2b7668
0x00000087aaeff4d0:   0000000000000000 00000087aaeff500
0x00000087aaeff4e0:   00000087aaeff550 000002154cfc9612
0x00000087aaeff4f0:   0000000000000000 000002154cfcaf76
0x00000087aaeff500:   0000000704a6c780 00000087aaeff508
0x00000087aaeff510:   000002156a2673ec 00000087aaeff5b8
0x00000087aaeff520:   000002156a2676c0 0000000000000000 

Instructions: (pc=0x0000000064a886a7)
0x0000000064a885a7:   83 c4 20 5b 41 5c 41 5d c3 41 56 41 55 41 54 56
0x0000000064a885b7:   53 48 83 ec 20 8b 74 24 70 49 89 cd 49 89 d6 49
0x0000000064a885c7:   63 d8 4d 89 cc 4d 85 c9 74 0f 48 8b 01 4c 89 ca
0x0000000064a885d7:   ff 90 30 07 00 00 49 89 c4 e8 3b 05 11 00 4d 8b
0x0000000064a885e7:   4d 00 4c 89 f2 4c 89 e9 49 89 c0 41 ff 91 28 03
0x0000000064a885f7:   00 00 4c 63 c6 4c 89 e1 48 8b 40 10 48 8b 04 d8
0x0000000064a88607:   48 8b 50 28 48 83 c4 20 5b 5e 41 5c 41 5d 41 5e
0x0000000064a88617:   e9 84 91 12 00 0f 1f 40 00 b8 14 00 00 00 c3 66
0x0000000064a88627:   2e 0f 1f 84 00 00 00 00 00 b8 02 00 00 00 c3 66
0x0000000064a88637:   2e 0f 1f 84 00 00 00 00 00 41 55 41 54 48 83 ec
0x0000000064a88647:   28 49 89 cc 49 89 d5 e8 cd 04 11 00 4d 8b 0c 24
0x0000000064a88657:   4c 89 ea 4c 89 e1 49 89 c0 41 ff 91 28 03 00 00
0x0000000064a88667:   0f b6 00 48 83 c4 28 41 5c 41 5d c3 66 66 2e 0f
0x0000000064a88677:   1f 84 00 00 00 00 00 66 90 41 55 41 54 48 83 ec
0x0000000064a88687:   28 49 89 cc 49 89 d5 e8 8d 04 11 00 4d 8b 0c 24
0x0000000064a88697:   4c 89 ea 4c 89 e1 49 89 c0 41 ff 91 28 03 00 00
0x0000000064a886a7:   8b 40 04 48 83 c4 28 41 5c 41 5d c3 66 66 2e 0f
0x0000000064a886b7:   1f 84 00 00 00 00 00 66 90 41 55 41 54 48 83 ec
0x0000000064a886c7:   28 49 89 cc 49 89 d5 e8 4d 04 11 00 4d 8b 0c 24
0x0000000064a886d7:   4c 89 ea 4c 89 e1 49 89 c0 41 ff 91 28 03 00 00
0x0000000064a886e7:   8b 40 08 48 83 c4 28 41 5c 41 5d c3 66 66 2e 0f
0x0000000064a886f7:   1f 84 00 00 00 00 00 66 90 41 55 41 54 48 83 ec
0x0000000064a88707:   28 49 89 cc 49 89 d5 e8 0d 04 11 00 4d 8b 0c 24
0x0000000064a88717:   4c 89 ea 4c 89 e1 49 89 c0 41 ff 91 28 03 00 00
0x0000000064a88727:   8b 40 0c 48 83 c4 28 41 5c 41 5d c3 66 66 2e 0f
0x0000000064a88737:   1f 84 00 00 00 00 00 66 90 41 55 41 54 53 48 83
0x0000000064a88747:   ec 20 49 89 cc 4c 89 c3 49 89 d5 e8 c9 03 11 00
0x0000000064a88757:   4d 8b 0c 24 4c 89 ea 4c 89 e1 49 89 c0 41 ff 91
0x0000000064a88767:   28 03 00 00 49 89 d8 4c 89 e1 48 8d 50 18 48 83
0x0000000064a88777:   c4 20 5b 41 5c 41 5d e9 dd 08 11 00 66 66 2e 0f
0x0000000064a88787:   1f 84 00 00 00 00 00 66 90 41 55 41 54 48 83 ec
0x0000000064a88797:   28 49 89 cc 49 89 d5 e8 7d 03 11 00 4d 8b 0c 24 


Stack slot to memory mapping:
stack at sp + 0 slots: 0x000002154cfc95cd is at code_begin+1325 in an Interpreter codelet
return entry points  [0x000002154cfc90a0, 0x000002154cfc9ba0]  2816 bytes
stack at sp + 1 slots: 0x000002154cfcd48e is at code_begin+590 in an Interpreter codelet
method entry point (kind = native)  [0x000002154cfcd240, 0x000002154cfcdbc0]  2432 bytes
stack at sp + 2 slots: {method} {0x000002156a2b7670} 'getCmdListsCount' '()I' in 'imgui/ImDrawData'
stack at sp + 3 slots: {method} {0x000002156a2b7670} 'getCmdListsCount' '()I' in 'imgui/ImDrawData'
stack at sp + 4 slots: {method} {0x000002156a2b7670} 'getCmdListsCount' '()I' in 'imgui/ImDrawData'
stack at sp + 5 slots: 0x0 is NULL
stack at sp + 6 slots: {method} {0x000002156a2b7670} 'getCmdListsCount' '()I' in 'imgui/ImDrawData'
stack at sp + 7 slots: 0x000002154cfcd621 is at code_begin+993 in an Interpreter codelet
method entry point (kind = native)  [0x000002154cfcd240, 0x000002154cfcdbc0]  2432 bytes


---------------  P R O C E S S  ---------------

Threads class SMR info:
_java_thread_list=0x000002156b6be600, length=20, elements={
0x00000215451244e0, 0x0000021569608740, 0x000002156960b220, 0x0000021569632220,
0x0000021569632af0, 0x00000215696333c0, 0x0000021569624c20, 0x00000215696254f0,
0x0000021569625e00, 0x0000021569626710, 0x0000021569753130, 0x000002156a6678b0,
0x000002156a667d90, 0x00000215746c1850, 0x0000021574be8170, 0x0000021574cd6ff0,
0x0000021574cd8950, 0x0000021574cd8e70, 0x0000021574caa010, 0x000002156a565060
}

Java Threads: ( => current thread )
=>0x00000215451244e0 JavaThread "main" [_thread_in_native, id=24056, stack(0x00000087aae00000,0x00000087aaf00000)]
  0x0000021569608740 JavaThread "Reference Handler" daemon [_thread_blocked, id=19156, stack(0x00000087ab500000,0x00000087ab600000)]
  0x000002156960b220 JavaThread "Finalizer" daemon [_thread_blocked, id=21400, stack(0x00000087ab600000,0x00000087ab700000)]
  0x0000021569632220 JavaThread "Signal Dispatcher" daemon [_thread_blocked, id=13084, stack(0x00000087ab700000,0x00000087ab800000)]
  0x0000021569632af0 JavaThread "Attach Listener" daemon [_thread_blocked, id=12352, stack(0x00000087ab800000,0x00000087ab900000)]
  0x00000215696333c0 JavaThread "Service Thread" daemon [_thread_blocked, id=9708, stack(0x00000087ab900000,0x00000087aba00000)]
  0x0000021569624c20 JavaThread "Monitor Deflation Thread" daemon [_thread_blocked, id=22536, stack(0x00000087aba00000,0x00000087abb00000)]
  0x00000215696254f0 JavaThread "C2 CompilerThread0" daemon [_thread_blocked, id=7208, stack(0x00000087abb00000,0x00000087abc00000)]
  0x0000021569625e00 JavaThread "C1 CompilerThread0" daemon [_thread_blocked, id=24024, stack(0x00000087abc00000,0x00000087abd00000)]
  0x0000021569626710 JavaThread "Sweeper thread" daemon [_thread_blocked, id=10920, stack(0x00000087abd00000,0x00000087abe00000)]
  0x0000021569753130 JavaThread "Common-Cleaner" daemon [_thread_blocked, id=8056, stack(0x00000087abf00000,0x00000087ac000000)]
  0x000002156a6678b0 JavaThread "Monitor Ctrl-Break" daemon [_thread_in_native, id=23560, stack(0x00000087ac300000,0x00000087ac400000)]
  0x000002156a667d90 JavaThread "Notification Thread" daemon [_thread_blocked, id=18988, stack(0x00000087ac400000,0x00000087ac500000)]
  0x00000215746c1850 JavaThread "C2 CompilerThread1" daemon [_thread_blocked, id=21916, stack(0x00000087abe00000,0x00000087abf00000)]
  0x0000021574be8170 JavaThread "C1 CompilerThread1" daemon [_thread_blocked, id=8976, stack(0x00000087ac000000,0x00000087ac100000)]
  0x0000021574cd6ff0 JavaThread "C1 CompilerThread2" daemon [_thread_blocked, id=24372, stack(0x00000087ac100000,0x00000087ac200000)]
  0x0000021574cd8950 JavaThread "C2 CompilerThread2" daemon [_thread_blocked, id=5428, stack(0x00000087ac200000,0x00000087ac300000)]
  0x0000021574cd8e70 JavaThread "C2 CompilerThread3" daemon [_thread_blocked, id=23368, stack(0x00000087ad700000,0x00000087ad800000)]
  0x0000021574caa010 JavaThread "C1 CompilerThread3" daemon [_thread_blocked, id=10160, stack(0x00000087ada00000,0x00000087adb00000)]
  0x000002156a565060 JavaThread "pool-1-thread-1" [_thread_blocked, id=6908, stack(0x00000087ad900000,0x00000087ada00000)]

Other Threads:
  0x00000215696059a0 VMThread "VM Thread" [stack: 0x00000087ab400000,0x00000087ab500000] [id=23488]
  0x000002154516c300 WatcherThread [stack: 0x00000087ac500000,0x00000087ac600000] [id=14144]
  0x000002155cfb0a10 GCTaskThread "GC Thread#0" [stack: 0x00000087aaf00000,0x00000087ab000000] [id=19552]
  0x000002156bf22390 GCTaskThread "GC Thread#1" [stack: 0x00000087ace00000,0x00000087acf00000] [id=11272]
  0x000002156bf22bd0 GCTaskThread "GC Thread#2" [stack: 0x00000087acf00000,0x00000087ad000000] [id=12956]
  0x000002156bf23410 GCTaskThread "GC Thread#3" [stack: 0x00000087ad000000,0x00000087ad100000] [id=24304]
  0x0000021574470ac0 GCTaskThread "GC Thread#4" [stack: 0x00000087ad100000,0x00000087ad200000] [id=22788]
  0x000002157446ec80 GCTaskThread "GC Thread#5" [stack: 0x00000087ad200000,0x00000087ad300000] [id=9904]
  0x000002157446dc00 GCTaskThread "GC Thread#6" [stack: 0x00000087ad300000,0x00000087ad400000] [id=13644]
  0x0000021574470d80 GCTaskThread "GC Thread#7" [stack: 0x00000087ad400000,0x00000087ad500000] [id=4344]
  0x0000021574470280 GCTaskThread "GC Thread#8" [stack: 0x00000087ad500000,0x00000087ad600000] [id=11920]
  0x000002157446f200 GCTaskThread "GC Thread#9" [stack: 0x00000087ad600000,0x00000087ad700000] [id=21716]
  0x0000021545167410 ConcurrentGCThread "G1 Main Marker" [stack: 0x00000087ab000000,0x00000087ab100000] [id=6700]
  0x0000021545168be0 ConcurrentGCThread "G1 Conc#0" [stack: 0x00000087ab100000,0x00000087ab200000] [id=13164]
  0x000002155d0b40f0 ConcurrentGCThread "G1 Refine#0" [stack: 0x00000087ab200000,0x00000087ab300000] [id=24360]
  0x000002155d0b47d0 ConcurrentGCThread "G1 Service" [stack: 0x00000087ab300000,0x00000087ab400000] [id=7908]

Threads with active compile tasks:

VM state: not at safepoint (normal execution)

VM Mutex/Monitor currently owned by a thread: None

Heap address: 0x0000000704800000, size: 4024 MB, Compressed Oops mode: Zero based, Oop shift amount: 3

CDS archive(s) mapped at: [0x0000000800000000-0x0000000800c00000-0x0000000800c00000), size 12582912, SharedBaseAddress: 0x0000000800000000, ArchiveRelocationMode: 0.
Compressed class space mapped at: 0x0000000800c00000-0x0000000840c00000, reserved size: 1073741824
Narrow klass base: 0x0000000800000000, Narrow klass shift: 0, Narrow klass range: 0x100000000

GC Precious Log:
 CPUs: 16 total, 16 available
 Memory: 16088M
 Large Page Support: Disabled
 NUMA Support: Disabled
 Compressed Oops: Enabled (Zero based)
 Heap Region Size: 2M
 Heap Min Capacity: 8M
 Heap Initial Capacity: 252M
 Heap Max Capacity: 4024M
 Pre-touch: Disabled
 Parallel Workers: 13
 Concurrent Workers: 3
 Concurrent Refinement Workers: 13
 Periodic GC: Disabled

Heap:
 garbage-first heap   total 258048K, used 49734K [0x0000000704800000, 0x0000000800000000)
  region size 2048K, 23 young (47104K), 1 survivors (2048K)
 Metaspace       used 11871K, committed 12096K, reserved 1064960K
  class space    used 900K, committed 1024K, reserved 1048576K

Heap Regions: E=young(eden), S=young(survivor), O=old, HS=humongous(starts), HC=humongous(continues), CS=collection set, F=free, OA=open archive, CA=closed archive, TAMS=top-at-mark-start (previous, next)
|   0|0x0000000704800000, 0x0000000704a00000, 0x0000000704a00000|100%| O|  |TAMS 0x0000000704800000, 0x0000000704800000| Untracked 
|   1|0x0000000704a00000, 0x0000000704c00000, 0x0000000704c00000|100%| O|  |TAMS 0x0000000704a00000, 0x0000000704a00000| Untracked 
|   2|0x0000000704c00000, 0x0000000704cd1600, 0x0000000704e00000| 40%| O|  |TAMS 0x0000000704c00000, 0x0000000704c00000| Untracked 
|   3|0x0000000704e00000, 0x0000000704e00000, 0x0000000705000000|  0%| F|  |TAMS 0x0000000704e00000, 0x0000000704e00000| Untracked 
|   4|0x0000000705000000, 0x0000000705000000, 0x0000000705200000|  0%| F|  |TAMS 0x0000000705000000, 0x0000000705000000| Untracked 
|   5|0x0000000705200000, 0x0000000705200000, 0x0000000705400000|  0%| F|  |TAMS 0x0000000705200000, 0x0000000705200000| Untracked 
|   6|0x0000000705400000, 0x0000000705400000, 0x0000000705600000|  0%| F|  |TAMS 0x0000000705400000, 0x0000000705400000| Untracked 
|   7|0x0000000705600000, 0x0000000705600000, 0x0000000705800000|  0%| F|  |TAMS 0x0000000705600000, 0x0000000705600000| Untracked 
|   8|0x0000000705800000, 0x0000000705800000, 0x0000000705a00000|  0%| F|  |TAMS 0x0000000705800000, 0x0000000705800000| Untracked 
|   9|0x0000000705a00000, 0x0000000705a00000, 0x0000000705c00000|  0%| F|  |TAMS 0x0000000705a00000, 0x0000000705a00000| Untracked 
|  10|0x0000000705c00000, 0x0000000705c00000, 0x0000000705e00000|  0%| F|  |TAMS 0x0000000705c00000, 0x0000000705c00000| Untracked 
|  11|0x0000000705e00000, 0x0000000705e00000, 0x0000000706000000|  0%| F|  |TAMS 0x0000000705e00000, 0x0000000705e00000| Untracked 
|  12|0x0000000706000000, 0x0000000706000000, 0x0000000706200000|  0%| F|  |TAMS 0x0000000706000000, 0x0000000706000000| Untracked 
|  13|0x0000000706200000, 0x0000000706200000, 0x0000000706400000|  0%| F|  |TAMS 0x0000000706200000, 0x0000000706200000| Untracked 
|  14|0x0000000706400000, 0x0000000706400000, 0x0000000706600000|  0%| F|  |TAMS 0x0000000706400000, 0x0000000706400000| Untracked 
|  15|0x0000000706600000, 0x0000000706600000, 0x0000000706800000|  0%| F|  |TAMS 0x0000000706600000, 0x0000000706600000| Untracked 
|  16|0x0000000706800000, 0x0000000706800000, 0x0000000706a00000|  0%| F|  |TAMS 0x0000000706800000, 0x0000000706800000| Untracked 
|  17|0x0000000706a00000, 0x0000000706a00000, 0x0000000706c00000|  0%| F|  |TAMS 0x0000000706a00000, 0x0000000706a00000| Untracked 
|  18|0x0000000706c00000, 0x0000000706c00000, 0x0000000706e00000|  0%| F|  |TAMS 0x0000000706c00000, 0x0000000706c00000| Untracked 
|  19|0x0000000706e00000, 0x0000000706e00000, 0x0000000707000000|  0%| F|  |TAMS 0x0000000706e00000, 0x0000000706e00000| Untracked 
|  20|0x0000000707000000, 0x0000000707000000, 0x0000000707200000|  0%| F|  |TAMS 0x0000000707000000, 0x0000000707000000| Untracked 
|  21|0x0000000707200000, 0x0000000707200000, 0x0000000707400000|  0%| F|  |TAMS 0x0000000707200000, 0x0000000707200000| Untracked 
|  22|0x0000000707400000, 0x0000000707400000, 0x0000000707600000|  0%| F|  |TAMS 0x0000000707400000, 0x0000000707400000| Untracked 
|  23|0x0000000707600000, 0x0000000707600000, 0x0000000707800000|  0%| F|  |TAMS 0x0000000707600000, 0x0000000707600000| Untracked 
|  24|0x0000000707800000, 0x0000000707800000, 0x0000000707a00000|  0%| F|  |TAMS 0x0000000707800000, 0x0000000707800000| Untracked 
|  25|0x0000000707a00000, 0x0000000707a00000, 0x0000000707c00000|  0%| F|  |TAMS 0x0000000707a00000, 0x0000000707a00000| Untracked 
|  26|0x0000000707c00000, 0x0000000707c00000, 0x0000000707e00000|  0%| F|  |TAMS 0x0000000707c00000, 0x0000000707c00000| Untracked 
|  27|0x0000000707e00000, 0x0000000707e00000, 0x0000000708000000|  0%| F|  |TAMS 0x0000000707e00000, 0x0000000707e00000| Untracked 
|  28|0x0000000708000000, 0x0000000708000000, 0x0000000708200000|  0%| F|  |TAMS 0x0000000708000000, 0x0000000708000000| Untracked 
|  29|0x0000000708200000, 0x0000000708200000, 0x0000000708400000|  0%| F|  |TAMS 0x0000000708200000, 0x0000000708200000| Untracked 
|  30|0x0000000708400000, 0x0000000708400000, 0x0000000708600000|  0%| F|  |TAMS 0x0000000708400000, 0x0000000708400000| Untracked 
|  31|0x0000000708600000, 0x0000000708600000, 0x0000000708800000|  0%| F|  |TAMS 0x0000000708600000, 0x0000000708600000| Untracked 
|  32|0x0000000708800000, 0x0000000708800000, 0x0000000708a00000|  0%| F|  |TAMS 0x0000000708800000, 0x0000000708800000| Untracked 
|  33|0x0000000708a00000, 0x0000000708a00000, 0x0000000708c00000|  0%| F|  |TAMS 0x0000000708a00000, 0x0000000708a00000| Untracked 
|  34|0x0000000708c00000, 0x0000000708c00000, 0x0000000708e00000|  0%| F|  |TAMS 0x0000000708c00000, 0x0000000708c00000| Untracked 
|  35|0x0000000708e00000, 0x0000000708e00000, 0x0000000709000000|  0%| F|  |TAMS 0x0000000708e00000, 0x0000000708e00000| Untracked 
|  36|0x0000000709000000, 0x0000000709000000, 0x0000000709200000|  0%| F|  |TAMS 0x0000000709000000, 0x0000000709000000| Untracked 
|  37|0x0000000709200000, 0x0000000709200000, 0x0000000709400000|  0%| F|  |TAMS 0x0000000709200000, 0x0000000709200000| Untracked 
|  38|0x0000000709400000, 0x0000000709400000, 0x0000000709600000|  0%| F|  |TAMS 0x0000000709400000, 0x0000000709400000| Untracked 
|  39|0x0000000709600000, 0x0000000709600000, 0x0000000709800000|  0%| F|  |TAMS 0x0000000709600000, 0x0000000709600000| Untracked 
|  40|0x0000000709800000, 0x0000000709800000, 0x0000000709a00000|  0%| F|  |TAMS 0x0000000709800000, 0x0000000709800000| Untracked 
|  41|0x0000000709a00000, 0x0000000709a00000, 0x0000000709c00000|  0%| F|  |TAMS 0x0000000709a00000, 0x0000000709a00000| Untracked 
|  42|0x0000000709c00000, 0x0000000709c00000, 0x0000000709e00000|  0%| F|  |TAMS 0x0000000709c00000, 0x0000000709c00000| Untracked 
|  43|0x0000000709e00000, 0x0000000709e00000, 0x000000070a000000|  0%| F|  |TAMS 0x0000000709e00000, 0x0000000709e00000| Untracked 
|  44|0x000000070a000000, 0x000000070a000000, 0x000000070a200000|  0%| F|  |TAMS 0x000000070a000000, 0x000000070a000000| Untracked 
|  45|0x000000070a200000, 0x000000070a200000, 0x000000070a400000|  0%| F|  |TAMS 0x000000070a200000, 0x000000070a200000| Untracked 
|  46|0x000000070a400000, 0x000000070a400000, 0x000000070a600000|  0%| F|  |TAMS 0x000000070a400000, 0x000000070a400000| Untracked 
|  47|0x000000070a600000, 0x000000070a600000, 0x000000070a800000|  0%| F|  |TAMS 0x000000070a600000, 0x000000070a600000| Untracked 
|  48|0x000000070a800000, 0x000000070a800000, 0x000000070aa00000|  0%| F|  |TAMS 0x000000070a800000, 0x000000070a800000| Untracked 
|  49|0x000000070aa00000, 0x000000070aa00000, 0x000000070ac00000|  0%| F|  |TAMS 0x000000070aa00000, 0x000000070aa00000| Untracked 
|  50|0x000000070ac00000, 0x000000070ac00000, 0x000000070ae00000|  0%| F|  |TAMS 0x000000070ac00000, 0x000000070ac00000| Untracked 
|  51|0x000000070ae00000, 0x000000070ae00000, 0x000000070b000000|  0%| F|  |TAMS 0x000000070ae00000, 0x000000070ae00000| Untracked 
|  52|0x000000070b000000, 0x000000070b000000, 0x000000070b200000|  0%| F|  |TAMS 0x000000070b000000, 0x000000070b000000| Untracked 
|  53|0x000000070b200000, 0x000000070b200000, 0x000000070b400000|  0%| F|  |TAMS 0x000000070b200000, 0x000000070b200000| Untracked 
|  54|0x000000070b400000, 0x000000070b400000, 0x000000070b600000|  0%| F|  |TAMS 0x000000070b400000, 0x000000070b400000| Untracked 
|  55|0x000000070b600000, 0x000000070b600000, 0x000000070b800000|  0%| F|  |TAMS 0x000000070b600000, 0x000000070b600000| Untracked 
|  56|0x000000070b800000, 0x000000070b800000, 0x000000070ba00000|  0%| F|  |TAMS 0x000000070b800000, 0x000000070b800000| Untracked 
|  57|0x000000070ba00000, 0x000000070ba00000, 0x000000070bc00000|  0%| F|  |TAMS 0x000000070ba00000, 0x000000070ba00000| Untracked 
|  58|0x000000070bc00000, 0x000000070bc00000, 0x000000070be00000|  0%| F|  |TAMS 0x000000070bc00000, 0x000000070bc00000| Untracked 
|  59|0x000000070be00000, 0x000000070be00000, 0x000000070c000000|  0%| F|  |TAMS 0x000000070be00000, 0x000000070be00000| Untracked 
|  60|0x000000070c000000, 0x000000070c000000, 0x000000070c200000|  0%| F|  |TAMS 0x000000070c000000, 0x000000070c000000| Untracked 
|  61|0x000000070c200000, 0x000000070c200000, 0x000000070c400000|  0%| F|  |TAMS 0x000000070c200000, 0x000000070c200000| Untracked 
|  62|0x000000070c400000, 0x000000070c400000, 0x000000070c600000|  0%| F|  |TAMS 0x000000070c400000, 0x000000070c400000| Untracked 
|  63|0x000000070c600000, 0x000000070c600000, 0x000000070c800000|  0%| F|  |TAMS 0x000000070c600000, 0x000000070c600000| Untracked 
|  64|0x000000070c800000, 0x000000070c800000, 0x000000070ca00000|  0%| F|  |TAMS 0x000000070c800000, 0x000000070c800000| Untracked 
|  65|0x000000070ca00000, 0x000000070ca00000, 0x000000070cc00000|  0%| F|  |TAMS 0x000000070ca00000, 0x000000070ca00000| Untracked 
|  66|0x000000070cc00000, 0x000000070cc00000, 0x000000070ce00000|  0%| F|  |TAMS 0x000000070cc00000, 0x000000070cc00000| Untracked 
|  67|0x000000070ce00000, 0x000000070ce00000, 0x000000070d000000|  0%| F|  |TAMS 0x000000070ce00000, 0x000000070ce00000| Untracked 
|  68|0x000000070d000000, 0x000000070d000000, 0x000000070d200000|  0%| F|  |TAMS 0x000000070d000000, 0x000000070d000000| Untracked 
|  69|0x000000070d200000, 0x000000070d200000, 0x000000070d400000|  0%| F|  |TAMS 0x000000070d200000, 0x000000070d200000| Untracked 
|  70|0x000000070d400000, 0x000000070d400000, 0x000000070d600000|  0%| F|  |TAMS 0x000000070d400000, 0x000000070d400000| Untracked 
|  71|0x000000070d600000, 0x000000070d600000, 0x000000070d800000|  0%| F|  |TAMS 0x000000070d600000, 0x000000070d600000| Untracked 
|  72|0x000000070d800000, 0x000000070d800000, 0x000000070da00000|  0%| F|  |TAMS 0x000000070d800000, 0x000000070d800000| Untracked 
|  73|0x000000070da00000, 0x000000070da00000, 0x000000070dc00000|  0%| F|  |TAMS 0x000000070da00000, 0x000000070da00000| Untracked 
|  74|0x000000070dc00000, 0x000000070dc00000, 0x000000070de00000|  0%| F|  |TAMS 0x000000070dc00000, 0x000000070dc00000| Untracked 
|  75|0x000000070de00000, 0x000000070de00000, 0x000000070e000000|  0%| F|  |TAMS 0x000000070de00000, 0x000000070de00000| Untracked 
|  76|0x000000070e000000, 0x000000070e000000, 0x000000070e200000|  0%| F|  |TAMS 0x000000070e000000, 0x000000070e000000| Untracked 
|  77|0x000000070e200000, 0x000000070e200000, 0x000000070e400000|  0%| F|  |TAMS 0x000000070e200000, 0x000000070e200000| Untracked 
|  78|0x000000070e400000, 0x000000070e400000, 0x000000070e600000|  0%| F|  |TAMS 0x000000070e400000, 0x000000070e400000| Untracked 
|  79|0x000000070e600000, 0x000000070e600000, 0x000000070e800000|  0%| F|  |TAMS 0x000000070e600000, 0x000000070e600000| Untracked 
|  80|0x000000070e800000, 0x000000070e800000, 0x000000070ea00000|  0%| F|  |TAMS 0x000000070e800000, 0x000000070e800000| Untracked 
|  81|0x000000070ea00000, 0x000000070ea00000, 0x000000070ec00000|  0%| F|  |TAMS 0x000000070ea00000, 0x000000070ea00000| Untracked 
|  82|0x000000070ec00000, 0x000000070ec00000, 0x000000070ee00000|  0%| F|  |TAMS 0x000000070ec00000, 0x000000070ec00000| Untracked 
|  83|0x000000070ee00000, 0x000000070ee00000, 0x000000070f000000|  0%| F|  |TAMS 0x000000070ee00000, 0x000000070ee00000| Untracked 
|  84|0x000000070f000000, 0x000000070f000000, 0x000000070f200000|  0%| F|  |TAMS 0x000000070f000000, 0x000000070f000000| Untracked 
|  85|0x000000070f200000, 0x000000070f200000, 0x000000070f400000|  0%| F|  |TAMS 0x000000070f200000, 0x000000070f200000| Untracked 
|  86|0x000000070f400000, 0x000000070f400000, 0x000000070f600000|  0%| F|  |TAMS 0x000000070f400000, 0x000000070f400000| Untracked 
|  87|0x000000070f600000, 0x000000070f600000, 0x000000070f800000|  0%| F|  |TAMS 0x000000070f600000, 0x000000070f600000| Untracked 
|  88|0x000000070f800000, 0x000000070f800000, 0x000000070fa00000|  0%| F|  |TAMS 0x000000070f800000, 0x000000070f800000| Untracked 
|  89|0x000000070fa00000, 0x000000070fa00000, 0x000000070fc00000|  0%| F|  |TAMS 0x000000070fa00000, 0x000000070fa00000| Untracked 
|  90|0x000000070fc00000, 0x000000070fc00000, 0x000000070fe00000|  0%| F|  |TAMS 0x000000070fc00000, 0x000000070fc00000| Untracked 
|  91|0x000000070fe00000, 0x000000070fe00000, 0x0000000710000000|  0%| F|  |TAMS 0x000000070fe00000, 0x000000070fe00000| Untracked 
|  92|0x0000000710000000, 0x0000000710000000, 0x0000000710200000|  0%| F|  |TAMS 0x0000000710000000, 0x0000000710000000| Untracked 
|  93|0x0000000710200000, 0x0000000710200000, 0x0000000710400000|  0%| F|  |TAMS 0x0000000710200000, 0x0000000710200000| Untracked 
|  94|0x0000000710400000, 0x0000000710400000, 0x0000000710600000|  0%| F|  |TAMS 0x0000000710400000, 0x0000000710400000| Untracked 
|  95|0x0000000710600000, 0x0000000710600000, 0x0000000710800000|  0%| F|  |TAMS 0x0000000710600000, 0x0000000710600000| Untracked 
|  96|0x0000000710800000, 0x0000000710800000, 0x0000000710a00000|  0%| F|  |TAMS 0x0000000710800000, 0x0000000710800000| Untracked 
|  97|0x0000000710a00000, 0x0000000710a00000, 0x0000000710c00000|  0%| F|  |TAMS 0x0000000710a00000, 0x0000000710a00000| Untracked 
|  98|0x0000000710c00000, 0x0000000710c00000, 0x0000000710e00000|  0%| F|  |TAMS 0x0000000710c00000, 0x0000000710c00000| Untracked 
|  99|0x0000000710e00000, 0x0000000710e00000, 0x0000000711000000|  0%| F|  |TAMS 0x0000000710e00000, 0x0000000710e00000| Untracked 
| 100|0x0000000711000000, 0x0000000711000000, 0x0000000711200000|  0%| F|  |TAMS 0x0000000711000000, 0x0000000711000000| Untracked 
| 101|0x0000000711200000, 0x0000000711200000, 0x0000000711400000|  0%| F|  |TAMS 0x0000000711200000, 0x0000000711200000| Untracked 
| 102|0x0000000711400000, 0x0000000711400000, 0x0000000711600000|  0%| F|  |TAMS 0x0000000711400000, 0x0000000711400000| Untracked 
| 103|0x0000000711600000, 0x00000007117010b8, 0x0000000711800000| 50%| E|  |TAMS 0x0000000711600000, 0x0000000711600000| Complete 
| 104|0x0000000711800000, 0x0000000711a00000, 0x0000000711a00000|100%| E|CS|TAMS 0x0000000711800000, 0x0000000711800000| Complete 
| 105|0x0000000711a00000, 0x0000000711c00000, 0x0000000711c00000|100%| E|CS|TAMS 0x0000000711a00000, 0x0000000711a00000| Complete 
| 106|0x0000000711c00000, 0x0000000711e00000, 0x0000000711e00000|100%| E|CS|TAMS 0x0000000711c00000, 0x0000000711c00000| Complete 
| 107|0x0000000711e00000, 0x0000000712000000, 0x0000000712000000|100%| E|CS|TAMS 0x0000000711e00000, 0x0000000711e00000| Complete 
| 108|0x0000000712000000, 0x0000000712200000, 0x0000000712200000|100%| E|CS|TAMS 0x0000000712000000, 0x0000000712000000| Complete 
| 109|0x0000000712200000, 0x0000000712400000, 0x0000000712400000|100%| E|CS|TAMS 0x0000000712200000, 0x0000000712200000| Complete 
| 110|0x0000000712400000, 0x00000007125c0358, 0x0000000712600000| 87%| S|CS|TAMS 0x0000000712400000, 0x0000000712400000| Complete 
| 111|0x0000000712600000, 0x0000000712800000, 0x0000000712800000|100%| E|CS|TAMS 0x0000000712600000, 0x0000000712600000| Complete 
| 112|0x0000000712800000, 0x0000000712a00000, 0x0000000712a00000|100%| E|CS|TAMS 0x0000000712800000, 0x0000000712800000| Complete 
| 113|0x0000000712a00000, 0x0000000712c00000, 0x0000000712c00000|100%| E|CS|TAMS 0x0000000712a00000, 0x0000000712a00000| Complete 
| 114|0x0000000712c00000, 0x0000000712e00000, 0x0000000712e00000|100%| E|CS|TAMS 0x0000000712c00000, 0x0000000712c00000| Complete 
| 115|0x0000000712e00000, 0x0000000713000000, 0x0000000713000000|100%| E|CS|TAMS 0x0000000712e00000, 0x0000000712e00000| Complete 
| 116|0x0000000713000000, 0x0000000713200000, 0x0000000713200000|100%| E|CS|TAMS 0x0000000713000000, 0x0000000713000000| Complete 
| 117|0x0000000713200000, 0x0000000713400000, 0x0000000713400000|100%| E|CS|TAMS 0x0000000713200000, 0x0000000713200000| Complete 
| 118|0x0000000713400000, 0x0000000713600000, 0x0000000713600000|100%| E|CS|TAMS 0x0000000713400000, 0x0000000713400000| Complete 
| 119|0x0000000713600000, 0x0000000713800000, 0x0000000713800000|100%| E|CS|TAMS 0x0000000713600000, 0x0000000713600000| Complete 
| 120|0x0000000713800000, 0x0000000713a00000, 0x0000000713a00000|100%| E|CS|TAMS 0x0000000713800000, 0x0000000713800000| Complete 
| 121|0x0000000713a00000, 0x0000000713c00000, 0x0000000713c00000|100%| E|CS|TAMS 0x0000000713a00000, 0x0000000713a00000| Complete 
| 122|0x0000000713c00000, 0x0000000713e00000, 0x0000000713e00000|100%| E|CS|TAMS 0x0000000713c00000, 0x0000000713c00000| Complete 
| 123|0x0000000713e00000, 0x0000000714000000, 0x0000000714000000|100%| E|CS|TAMS 0x0000000713e00000, 0x0000000713e00000| Complete 
| 124|0x0000000714000000, 0x0000000714200000, 0x0000000714200000|100%| E|CS|TAMS 0x0000000714000000, 0x0000000714000000| Complete 
| 125|0x0000000714200000, 0x0000000714400000, 0x0000000714400000|100%| E|CS|TAMS 0x0000000714200000, 0x0000000714200000| Complete 

Card table byte_map: [0x000002155d950000,0x000002155e130000] _byte_map_base: 0x000002155a12c000

Marking Bits (Prev, Next): (CMBitMap*) 0x0000021545156e00, (CMBitMap*) 0x0000021545156e40
 Prev Bits: [0x000002155e910000, 0x00000215627f0000)
 Next Bits: [0x00000215627f0000, 0x00000215666d0000)

Polling page: 0x0000021543840000

Metaspace:

Usage:
  Non-class:     10.71 MB used.
      Class:    900.41 KB used.
       Both:     11.59 MB used.

Virtual space:
  Non-class space:       16.00 MB reserved,      10.81 MB ( 68%) committed,  2 nodes.
      Class space:        1.00 GB reserved,       1.00 MB ( <1%) committed,  1 nodes.
             Both:        1.02 GB reserved,      11.81 MB (  1%) committed. 

Chunk freelists:
   Non-Class:  272.00 KB
       Class:  3.01 MB
        Both:  3.28 MB

MaxMetaspaceSize: unlimited
CompressedClassSpaceSize: 1.00 GB
Initial GC threshold: 21.00 MB
Current GC threshold: 21.00 MB
CDS: on
MetaspaceReclaimPolicy: balanced
 - commit_granule_bytes: 65536.
 - commit_granule_words: 8192.
 - virtual_space_node_default_size: 1048576.
 - enlarge_chunks_in_place: 1.
 - new_chunks_are_fully_committed: 0.
 - uncommit_free_chunks: 1.
 - use_allocation_guard: 0.
 - handle_deallocations: 1.


Internal statistics:

num_allocs_failed_limit: 0.
num_arena_births: 194.
num_arena_deaths: 0.
num_vsnodes_births: 3.
num_vsnodes_deaths: 0.
num_space_committed: 187.
num_space_uncommitted: 0.
num_chunks_returned_to_freelist: 0.
num_chunks_taken_from_freelist: 565.
num_chunk_merges: 0.
num_chunk_splits: 389.
num_chunks_enlarged: 296.
num_purges: 0.
num_inconsistent_stats: 0.

CodeHeap 'non-profiled nmethods': size=119168Kb used=1075Kb max_used=1075Kb free=118092Kb
 bounds [0x0000021554b60000, 0x0000021554dd0000, 0x000002155bfc0000]
CodeHeap 'profiled nmethods': size=119104Kb used=4423Kb max_used=4423Kb free=114681Kb
 bounds [0x000002154d710000, 0x000002154db70000, 0x0000021554b60000]
CodeHeap 'non-nmethods': size=7488Kb used=3486Kb max_used=3513Kb free=4001Kb
 bounds [0x000002154cfc0000, 0x000002154d340000, 0x000002154d710000]
 total_blobs=3756 nmethods=2467 adapters=1199
 compilation: enabled
              stopped_count=0, restarted_count=0
 full_count=0

Compilation events (20 events):
Event: 7.448 Thread 0x0000021574cd6ff0 nmethod 2453 0x000002154db5fd10 code [0x000002154db5ff60, 0x000002154db609a8]
Event: 7.448 Thread 0x00000215746c1850 2454       4       java.lang.AbstractStringBuilder::append (55 bytes)
Event: 7.449 Thread 0x0000021574cd8950 2455   !   4       jdk.internal.loader.URLClassPath$JarLoader::ensureOpen (36 bytes)
Event: 7.449 Thread 0x0000021574cd8950 nmethod 2455 0x0000021554c56b10 code [0x0000021554c56c80, 0x0000021554c56d18]
Event: 7.449 Thread 0x0000021574cd8e70 2456       4       java.lang.Integer::getChars (131 bytes)
Event: 7.449 Thread 0x000002156c0713c0 2457   !   4       java.util.zip.Inflater::inflate (418 bytes)
Event: 7.453 Thread 0x000002156c0713c0 nmethod 2457 0x0000021554c56e10 code [0x0000021554c56fc0, 0x0000021554c576f8]
Event: 7.453 Thread 0x0000021574cd8e70 nmethod 2456 0x0000021554c57d90 code [0x0000021554c57f20, 0x0000021554c58358]
Event: 7.456 Thread 0x0000021574cd8950 2458 %     4       jdk.internal.loader.URLClassPath::getResource @ 39 (74 bytes)
Event: 7.456 Thread 0x00000215746c1850 nmethod 2454 0x0000021554c58590 code [0x0000021554c58740, 0x0000021554c59298]
Event: 7.466 Thread 0x0000021574cd6ff0 2460       3       java.lang.Module::allows (60 bytes)
Event: 7.466 Thread 0x0000021574be8170 2461       3       java.util.Arrays::equals (43 bytes)
Event: 7.466 Thread 0x0000021574cd6ff0 nmethod 2460 0x000002154db60d10 code [0x000002154db60f00, 0x000002154db61548]
Event: 7.466 Thread 0x0000021574be8170 nmethod 2461 0x000002154db61690 code [0x000002154db61860, 0x000002154db61b48]
Event: 7.545 Thread 0x0000021574cd8950 nmethod 2458% 0x0000021554c59e10 code [0x0000021554c5a4e0, 0x0000021554c60448]
Event: 7.584 Thread 0x0000021574cd8e70 2463       4       java.lang.String::replace (42 bytes)
Event: 7.585 Thread 0x0000021574cd8950 2464       4       java.util.jar.JarFile::getEntry (35 bytes)
Event: 7.585 Thread 0x00000215746c1850 2465   !   4       jdk.internal.loader.URLClassPath$JarLoader::getResource (65 bytes)
Event: 7.594 Thread 0x0000021574cd8e70 nmethod 2463 0x0000021554c63390 code [0x0000021554c63520, 0x0000021554c63af8]
Event: 7.596 Thread 0x00000215696254f0 2466       4       java.util.jar.JarFile::getVersionedEntry (133 bytes)

GC Heap History (4 events):
Event: 0.803 GC heap before
{Heap before GC invocations=0 (full 0):
 garbage-first heap   total 258048K, used 20480K [0x0000000704800000, 0x0000000800000000)
  region size 2048K, 11 young (22528K), 0 survivors (0K)
 Metaspace       used 6064K, committed 6272K, reserved 1056768K
  class space    used 329K, committed 448K, reserved 1048576K
}
Event: 0.807 GC heap after
{Heap after GC invocations=1 (full 0):
 garbage-first heap   total 258048K, used 4836K [0x0000000704800000, 0x0000000800000000)
  region size 2048K, 2 young (4096K), 2 survivors (4096K)
 Metaspace       used 6064K, committed 6272K, reserved 1056768K
  class space    used 329K, committed 448K, reserved 1048576K
}
Event: 7.177 GC heap before
{Heap before GC invocations=1 (full 0):
 garbage-first heap   total 258048K, used 31460K [0x0000000704800000, 0x0000000800000000)
  region size 2048K, 15 young (30720K), 2 survivors (4096K)
 Metaspace       used 7215K, committed 7424K, reserved 1064960K
  class space    used 391K, committed 512K, reserved 1048576K
}
Event: 7.180 GC heap after
{Heap after GC invocations=2 (full 0):
 garbage-first heap   total 258048K, used 6726K [0x0000000704800000, 0x0000000800000000)
  region size 2048K, 1 young (2048K), 1 survivors (2048K)
 Metaspace       used 7215K, committed 7424K, reserved 1064960K
  class space    used 391K, committed 512K, reserved 1048576K
}

Deoptimization events (20 events):
Event: 7.446 Thread 0x00000215451244e0 Uncommon trap: trap_request=0xffffffc6 fr.pc=0x0000021554c23100 relative=0x00000000000003c0
Event: 7.447 Thread 0x00000215451244e0 Uncommon trap: reason=bimorphic_or_optimized_type_check action=maybe_recompile pc=0x0000021554c23100 method=java.util.stream.AbstractPipeline.wrapSink(Ljava/util/stream/Sink;)Ljava/util/stream/Sink; @ 23 c2
Event: 7.447 Thread 0x00000215451244e0 DEOPT PACKING pc=0x0000021554c23100 sp=0x00000087aaefd2a0
Event: 7.447 Thread 0x00000215451244e0 DEOPT UNPACKING pc=0x000002154d0123a3 sp=0x00000087aaefd258 mode 2
Event: 7.447 Thread 0x00000215451244e0 Uncommon trap: trap_request=0xffffffc6 fr.pc=0x0000021554c3c1fc relative=0x000000000000005c
Event: 7.447 Thread 0x00000215451244e0 Uncommon trap: reason=bimorphic_or_optimized_type_check action=maybe_recompile pc=0x0000021554c3c1fc method=java.util.stream.StreamOpFlag.fromCharacteristics(Ljava/util/Spliterator;)I @ 1 c2
Event: 7.447 Thread 0x00000215451244e0 DEOPT PACKING pc=0x0000021554c3c1fc sp=0x00000087aaefce50
Event: 7.447 Thread 0x00000215451244e0 DEOPT UNPACKING pc=0x000002154d0123a3 sp=0x00000087aaefcde0 mode 2
Event: 7.447 Thread 0x00000215451244e0 Uncommon trap: trap_request=0xffffffc6 fr.pc=0x0000021554c235b4 relative=0x0000000000000094
Event: 7.447 Thread 0x00000215451244e0 Uncommon trap: reason=bimorphic_or_optimized_type_check action=maybe_recompile pc=0x0000021554c235b4 method=java.util.stream.Sink$ChainedReference.end()V @ 4 c2
Event: 7.447 Thread 0x00000215451244e0 DEOPT PACKING pc=0x0000021554c235b4 sp=0x00000087aaefd210
Event: 7.447 Thread 0x00000215451244e0 DEOPT UNPACKING pc=0x000002154d0123a3 sp=0x00000087aaefd1a8 mode 2
Event: 7.447 Thread 0x00000215451244e0 Uncommon trap: trap_request=0xffffffc6 fr.pc=0x0000021554c235b4 relative=0x0000000000000094
Event: 7.447 Thread 0x00000215451244e0 Uncommon trap: reason=bimorphic_or_optimized_type_check action=maybe_recompile pc=0x0000021554c235b4 method=java.util.stream.Sink$ChainedReference.end()V @ 4 c2
Event: 7.447 Thread 0x00000215451244e0 DEOPT PACKING pc=0x0000021554c235b4 sp=0x00000087aaefd1a0
Event: 7.447 Thread 0x00000215451244e0 DEOPT UNPACKING pc=0x000002154d0123a3 sp=0x00000087aaefd140 mode 2
Event: 7.447 Thread 0x00000215451244e0 Uncommon trap: trap_request=0xffffff45 fr.pc=0x0000021554bb896c relative=0x000000000000152c
Event: 7.447 Thread 0x00000215451244e0 Uncommon trap: reason=unstable_if action=reinterpret pc=0x0000021554bb896c method=java.util.jar.JarFile.getVersionedEntry(Ljava/lang/String;Ljava/util/jar/JarEntry;)Ljava/util/jar/JarEntry; @ 6 c2
Event: 7.447 Thread 0x00000215451244e0 DEOPT PACKING pc=0x0000021554bb896c sp=0x00000087aaefc3f0
Event: 7.447 Thread 0x00000215451244e0 DEOPT UNPACKING pc=0x000002154d0123a3 sp=0x00000087aaefc290 mode 2

Classes unloaded (0 events):
No events

Classes redefined (0 events):
No events

Internal exceptions (20 events):
Event: 7.237 Thread 0x00000215451244e0 Exception <a 'java/lang/NoSuchMethodError'{0x00000007135f5c88}: 'java.lang.Object java.lang.invoke.Invokers$Holder.invokeExact_MT(java.lang.Object, java.lang.Object, java.lang.Object, java.lang.Object, java.lang.Object, java.lang.Object)'> (0x00000007135f5c88) 
thrown [c:\jenkins\workspace\zulu17-build-win64\zulu-src.git\src\hotspot\share\interpreter\linkResolver.cpp, line 766]
Event: 7.249 Thread 0x00000215451244e0 Exception <a 'java/lang/NoSuchMethodError'{0x0000000713390f48}: 'void java.lang.invoke.DirectMethodHandle$Holder.invokeStaticInit(java.lang.Object, java.lang.Object)'> (0x0000000713390f48) 
thrown [c:\jenkins\workspace\zulu17-build-win64\zulu-src.git\src\hotspot\share\interpreter\linkResolver.cpp, line 766]
Event: 7.292 Thread 0x00000215451244e0 Exception <a 'java/lang/NoSuchMethodError'{0x0000000712c82ad8}: 'int java.lang.invoke.DirectMethodHandle$Holder.invokeStaticInit(java.lang.Object, java.lang.Object)'> (0x0000000712c82ad8) 
thrown [c:\jenkins\workspace\zulu17-build-win64\zulu-src.git\src\hotspot\share\interpreter\linkResolver.cpp, line 766]
Event: 7.302 Thread 0x00000215451244e0 Exception <a 'java/lang/NoSuchMethodError'{0x0000000712d6b6c0}: 'void java.lang.invoke.DirectMethodHandle$Holder.invokeStatic(java.lang.Object, java.lang.Object, java.lang.Object)'> (0x0000000712d6b6c0) 
thrown [c:\jenkins\workspace\zulu17-build-win64\zulu-src.git\src\hotspot\share\interpreter\linkResolver.cpp, line 766]
Event: 7.303 Thread 0x00000215451244e0 Exception <a 'java/lang/NoSuchMethodError'{0x0000000712d72b78}: 'void java.lang.invoke.DirectMethodHandle$Holder.invokeStatic(java.lang.Object, java.lang.Object, java.lang.Object, java.lang.Object)'> (0x0000000712d72b78) 
thrown [c:\jenkins\workspace\zulu17-build-win64\zulu-src.git\src\hotspot\share\interpreter\linkResolver.cpp, line 766]
Event: 7.317 Thread 0x00000215451244e0 Exception <a 'java/lang/NoSuchMethodError'{0x0000000712ae4a10}: 'java.lang.Object java.lang.invoke.DirectMethodHandle$Holder.newInvokeSpecial(java.lang.Object, java.lang.Object, java.lang.Object, java.lang.Object, java.lang.Object)'> (0x0000000712ae4a10) 
thrown [c:\jenkins\workspace\zulu17-build-win64\zulu-src.git\src\hotspot\share\interpreter\linkResolver.cpp, line 766]
Event: 7.337 Thread 0x00000215451244e0 Exception <a 'java/lang/NoSuchMethodError'{0x00000007128bd148}: 'void java.lang.invoke.DirectMethodHandle$Holder.invokeSpecial(java.lang.Object, java.lang.Object, java.lang.Object, java.lang.Object, java.lang.Object)'> (0x00000007128bd148) 
thrown [c:\jenkins\workspace\zulu17-build-win64\zulu-src.git\src\hotspot\share\interpreter\linkResolver.cpp, line 766]
Event: 7.429 Thread 0x00000215451244e0 Exception <a 'java/lang/NoSuchMethodError'{0x0000000711fc13e8}: 'void java.lang.invoke.DirectMethodHandle$Holder.invokeStatic(java.lang.Object, java.lang.Object, long, int)'> (0x0000000711fc13e8) 
thrown [c:\jenkins\workspace\zulu17-build-win64\zulu-src.git\src\hotspot\share\interpreter\linkResolver.cpp, line 766]
Event: 7.430 Thread 0x00000215451244e0 Exception <a 'java/lang/NoSuchMethodError'{0x0000000711fd51b8}: 'void java.lang.invoke.DirectMethodHandle$Holder.invokeStatic(java.lang.Object, java.lang.Object, long, double, double)'> (0x0000000711fd51b8) 
thrown [c:\jenkins\workspace\zulu17-build-win64\zulu-src.git\src\hotspot\share\interpreter\linkResolver.cpp, line 766]
Event: 7.431 Thread 0x00000215451244e0 Exception <a 'java/lang/NoSuchMethodError'{0x0000000711fdb7f0}: 'void java.lang.invoke.DirectMethodHandle$Holder.invokeStatic(java.lang.Object, java.lang.Object, long, int, int)'> (0x0000000711fdb7f0) 
thrown [c:\jenkins\workspace\zulu17-build-win64\zulu-src.git\src\hotspot\share\interpreter\linkResolver.cpp, line 766]
Event: 7.432 Thread 0x00000215451244e0 Exception <a 'java/lang/NoSuchMethodError'{0x0000000711fe7cd0}: 'void java.lang.invoke.DirectMethodHandle$Holder.invokeStatic(java.lang.Object, java.lang.Object, long, int, int, int)'> (0x0000000711fe7cd0) 
thrown [c:\jenkins\workspace\zulu17-build-win64\zulu-src.git\src\hotspot\share\interpreter\linkResolver.cpp, line 766]
Event: 7.433 Thread 0x00000215451244e0 Exception <a 'java/lang/NoSuchMethodError'{0x0000000711ff1308}: 'void java.lang.invoke.DirectMethodHandle$Holder.invokeStatic(java.lang.Object, java.lang.Object, long)'> (0x0000000711ff1308) 
thrown [c:\jenkins\workspace\zulu17-build-win64\zulu-src.git\src\hotspot\share\interpreter\linkResolver.cpp, line 766]
Event: 7.463 Thread 0x00000215451244e0 Exception <a 'java/lang/NoSuchMethodError'{0x0000000711aecb30}: 'void java.lang.invoke.DirectMethodHandle$Holder.invokeInterface(java.lang.Object, java.lang.Object)'> (0x0000000711aecb30) 
thrown [c:\jenkins\workspace\zulu17-build-win64\zulu-src.git\src\hotspot\share\interpreter\linkResolver.cpp, line 766]
Event: 7.467 Thread 0x00000215451244e0 Exception <a 'sun/nio/fs/WindowsException'{0x0000000711bc8be0}> (0x0000000711bc8be0) 
thrown [c:\jenkins\workspace\zulu17-build-win64\zulu-src.git\src\hotspot\share\prims\jni.cpp, line 516]
Event: 7.467 Thread 0x00000215451244e0 Exception <a 'sun/nio/fs/WindowsException'{0x0000000711bc8f00}> (0x0000000711bc8f00) 
thrown [c:\jenkins\workspace\zulu17-build-win64\zulu-src.git\src\hotspot\share\prims\jni.cpp, line 516]
Event: 7.467 Thread 0x00000215451244e0 Exception <a 'sun/nio/fs/WindowsException'{0x0000000711bc9a90}> (0x0000000711bc9a90) 
thrown [c:\jenkins\workspace\zulu17-build-win64\zulu-src.git\src\hotspot\share\prims\jni.cpp, line 516]
Event: 7.467 Thread 0x00000215451244e0 Exception <a 'sun/nio/fs/WindowsException'{0x0000000711bd0830}> (0x0000000711bd0830) 
thrown [c:\jenkins\workspace\zulu17-build-win64\zulu-src.git\src\hotspot\share\prims\jni.cpp, line 516]
Event: 7.472 Thread 0x00000215451244e0 Exception <a 'sun/nio/fs/WindowsException'{0x0000000711bd3630}> (0x0000000711bd3630) 
thrown [c:\jenkins\workspace\zulu17-build-win64\zulu-src.git\src\hotspot\share\prims\jni.cpp, line 516]
Event: 7.472 Thread 0x00000215451244e0 Exception <a 'sun/nio/fs/WindowsException'{0x0000000711bd3a00}> (0x0000000711bd3a00) 
thrown [c:\jenkins\workspace\zulu17-build-win64\zulu-src.git\src\hotspot\share\prims\jni.cpp, line 516]
Event: 7.601 Thread 0x00000215451244e0 Exception <a 'java/lang/NoSuchMethodError'{0x0000000711645d20}: 'void java.lang.invoke.DirectMethodHandle$Holder.invokeVirtual(java.lang.Object, java.lang.Object)'> (0x0000000711645d20) 
thrown [c:\jenkins\workspace\zulu17-build-win64\zulu-src.git\src\hotspot\share\interpreter\linkResolver.cpp, line 766]

VM Operations (20 events):
Event: 1.811 Executing VM operation: Cleanup
Event: 1.811 Executing VM operation: Cleanup done
Event: 2.819 Executing VM operation: Cleanup
Event: 2.819 Executing VM operation: Cleanup done
Event: 3.833 Executing VM operation: Cleanup
Event: 3.834 Executing VM operation: Cleanup done
Event: 4.839 Executing VM operation: Cleanup
Event: 4.839 Executing VM operation: Cleanup done
Event: 5.847 Executing VM operation: Cleanup
Event: 5.847 Executing VM operation: Cleanup done
Event: 7.154 Executing VM operation: HandshakeAllThreads
Event: 7.154 Executing VM operation: HandshakeAllThreads done
Event: 7.154 Executing VM operation: Cleanup
Event: 7.154 Executing VM operation: Cleanup done
Event: 7.177 Executing VM operation: G1CollectForAllocation
Event: 7.180 Executing VM operation: G1CollectForAllocation done
Event: 7.358 Executing VM operation: HandshakeAllThreads
Event: 7.358 Executing VM operation: HandshakeAllThreads done
Event: 7.465 Executing VM operation: HandshakeAllThreads
Event: 7.465 Executing VM operation: HandshakeAllThreads done

Events (20 events):
Event: 7.464 loading class java/util/concurrent/Executors$RunnableAdapter done
Event: 7.464 loading class java/util/concurrent/ThreadPoolExecutor$Worker
Event: 7.464 loading class java/util/concurrent/ThreadPoolExecutor$Worker done
Event: 7.465 loading class java/lang/Thread$State
Event: 7.465 loading class java/lang/Thread$State done
Event: 7.465 Thread 0x000002156a565060 Thread added: 0x000002156a565060
Event: 7.465 loading class java/util/concurrent/TimeUnit$1
Event: 7.465 loading class java/util/concurrent/TimeUnit$1 done
Event: 7.466 loading class java/util/concurrent/locks/AbstractQueuedSynchronizer$ConditionNode
Event: 7.466 loading class java/util/concurrent/ForkJoinPool$ManagedBlocker
Event: 7.466 loading class java/util/concurrent/ForkJoinPool$ManagedBlocker done
Event: 7.466 loading class java/util/concurrent/locks/AbstractQueuedSynchronizer$Node
Event: 7.466 loading class java/util/concurrent/locks/AbstractQueuedSynchronizer$Node done
Event: 7.466 loading class java/util/concurrent/locks/AbstractQueuedSynchronizer$ConditionNode done
Event: 7.467 loading class java/nio/file/FileAlreadyExistsException
Event: 7.467 loading class java/nio/file/FileAlreadyExistsException done
Event: 7.474 Loaded shared library C:\Users\Maxmilite\AppData\Local\Temp\lwjglMaxmilite\3.3.1-build-7\lwjgl_nanovg.dll
Event: 7.584 Thread 0x000002156c0713c0 Thread exited: 0x000002156c0713c0
Event: 7.585 loading class java/util/concurrent/atomic/AtomicBoolean
Event: 7.585 loading class java/util/concurrent/atomic/AtomicBoolean done


Dynamic libraries:
0x00007ff615fe0000 - 0x00007ff615fee000 	D:\Program Files\Zulu\zulu-17\bin\java.exe
0x00007ff8f86c0000 - 0x00007ff8f88c9000 	C:\Windows\SYSTEM32\ntdll.dll
0x00007ff8f7350000 - 0x00007ff8f740e000 	C:\Windows\System32\KERNEL32.DLL
0x00007ff8f5dd0000 - 0x00007ff8f614b000 	C:\Windows\System32\KERNELBASE.dll
0x00007ff8f5cb0000 - 0x00007ff8f5dc1000 	C:\Windows\System32\ucrtbase.dll
0x00007ff8b9f00000 - 0x00007ff8b9f18000 	D:\Program Files\Zulu\zulu-17\bin\jli.dll
0x00007ff8b9ee0000 - 0x00007ff8b9efb000 	D:\Program Files\Zulu\zulu-17\bin\VCRUNTIME140.dll
0x00007ff8f7e30000 - 0x00007ff8f7fdd000 	C:\Windows\System32\USER32.dll
0x00007ff8d5950000 - 0x00007ff8d5bf5000 	C:\Windows\WinSxS\amd64_microsoft.windows.common-controls_6595b64144ccf1df_6.0.22000.120_none_9d947278b86cc467\COMCTL32.dll
0x00007ff8f6280000 - 0x00007ff8f62a6000 	C:\Windows\System32\win32u.dll
0x00007ff8f6fa0000 - 0x00007ff8f7043000 	C:\Windows\System32\msvcrt.dll
0x00007ff8f7e00000 - 0x00007ff8f7e29000 	C:\Windows\System32\GDI32.dll
0x00007ff8f5b90000 - 0x00007ff8f5ca8000 	C:\Windows\System32\gdi32full.dll
0x00007ff8f64a0000 - 0x00007ff8f653d000 	C:\Windows\System32\msvcp_win.dll
0x00007ff8f7050000 - 0x00007ff8f7082000 	C:\Windows\System32\IMM32.DLL
0x00007ff8c95b0000 - 0x00007ff8c95dd000 	C:\Program Files\MacType\MacType64.dll
0x00007ff8f74a0000 - 0x00007ff8f754e000 	C:\Windows\System32\ADVAPI32.dll
0x00007ff8f6d80000 - 0x00007ff8f6e1e000 	C:\Windows\System32\sechost.dll
0x00007ff8f70f0000 - 0x00007ff8f7210000 	C:\Windows\System32\RPCRT4.dll
0x00007ff8c95e0000 - 0x00007ff8c963a000 	C:\Program Files\MacType\Easyhk64.dll
0x00007ff8c8e50000 - 0x00007ff8c8f5b000 	C:\Program Files\MacType\MacType64.Core.dll
0x00007ff8f1460000 - 0x00007ff8f1a18000 	C:\Windows\SYSTEM32\d2d1.dll
0x00007ff8be820000 - 0x00007ff8bea7f000 	C:\Windows\SYSTEM32\dwrite.dll
0x00007ff8f62b0000 - 0x00007ff8f632f000 	C:\Windows\System32\bcryptPrimitives.dll
0x00007ff8c8d30000 - 0x00007ff8c8d3c000 	D:\Program Files\Zulu\zulu-17\bin\vcruntime140_1.dll
0x00007ff862c50000 - 0x00007ff862cdd000 	D:\Program Files\Zulu\zulu-17\bin\msvcp140.dll
0x00007ff85b790000 - 0x00007ff85c3f8000 	D:\Program Files\Zulu\zulu-17\bin\server\jvm.dll
0x00007ff8f6d70000 - 0x00007ff8f6d78000 	C:\Windows\System32\PSAPI.DLL
0x00007ff8c0b20000 - 0x00007ff8c0b29000 	C:\Windows\SYSTEM32\WSOCK32.dll
0x00007ff8ef060000 - 0x00007ff8ef093000 	C:\Windows\SYSTEM32\WINMM.dll
0x00007ff8f6d00000 - 0x00007ff8f6d6f000 	C:\Windows\System32\WS2_32.dll
0x00007ff8e58a0000 - 0x00007ff8e58aa000 	C:\Windows\SYSTEM32\VERSION.dll
0x00007ff8f4cc0000 - 0x00007ff8f4cd8000 	C:\Windows\SYSTEM32\kernel.appcore.dll
0x00007ff8c8950000 - 0x00007ff8c895a000 	D:\Program Files\Zulu\zulu-17\bin\jimage.dll
0x00007ff8f30e0000 - 0x00007ff8f3301000 	C:\Windows\SYSTEM32\DBGHELP.DLL
0x00007ff8e8220000 - 0x00007ff8e8251000 	C:\Windows\SYSTEM32\dbgcore.DLL
0x00007ff8f0b20000 - 0x00007ff8f0b2e000 	D:\Program Files\Zulu\zulu-17\bin\instrument.dll
0x00007ff8b6f60000 - 0x00007ff8b6f85000 	D:\Program Files\Zulu\zulu-17\bin\java.dll
0x00007ff85d020000 - 0x00007ff85d0f7000 	D:\Program Files\Zulu\zulu-17\bin\jsvml.dll
0x00007ff8f6540000 - 0x00007ff8f6cf8000 	C:\Windows\System32\SHELL32.dll
0x00007ff8f3c40000 - 0x00007ff8f44a5000 	C:\Windows\SYSTEM32\windows.storage.dll
0x00007ff8f8050000 - 0x00007ff8f83c8000 	C:\Windows\System32\combase.dll
0x00007ff8f3ad0000 - 0x00007ff8f3c36000 	C:\Windows\SYSTEM32\wintypes.dll
0x00007ff8f6eb0000 - 0x00007ff8f6f9a000 	C:\Windows\System32\SHCORE.dll
0x00007ff8f76a0000 - 0x00007ff8f76fd000 	C:\Windows\System32\shlwapi.dll
0x00007ff8f5ac0000 - 0x00007ff8f5ae1000 	C:\Windows\SYSTEM32\profapi.dll
0x00007ff8af840000 - 0x00007ff8af858000 	D:\Program Files\Zulu\zulu-17\bin\zip.dll
0x00007ff8b7e90000 - 0x00007ff8b7ea9000 	D:\Program Files\Zulu\zulu-17\bin\net.dll
0x00007ff8ef2f0000 - 0x00007ff8ef404000 	C:\Windows\SYSTEM32\WINHTTP.dll
0x00007ff8f5150000 - 0x00007ff8f51b7000 	C:\Windows\system32\mswsock.dll
0x00007ff8b06c0000 - 0x00007ff8b06d6000 	D:\Program Files\Zulu\zulu-17\bin\nio.dll
0x00007ff8c5f20000 - 0x00007ff8c5f3a000 	D:\Program Files\JetBrains\IntelliJ IDEA Community Edition 2022.1.4\bin\breakgen64.dll
0x00007ff8c6230000 - 0x00007ff8c6240000 	D:\Program Files\Zulu\zulu-17\bin\verify.dll
0x00007ff8aaa90000 - 0x00007ff8aab05000 	C:\Users\Maxmilite\AppData\Local\Temp\lwjglMaxmilite\3.3.1-build-7\lwjgl.dll
0x00007ff8aaa20000 - 0x00007ff8aaa81000 	C:\Users\MAXMIL~1\AppData\Local\Temp\lwjglMaxmilite\3.3.1-build-7\glfw.dll
0x00007ff8ab380000 - 0x00007ff8ab3c5000 	C:\Windows\SYSTEM32\dinput8.dll
0x00007ff8d52b0000 - 0x00007ff8d52c1000 	C:\Windows\SYSTEM32\xinput1_4.dll
0x00007ff8f58b0000 - 0x00007ff8f58dc000 	C:\Windows\SYSTEM32\DEVOBJ.dll
0x00007ff8f5860000 - 0x00007ff8f58ac000 	C:\Windows\SYSTEM32\cfgmgr32.dll
0x00007ff8f34a0000 - 0x00007ff8f34cf000 	C:\Windows\SYSTEM32\dwmapi.dll
0x00007ff8d2930000 - 0x00007ff8d2af9000 	C:\Windows\SYSTEM32\inputhost.dll
0x00007ff8f2820000 - 0x00007ff8f2951000 	C:\Windows\SYSTEM32\CoreMessaging.dll
0x00007ff8f2dc0000 - 0x00007ff8f2e6c000 	C:\Windows\system32\uxtheme.dll
0x00007ff8f7580000 - 0x00007ff8f769d000 	C:\Windows\System32\MSCTF.dll
0x00007ff8f5340000 - 0x00007ff8f534c000 	C:\Windows\SYSTEM32\CRYPTBASE.DLL
0x00007ff85df30000 - 0x00007ff85e031000 	C:\Windows\SYSTEM32\opengl32.dll
0x00007ff8c5540000 - 0x00007ff8c556d000 	C:\Windows\SYSTEM32\GLU32.dll
0x00007ff8f2eb0000 - 0x00007ff8f2ee8000 	C:\Windows\SYSTEM32\dxcore.dll
0x00007ff8f0a80000 - 0x00007ff8f0ac4000 	C:\Windows\SYSTEM32\directxdatabasehelper.dll
0x00007ff8f4ce0000 - 0x00007ff8f4d14000 	C:\Windows\SYSTEM32\ntmarta.dll
0x00007ff8f7210000 - 0x00007ff8f72c5000 	C:\Windows\System32\clbcatq.dll
0x00007ff8564c0000 - 0x00007ff85967a000 	C:\Windows\System32\DriverStore\FileRepository\nvaci.inf_amd64_8ce19eb793971eee\nvoglv64.dll
0x00007ff8f77e0000 - 0x00007ff8f7c4c000 	C:\Windows\System32\SETUPAPI.dll
0x00007ff8f7700000 - 0x00007ff8f77d6000 	C:\Windows\System32\OLEAUT32.dll
0x00007ff8f1de0000 - 0x00007ff8f1df4000 	C:\Windows\SYSTEM32\WTSAPI32.dll
0x000002156c540000 - 0x000002156c6da000 	C:\Windows\System32\ole32.dll
0x00007ff8f5480000 - 0x00007ff8f5492000 	C:\Windows\SYSTEM32\msasn1.dll
0x00007ff8e5860000 - 0x00007ff8e5891000 	C:\Windows\SYSTEM32\cryptnet.dll
0x00007ff8f6330000 - 0x00007ff8f6492000 	C:\Windows\System32\CRYPT32.dll
0x00007ff8e5710000 - 0x00007ff8e5859000 	C:\Windows\SYSTEM32\drvstore.dll
0x00007ff8f53d0000 - 0x00007ff8f5411000 	C:\Windows\SYSTEM32\wldp.dll
0x00007ff8f6210000 - 0x00007ff8f6278000 	C:\Windows\System32\WINTRUST.dll
0x00007ff8a2640000 - 0x00007ff8a290f000 	C:\Windows\system32\nvspcap64.dll
0x00007ff8f4ad0000 - 0x00007ff8f4b1d000 	C:\Windows\SYSTEM32\powrprof.dll
0x00007ff8f4ab0000 - 0x00007ff8f4ac3000 	C:\Windows\SYSTEM32\UMPDC.dll
0x00007ff8f4700000 - 0x00007ff8f4764000 	C:\Windows\SYSTEM32\WINSTA.dll
0x00007ff8f2fc0000 - 0x00007ff8f30b3000 	C:\Windows\system32\dxgi.dll
0x00007ff8eebf0000 - 0x00007ff8eee70000 	C:\Windows\system32\d3d11.dll
0x00007ff8aa900000 - 0x00007ff8aaa17000 	C:\Windows\System32\DriverStore\FileRepository\nvaci.inf_amd64_8ce19eb793971eee\nvldumdx.dll
0x00007ff8f7550000 - 0x00007ff8f756f000 	C:\Windows\System32\imagehlp.dll
0x00007ff8f5430000 - 0x00007ff8f5448000 	C:\Windows\SYSTEM32\CRYPTSP.dll
0x00007ff8f4c20000 - 0x00007ff8f4c55000 	C:\Windows\system32\rsaenh.dll
0x00007ff8f5570000 - 0x00007ff8f5597000 	C:\Windows\SYSTEM32\bcrypt.dll
0x00007ff852eb0000 - 0x00007ff8558aa000 	C:\Windows\System32\DriverStore\FileRepository\nvaci.inf_amd64_8ce19eb793971eee\nvwgf2umx.dll
0x00007ff8e8260000 - 0x00007ff8e89a8000 	C:\Windows\SYSTEM32\nvapi64.dll
0x00007ff89de90000 - 0x00007ff89e0e9000 	C:\Users\MAXMIL~1\AppData\Local\Temp\lwjglMaxmilite\3.3.1-build-7\jemalloc.dll
0x00007ff8aa8a0000 - 0x00007ff8aa8fd000 	C:\Users\Maxmilite\AppData\Local\Temp\lwjglMaxmilite\3.3.1-build-7\lwjgl_opengl.dll
0x00007ff8cb820000 - 0x00007ff8cb94d000 	C:\Windows\SYSTEM32\textinputframework.dll
0x00007ff8ef410000 - 0x00007ff8ef77d000 	C:\Windows\SYSTEM32\CoreUIComponents.dll
0x0000000064a00000 - 0x000000006578a000 	C:\Users\Maxmilite\AppData\Local\Temp\imgui-java-natives_1669429139154\imgui-java64.dll
0x00007ff8aa810000 - 0x00007ff8aa891000 	C:\Users\Maxmilite\AppData\Local\Temp\lwjglMaxmilite\3.3.1-build-7\lwjgl_stb.dll
0x00007ff89d8e0000 - 0x00007ff89de89000 	C:\Users\MAXMIL~1\AppData\Local\Temp\lwjglMaxmilite\3.3.1-build-7\assimp.dll
0x00007ff8aa5a0000 - 0x00007ff8aa632000 	C:\Users\Maxmilite\AppData\Local\Temp\lwjglMaxmilite\3.3.1-build-7\lwjgl_nanovg.dll

dbghelp: loaded successfully - version: 4.0.5 - missing functions: none
symbol engine: initialized successfully - sym options: 0x614 - pdb path: .;D:\Program Files\Zulu\zulu-17\bin;C:\Windows\SYSTEM32;C:\Windows\WinSxS\amd64_microsoft.windows.common-controls_6595b64144ccf1df_6.0.22000.120_none_9d947278b86cc467;C:\Program Files\MacType;D:\Program Files\Zulu\zulu-17\bin\server;D:\Program Files\JetBrains\IntelliJ IDEA Community Edition 2022.1.4\bin;C:\Users\Maxmilite\AppData\Local\Temp\lwjglMaxmilite\3.3.1-build-7;C:\Users\MAXMIL~1\AppData\Local\Temp\lwjglMaxmilite\3.3.1-build-7;C:\Windows\System32\DriverStore\FileRepository\nvaci.inf_amd64_8ce19eb793971eee;C:\Users\Maxmilite\AppData\Local\Temp\imgui-java-natives_1669429139154

VM Arguments:
jvm_args: -javaagent:D:\Program Files\JetBrains\IntelliJ IDEA Community Edition 2022.1.4\lib\idea_rt.jar=9322:D:\Program Files\JetBrains\IntelliJ IDEA Community Edition 2022.1.4\bin -Dfile.encoding=UTF-8 
java_command: sdu.revolution.Main
java_class_path (initial): D:\CodeSpace\Revolution\target\classes;C:\Users\Maxmilite\.m2\repository\org\cooder\tinylog\tinylog\1.2.2\tinylog-1.2.2.jar;C:\Users\Maxmilite\.m2\repository\org\lwjgl\lwjgl\3.3.1\lwjgl-3.3.1.jar;C:\Users\Maxmilite\.m2\repository\org\lwjgl\lwjgl-assimp\3.3.1\lwjgl-assimp-3.3.1.jar;C:\Users\Maxmilite\.m2\repository\org\lwjgl\lwjgl-bgfx\3.3.1\lwjgl-bgfx-3.3.1.jar;C:\Users\Maxmilite\.m2\repository\org\lwjgl\lwjgl-cuda\3.3.1\lwjgl-cuda-3.3.1.jar;C:\Users\Maxmilite\.m2\repository\org\lwjgl\lwjgl-egl\3.3.1\lwjgl-egl-3.3.1.jar;C:\Users\Maxmilite\.m2\repository\org\lwjgl\lwjgl-glfw\3.3.1\lwjgl-glfw-3.3.1.jar;C:\Users\Maxmilite\.m2\repository\org\lwjgl\lwjgl-jawt\3.3.1\lwjgl-jawt-3.3.1.jar;C:\Users\Maxmilite\.m2\repository\org\lwjgl\lwjgl-jemalloc\3.3.1\lwjgl-jemalloc-3.3.1.jar;C:\Users\Maxmilite\.m2\repository\org\lwjgl\lwjgl-libdivide\3.3.1\lwjgl-libdivide-3.3.1.jar;C:\Users\Maxmilite\.m2\repository\org\lwjgl\lwjgl-llvm\3.3.1\lwjgl-llvm-3.3.1.jar;C:\Users\Maxmilite\.m2\repository\org\lwjgl\lwjgl-lmdb\3.3.1\lwjgl-lmdb-3.3.1.jar;C:\Users\Maxmilite\.m2\repository\org\lwjgl\lwjgl-lz4\3.3.1\lwjgl-lz4-3.3.1.jar;C:\Users\Maxmilite\.m2\repository\org\lwjgl\lwjgl-meow\3.3.1\lwjgl-meow-3.3.1.jar;C:\Users\Maxmilite\.m2\repository\org\lwjgl\lwjgl-meshoptimizer\3.3.1\lwjgl-meshoptimizer-3.3.1.jar;C:\Users\Maxmilite\.m2\repository\org\lwjgl\lwjgl-nanovg\3.3.1\lwjgl-nanovg-3.3.1.jar;C:\Users\Maxmilite\.m2\repository\org\lwjgl\lwjgl-nfd\3.3.1\lwjgl-nfd-3.3.1.jar;C:\Users\Maxmilite\.m2\repository\org\lwjgl\lwjgl-nuklear\3.3.1\lwjgl-nuklear-3.3.1.jar;C:\Users\Maxmilite\.m2\repository\org\lwjgl\lwjgl-odbc\3.3.1\lwjgl-odbc-3.3.1.jar;C:\Users\Maxmilite\.m2\repository\org\lwjgl\lwjgl-openal\3.3.1\lwjgl-openal-3.3.1.jar;C:\Users\Maxmilite\.m2\repository\org\lwjgl\lwjgl-opencl\3.3.1\lwjgl-opencl-3.3.1.jar;C:\Users\Maxmilite\.m2\repository\org\lwjgl\lwjgl-opengl\3.3.1\lwjgl-opengl-3.3.1.jar;C:\Users\Maxmilite\.m2\repository\org\lwjgl\lwjgl-opengles\3.3.1\lwjgl-opengles
Launcher Type: SUN_STANDARD

[Global flags]
     intx CICompilerCount                          = 12                                        {product} {ergonomic}
     uint ConcGCThreads                            = 3                                         {product} {ergonomic}
     uint G1ConcRefinementThreads                  = 13                                        {product} {ergonomic}
   size_t G1HeapRegionSize                         = 2097152                                   {product} {ergonomic}
    uintx GCDrainStackTargetSize                   = 64                                        {product} {ergonomic}
   size_t InitialHeapSize                          = 264241152                                 {product} {ergonomic}
   size_t MarkStackSize                            = 4194304                                   {product} {ergonomic}
   size_t MaxHeapSize                              = 4219469824                                {product} {ergonomic}
   size_t MaxNewSize                               = 2531262464                                {product} {ergonomic}
   size_t MinHeapDeltaBytes                        = 2097152                                   {product} {ergonomic}
   size_t MinHeapSize                              = 8388608                                   {product} {ergonomic}
    uintx NonNMethodCodeHeapSize                   = 7602480                                {pd product} {ergonomic}
    uintx NonProfiledCodeHeapSize                  = 122027880                              {pd product} {ergonomic}
    uintx ProfiledCodeHeapSize                     = 122027880                              {pd product} {ergonomic}
    uintx ReservedCodeCacheSize                    = 251658240                              {pd product} {ergonomic}
     bool SegmentedCodeCache                       = true                                      {product} {ergonomic}
   size_t SoftMaxHeapSize                          = 4219469824                             {manageable} {ergonomic}
     bool UseCompressedClassPointers               = true                           {product lp64_product} {ergonomic}
     bool UseCompressedOops                        = true                           {product lp64_product} {ergonomic}
     bool UseG1GC                                  = true                                      {product} {ergonomic}
     bool UseLargePagesIndividualAllocation        = false                                  {pd product} {ergonomic}

Logging:
Log output configuration:
 #0: stdout all=warning uptime,level,tags
 #1: stderr all=off uptime,level,tags

Environment Variables:
JAVA_HOME=D:\Program Files\Zulu\zulu-17\
PATH=D:\Program Files (x86)\VMware\VMware Workstation\bin\;C:\Program Files (x86)\Common Files\Intel\Shared Libraries\redist\intel64\compiler;D:\Program Files\Zulu\zulu-17\bin\;C:\Windows\system32;C:\Windows;C:\Windows\System32\Wbem;C:\Windows\System32\WindowsPowerShell\v1.0\;C:\Windows\System32\OpenSSH\;C:\Program Files (x86)\NVIDIA Corporation\PhysX\Common;D:\Program Files\Bandizip\Bandizip;C:\Program Files\dotnet\;D:\TDM-GCC-64\bin;D:\Program Files\nodejs\;C:\ProgramData\chocolatey\bin;D:\Program Files\Git\cmd;D:\Program Files (x86)\NetSarang\Xshell 7\;C:\Program Files\NVIDIA Corporation\NVIDIA NvDLISR;D:\Program Files\IDM Computer Solutions\UltraEdit;C:\Program Files\Pandoc\;E:\Program Files\MATLAB\R2020a\bin;D:\Program Files\Python\Python310\Scripts\;D:\Program Files\Python\Python310\;C:\Users\Maxmilite\AppData\Local\Microsoft\WindowsApps;D:\Program Files\Microsoft VS Code\bin;C:\Users\Maxmilite\AppData\Roaming\npm;C:\Users\Maxmilite\AppData\Local\GitHubDesktop\bin;D:\Tools\ADB;D:\Tools\kotlin-native-windows-x86_64-1.7.10\bin;E:\texlive\2022\bin\win32;C:\Program Files\Pandoc;
USERNAME=Maxmilite
OS=Windows_NT
PROCESSOR_IDENTIFIER=Intel64 Family 6 Model 154 Stepping 3, GenuineIntel



---------------  S Y S T E M  ---------------

OS:
 Windows 11 , 64 bit Build 22000 (10.0.22000.1219)
OS uptime: 0 days 2:05 hours
Hyper-V role detected

CPU: total 16 (initial active 16) (8 cores per cpu, 2 threads per core) family 6 model 154 stepping 3 microcode 0x41b, cx8, cmov, fxsr, ht, mmx, 3dnowpref, sse, sse2, sse3, ssse3, sse4.1, sse4.2, popcnt, lzcnt, tsc, tscinvbit, avx, avx2, aes, erms, clmul, bmi1, bmi2, adx, sha, fma, vzeroupper, clflush, clflushopt, clwb, hv

Memory: 4k page, system-wide physical 16088M (3479M free)
TotalPageFile size 28376M (AvailPageFile size 10206M)
current process WorkingSet (physical memory assigned to process): 287M, peak: 288M
current process commit charge ("private bytes"): 624M, peak: 626M

vm_info: OpenJDK 64-Bit Server VM (17.0.3+7-LTS) for windows-amd64 JRE (17.0.3+7-LTS) (Zulu17.34+19-CA), built on Apr 17 2022 09:18:41 by "zulu_re" with MS VC++ 16.10 / 16.11 (VS2019)

END.
