#
# A fatal error has been detected by the Java Runtime Environment:
#
#  Internal Error (os_windows_x86.cpp:143), pid=19080, tid=21536
#  guarantee(result == EXCEPTION_CONTINUE_EXECUTION) failed: Unexpected result from topLevelExceptionFilter
#
# JRE version: OpenJDK Runtime Environment Zulu17.34+19-CA (17.0.3+7) (build 17.0.3+7-LTS)
# Java VM: OpenJDK 64-Bit Server VM Zulu17.34+19-CA (17.0.3+7-LTS, mixed mode, sharing, tiered, compressed oops, compressed class ptrs, g1 gc, windows-amd64)
# No core dump will be written. Minidumps are not enabled by default on client versions of Windows
#
# If you would like to submit a bug report, please visit:
#   http://www.azul.com/support/
# The crash happened outside the Java Virtual Machine in native code.
# See problematic frame for where to report the bug.
#

---------------  S U M M A R Y ------------

Command Line: -javaagent:D:\Program Files\JetBrains\IntelliJ IDEA Community Edition 2022.1.4\lib\idea_rt.jar=4695:D:\Program Files\JetBrains\IntelliJ IDEA Community Edition 2022.1.4\bin -Dfile.encoding=UTF-8 sdu.revolution.Main

Host: 12th Gen Intel(R) Core(TM) i5-12500H, 16 cores, 15G,  Windows 11 , 64 bit Build 22000 (10.0.22000.1219)
Time: Sat Nov 26 09:13:04 2022 China Standard Time elapsed time: 32.373741 seconds (0d 0h 0m 32s)

---------------  T H R E A D  ---------------

Current thread (0x0000025adf08fda0):  JavaThread "main" [_thread_in_native, id=21536, stack(0x0000006092300000,0x0000006092400000)]

Stack: [0x0000006092300000,0x0000006092400000]
Native frames: (J=compiled Java code, j=interpreted, Vv=VM code, C=native code)
V  [jvm.dll+0x67aeca]
V  [jvm.dll+0x836504]
V  [jvm.dll+0x837cae]
V  [jvm.dll+0x8382c7]
V  [jvm.dll+0x248bfc]
V  [jvm.dll+0x67aa9c]
C  [ntdll.dll+0xa8b1f]
C  [ntdll.dll+0x35b9a]
C  [ntdll.dll+0xa7b2e]
C  [imgui-java64.dll+0x50247]

Java frames: (J=compiled Java code, j=interpreted, Vv=VM code)
J 2196  imgui.ImGui.showDemoWindow()V (0 bytes) @ 0x0000025aee8061e6 [0x0000025aee8061a0+0x0000000000000046]
J 2265 c2 sdu.revolution.engine.graph.GuiRender.render(Lsdu/revolution/engine/scene/Scene;)V (280 bytes) @ 0x0000025aee81bf00 [0x0000025aee81be60+0x00000000000000a0]
J 2216 c1 sdu.revolution.engine.graph.Render.render(Lsdu/revolution/engine/main/Window;Lsdu/revolution/engine/scene/Scene;)V (44 bytes) @ 0x0000025ae76499cc [0x0000025ae7649780+0x000000000000024c]
j  sdu.revolution.engine.main.Engine.run()V+242
j  sdu.revolution.engine.main.Engine.start()V+6
j  sdu.revolution.Main.main([Ljava/lang/String;)V+83
v  ~StubRoutines::call_stub

---------------  P R O C E S S  ---------------

Threads class SMR info:
_java_thread_list=0x0000025a932dc4c0, length=13, elements={
0x0000025adf08fda0, 0x0000025af65b6db0, 0x0000025af65b7970, 0x0000025af65d2fc0,
0x0000025af65d58a0, 0x0000025af65d6870, 0x0000025af65d7230, 0x0000025af65d83e0,
0x0000025af65d9df0, 0x0000025af65da7f0, 0x0000025a82a108b0, 0x0000025a82c6c440,
0x0000025a82c6c920
}

Java Threads: ( => current thread )
=>0x0000025adf08fda0 JavaThread "main" [_thread_in_native, id=21536, stack(0x0000006092300000,0x0000006092400000)]
  0x0000025af65b6db0 JavaThread "Reference Handler" daemon [_thread_blocked, id=20376, stack(0x0000006092a00000,0x0000006092b00000)]
  0x0000025af65b7970 JavaThread "Finalizer" daemon [_thread_blocked, id=3092, stack(0x0000006092b00000,0x0000006092c00000)]
  0x0000025af65d2fc0 JavaThread "Signal Dispatcher" daemon [_thread_blocked, id=10884, stack(0x0000006092c00000,0x0000006092d00000)]
  0x0000025af65d58a0 JavaThread "Attach Listener" daemon [_thread_blocked, id=10232, stack(0x0000006092d00000,0x0000006092e00000)]
  0x0000025af65d6870 JavaThread "Service Thread" daemon [_thread_blocked, id=6512, stack(0x0000006092e00000,0x0000006092f00000)]
  0x0000025af65d7230 JavaThread "Monitor Deflation Thread" daemon [_thread_blocked, id=18824, stack(0x0000006092f00000,0x0000006093000000)]
  0x0000025af65d83e0 JavaThread "C2 CompilerThread0" daemon [_thread_blocked, id=3068, stack(0x0000006093000000,0x0000006093100000)]
  0x0000025af65d9df0 JavaThread "C1 CompilerThread0" daemon [_thread_blocked, id=6084, stack(0x0000006093100000,0x0000006093200000)]
  0x0000025af65da7f0 JavaThread "Sweeper thread" daemon [_thread_blocked, id=21084, stack(0x0000006093200000,0x0000006093300000)]
  0x0000025a82a108b0 JavaThread "Common-Cleaner" daemon [_thread_blocked, id=8588, stack(0x0000006093300000,0x0000006093400000)]
  0x0000025a82c6c440 JavaThread "Monitor Ctrl-Break" daemon [_thread_in_native, id=8380, stack(0x0000006093800000,0x0000006093900000)]
  0x0000025a82c6c920 JavaThread "Notification Thread" daemon [_thread_blocked, id=7608, stack(0x0000006093900000,0x0000006093a00000)]

Other Threads:
  0x0000025af65b4320 VMThread "VM Thread" [stack: 0x0000006092900000,0x0000006092a00000] [id=10996]
  0x0000025adf0dadb0 WatcherThread [stack: 0x0000006093a00000,0x0000006093b00000] [id=20756]
  0x0000025af6420a10 GCTaskThread "GC Thread#0" [stack: 0x0000006092400000,0x0000006092500000] [id=3628]
  0x0000025a85b02d00 GCTaskThread "GC Thread#1" [stack: 0x0000006093700000,0x0000006093800000] [id=15736]
  0x0000025a85b02fc0 GCTaskThread "GC Thread#2" [stack: 0x0000006094300000,0x0000006094400000] [id=6460]
  0x0000025a85d8a830 GCTaskThread "GC Thread#3" [stack: 0x0000006094400000,0x0000006094500000] [id=1468]
  0x0000025a85d8aaf0 GCTaskThread "GC Thread#4" [stack: 0x0000006094500000,0x0000006094600000] [id=14556]
  0x0000025a85d8b8b0 GCTaskThread "GC Thread#5" [stack: 0x0000006094600000,0x0000006094700000] [id=8716]
  0x0000025a85d8adb0 GCTaskThread "GC Thread#6" [stack: 0x0000006094700000,0x0000006094800000] [id=20928]
  0x0000025a85d8be30 GCTaskThread "GC Thread#7" [stack: 0x0000006094800000,0x0000006094900000] [id=6340]
  0x0000025a85d8a570 GCTaskThread "GC Thread#8" [stack: 0x0000006094900000,0x0000006094a00000] [id=17752]
  0x0000025a85d8b070 GCTaskThread "GC Thread#9" [stack: 0x0000006094a00000,0x0000006094b00000] [id=14204]
  0x0000025a959399f0 GCTaskThread "GC Thread#10" [stack: 0x0000006093400000,0x0000006093500000] [id=17980]
  0x0000025adcb9dec0 ConcurrentGCThread "G1 Main Marker" [stack: 0x0000006092500000,0x0000006092600000] [id=2884]
  0x0000025adcb9e7e0 ConcurrentGCThread "G1 Conc#0" [stack: 0x0000006092600000,0x0000006092700000] [id=8396]
  0x0000025adf0deb10 ConcurrentGCThread "G1 Refine#0" [stack: 0x0000006092700000,0x0000006092800000] [id=13432]
  0x0000025af64e57f0 ConcurrentGCThread "G1 Service" [stack: 0x0000006092800000,0x0000006092900000] [id=16628]

Threads with active compile tasks:

VM state: not at safepoint (normal execution)

VM Mutex/Monitor currently owned by a thread: None

Heap address: 0x0000000704800000, size: 4024 MB, Compressed Oops mode: Zero based, Oop shift amount: 3

CDS archive(s) mapped at: [0x0000000800000000-0x0000000800c00000-0x0000000800c00000), size 12582912, SharedBaseAddress: 0x0000000800000000, ArchiveRelocationMode: 0.
Compressed class space mapped at: 0x0000000800c00000-0x0000000840c00000, reserved size: 1073741824
Narrow klass base: 0x0000000800000000, Narrow klass shift: 0, Narrow klass range: 0x100000000

GC Precious Log:
 CPUs: 16 total, 16 available
 Memory: 16088M
 Large Page Support: Disabled
 NUMA Support: Disabled
 Compressed Oops: Enabled (Zero based)
 Heap Region Size: 2M
 Heap Min Capacity: 8M
 Heap Initial Capacity: 252M
 Heap Max Capacity: 4024M
 Pre-touch: Disabled
 Parallel Workers: 13
 Concurrent Workers: 3
 Concurrent Refinement Workers: 13
 Periodic GC: Disabled

Heap:
 garbage-first heap   total 258048K, used 14091K [0x0000000704800000, 0x0000000800000000)
  region size 2048K, 6 young (12288K), 1 survivors (2048K)
 Metaspace       used 8426K, committed 8640K, reserved 1064960K
  class space    used 430K, committed 512K, reserved 1048576K

Heap Regions: E=young(eden), S=young(survivor), O=old, HS=humongous(starts), HC=humongous(continues), CS=collection set, F=free, OA=open archive, CA=closed archive, TAMS=top-at-mark-start (previous, next)
|   0|0x0000000704800000, 0x0000000704a00000, 0x0000000704a00000|100%| O|  |TAMS 0x0000000704800000, 0x0000000704800000| Untracked 
|   1|0x0000000704a00000, 0x0000000704bd3800, 0x0000000704c00000| 91%| O|  |TAMS 0x0000000704a00000, 0x0000000704a00000| Untracked 
|   2|0x0000000704c00000, 0x0000000704c00000, 0x0000000704e00000|  0%| F|  |TAMS 0x0000000704c00000, 0x0000000704c00000| Untracked 
|   3|0x0000000704e00000, 0x0000000704e00000, 0x0000000705000000|  0%| F|  |TAMS 0x0000000704e00000, 0x0000000704e00000| Untracked 
|   4|0x0000000705000000, 0x0000000705000000, 0x0000000705200000|  0%| F|  |TAMS 0x0000000705000000, 0x0000000705000000| Untracked 
|   5|0x0000000705200000, 0x0000000705200000, 0x0000000705400000|  0%| F|  |TAMS 0x0000000705200000, 0x0000000705200000| Untracked 
|   6|0x0000000705400000, 0x0000000705400000, 0x0000000705600000|  0%| F|  |TAMS 0x0000000705400000, 0x0000000705400000| Untracked 
|   7|0x0000000705600000, 0x0000000705600000, 0x0000000705800000|  0%| F|  |TAMS 0x0000000705600000, 0x0000000705600000| Untracked 
|   8|0x0000000705800000, 0x0000000705800000, 0x0000000705a00000|  0%| F|  |TAMS 0x0000000705800000, 0x0000000705800000| Untracked 
|   9|0x0000000705a00000, 0x0000000705a00000, 0x0000000705c00000|  0%| F|  |TAMS 0x0000000705a00000, 0x0000000705a00000| Untracked 
|  10|0x0000000705c00000, 0x0000000705c00000, 0x0000000705e00000|  0%| F|  |TAMS 0x0000000705c00000, 0x0000000705c00000| Untracked 
|  11|0x0000000705e00000, 0x0000000705e00000, 0x0000000706000000|  0%| F|  |TAMS 0x0000000705e00000, 0x0000000705e00000| Untracked 
|  12|0x0000000706000000, 0x0000000706000000, 0x0000000706200000|  0%| F|  |TAMS 0x0000000706000000, 0x0000000706000000| Untracked 
|  13|0x0000000706200000, 0x0000000706200000, 0x0000000706400000|  0%| F|  |TAMS 0x0000000706200000, 0x0000000706200000| Untracked 
|  14|0x0000000706400000, 0x0000000706400000, 0x0000000706600000|  0%| F|  |TAMS 0x0000000706400000, 0x0000000706400000| Untracked 
|  15|0x0000000706600000, 0x0000000706600000, 0x0000000706800000|  0%| F|  |TAMS 0x0000000706600000, 0x0000000706600000| Untracked 
|  16|0x0000000706800000, 0x0000000706800000, 0x0000000706a00000|  0%| F|  |TAMS 0x0000000706800000, 0x0000000706800000| Untracked 
|  17|0x0000000706a00000, 0x0000000706a00000, 0x0000000706c00000|  0%| F|  |TAMS 0x0000000706a00000, 0x0000000706a00000| Untracked 
|  18|0x0000000706c00000, 0x0000000706c00000, 0x0000000706e00000|  0%| F|  |TAMS 0x0000000706c00000, 0x0000000706c00000| Untracked 
|  19|0x0000000706e00000, 0x0000000706e00000, 0x0000000707000000|  0%| F|  |TAMS 0x0000000706e00000, 0x0000000706e00000| Untracked 
|  20|0x0000000707000000, 0x0000000707000000, 0x0000000707200000|  0%| F|  |TAMS 0x0000000707000000, 0x0000000707000000| Untracked 
|  21|0x0000000707200000, 0x0000000707200000, 0x0000000707400000|  0%| F|  |TAMS 0x0000000707200000, 0x0000000707200000| Untracked 
|  22|0x0000000707400000, 0x0000000707400000, 0x0000000707600000|  0%| F|  |TAMS 0x0000000707400000, 0x0000000707400000| Untracked 
|  23|0x0000000707600000, 0x0000000707600000, 0x0000000707800000|  0%| F|  |TAMS 0x0000000707600000, 0x0000000707600000| Untracked 
|  24|0x0000000707800000, 0x0000000707800000, 0x0000000707a00000|  0%| F|  |TAMS 0x0000000707800000, 0x0000000707800000| Untracked 
|  25|0x0000000707a00000, 0x0000000707a00000, 0x0000000707c00000|  0%| F|  |TAMS 0x0000000707a00000, 0x0000000707a00000| Untracked 
|  26|0x0000000707c00000, 0x0000000707c00000, 0x0000000707e00000|  0%| F|  |TAMS 0x0000000707c00000, 0x0000000707c00000| Untracked 
|  27|0x0000000707e00000, 0x0000000707e00000, 0x0000000708000000|  0%| F|  |TAMS 0x0000000707e00000, 0x0000000707e00000| Untracked 
|  28|0x0000000708000000, 0x0000000708000000, 0x0000000708200000|  0%| F|  |TAMS 0x0000000708000000, 0x0000000708000000| Untracked 
|  29|0x0000000708200000, 0x0000000708200000, 0x0000000708400000|  0%| F|  |TAMS 0x0000000708200000, 0x0000000708200000| Untracked 
|  30|0x0000000708400000, 0x0000000708400000, 0x0000000708600000|  0%| F|  |TAMS 0x0000000708400000, 0x0000000708400000| Untracked 
|  31|0x0000000708600000, 0x0000000708600000, 0x0000000708800000|  0%| F|  |TAMS 0x0000000708600000, 0x0000000708600000| Untracked 
|  32|0x0000000708800000, 0x0000000708800000, 0x0000000708a00000|  0%| F|  |TAMS 0x0000000708800000, 0x0000000708800000| Untracked 
|  33|0x0000000708a00000, 0x0000000708a00000, 0x0000000708c00000|  0%| F|  |TAMS 0x0000000708a00000, 0x0000000708a00000| Untracked 
|  34|0x0000000708c00000, 0x0000000708c00000, 0x0000000708e00000|  0%| F|  |TAMS 0x0000000708c00000, 0x0000000708c00000| Untracked 
|  35|0x0000000708e00000, 0x0000000708e00000, 0x0000000709000000|  0%| F|  |TAMS 0x0000000708e00000, 0x0000000708e00000| Untracked 
|  36|0x0000000709000000, 0x0000000709000000, 0x0000000709200000|  0%| F|  |TAMS 0x0000000709000000, 0x0000000709000000| Untracked 
|  37|0x0000000709200000, 0x0000000709200000, 0x0000000709400000|  0%| F|  |TAMS 0x0000000709200000, 0x0000000709200000| Untracked 
|  38|0x0000000709400000, 0x0000000709400000, 0x0000000709600000|  0%| F|  |TAMS 0x0000000709400000, 0x0000000709400000| Untracked 
|  39|0x0000000709600000, 0x0000000709600000, 0x0000000709800000|  0%| F|  |TAMS 0x0000000709600000, 0x0000000709600000| Untracked 
|  40|0x0000000709800000, 0x0000000709800000, 0x0000000709a00000|  0%| F|  |TAMS 0x0000000709800000, 0x0000000709800000| Untracked 
|  41|0x0000000709a00000, 0x0000000709a00000, 0x0000000709c00000|  0%| F|  |TAMS 0x0000000709a00000, 0x0000000709a00000| Untracked 
|  42|0x0000000709c00000, 0x0000000709c00000, 0x0000000709e00000|  0%| F|  |TAMS 0x0000000709c00000, 0x0000000709c00000| Untracked 
|  43|0x0000000709e00000, 0x0000000709e00000, 0x000000070a000000|  0%| F|  |TAMS 0x0000000709e00000, 0x0000000709e00000| Untracked 
|  44|0x000000070a000000, 0x000000070a000000, 0x000000070a200000|  0%| F|  |TAMS 0x000000070a000000, 0x000000070a000000| Untracked 
|  45|0x000000070a200000, 0x000000070a200000, 0x000000070a400000|  0%| F|  |TAMS 0x000000070a200000, 0x000000070a200000| Untracked 
|  46|0x000000070a400000, 0x000000070a400000, 0x000000070a600000|  0%| F|  |TAMS 0x000000070a400000, 0x000000070a400000| Untracked 
|  47|0x000000070a600000, 0x000000070a600000, 0x000000070a800000|  0%| F|  |TAMS 0x000000070a600000, 0x000000070a600000| Untracked 
|  48|0x000000070a800000, 0x000000070a800000, 0x000000070aa00000|  0%| F|  |TAMS 0x000000070a800000, 0x000000070a800000| Untracked 
|  49|0x000000070aa00000, 0x000000070aa00000, 0x000000070ac00000|  0%| F|  |TAMS 0x000000070aa00000, 0x000000070aa00000| Untracked 
|  50|0x000000070ac00000, 0x000000070adef668, 0x000000070ae00000| 96%| S|CS|TAMS 0x000000070ac00000, 0x000000070ac00000| Complete 
|  51|0x000000070ae00000, 0x000000070ae00000, 0x000000070b000000|  0%| F|  |TAMS 0x000000070ae00000, 0x000000070ae00000| Untracked 
|  52|0x000000070b000000, 0x000000070b000000, 0x000000070b200000|  0%| F|  |TAMS 0x000000070b000000, 0x000000070b000000| Untracked 
|  53|0x000000070b200000, 0x000000070b200000, 0x000000070b400000|  0%| F|  |TAMS 0x000000070b200000, 0x000000070b200000| Untracked 
|  54|0x000000070b400000, 0x000000070b400000, 0x000000070b600000|  0%| F|  |TAMS 0x000000070b400000, 0x000000070b400000| Untracked 
|  55|0x000000070b600000, 0x000000070b600000, 0x000000070b800000|  0%| F|  |TAMS 0x000000070b600000, 0x000000070b600000| Untracked 
|  56|0x000000070b800000, 0x000000070b800000, 0x000000070ba00000|  0%| F|  |TAMS 0x000000070b800000, 0x000000070b800000| Untracked 
|  57|0x000000070ba00000, 0x000000070ba00000, 0x000000070bc00000|  0%| F|  |TAMS 0x000000070ba00000, 0x000000070ba00000| Untracked 
|  58|0x000000070bc00000, 0x000000070bc00000, 0x000000070be00000|  0%| F|  |TAMS 0x000000070bc00000, 0x000000070bc00000| Untracked 
|  59|0x000000070be00000, 0x000000070be00000, 0x000000070c000000|  0%| F|  |TAMS 0x000000070be00000, 0x000000070be00000| Untracked 
|  60|0x000000070c000000, 0x000000070c000000, 0x000000070c200000|  0%| F|  |TAMS 0x000000070c000000, 0x000000070c000000| Untracked 
|  61|0x000000070c200000, 0x000000070c200000, 0x000000070c400000|  0%| F|  |TAMS 0x000000070c200000, 0x000000070c200000| Untracked 
|  62|0x000000070c400000, 0x000000070c400000, 0x000000070c600000|  0%| F|  |TAMS 0x000000070c400000, 0x000000070c400000| Untracked 
|  63|0x000000070c600000, 0x000000070c600000, 0x000000070c800000|  0%| F|  |TAMS 0x000000070c600000, 0x000000070c600000| Untracked 
|  64|0x000000070c800000, 0x000000070c800000, 0x000000070ca00000|  0%| F|  |TAMS 0x000000070c800000, 0x000000070c800000| Untracked 
|  65|0x000000070ca00000, 0x000000070ca00000, 0x000000070cc00000|  0%| F|  |TAMS 0x000000070ca00000, 0x000000070ca00000| Untracked 
|  66|0x000000070cc00000, 0x000000070cc00000, 0x000000070ce00000|  0%| F|  |TAMS 0x000000070cc00000, 0x000000070cc00000| Untracked 
|  67|0x000000070ce00000, 0x000000070ce00000, 0x000000070d000000|  0%| F|  |TAMS 0x000000070ce00000, 0x000000070ce00000| Untracked 
|  68|0x000000070d000000, 0x000000070d000000, 0x000000070d200000|  0%| F|  |TAMS 0x000000070d000000, 0x000000070d000000| Untracked 
|  69|0x000000070d200000, 0x000000070d200000, 0x000000070d400000|  0%| F|  |TAMS 0x000000070d200000, 0x000000070d200000| Untracked 
|  70|0x000000070d400000, 0x000000070d400000, 0x000000070d600000|  0%| F|  |TAMS 0x000000070d400000, 0x000000070d400000| Untracked 
|  71|0x000000070d600000, 0x000000070d600000, 0x000000070d800000|  0%| F|  |TAMS 0x000000070d600000, 0x000000070d600000| Untracked 
|  72|0x000000070d800000, 0x000000070d800000, 0x000000070da00000|  0%| F|  |TAMS 0x000000070d800000, 0x000000070d800000| Untracked 
|  73|0x000000070da00000, 0x000000070da00000, 0x000000070dc00000|  0%| F|  |TAMS 0x000000070da00000, 0x000000070da00000| Untracked 
|  74|0x000000070dc00000, 0x000000070dc00000, 0x000000070de00000|  0%| F|  |TAMS 0x000000070dc00000, 0x000000070dc00000| Untracked 
|  75|0x000000070de00000, 0x000000070de00000, 0x000000070e000000|  0%| F|  |TAMS 0x000000070de00000, 0x000000070de00000| Untracked 
|  76|0x000000070e000000, 0x000000070e000000, 0x000000070e200000|  0%| F|  |TAMS 0x000000070e000000, 0x000000070e000000| Untracked 
|  77|0x000000070e200000, 0x000000070e200000, 0x000000070e400000|  0%| F|  |TAMS 0x000000070e200000, 0x000000070e200000| Untracked 
|  78|0x000000070e400000, 0x000000070e400000, 0x000000070e600000|  0%| F|  |TAMS 0x000000070e400000, 0x000000070e400000| Untracked 
|  79|0x000000070e600000, 0x000000070e600000, 0x000000070e800000|  0%| F|  |TAMS 0x000000070e600000, 0x000000070e600000| Untracked 
|  80|0x000000070e800000, 0x000000070e800000, 0x000000070ea00000|  0%| F|  |TAMS 0x000000070e800000, 0x000000070e800000| Untracked 
|  81|0x000000070ea00000, 0x000000070ea00000, 0x000000070ec00000|  0%| F|  |TAMS 0x000000070ea00000, 0x000000070ea00000| Untracked 
|  82|0x000000070ec00000, 0x000000070ec00000, 0x000000070ee00000|  0%| F|  |TAMS 0x000000070ec00000, 0x000000070ec00000| Untracked 
|  83|0x000000070ee00000, 0x000000070ee00000, 0x000000070f000000|  0%| F|  |TAMS 0x000000070ee00000, 0x000000070ee00000| Untracked 
|  84|0x000000070f000000, 0x000000070f000000, 0x000000070f200000|  0%| F|  |TAMS 0x000000070f000000, 0x000000070f000000| Untracked 
|  85|0x000000070f200000, 0x000000070f200000, 0x000000070f400000|  0%| F|  |TAMS 0x000000070f200000, 0x000000070f200000| Untracked 
|  86|0x000000070f400000, 0x000000070f400000, 0x000000070f600000|  0%| F|  |TAMS 0x000000070f400000, 0x000000070f400000| Untracked 
|  87|0x000000070f600000, 0x000000070f600000, 0x000000070f800000|  0%| F|  |TAMS 0x000000070f600000, 0x000000070f600000| Untracked 
|  88|0x000000070f800000, 0x000000070f800000, 0x000000070fa00000|  0%| F|  |TAMS 0x000000070f800000, 0x000000070f800000| Untracked 
|  89|0x000000070fa00000, 0x000000070fa00000, 0x000000070fc00000|  0%| F|  |TAMS 0x000000070fa00000, 0x000000070fa00000| Untracked 
|  90|0x000000070fc00000, 0x000000070fc00000, 0x000000070fe00000|  0%| F|  |TAMS 0x000000070fc00000, 0x000000070fc00000| Untracked 
|  91|0x000000070fe00000, 0x000000070fe00000, 0x0000000710000000|  0%| F|  |TAMS 0x000000070fe00000, 0x000000070fe00000| Untracked 
|  92|0x0000000710000000, 0x0000000710000000, 0x0000000710200000|  0%| F|  |TAMS 0x0000000710000000, 0x0000000710000000| Untracked 
|  93|0x0000000710200000, 0x0000000710200000, 0x0000000710400000|  0%| F|  |TAMS 0x0000000710200000, 0x0000000710200000| Untracked 
|  94|0x0000000710400000, 0x0000000710400000, 0x0000000710600000|  0%| F|  |TAMS 0x0000000710400000, 0x0000000710400000| Untracked 
|  95|0x0000000710600000, 0x0000000710600000, 0x0000000710800000|  0%| F|  |TAMS 0x0000000710600000, 0x0000000710600000| Untracked 
|  96|0x0000000710800000, 0x0000000710800000, 0x0000000710a00000|  0%| F|  |TAMS 0x0000000710800000, 0x0000000710800000| Untracked 
|  97|0x0000000710a00000, 0x0000000710a00000, 0x0000000710c00000|  0%| F|  |TAMS 0x0000000710a00000, 0x0000000710a00000| Untracked 
|  98|0x0000000710c00000, 0x0000000710c00000, 0x0000000710e00000|  0%| F|  |TAMS 0x0000000710c00000, 0x0000000710c00000| Untracked 
|  99|0x0000000710e00000, 0x0000000710e00000, 0x0000000711000000|  0%| F|  |TAMS 0x0000000710e00000, 0x0000000710e00000| Untracked 
| 100|0x0000000711000000, 0x0000000711000000, 0x0000000711200000|  0%| F|  |TAMS 0x0000000711000000, 0x0000000711000000| Untracked 
| 101|0x0000000711200000, 0x0000000711200000, 0x0000000711400000|  0%| F|  |TAMS 0x0000000711200000, 0x0000000711200000| Untracked 
| 102|0x0000000711400000, 0x0000000711400000, 0x0000000711600000|  0%| F|  |TAMS 0x0000000711400000, 0x0000000711400000| Untracked 
| 103|0x0000000711600000, 0x0000000711600000, 0x0000000711800000|  0%| F|  |TAMS 0x0000000711600000, 0x0000000711600000| Untracked 
| 104|0x0000000711800000, 0x0000000711800000, 0x0000000711a00000|  0%| F|  |TAMS 0x0000000711800000, 0x0000000711800000| Untracked 
| 105|0x0000000711a00000, 0x0000000711a00000, 0x0000000711c00000|  0%| F|  |TAMS 0x0000000711a00000, 0x0000000711a00000| Untracked 
| 106|0x0000000711c00000, 0x0000000711c00000, 0x0000000711e00000|  0%| F|  |TAMS 0x0000000711c00000, 0x0000000711c00000| Untracked 
| 107|0x0000000711e00000, 0x0000000711e00000, 0x0000000712000000|  0%| F|  |TAMS 0x0000000711e00000, 0x0000000711e00000| Untracked 
| 108|0x0000000712000000, 0x0000000712000000, 0x0000000712200000|  0%| F|  |TAMS 0x0000000712000000, 0x0000000712000000| Untracked 
| 109|0x0000000712200000, 0x0000000712200000, 0x0000000712400000|  0%| F|  |TAMS 0x0000000712200000, 0x0000000712200000| Untracked 
| 110|0x0000000712400000, 0x0000000712400000, 0x0000000712600000|  0%| F|  |TAMS 0x0000000712400000, 0x0000000712400000| Untracked 
| 111|0x0000000712600000, 0x0000000712600000, 0x0000000712800000|  0%| F|  |TAMS 0x0000000712600000, 0x0000000712600000| Untracked 
| 112|0x0000000712800000, 0x0000000712800000, 0x0000000712a00000|  0%| F|  |TAMS 0x0000000712800000, 0x0000000712800000| Untracked 
| 113|0x0000000712a00000, 0x0000000712a00000, 0x0000000712c00000|  0%| F|  |TAMS 0x0000000712a00000, 0x0000000712a00000| Untracked 
| 114|0x0000000712c00000, 0x0000000712c00000, 0x0000000712e00000|  0%| F|  |TAMS 0x0000000712c00000, 0x0000000712c00000| Untracked 
| 115|0x0000000712e00000, 0x0000000712e00000, 0x0000000713000000|  0%| F|  |TAMS 0x0000000712e00000, 0x0000000712e00000| Untracked 
| 116|0x0000000713000000, 0x0000000713000000, 0x0000000713200000|  0%| F|  |TAMS 0x0000000713000000, 0x0000000713000000| Untracked 
| 117|0x0000000713200000, 0x0000000713200000, 0x0000000713400000|  0%| F|  |TAMS 0x0000000713200000, 0x0000000713200000| Untracked 
| 118|0x0000000713400000, 0x0000000713400000, 0x0000000713600000|  0%| F|  |TAMS 0x0000000713400000, 0x0000000713400000| Untracked 
| 119|0x0000000713600000, 0x0000000713600000, 0x0000000713800000|  0%| F|  |TAMS 0x0000000713600000, 0x0000000713600000| Untracked 
| 120|0x0000000713800000, 0x0000000713800000, 0x0000000713a00000|  0%| F|  |TAMS 0x0000000713800000, 0x0000000713800000| Untracked 
| 121|0x0000000713a00000, 0x0000000713b00800, 0x0000000713c00000| 50%| E|  |TAMS 0x0000000713a00000, 0x0000000713a00000| Complete 
| 122|0x0000000713c00000, 0x0000000713e00000, 0x0000000713e00000|100%| E|CS|TAMS 0x0000000713c00000, 0x0000000713c00000| Complete 
| 123|0x0000000713e00000, 0x0000000714000000, 0x0000000714000000|100%| E|CS|TAMS 0x0000000713e00000, 0x0000000713e00000| Complete 
| 124|0x0000000714000000, 0x0000000714200000, 0x0000000714200000|100%| E|CS|TAMS 0x0000000714000000, 0x0000000714000000| Complete 
| 125|0x0000000714200000, 0x0000000714400000, 0x0000000714400000|100%| E|CS|TAMS 0x0000000714200000, 0x0000000714200000| Complete 

Card table byte_map: [0x0000025af6dc0000,0x0000025af75a0000] _byte_map_base: 0x0000025af359c000

Marking Bits (Prev, Next): (CMBitMap*) 0x0000025adf0c1c00, (CMBitMap*) 0x0000025adf0c1c40
 Prev Bits: [0x0000025af7d80000, 0x0000025afbc60000)
 Next Bits: [0x0000025afbc60000, 0x0000025affb40000)

Polling page: 0x0000025adcc40000

Metaspace:

Usage:
  Non-class:      7.81 MB used.
      Class:    430.73 KB used.
       Both:      8.23 MB used.

Virtual space:
  Non-class space:       16.00 MB reserved,       7.94 MB ( 50%) committed,  2 nodes.
      Class space:        1.00 GB reserved,     512.00 KB ( <1%) committed,  1 nodes.
             Both:        1.02 GB reserved,       8.44 MB ( <1%) committed. 

Chunk freelists:
   Non-Class:  2.45 MB
       Class:  3.45 MB
        Both:  5.91 MB

MaxMetaspaceSize: unlimited
CompressedClassSpaceSize: 1.00 GB
Initial GC threshold: 21.00 MB
Current GC threshold: 21.00 MB
CDS: on
MetaspaceReclaimPolicy: balanced
 - commit_granule_bytes: 65536.
 - commit_granule_words: 8192.
 - virtual_space_node_default_size: 1048576.
 - enlarge_chunks_in_place: 1.
 - new_chunks_are_fully_committed: 0.
 - uncommit_free_chunks: 1.
 - use_allocation_guard: 0.
 - handle_deallocations: 1.


Internal statistics:

num_allocs_failed_limit: 0.
num_arena_births: 144.
num_arena_deaths: 0.
num_vsnodes_births: 3.
num_vsnodes_deaths: 0.
num_space_committed: 133.
num_space_uncommitted: 0.
num_chunks_returned_to_freelist: 0.
num_chunks_taken_from_freelist: 384.
num_chunk_merges: 0.
num_chunk_splits: 275.
num_chunks_enlarged: 214.
num_purges: 0.
num_inconsistent_stats: 0.

CodeHeap 'non-profiled nmethods': size=119168Kb used=1150Kb max_used=1150Kb free=118017Kb
 bounds [0x0000025aee700000, 0x0000025aee970000, 0x0000025af5b60000]
CodeHeap 'profiled nmethods': size=119104Kb used=3745Kb max_used=3745Kb free=115358Kb
 bounds [0x0000025ae72b0000, 0x0000025ae7660000, 0x0000025aee700000]
CodeHeap 'non-nmethods': size=7488Kb used=1788Kb max_used=3513Kb free=5699Kb
 bounds [0x0000025ae6b60000, 0x0000025ae6ee0000, 0x0000025ae72b0000]
 total_blobs=3536 nmethods=2264 adapters=1185
 compilation: enabled
              stopped_count=0, restarted_count=0
 full_count=0

Compilation events (20 events):
Event: 16.663 Thread 0x0000025af65d9df0 2256       3       sdu.revolution.engine.scene.Camera::moveBackwards (36 bytes)
Event: 16.664 Thread 0x0000025af65d9df0 nmethod 2256 0x0000025ae7656910 code [0x0000025ae7656b20, 0x0000025ae7657008]
Event: 17.509 Thread 0x0000025af65d83e0 2257       4       sdu.revolution.engine.graph.SceneRender::updateLights (289 bytes)
Event: 17.556 Thread 0x0000025af65d83e0 nmethod 2257 0x0000025aee816010 code [0x0000025aee816380, 0x0000025aee818288]
Event: 17.858 Thread 0x0000025af65d83e0 2258       4       org.lwjgl.opengl.GL11::glEnable (5 bytes)
Event: 17.858 Thread 0x0000025af65d83e0 nmethod 2258 0x0000025aee81a610 code [0x0000025aee81a7a0, 0x0000025aee81a828]
Event: 18.079 Thread 0x0000025af65d9df0 2259       3       sdu.revolution.engine.scene.Camera::moveForward (36 bytes)
Event: 18.079 Thread 0x0000025af65d9df0 nmethod 2259 0x0000025ae7657290 code [0x0000025ae76574a0, 0x0000025ae7657988]
Event: 18.366 Thread 0x0000025af65d83e0 2260       4       org.lwjgl.opengl.GL11::glDisable (5 bytes)
Event: 18.367 Thread 0x0000025af65d83e0 nmethod 2260 0x0000025aee81a910 code [0x0000025aee81aaa0, 0x0000025aee81ab28]
Event: 19.988 Thread 0x0000025af65d83e0 2261       4       sdu.revolution.engine.graph.ShaderProgram::bind (8 bytes)
Event: 19.989 Thread 0x0000025af65d83e0 nmethod 2261 0x0000025aee81ac10 code [0x0000025aee81ada0, 0x0000025aee81ae48]
Event: 20.009 Thread 0x0000025af65d83e0 2262       4       imgui.ImDrawData::getCmdListVtxBufferData (73 bytes)
Event: 20.011 Thread 0x0000025af65d83e0 nmethod 2262 0x0000025aee81af10 code [0x0000025aee81b0c0, 0x0000025aee81b308]
Event: 20.564 Thread 0x0000025af65d83e0 2263       4       org.joml.Math::cosFromSinInternal (55 bytes)
Event: 20.564 Thread 0x0000025af65d83e0 nmethod 2263 0x0000025aee81b610 code [0x0000025aee81b7c0, 0x0000025aee81b8b8]
Event: 20.727 Thread 0x0000025af65d9df0 2264       3       imgui.ImDrawData::getCmdListVtxBufferData (73 bytes)
Event: 20.728 Thread 0x0000025af65d9df0 nmethod 2264 0x0000025ae7657c10 code [0x0000025ae7657e40, 0x0000025ae7658518]
Event: 21.111 Thread 0x0000025af65d83e0 2265       4       sdu.revolution.engine.graph.GuiRender::render (280 bytes)
Event: 21.134 Thread 0x0000025af65d83e0 nmethod 2265 0x0000025aee81b990 code [0x0000025aee81be60, 0x0000025aee81dfd8]

GC Heap History (6 events):
Event: 0.743 GC heap before
{Heap before GC invocations=0 (full 0):
 garbage-first heap   total 258048K, used 22528K [0x0000000704800000, 0x0000000800000000)
  region size 2048K, 11 young (22528K), 0 survivors (0K)
 Metaspace       used 7032K, committed 7232K, reserved 1064960K
  class space    used 359K, committed 448K, reserved 1048576K
}
Event: 0.747 GC heap after
{Heap after GC invocations=1 (full 0):
 garbage-first heap   total 258048K, used 4096K [0x0000000704800000, 0x0000000800000000)
  region size 2048K, 2 young (4096K), 2 survivors (4096K)
 Metaspace       used 7032K, committed 7232K, reserved 1064960K
  class space    used 359K, committed 448K, reserved 1048576K
}
Event: 6.708 GC heap before
{Heap before GC invocations=1 (full 0):
 garbage-first heap   total 258048K, used 32768K [0x0000000704800000, 0x0000000800000000)
  region size 2048K, 16 young (32768K), 2 survivors (4096K)
 Metaspace       used 8233K, committed 8448K, reserved 1064960K
  class space    used 424K, committed 512K, reserved 1048576K
}
Event: 6.711 GC heap after
{Heap after GC invocations=2 (full 0):
 garbage-first heap   total 258048K, used 5899K [0x0000000704800000, 0x0000000800000000)
  region size 2048K, 1 young (2048K), 1 survivors (2048K)
 Metaspace       used 8233K, committed 8448K, reserved 1064960K
  class space    used 424K, committed 512K, reserved 1048576K
}
Event: 30.801 GC heap before
{Heap before GC invocations=2 (full 0):
 garbage-first heap   total 258048K, used 157451K [0x0000000704800000, 0x0000000800000000)
  region size 2048K, 75 young (153600K), 1 survivors (2048K)
 Metaspace       used 8426K, committed 8640K, reserved 1064960K
  class space    used 430K, committed 512K, reserved 1048576K
}
Event: 30.803 GC heap after
{Heap after GC invocations=3 (full 0):
 garbage-first heap   total 258048K, used 5899K [0x0000000704800000, 0x0000000800000000)
  region size 2048K, 1 young (2048K), 1 survivors (2048K)
 Metaspace       used 8426K, committed 8640K, reserved 1064960K
  class space    used 430K, committed 512K, reserved 1048576K
}

Deoptimization events (20 events):
Event: 6.788 Thread 0x0000025adf08fda0 DEOPT PACKING pc=0x0000025ae75eea2b sp=0x00000060923fedb0
Event: 6.788 Thread 0x0000025adf08fda0 DEOPT UNPACKING pc=0x0000025ae6bb2b43 sp=0x00000060923fe298 mode 0
Event: 6.789 Thread 0x0000025adf08fda0 DEOPT PACKING pc=0x0000025ae75eea2b sp=0x00000060923fedb0
Event: 6.789 Thread 0x0000025adf08fda0 DEOPT UNPACKING pc=0x0000025ae6bb2b43 sp=0x00000060923fe298 mode 0
Event: 6.789 Thread 0x0000025adf08fda0 DEOPT PACKING pc=0x0000025ae75eea2b sp=0x00000060923fedb0
Event: 6.789 Thread 0x0000025adf08fda0 DEOPT UNPACKING pc=0x0000025ae6bb2b43 sp=0x00000060923fe298 mode 0
Event: 7.214 Thread 0x0000025adf08fda0 DEOPT PACKING pc=0x0000025ae761281f sp=0x00000060923fee00
Event: 7.214 Thread 0x0000025adf08fda0 DEOPT UNPACKING pc=0x0000025ae6bb2b43 sp=0x00000060923fe328 mode 0
Event: 7.252 Thread 0x0000025adf08fda0 DEOPT PACKING pc=0x0000025ae761281f sp=0x00000060923fee00
Event: 7.252 Thread 0x0000025adf08fda0 DEOPT UNPACKING pc=0x0000025ae6bb2b43 sp=0x00000060923fe328 mode 0
Event: 7.288 Thread 0x0000025adf08fda0 DEOPT PACKING pc=0x0000025ae761281f sp=0x00000060923fee00
Event: 7.288 Thread 0x0000025adf08fda0 DEOPT UNPACKING pc=0x0000025ae6bb2b43 sp=0x00000060923fe328 mode 0
Event: 7.758 Thread 0x0000025adf08fda0 DEOPT PACKING pc=0x0000025ae76285a8 sp=0x00000060923fee90
Event: 7.758 Thread 0x0000025adf08fda0 DEOPT UNPACKING pc=0x0000025ae6bb2b43 sp=0x00000060923fe358 mode 0
Event: 8.725 Thread 0x0000025adf08fda0 DEOPT PACKING pc=0x0000025ae762d628 sp=0x00000060923feeb0
Event: 8.725 Thread 0x0000025adf08fda0 DEOPT UNPACKING pc=0x0000025ae6bb2b43 sp=0x00000060923fe378 mode 0
Event: 20.515 Thread 0x0000025adf08fda0 Uncommon trap: trap_request=0xffffff45 fr.pc=0x0000025aee81b1e0 relative=0x0000000000000120
Event: 20.515 Thread 0x0000025adf08fda0 Uncommon trap: reason=unstable_if action=reinterpret pc=0x0000025aee81b1e0 method=imgui.ImDrawData.getCmdListVtxBufferData(I)Ljava/nio/ByteBuffer; @ 17 c2
Event: 20.515 Thread 0x0000025adf08fda0 DEOPT PACKING pc=0x0000025aee81b1e0 sp=0x00000060923fee10
Event: 20.515 Thread 0x0000025adf08fda0 DEOPT UNPACKING pc=0x0000025ae6bb23a3 sp=0x00000060923feda0 mode 2

Classes unloaded (0 events):
No events

Classes redefined (0 events):
No events

Internal exceptions (20 events):
Event: 0.202 Thread 0x0000025adf08fda0 Exception <a 'java/lang/NoSuchMethodError'{0x000000071366c9f0}: 'int java.lang.invoke.DirectMethodHandle$Holder.invokeStaticInit(java.lang.Object, java.lang.Object, int, long)'> (0x000000071366c9f0) 
thrown [c:\jenkins\workspace\zulu17-build-win64\zulu-src.git\src\hotspot\share\interpreter\linkResolver.cpp, line 766]
Event: 0.203 Thread 0x0000025adf08fda0 Exception <a 'java/lang/NoSuchMethodError'{0x00000007136722b8}: 'java.lang.Object java.lang.invoke.DirectMethodHandle$Holder.newInvokeSpecial(java.lang.Object, java.lang.Object, int)'> (0x00000007136722b8) 
thrown [c:\jenkins\workspace\zulu17-build-win64\zulu-src.git\src\hotspot\share\interpreter\linkResolver.cpp, line 766]
Event: 0.204 Thread 0x0000025adf08fda0 Exception <a 'java/lang/NoSuchMethodError'{0x00000007136813d0}: 'int java.lang.invoke.DirectMethodHandle$Holder.invokeStaticInit(java.lang.Object, java.lang.Object, long, long)'> (0x00000007136813d0) 
thrown [c:\jenkins\workspace\zulu17-build-win64\zulu-src.git\src\hotspot\share\interpreter\linkResolver.cpp, line 766]
Event: 0.205 Thread 0x0000025adf08fda0 Exception <a 'java/lang/NoSuchMethodError'{0x0000000713687158}: 'java.lang.Object java.lang.invoke.DirectMethodHandle$Holder.newInvokeSpecial(java.lang.Object, java.lang.Object, long)'> (0x0000000713687158) 
thrown [c:\jenkins\workspace\zulu17-build-win64\zulu-src.git\src\hotspot\share\interpreter\linkResolver.cpp, line 766]
Event: 0.205 Thread 0x0000025adf08fda0 Exception <a 'java/lang/NoSuchMethodError'{0x000000071368acc8}: 'java.lang.Object java.lang.invoke.Invokers$Holder.linkToTargetMethod(java.lang.Object, long, java.lang.Object)'> (0x000000071368acc8) 
thrown [c:\jenkins\workspace\zulu17-build-win64\zulu-src.git\src\hotspot\share\interpreter\linkResolver.cpp, line 766]
Event: 0.205 Thread 0x0000025adf08fda0 Exception <a 'java/lang/NoSuchMethodError'{0x0000000713692198}: 'int java.lang.invoke.DirectMethodHandle$Holder.invokeStaticInit(java.lang.Object, java.lang.Object, java.lang.Object, long)'> (0x0000000713692198) 
thrown [c:\jenkins\workspace\zulu17-build-win64\zulu-src.git\src\hotspot\share\interpreter\linkResolver.cpp, line 766]
Event: 0.503 Thread 0x0000025adf08fda0 Exception <a 'sun/nio/fs/WindowsException'{0x00000007137515e0}> (0x00000007137515e0) 
thrown [c:\jenkins\workspace\zulu17-build-win64\zulu-src.git\src\hotspot\share\prims\jni.cpp, line 516]
Event: 0.503 Thread 0x0000025adf08fda0 Exception <a 'sun/nio/fs/WindowsException'{0x00000007137519a0}> (0x00000007137519a0) 
thrown [c:\jenkins\workspace\zulu17-build-win64\zulu-src.git\src\hotspot\share\prims\jni.cpp, line 516]
Event: 0.508 Thread 0x0000025adf08fda0 Exception <a 'java/lang/NoSuchMethodError'{0x000000071377b988}: 'void java.lang.invoke.DirectMethodHandle$Holder.invokeStatic(java.lang.Object, int, long)'> (0x000000071377b988) 
thrown [c:\jenkins\workspace\zulu17-build-win64\zulu-src.git\src\hotspot\share\interpreter\linkResolver.cpp, line 766]
Event: 0.550 Thread 0x0000025adf08fda0 Exception <a 'sun/nio/fs/WindowsException'{0x000000071341fdf0}> (0x000000071341fdf0) 
thrown [c:\jenkins\workspace\zulu17-build-win64\zulu-src.git\src\hotspot\share\prims\jni.cpp, line 516]
Event: 0.550 Thread 0x0000025adf08fda0 Exception <a 'sun/nio/fs/WindowsException'{0x00000007134201c0}> (0x00000007134201c0) 
thrown [c:\jenkins\workspace\zulu17-build-win64\zulu-src.git\src\hotspot\share\prims\jni.cpp, line 516]
Event: 0.552 Thread 0x0000025adf08fda0 Exception <a 'sun/nio/fs/WindowsException'{0x0000000713431ba8}> (0x0000000713431ba8) 
thrown [c:\jenkins\workspace\zulu17-build-win64\zulu-src.git\src\hotspot\share\prims\jni.cpp, line 516]
Event: 0.552 Thread 0x0000025adf08fda0 Exception <a 'sun/nio/fs/WindowsException'{0x0000000713431ea8}> (0x0000000713431ea8) 
thrown [c:\jenkins\workspace\zulu17-build-win64\zulu-src.git\src\hotspot\share\prims\jni.cpp, line 516]
Event: 0.608 Thread 0x0000025adf08fda0 Exception <a 'java/lang/NoSuchMethodError'{0x00000007132a1cd0}: 'void java.lang.invoke.DirectMethodHandle$Holder.invokeStatic(java.lang.Object, int)'> (0x00000007132a1cd0) 
thrown [c:\jenkins\workspace\zulu17-build-win64\zulu-src.git\src\hotspot\share\interpreter\linkResolver.cpp, line 766]
Event: 0.619 Thread 0x0000025adf08fda0 Exception <a 'sun/nio/fs/WindowsException'{0x000000071332dc38}> (0x000000071332dc38) 
thrown [c:\jenkins\workspace\zulu17-build-win64\zulu-src.git\src\hotspot\share\prims\jni.cpp, line 516]
Event: 0.754 Thread 0x0000025adf08fda0 Exception <a 'sun/nio/fs/WindowsException'{0x0000000714219c88}> (0x0000000714219c88) 
thrown [c:\jenkins\workspace\zulu17-build-win64\zulu-src.git\src\hotspot\share\prims\jni.cpp, line 516]
Event: 0.755 Thread 0x0000025adf08fda0 Exception <a 'sun/nio/fs/WindowsException'{0x000000071421a038}> (0x000000071421a038) 
thrown [c:\jenkins\workspace\zulu17-build-win64\zulu-src.git\src\hotspot\share\prims\jni.cpp, line 516]
Event: 0.793 Thread 0x0000025adf08fda0 Exception <a 'sun/nio/fs/WindowsException'{0x00000007142de8d0}> (0x00000007142de8d0) 
thrown [c:\jenkins\workspace\zulu17-build-win64\zulu-src.git\src\hotspot\share\prims\jni.cpp, line 516]
Event: 0.793 Thread 0x0000025adf08fda0 Exception <a 'sun/nio/fs/WindowsException'{0x00000007142dec80}> (0x00000007142dec80) 
thrown [c:\jenkins\workspace\zulu17-build-win64\zulu-src.git\src\hotspot\share\prims\jni.cpp, line 516]
Event: 0.818 Thread 0x0000025adf08fda0 Exception <a 'java/lang/NoSuchMethodError'{0x000000071402c040}: 'void java.lang.invoke.DirectMethodHandle$Holder.invokeStatic(java.lang.Object, long)'> (0x000000071402c040) 
thrown [c:\jenkins\workspace\zulu17-build-win64\zulu-src.git\src\hotspot\share\interpreter\linkResolver.cpp, line 766]

VM Operations (20 events):
Event: 3.796 Executing VM operation: Cleanup
Event: 3.796 Executing VM operation: Cleanup done
Event: 4.806 Executing VM operation: Cleanup
Event: 4.806 Executing VM operation: Cleanup done
Event: 6.682 Executing VM operation: HandshakeAllThreads
Event: 6.682 Executing VM operation: HandshakeAllThreads done
Event: 6.682 Executing VM operation: Cleanup
Event: 6.682 Executing VM operation: Cleanup done
Event: 6.708 Executing VM operation: G1CollectForAllocation
Event: 6.711 Executing VM operation: G1CollectForAllocation done
Event: 7.712 Executing VM operation: Cleanup
Event: 7.712 Executing VM operation: Cleanup done
Event: 8.723 Executing VM operation: Cleanup
Event: 8.723 Executing VM operation: Cleanup done
Event: 12.755 Executing VM operation: Cleanup
Event: 12.755 Executing VM operation: Cleanup done
Event: 14.773 Executing VM operation: Cleanup
Event: 14.773 Executing VM operation: Cleanup done
Event: 30.800 Executing VM operation: G1CollectForAllocation
Event: 30.803 Executing VM operation: G1CollectForAllocation done

Events (20 events):
Event: 6.685 Thread 0x0000025a861afb10 Thread added: 0x0000025a861afb10
Event: 6.690 Thread 0x0000025a861b2590 Thread added: 0x0000025a861b2590
Event: 6.756 loading class jdk/internal/math/FormattedFloatingDecimal$Form
Event: 6.756 loading class jdk/internal/math/FormattedFloatingDecimal$Form done
Event: 6.756 loading class jdk/internal/math/FormattedFloatingDecimal
Event: 6.757 loading class jdk/internal/math/FormattedFloatingDecimal done
Event: 6.757 loading class jdk/internal/math/FormattedFloatingDecimal$1
Event: 6.757 loading class jdk/internal/math/FormattedFloatingDecimal$1 done
Event: 6.757 loading class jdk/internal/math/FormattedFloatingDecimal$2
Event: 6.757 loading class jdk/internal/math/FormattedFloatingDecimal$2 done
Event: 6.880 Thread 0x0000025a861afb10 Thread exited: 0x0000025a861afb10
Event: 7.021 Thread 0x0000025a83c72510 Thread exited: 0x0000025a83c72510
Event: 7.131 Thread 0x0000025a83c71ff0 Thread exited: 0x0000025a83c71ff0
Event: 7.132 Thread 0x0000025a83c70eb0 Thread exited: 0x0000025a83c70eb0
Event: 7.159 Thread 0x0000025a83db4d60 Thread exited: 0x0000025a83db4d60
Event: 7.431 Thread 0x0000025a83c742f0 Thread exited: 0x0000025a83c742f0
Event: 7.431 Thread 0x0000025a8f6e9040 Thread exited: 0x0000025a8f6e9040
Event: 9.335 Thread 0x0000025a861b2590 Thread exited: 0x0000025a861b2590
Event: 10.651 Thread 0x0000025a8f81e270 Thread exited: 0x0000025a8f81e270
Event: 12.682 Thread 0x0000025a8fc4ff10 Thread exited: 0x0000025a8fc4ff10


Dynamic libraries:
0x00007ff615fe0000 - 0x00007ff615fee000 	D:\Program Files\Zulu\zulu-17\bin\java.exe
0x00007ff8f86c0000 - 0x00007ff8f88c9000 	C:\Windows\SYSTEM32\ntdll.dll
0x00007ff8f7350000 - 0x00007ff8f740e000 	C:\Windows\System32\KERNEL32.DLL
0x00007ff8f5dd0000 - 0x00007ff8f614b000 	C:\Windows\System32\KERNELBASE.dll
0x00007ff8f5cb0000 - 0x00007ff8f5dc1000 	C:\Windows\System32\ucrtbase.dll
0x00007ff8b9f00000 - 0x00007ff8b9f18000 	D:\Program Files\Zulu\zulu-17\bin\jli.dll
0x00007ff8b9ee0000 - 0x00007ff8b9efb000 	D:\Program Files\Zulu\zulu-17\bin\VCRUNTIME140.dll
0x00007ff8f7e30000 - 0x00007ff8f7fdd000 	C:\Windows\System32\USER32.dll
0x00007ff8f6280000 - 0x00007ff8f62a6000 	C:\Windows\System32\win32u.dll
0x00007ff8f7e00000 - 0x00007ff8f7e29000 	C:\Windows\System32\GDI32.dll
0x00007ff8d5950000 - 0x00007ff8d5bf5000 	C:\Windows\WinSxS\amd64_microsoft.windows.common-controls_6595b64144ccf1df_6.0.22000.120_none_9d947278b86cc467\COMCTL32.dll
0x00007ff8f5b90000 - 0x00007ff8f5ca8000 	C:\Windows\System32\gdi32full.dll
0x00007ff8f6fa0000 - 0x00007ff8f7043000 	C:\Windows\System32\msvcrt.dll
0x00007ff8f64a0000 - 0x00007ff8f653d000 	C:\Windows\System32\msvcp_win.dll
0x00007ff8f7050000 - 0x00007ff8f7082000 	C:\Windows\System32\IMM32.DLL
0x00007ff8c95b0000 - 0x00007ff8c95dd000 	C:\Program Files\MacType\MacType64.dll
0x00007ff8f74a0000 - 0x00007ff8f754e000 	C:\Windows\System32\ADVAPI32.dll
0x00007ff8f6d80000 - 0x00007ff8f6e1e000 	C:\Windows\System32\sechost.dll
0x00007ff8f70f0000 - 0x00007ff8f7210000 	C:\Windows\System32\RPCRT4.dll
0x00007ff8c95e0000 - 0x00007ff8c963a000 	C:\Program Files\MacType\Easyhk64.dll
0x00007ff8c8e50000 - 0x00007ff8c8f5b000 	C:\Program Files\MacType\MacType64.Core.dll
0x00007ff8f1460000 - 0x00007ff8f1a18000 	C:\Windows\SYSTEM32\d2d1.dll
0x00007ff8be820000 - 0x00007ff8bea7f000 	C:\Windows\SYSTEM32\dwrite.dll
0x00007ff8f62b0000 - 0x00007ff8f632f000 	C:\Windows\System32\bcryptPrimitives.dll
0x00007ff8c8d30000 - 0x00007ff8c8d3c000 	D:\Program Files\Zulu\zulu-17\bin\vcruntime140_1.dll
0x00007ff862c50000 - 0x00007ff862cdd000 	D:\Program Files\Zulu\zulu-17\bin\msvcp140.dll
0x00007ff85b790000 - 0x00007ff85c3f8000 	D:\Program Files\Zulu\zulu-17\bin\server\jvm.dll
0x00007ff8f6d70000 - 0x00007ff8f6d78000 	C:\Windows\System32\PSAPI.DLL
0x00007ff8c0b20000 - 0x00007ff8c0b29000 	C:\Windows\SYSTEM32\WSOCK32.dll
0x00007ff8e58a0000 - 0x00007ff8e58aa000 	C:\Windows\SYSTEM32\VERSION.dll
0x00007ff8ef060000 - 0x00007ff8ef093000 	C:\Windows\SYSTEM32\WINMM.dll
0x00007ff8f6d00000 - 0x00007ff8f6d6f000 	C:\Windows\System32\WS2_32.dll
0x00007ff8f4cc0000 - 0x00007ff8f4cd8000 	C:\Windows\SYSTEM32\kernel.appcore.dll
0x00007ff8c8950000 - 0x00007ff8c895a000 	D:\Program Files\Zulu\zulu-17\bin\jimage.dll
0x00007ff8f30e0000 - 0x00007ff8f3301000 	C:\Windows\SYSTEM32\DBGHELP.DLL
0x00007ff8e8220000 - 0x00007ff8e8251000 	C:\Windows\SYSTEM32\dbgcore.DLL
0x00007ff8f1320000 - 0x00007ff8f132e000 	D:\Program Files\Zulu\zulu-17\bin\instrument.dll
0x00007ff8b6f60000 - 0x00007ff8b6f85000 	D:\Program Files\Zulu\zulu-17\bin\java.dll
0x00007ff85d020000 - 0x00007ff85d0f7000 	D:\Program Files\Zulu\zulu-17\bin\jsvml.dll
0x00007ff8f6540000 - 0x00007ff8f6cf8000 	C:\Windows\System32\SHELL32.dll
0x00007ff8f3c40000 - 0x00007ff8f44a5000 	C:\Windows\SYSTEM32\windows.storage.dll
0x00007ff8f8050000 - 0x00007ff8f83c8000 	C:\Windows\System32\combase.dll
0x00007ff8f3ad0000 - 0x00007ff8f3c36000 	C:\Windows\SYSTEM32\wintypes.dll
0x00007ff8f6eb0000 - 0x00007ff8f6f9a000 	C:\Windows\System32\SHCORE.dll
0x00007ff8f76a0000 - 0x00007ff8f76fd000 	C:\Windows\System32\shlwapi.dll
0x00007ff8f5ac0000 - 0x00007ff8f5ae1000 	C:\Windows\SYSTEM32\profapi.dll
0x00007ff8af840000 - 0x00007ff8af858000 	D:\Program Files\Zulu\zulu-17\bin\zip.dll
0x00007ff8b7e90000 - 0x00007ff8b7ea9000 	D:\Program Files\Zulu\zulu-17\bin\net.dll
0x00007ff8ef2f0000 - 0x00007ff8ef404000 	C:\Windows\SYSTEM32\WINHTTP.dll
0x00007ff8f5150000 - 0x00007ff8f51b7000 	C:\Windows\system32\mswsock.dll
0x00007ff8b06c0000 - 0x00007ff8b06d6000 	D:\Program Files\Zulu\zulu-17\bin\nio.dll
0x00007ff8f0b50000 - 0x00007ff8f0b6a000 	D:\Program Files\JetBrains\IntelliJ IDEA Community Edition 2022.1.4\bin\breakgen64.dll
0x00007ff8c6230000 - 0x00007ff8c6240000 	D:\Program Files\Zulu\zulu-17\bin\verify.dll
0x00007ff85fab0000 - 0x00007ff85fb25000 	C:\Users\Maxmilite\AppData\Local\Temp\lwjglMaxmilite\3.3.1-build-7\lwjgl.dll
0x00007ff883df0000 - 0x00007ff883e51000 	C:\Users\MAXMIL~1\AppData\Local\Temp\lwjglMaxmilite\3.3.1-build-7\glfw.dll
0x00007ff8858a0000 - 0x00007ff8858e5000 	C:\Windows\SYSTEM32\dinput8.dll
0x00007ff8d52b0000 - 0x00007ff8d52c1000 	C:\Windows\SYSTEM32\xinput1_4.dll
0x00007ff8f58b0000 - 0x00007ff8f58dc000 	C:\Windows\SYSTEM32\DEVOBJ.dll
0x00007ff8f5860000 - 0x00007ff8f58ac000 	C:\Windows\SYSTEM32\cfgmgr32.dll
0x00007ff8f34a0000 - 0x00007ff8f34cf000 	C:\Windows\SYSTEM32\dwmapi.dll
0x00007ff8d2930000 - 0x00007ff8d2af9000 	C:\Windows\SYSTEM32\inputhost.dll
0x00007ff8f2820000 - 0x00007ff8f2951000 	C:\Windows\SYSTEM32\CoreMessaging.dll
0x00007ff8f2dc0000 - 0x00007ff8f2e6c000 	C:\Windows\system32\uxtheme.dll
0x00007ff8f7580000 - 0x00007ff8f769d000 	C:\Windows\System32\MSCTF.dll
0x00007ff8f5340000 - 0x00007ff8f534c000 	C:\Windows\SYSTEM32\CRYPTBASE.DLL
0x00007ff85df30000 - 0x00007ff85e031000 	C:\Windows\SYSTEM32\opengl32.dll
0x00007ff8c5540000 - 0x00007ff8c556d000 	C:\Windows\SYSTEM32\GLU32.dll
0x00007ff8f2eb0000 - 0x00007ff8f2ee8000 	C:\Windows\SYSTEM32\dxcore.dll
0x00007ff8f0a80000 - 0x00007ff8f0ac4000 	C:\Windows\SYSTEM32\directxdatabasehelper.dll
0x00007ff8f4ce0000 - 0x00007ff8f4d14000 	C:\Windows\SYSTEM32\ntmarta.dll
0x00007ff8f7210000 - 0x00007ff8f72c5000 	C:\Windows\System32\clbcatq.dll
0x00007ff8564c0000 - 0x00007ff85967a000 	C:\Windows\System32\DriverStore\FileRepository\nvaci.inf_amd64_8ce19eb793971eee\nvoglv64.dll
0x00007ff8f77e0000 - 0x00007ff8f7c4c000 	C:\Windows\System32\SETUPAPI.dll
0x00007ff8f7700000 - 0x00007ff8f77d6000 	C:\Windows\System32\OLEAUT32.dll
0x00007ff8f1de0000 - 0x00007ff8f1df4000 	C:\Windows\SYSTEM32\WTSAPI32.dll
0x0000025a84a00000 - 0x0000025a84b9a000 	C:\Windows\System32\ole32.dll
0x00007ff8f5480000 - 0x00007ff8f5492000 	C:\Windows\SYSTEM32\msasn1.dll
0x00007ff8e5860000 - 0x00007ff8e5891000 	C:\Windows\SYSTEM32\cryptnet.dll
0x00007ff8f6330000 - 0x00007ff8f6492000 	C:\Windows\System32\CRYPT32.dll
0x00007ff8e5710000 - 0x00007ff8e5859000 	C:\Windows\SYSTEM32\drvstore.dll
0x00007ff8f53d0000 - 0x00007ff8f5411000 	C:\Windows\SYSTEM32\wldp.dll
0x00007ff8f6210000 - 0x00007ff8f6278000 	C:\Windows\System32\WINTRUST.dll
0x00007ff85f340000 - 0x00007ff85f60f000 	C:\Windows\system32\nvspcap64.dll
0x00007ff8f4ad0000 - 0x00007ff8f4b1d000 	C:\Windows\SYSTEM32\powrprof.dll
0x00007ff8f4ab0000 - 0x00007ff8f4ac3000 	C:\Windows\SYSTEM32\UMPDC.dll
0x00007ff8f4700000 - 0x00007ff8f4764000 	C:\Windows\SYSTEM32\WINSTA.dll
0x00007ff8f2fc0000 - 0x00007ff8f30b3000 	C:\Windows\system32\dxgi.dll
0x00007ff8eebf0000 - 0x00007ff8eee70000 	C:\Windows\system32\d3d11.dll
0x00007ff85f990000 - 0x00007ff85faa7000 	C:\Windows\System32\DriverStore\FileRepository\nvaci.inf_amd64_8ce19eb793971eee\nvldumdx.dll
0x00007ff8f7550000 - 0x00007ff8f756f000 	C:\Windows\System32\imagehlp.dll
0x00007ff8f5430000 - 0x00007ff8f5448000 	C:\Windows\SYSTEM32\CRYPTSP.dll
0x00007ff8f4c20000 - 0x00007ff8f4c55000 	C:\Windows\system32\rsaenh.dll
0x00007ff8f5570000 - 0x00007ff8f5597000 	C:\Windows\SYSTEM32\bcrypt.dll
0x00007ff852eb0000 - 0x00007ff8558aa000 	C:\Windows\System32\DriverStore\FileRepository\nvaci.inf_amd64_8ce19eb793971eee\nvwgf2umx.dll
0x00007ff8e8260000 - 0x00007ff8e89a8000 	C:\Windows\SYSTEM32\nvapi64.dll
0x00007ff85f0e0000 - 0x00007ff85f339000 	C:\Users\MAXMIL~1\AppData\Local\Temp\lwjglMaxmilite\3.3.1-build-7\jemalloc.dll
0x00007ff8cb820000 - 0x00007ff8cb94d000 	C:\Windows\SYSTEM32\textinputframework.dll
0x00007ff8ef410000 - 0x00007ff8ef77d000 	C:\Windows\SYSTEM32\CoreUIComponents.dll
0x00007ff86b8e0000 - 0x00007ff86b93d000 	C:\Users\Maxmilite\AppData\Local\Temp\lwjglMaxmilite\3.3.1-build-7\lwjgl_opengl.dll
0x0000000064a00000 - 0x000000006580f000 	C:\Users\Maxmilite\AppData\Local\Temp\imgui-java-natives_1669425152563\imgui-java64.dll
0x00007ff85f900000 - 0x00007ff85f981000 	C:\Users\Maxmilite\AppData\Local\Temp\lwjglMaxmilite\3.3.1-build-7\lwjgl_stb.dll
0x00007ff85b1e0000 - 0x00007ff85b789000 	C:\Users\MAXMIL~1\AppData\Local\Temp\lwjglMaxmilite\3.3.1-build-7\assimp.dll
0x00007ff8eaef0000 - 0x00007ff8eccad000 	C:\Windows\System32\DriverStore\FileRepository\iigd_dch.inf_amd64_f50758fa5cf3dc98\igd10iumd64.dll
0x00007ff8f5540000 - 0x00007ff8f5568000 	C:\Windows\SYSTEM32\ncrypt.dll
0x00007ff8f2c10000 - 0x00007ff8f2ca2000 	C:\Windows\SYSTEM32\apphelp.dll
0x00007ff8f5500000 - 0x00007ff8f5537000 	C:\Windows\SYSTEM32\NTASN1.dll
0x00007ff8e9260000 - 0x00007ff8e9621000 	C:\Windows\System32\DriverStore\FileRepository\iigd_dch.inf_amd64_f50758fa5cf3dc98\igdgmm64.dll
0x00007ff8e1dc0000 - 0x00007ff8e5020000 	C:\Windows\System32\DriverStore\FileRepository\iigd_dch.inf_amd64_f50758fa5cf3dc98\igc64.dll

dbghelp: loaded successfully - version: 4.0.5 - missing functions: none
symbol engine: initialized successfully - sym options: 0x614 - pdb path: .;D:\Program Files\Zulu\zulu-17\bin;C:\Windows\SYSTEM32;C:\Windows\WinSxS\amd64_microsoft.windows.common-controls_6595b64144ccf1df_6.0.22000.120_none_9d947278b86cc467;C:\Program Files\MacType;D:\Program Files\Zulu\zulu-17\bin\server;D:\Program Files\JetBrains\IntelliJ IDEA Community Edition 2022.1.4\bin;C:\Users\Maxmilite\AppData\Local\Temp\lwjglMaxmilite\3.3.1-build-7;C:\Users\MAXMIL~1\AppData\Local\Temp\lwjglMaxmilite\3.3.1-build-7;C:\Windows\System32\DriverStore\FileRepository\nvaci.inf_amd64_8ce19eb793971eee;C:\Users\Maxmilite\AppData\Local\Temp\imgui-java-natives_1669425152563;C:\Windows\System32\DriverStore\FileRepository\iigd_dch.inf_amd64_f50758fa5cf3dc98

VM Arguments:
jvm_args: -javaagent:D:\Program Files\JetBrains\IntelliJ IDEA Community Edition 2022.1.4\lib\idea_rt.jar=4695:D:\Program Files\JetBrains\IntelliJ IDEA Community Edition 2022.1.4\bin -Dfile.encoding=UTF-8 
java_command: sdu.revolution.Main
java_class_path (initial): D:\CodeSpace\Revolution\target\classes;C:\Users\Maxmilite\.m2\repository\org\cooder\tinylog\tinylog\1.2.2\tinylog-1.2.2.jar;C:\Users\Maxmilite\.m2\repository\org\lwjgl\lwjgl\3.3.1\lwjgl-3.3.1.jar;C:\Users\Maxmilite\.m2\repository\org\lwjgl\lwjgl-assimp\3.3.1\lwjgl-assimp-3.3.1.jar;C:\Users\Maxmilite\.m2\repository\org\lwjgl\lwjgl-bgfx\3.3.1\lwjgl-bgfx-3.3.1.jar;C:\Users\Maxmilite\.m2\repository\org\lwjgl\lwjgl-cuda\3.3.1\lwjgl-cuda-3.3.1.jar;C:\Users\Maxmilite\.m2\repository\org\lwjgl\lwjgl-egl\3.3.1\lwjgl-egl-3.3.1.jar;C:\Users\Maxmilite\.m2\repository\org\lwjgl\lwjgl-glfw\3.3.1\lwjgl-glfw-3.3.1.jar;C:\Users\Maxmilite\.m2\repository\org\lwjgl\lwjgl-jawt\3.3.1\lwjgl-jawt-3.3.1.jar;C:\Users\Maxmilite\.m2\repository\org\lwjgl\lwjgl-jemalloc\3.3.1\lwjgl-jemalloc-3.3.1.jar;C:\Users\Maxmilite\.m2\repository\org\lwjgl\lwjgl-libdivide\3.3.1\lwjgl-libdivide-3.3.1.jar;C:\Users\Maxmilite\.m2\repository\org\lwjgl\lwjgl-llvm\3.3.1\lwjgl-llvm-3.3.1.jar;C:\Users\Maxmilite\.m2\repository\org\lwjgl\lwjgl-lmdb\3.3.1\lwjgl-lmdb-3.3.1.jar;C:\Users\Maxmilite\.m2\repository\org\lwjgl\lwjgl-lz4\3.3.1\lwjgl-lz4-3.3.1.jar;C:\Users\Maxmilite\.m2\repository\org\lwjgl\lwjgl-meow\3.3.1\lwjgl-meow-3.3.1.jar;C:\Users\Maxmilite\.m2\repository\org\lwjgl\lwjgl-meshoptimizer\3.3.1\lwjgl-meshoptimizer-3.3.1.jar;C:\Users\Maxmilite\.m2\repository\org\lwjgl\lwjgl-nanovg\3.3.1\lwjgl-nanovg-3.3.1.jar;C:\Users\Maxmilite\.m2\repository\org\lwjgl\lwjgl-nfd\3.3.1\lwjgl-nfd-3.3.1.jar;C:\Users\Maxmilite\.m2\repository\org\lwjgl\lwjgl-nuklear\3.3.1\lwjgl-nuklear-3.3.1.jar;C:\Users\Maxmilite\.m2\repository\org\lwjgl\lwjgl-odbc\3.3.1\lwjgl-odbc-3.3.1.jar;C:\Users\Maxmilite\.m2\repository\org\lwjgl\lwjgl-openal\3.3.1\lwjgl-openal-3.3.1.jar;C:\Users\Maxmilite\.m2\repository\org\lwjgl\lwjgl-opencl\3.3.1\lwjgl-opencl-3.3.1.jar;C:\Users\Maxmilite\.m2\repository\org\lwjgl\lwjgl-opengl\3.3.1\lwjgl-opengl-3.3.1.jar;C:\Users\Maxmilite\.m2\repository\org\lwjgl\lwjgl-opengles\3.3.1\lwjgl-opengles
Launcher Type: SUN_STANDARD

[Global flags]
     intx CICompilerCount                          = 12                                        {product} {ergonomic}
     uint ConcGCThreads                            = 3                                         {product} {ergonomic}
     uint G1ConcRefinementThreads                  = 13                                        {product} {ergonomic}
   size_t G1HeapRegionSize                         = 2097152                                   {product} {ergonomic}
    uintx GCDrainStackTargetSize                   = 64                                        {product} {ergonomic}
   size_t InitialHeapSize                          = 264241152                                 {product} {ergonomic}
   size_t MarkStackSize                            = 4194304                                   {product} {ergonomic}
   size_t MaxHeapSize                              = 4219469824                                {product} {ergonomic}
   size_t MaxNewSize                               = 2531262464                                {product} {ergonomic}
   size_t MinHeapDeltaBytes                        = 2097152                                   {product} {ergonomic}
   size_t MinHeapSize                              = 8388608                                   {product} {ergonomic}
    uintx NonNMethodCodeHeapSize                   = 7602480                                {pd product} {ergonomic}
    uintx NonProfiledCodeHeapSize                  = 122027880                              {pd product} {ergonomic}
    uintx ProfiledCodeHeapSize                     = 122027880                              {pd product} {ergonomic}
    uintx ReservedCodeCacheSize                    = 251658240                              {pd product} {ergonomic}
     bool SegmentedCodeCache                       = true                                      {product} {ergonomic}
   size_t SoftMaxHeapSize                          = 4219469824                             {manageable} {ergonomic}
     bool UseCompressedClassPointers               = true                           {product lp64_product} {ergonomic}
     bool UseCompressedOops                        = true                           {product lp64_product} {ergonomic}
     bool UseG1GC                                  = true                                      {product} {ergonomic}
     bool UseLargePagesIndividualAllocation        = false                                  {pd product} {ergonomic}

Logging:
Log output configuration:
 #0: stdout all=warning uptime,level,tags
 #1: stderr all=off uptime,level,tags

Environment Variables:
JAVA_HOME=D:\Program Files\Zulu\zulu-17\
PATH=D:\Program Files (x86)\VMware\VMware Workstation\bin\;C:\Program Files (x86)\Common Files\Intel\Shared Libraries\redist\intel64\compiler;D:\Program Files\Zulu\zulu-17\bin\;C:\Windows\system32;C:\Windows;C:\Windows\System32\Wbem;C:\Windows\System32\WindowsPowerShell\v1.0\;C:\Windows\System32\OpenSSH\;C:\Program Files (x86)\NVIDIA Corporation\PhysX\Common;D:\Program Files\Bandizip\Bandizip;C:\Program Files\dotnet\;D:\TDM-GCC-64\bin;D:\Program Files\nodejs\;C:\ProgramData\chocolatey\bin;D:\Program Files\Git\cmd;D:\Program Files (x86)\NetSarang\Xshell 7\;C:\Program Files\NVIDIA Corporation\NVIDIA NvDLISR;D:\Program Files\IDM Computer Solutions\UltraEdit;C:\Program Files\Pandoc\;E:\Program Files\MATLAB\R2020a\bin;D:\Program Files\Python\Python310\Scripts\;D:\Program Files\Python\Python310\;C:\Users\Maxmilite\AppData\Local\Microsoft\WindowsApps;D:\Program Files\Microsoft VS Code\bin;C:\Users\Maxmilite\AppData\Roaming\npm;C:\Users\Maxmilite\AppData\Local\GitHubDesktop\bin;D:\Tools\ADB;D:\Tools\kotlin-native-windows-x86_64-1.7.10\bin;E:\texlive\2022\bin\win32;C:\Program Files\Pandoc;
USERNAME=Maxmilite
OS=Windows_NT
PROCESSOR_IDENTIFIER=Intel64 Family 6 Model 154 Stepping 3, GenuineIntel



---------------  S Y S T E M  ---------------

OS:
 Windows 11 , 64 bit Build 22000 (10.0.22000.1219)
OS uptime: 0 days 0:59 hours
Hyper-V role detected

CPU: total 16 (initial active 16) (8 cores per cpu, 2 threads per core) family 6 model 154 stepping 3 microcode 0x41b, cx8, cmov, fxsr, ht, mmx, 3dnowpref, sse, sse2, sse3, ssse3, sse4.1, sse4.2, popcnt, lzcnt, tsc, tscinvbit, avx, avx2, aes, erms, clmul, bmi1, bmi2, adx, sha, fma, vzeroupper, clflush, clflushopt, clwb, hv

Memory: 4k page, system-wide physical 16088M (4671M free)
TotalPageFile size 28376M (AvailPageFile size 12807M)
current process WorkingSet (physical memory assigned to process): 363M, peak: 363M
current process commit charge ("private bytes"): 579M, peak: 599M

vm_info: OpenJDK 64-Bit Server VM (17.0.3+7-LTS) for windows-amd64 JRE (17.0.3+7-LTS) (Zulu17.34+19-CA), built on Apr 17 2022 09:18:41 by "zulu_re" with MS VC++ 16.10 / 16.11 (VS2019)

END.
