#
# A fatal error has been detected by the Java Runtime Environment:
#
#  EXCEPTION_ACCESS_VIOLATION (0xc0000005) at pc=0x0000000064a52de3, pid=7128, tid=11412
#
# JRE version: OpenJDK Runtime Environment Zulu17.34+19-CA (17.0.3+7) (build 17.0.3+7-LTS)
# Java VM: OpenJDK 64-Bit Server VM Zulu17.34+19-CA (17.0.3+7-LTS, mixed mode, sharing, tiered, compressed oops, compressed class ptrs, g1 gc, windows-amd64)
# Problematic frame:
# C  [imgui-java64.dll+0x52de3]
#
# No core dump will be written. Minidumps are not enabled by default on client versions of Windows
#
# If you would like to submit a bug report, please visit:
#   http://www.azul.com/support/
# The crash happened outside the Java Virtual Machine in native code.
# See problematic frame for where to report the bug.
#

---------------  S U M M A R Y ------------

Command Line: -javaagent:D:\Program Files\JetBrains\IntelliJ IDEA Community Edition 2022.1.4\lib\idea_rt.jar=3096:D:\Program Files\JetBrains\IntelliJ IDEA Community Edition 2022.1.4\bin -Dfile.encoding=UTF-8 sdu.revolution.Main

Host: 12th Gen Intel(R) Core(TM) i5-12500H, 16 cores, 15G,  Windows 11 , 64 bit Build 22000 (10.0.22000.1219)
Time: Sat Nov 26 09:25:28 2022 China Standard Time elapsed time: 6.772227 seconds (0d 0h 0m 6s)

---------------  T H R E A D  ---------------

Current thread (0x000001d853f8c7e0):  JavaThread "main" [_thread_in_native, id=11412, stack(0x00000036f8300000,0x00000036f8400000)]

Stack: [0x00000036f8300000,0x00000036f8400000],  sp=0x00000036f83fee20,  free space=1019k
Native frames: (J=compiled Java code, j=interpreted, Vv=VM code, C=native code)
C  [imgui-java64.dll+0x52de3]

Java frames: (J=compiled Java code, j=interpreted, Vv=VM code)
j  imgui.ImGui.nPushFont(J)V+0
j  imgui.ImGui.pushFont(Limgui/ImFont;)V+4
j  sdu.revolution.engine.gui.ImGuiMainMenu.drawGui()V+83
j  sdu.revolution.engine.graph.GuiRender.render(Lsdu/revolution/engine/scene/Scene;)V+11
j  sdu.revolution.engine.graph.Render.render(Lsdu/revolution/engine/main/Window;Lsdu/revolution/engine/scene/Scene;)V+40
j  sdu.revolution.engine.main.Engine.run()V+242
j  sdu.revolution.engine.main.Engine.start()V+6
j  sdu.revolution.Main.main([Ljava/lang/String;)V+83
v  ~StubRoutines::call_stub

siginfo: EXCEPTION_ACCESS_VIOLATION (0xc0000005), reading address 0x00000000000002b0


Register to memory mapping:

RIP=0x0000000064a52de3 imgui-java64.dll
RAX=0x0 is NULL
RBX=0x000001d87b9183e0 points into unknown readable memory: 0x000001d854010101 | 01 01 01 54 d8 01 00 00
RCX=0x000000007ffe0380 points into unknown readable memory: 0x0000000000000000 | 00 00 00 00 00 00 00 00
RDX=0x0 is NULL
RSP=0x00000036f83fee20 is pointing into the stack for thread: 0x000001d853f8c7e0
RBP=0x0000000000000008 is an unknown value
RSI=0x000001d87b936640 points into unknown readable memory: 0x0000010000000100 | 00 01 00 00 00 01 00 00
RDI=0x000001d87b961370 points into unknown readable memory: 0x000001d87b936640 | 40 66 93 7b d8 01 00 00
R8 =0x000000000000000b is an unknown value
R9 =0x0000000000000018 is an unknown value
R10=0x0 is NULL
R11=0xf7e0000000001fff is an unknown value
R12=0x0 is NULL
R13={method} {0x000001d87a66b948} 'nPushFont' '(J)V' in 'imgui/ImGui'
R14=0x00000036f83fef18 is pointing into the stack for thread: 0x000001d853f8c7e0
R15=0x000001d853f8c7e0 is a thread


Registers:
RAX=0x0000000000000000, RBX=0x000001d87b9183e0, RCX=0x000000007ffe0380, RDX=0x0000000000000000
RSP=0x00000036f83fee20, RBP=0x0000000000000008, RSI=0x000001d87b936640, RDI=0x000001d87b961370
R8 =0x000000000000000b, R9 =0x0000000000000018, R10=0x0000000000000000, R11=0xf7e0000000001fff
R12=0x0000000000000000, R13=0x000001d87a66b940, R14=0x00000036f83fef18, R15=0x000001d853f8c7e0
RIP=0x0000000064a52de3, EFLAGS=0x0000000000010202

Top of Stack: (sp=0x00000036f83fee20)
0x00000036f83fee20:   000001d87b9183e0 000001d87b936640
0x00000036f83fee30:   000001d85d5894fe 000001d85d58d48e
0x00000036f83fee40:   000001d87a66b940 000001d87a66b940
0x00000036f83fee50:   0000000000000000 000001d85d5894fe
0x00000036f83fee60:   00000036f83feef0 000001d85d58d621
0x00000036f83fee70:   000001d85d5894fe 000001d85d58d352
0x00000036f83fee80:   000001d87a66b940 0000000000000000
0x00000036f83fee90:   000001d87a66b8b0 000001d853f8c7e0
0x00000036f83feea0:   000001d85d58d2f6 00000036f83feea8
0x00000036f83feeb0:   000001d87a66b940 00000036f83fef18
0x00000036f83feec0:   000001d87a6a0000 0000000000000000
0x00000036f83feed0:   00000007048f1698 000001d87a66b940
0x00000036f83feee0:   0000000000000000 00000036f83fef10
0x00000036f83feef0:   00000036f83fef68 000001d85d5894fe
0x00000036f83fef00:   00000007048f1698 000001d85d58af78
0x00000036f83fef10:   000001d87b936640 0000000000000000 

Instructions: (pc=0x0000000064a52de3)
0x0000000064a52ce3:   00 00 48 8d 15 14 d4 45 00 48 8d 0d da fa 45 00
0x0000000064a52cf3:   ff 15 f7 f9 d2 00 f3 0f 10 4b 5c e9 08 ff ff ff
0x0000000064a52d03:   0f 1f 44 00 00 e8 b3 5d 14 00 84 c0 75 60 48 83
0x0000000064a52d13:   7b 40 00 0f 85 dd fe ff ff 41 b8 93 1c 00 00 48
0x0000000064a52d23:   8d 15 d7 d3 45 00 48 8d 0d 84 fa 45 00 ff 15 ba
0x0000000064a52d33:   f9 d2 00 e9 be fe ff ff 0f 1f 44 00 00 4c 8d 05
0x0000000064a52d43:   b9 d3 45 00 ba 94 1c 00 00 48 8d 0d 7a fa 45 00
0x0000000064a52d53:   e8 88 5c 14 00 f3 0f 10 4b 5c e9 a9 fe ff ff 66
0x0000000064a52d63:   0f 1f 44 00 00 e8 53 5d 14 00 84 c0 74 ab 4c 8d
0x0000000064a52d73:   05 88 d3 45 00 ba 93 1c 00 00 48 8d 0d 30 fa 45
0x0000000064a52d83:   00 e8 57 5c 14 00 e9 6b fe ff ff 66 90 55 57 56
0x0000000064a52d93:   53 48 83 ec 28 48 8b 1d a9 13 4e 00 48 89 ce 48
0x0000000064a52da3:   85 c9 0f 84 25 01 00 00 48 89 f1 e8 1d fe ff ff
0x0000000064a52db3:   48 63 83 d8 1e 00 00 3b 83 dc 1e 00 00 74 3e 48
0x0000000064a52dc3:   8b bb e0 1e 00 00 48 89 34 c7 48 8b 46 40 83 83
0x0000000064a52dd3:   d8 1e 00 00 01 48 8b 50 08 48 8b 83 28 1d 00 00
0x0000000064a52de3:   48 8b 88 b0 02 00 00 48 83 c4 28 5b 5e 5f 5d e9
0x0000000064a52df3:   89 f7 07 00 66 0f 1f 84 00 00 00 00 00 8d 48 01
0x0000000064a52e03:   85 c0 0f 85 a5 00 00 00 83 f9 08 ba 08 00 00 00
0x0000000064a52e13:   0f 4d d1 89 d5 48 8b 05 29 13 4e 00 48 63 cd 48
0x0000000064a52e23:   c1 e1 03 48 85 c0 74 07 83 80 ac 03 00 00 01 48
0x0000000064a52e33:   8b 15 27 14 4e 00 ff 15 31 92 44 00 48 8b 93 e0
0x0000000064a52e43:   1e 00 00 48 89 c7 48 85 d2 74 3f 4c 63 83 d8 1e
0x0000000064a52e53:   00 00 48 89 c1 49 c1 e0 03 e8 3f e9 15 00 48 8b
0x0000000064a52e63:   8b e0 1e 00 00 48 85 c9 74 13 48 8b 05 d4 12 4e
0x0000000064a52e73:   00 48 85 c0 74 07 83 a8 ac 03 00 00 01 48 8b 15
0x0000000064a52e83:   d9 13 4e 00 ff 15 db 91 44 00 48 89 bb e0 1e 00
0x0000000064a52e93:   00 48 63 83 d8 1e 00 00 89 ab dc 1e 00 00 e9 23
0x0000000064a52ea3:   ff ff ff 66 2e 0f 1f 84 00 00 00 00 00 89 c2 c1
0x0000000064a52eb3:   ea 1f 01 c2 d1 fa 01 c2 39 ca 0f 4d ca 89 cd 39
0x0000000064a52ec3:   c8 0f 8d f8 fe ff ff e9 49 ff ff ff 90 48 8b b3
0x0000000064a52ed3:   b8 00 00 00 48 85 f6 0f 85 cb fe ff ff 48 8b b3 


Stack slot to memory mapping:
stack at sp + 0 slots: 0x000001d87b9183e0 points into unknown readable memory: 0x000001d854010101 | 01 01 01 54 d8 01 00 00
stack at sp + 1 slots: 0x000001d87b936640 points into unknown readable memory: 0x0000010000000100 | 00 01 00 00 00 01 00 00
stack at sp + 2 slots: 0x000001d85d5894fe is at code_begin+1118 in an Interpreter codelet
return entry points  [0x000001d85d5890a0, 0x000001d85d589ba0]  2816 bytes
stack at sp + 3 slots: 0x000001d85d58d48e is at code_begin+590 in an Interpreter codelet
method entry point (kind = native)  [0x000001d85d58d240, 0x000001d85d58dbc0]  2432 bytes
stack at sp + 4 slots: {method} {0x000001d87a66b948} 'nPushFont' '(J)V' in 'imgui/ImGui'
stack at sp + 5 slots: {method} {0x000001d87a66b948} 'nPushFont' '(J)V' in 'imgui/ImGui'
stack at sp + 6 slots: 0x0 is NULL
stack at sp + 7 slots: 0x000001d85d5894fe is at code_begin+1118 in an Interpreter codelet
return entry points  [0x000001d85d5890a0, 0x000001d85d589ba0]  2816 bytes


---------------  P R O C E S S  ---------------

Threads class SMR info:
_java_thread_list=0x000001d87f5279f0, length=23, elements={
0x000001d853f8c7e0, 0x000001d86d74e9b0, 0x000001d86d751490, 0x000001d879becf50,
0x000001d879bed820, 0x000001d879bee0f0, 0x000001d879bf29d0, 0x000001d879bf79e0,
0x000001d879c003b0, 0x000001d879c00cc0, 0x000001d879be1770, 0x000001d879e9cd50,
0x000001d87aad4d20, 0x000001d805552420, 0x000001d805705080, 0x000001d87a95f1b0,
0x000001d8057a38d0, 0x000001d805b82020, 0x000001d87f1317e0, 0x000001d87f131d00,
0x000001d87f0ad460, 0x000001d87f0ad980, 0x000001d879e31880
}

Java Threads: ( => current thread )
=>0x000001d853f8c7e0 JavaThread "main" [_thread_in_native, id=11412, stack(0x00000036f8300000,0x00000036f8400000)]
  0x000001d86d74e9b0 JavaThread "Reference Handler" daemon [_thread_blocked, id=22192, stack(0x00000036f8a00000,0x00000036f8b00000)]
  0x000001d86d751490 JavaThread "Finalizer" daemon [_thread_blocked, id=16212, stack(0x00000036f8b00000,0x00000036f8c00000)]
  0x000001d879becf50 JavaThread "Signal Dispatcher" daemon [_thread_blocked, id=15520, stack(0x00000036f8c00000,0x00000036f8d00000)]
  0x000001d879bed820 JavaThread "Attach Listener" daemon [_thread_blocked, id=20324, stack(0x00000036f8d00000,0x00000036f8e00000)]
  0x000001d879bee0f0 JavaThread "Service Thread" daemon [_thread_blocked, id=5208, stack(0x00000036f8e00000,0x00000036f8f00000)]
  0x000001d879bf29d0 JavaThread "Monitor Deflation Thread" daemon [_thread_blocked, id=20636, stack(0x00000036f8f00000,0x00000036f9000000)]
  0x000001d879bf79e0 JavaThread "C2 CompilerThread0" daemon [_thread_blocked, id=9032, stack(0x00000036f9000000,0x00000036f9100000)]
  0x000001d879c003b0 JavaThread "C1 CompilerThread0" daemon [_thread_blocked, id=18268, stack(0x00000036f9100000,0x00000036f9200000)]
  0x000001d879c00cc0 JavaThread "Sweeper thread" daemon [_thread_blocked, id=6292, stack(0x00000036f9200000,0x00000036f9300000)]
  0x000001d879be1770 JavaThread "Common-Cleaner" daemon [_thread_blocked, id=12532, stack(0x00000036f9300000,0x00000036f9400000)]
  0x000001d879e9cd50 JavaThread "Monitor Ctrl-Break" daemon [_thread_in_native, id=17728, stack(0x00000036f9900000,0x00000036f9a00000)]
  0x000001d87aad4d20 JavaThread "Notification Thread" daemon [_thread_blocked, id=21980, stack(0x00000036f9a00000,0x00000036f9b00000)]
  0x000001d805552420 JavaThread "C2 CompilerThread1" daemon [_thread_blocked, id=12476, stack(0x00000036f9400000,0x00000036f9500000)]
  0x000001d805705080 JavaThread "C1 CompilerThread1" daemon [_thread_blocked, id=12700, stack(0x00000036f9500000,0x00000036f9600000)]
  0x000001d87a95f1b0 JavaThread "C1 CompilerThread2" daemon [_thread_blocked, id=15460, stack(0x00000036f9600000,0x00000036f9700000)]
  0x000001d8057a38d0 JavaThread "C2 CompilerThread2" daemon [_thread_blocked, id=14732, stack(0x00000036fab40000,0x00000036fac40000)]
  0x000001d805b82020 JavaThread "C2 CompilerThread3" daemon [_thread_blocked, id=16536, stack(0x00000036fac40000,0x00000036fad40000)]
  0x000001d87f1317e0 JavaThread "C2 CompilerThread4" daemon [_thread_blocked, id=19440, stack(0x00000036fad40000,0x00000036fae40000)]
  0x000001d87f131d00 JavaThread "C2 CompilerThread5" daemon [_thread_blocked, id=11924, stack(0x00000036fae40000,0x00000036faf40000)]
  0x000001d87f0ad460 JavaThread "C2 CompilerThread6" daemon [_thread_blocked, id=17552, stack(0x00000036faf40000,0x00000036fb040000)]
  0x000001d87f0ad980 JavaThread "C2 CompilerThread7" daemon [_thread_blocked, id=20288, stack(0x00000036fb040000,0x00000036fb140000)]
  0x000001d879e31880 JavaThread "C1 CompilerThread3" daemon [_thread_blocked, id=15736, stack(0x00000036fb140000,0x00000036fb240000)]

Other Threads:
  0x000001d86d74a100 VMThread "VM Thread" [stack: 0x00000036f8900000,0x00000036f8a00000] [id=11836]
  0x000001d87abc92c0 WatcherThread [stack: 0x00000036f9b00000,0x00000036f9c00000] [id=3116]
  0x000001d86d5a0a10 GCTaskThread "GC Thread#0" [stack: 0x00000036f8400000,0x00000036f8500000] [id=4364]
  0x000001d87ef1d390 GCTaskThread "GC Thread#1" [stack: 0x00000036f9700000,0x00000036f9800000] [id=2376]
  0x000001d87ef1d650 GCTaskThread "GC Thread#2" [stack: 0x00000036f9800000,0x00000036f9900000] [id=16568]
  0x000001d87ef1e150 GCTaskThread "GC Thread#3" [stack: 0x00000036fa440000,0x00000036fa540000] [id=17432]
  0x000001d87ef1e410 GCTaskThread "GC Thread#4" [stack: 0x00000036fa540000,0x00000036fa640000] [id=20928]
  0x000001d87ef1e6d0 GCTaskThread "GC Thread#5" [stack: 0x00000036fa640000,0x00000036fa740000] [id=2068]
  0x000001d87ef1e990 GCTaskThread "GC Thread#6" [stack: 0x00000036fa740000,0x00000036fa840000] [id=19164]
  0x000001d87ef1ec50 GCTaskThread "GC Thread#7" [stack: 0x00000036fa840000,0x00000036fa940000] [id=9188]
  0x000001d87ef1ef10 GCTaskThread "GC Thread#8" [stack: 0x00000036fa940000,0x00000036faa40000] [id=9024]
  0x000001d87ef1b290 GCTaskThread "GC Thread#9" [stack: 0x00000036faa40000,0x00000036fab40000] [id=18332]
  0x000001d853fce790 ConcurrentGCThread "G1 Main Marker" [stack: 0x00000036f8500000,0x00000036f8600000] [id=9956]
  0x000001d853fcff60 ConcurrentGCThread "G1 Conc#0" [stack: 0x00000036f8600000,0x00000036f8700000] [id=7700]
  0x000001d853fdec90 ConcurrentGCThread "G1 Refine#0" [stack: 0x00000036f8700000,0x00000036f8800000] [id=19412]
  0x000001d86d67b9e0 ConcurrentGCThread "G1 Service" [stack: 0x00000036f8800000,0x00000036f8900000] [id=9308]

Threads with active compile tasks:

VM state: not at safepoint (normal execution)

VM Mutex/Monitor currently owned by a thread: None

Heap address: 0x0000000704800000, size: 4024 MB, Compressed Oops mode: Zero based, Oop shift amount: 3

CDS archive(s) mapped at: [0x0000000800000000-0x0000000800c00000-0x0000000800c00000), size 12582912, SharedBaseAddress: 0x0000000800000000, ArchiveRelocationMode: 0.
Compressed class space mapped at: 0x0000000800c00000-0x0000000840c00000, reserved size: 1073741824
Narrow klass base: 0x0000000800000000, Narrow klass shift: 0, Narrow klass range: 0x100000000

GC Precious Log:
 CPUs: 16 total, 16 available
 Memory: 16088M
 Large Page Support: Disabled
 NUMA Support: Disabled
 Compressed Oops: Enabled (Zero based)
 Heap Region Size: 2M
 Heap Min Capacity: 8M
 Heap Initial Capacity: 252M
 Heap Max Capacity: 4024M
 Pre-touch: Disabled
 Parallel Workers: 13
 Concurrent Workers: 3
 Concurrent Refinement Workers: 13
 Periodic GC: Disabled

Heap:
 garbage-first heap   total 258048K, used 18154K [0x0000000704800000, 0x0000000800000000)
  region size 2048K, 8 young (16384K), 1 survivors (2048K)
 Metaspace       used 8286K, committed 8448K, reserved 1064960K
  class space    used 428K, committed 512K, reserved 1048576K

Heap Regions: E=young(eden), S=young(survivor), O=old, HS=humongous(starts), HC=humongous(continues), CS=collection set, F=free, OA=open archive, CA=closed archive, TAMS=top-at-mark-start (previous, next)
|   0|0x0000000704800000, 0x0000000704a00000, 0x0000000704a00000|100%| O|  |TAMS 0x0000000704800000, 0x0000000704800000| Untracked 
|   1|0x0000000704a00000, 0x0000000704bcc400, 0x0000000704c00000| 89%| O|  |TAMS 0x0000000704a00000, 0x0000000704a00000| Untracked 
|   2|0x0000000704c00000, 0x0000000704c00000, 0x0000000704e00000|  0%| F|  |TAMS 0x0000000704c00000, 0x0000000704c00000| Untracked 
|   3|0x0000000704e00000, 0x0000000704e00000, 0x0000000705000000|  0%| F|  |TAMS 0x0000000704e00000, 0x0000000704e00000| Untracked 
|   4|0x0000000705000000, 0x0000000705000000, 0x0000000705200000|  0%| F|  |TAMS 0x0000000705000000, 0x0000000705000000| Untracked 
|   5|0x0000000705200000, 0x0000000705200000, 0x0000000705400000|  0%| F|  |TAMS 0x0000000705200000, 0x0000000705200000| Untracked 
|   6|0x0000000705400000, 0x0000000705400000, 0x0000000705600000|  0%| F|  |TAMS 0x0000000705400000, 0x0000000705400000| Untracked 
|   7|0x0000000705600000, 0x0000000705600000, 0x0000000705800000|  0%| F|  |TAMS 0x0000000705600000, 0x0000000705600000| Untracked 
|   8|0x0000000705800000, 0x0000000705800000, 0x0000000705a00000|  0%| F|  |TAMS 0x0000000705800000, 0x0000000705800000| Untracked 
|   9|0x0000000705a00000, 0x0000000705a00000, 0x0000000705c00000|  0%| F|  |TAMS 0x0000000705a00000, 0x0000000705a00000| Untracked 
|  10|0x0000000705c00000, 0x0000000705c00000, 0x0000000705e00000|  0%| F|  |TAMS 0x0000000705c00000, 0x0000000705c00000| Untracked 
|  11|0x0000000705e00000, 0x0000000705e00000, 0x0000000706000000|  0%| F|  |TAMS 0x0000000705e00000, 0x0000000705e00000| Untracked 
|  12|0x0000000706000000, 0x0000000706000000, 0x0000000706200000|  0%| F|  |TAMS 0x0000000706000000, 0x0000000706000000| Untracked 
|  13|0x0000000706200000, 0x0000000706200000, 0x0000000706400000|  0%| F|  |TAMS 0x0000000706200000, 0x0000000706200000| Untracked 
|  14|0x0000000706400000, 0x0000000706400000, 0x0000000706600000|  0%| F|  |TAMS 0x0000000706400000, 0x0000000706400000| Untracked 
|  15|0x0000000706600000, 0x0000000706600000, 0x0000000706800000|  0%| F|  |TAMS 0x0000000706600000, 0x0000000706600000| Untracked 
|  16|0x0000000706800000, 0x0000000706800000, 0x0000000706a00000|  0%| F|  |TAMS 0x0000000706800000, 0x0000000706800000| Untracked 
|  17|0x0000000706a00000, 0x0000000706a00000, 0x0000000706c00000|  0%| F|  |TAMS 0x0000000706a00000, 0x0000000706a00000| Untracked 
|  18|0x0000000706c00000, 0x0000000706c00000, 0x0000000706e00000|  0%| F|  |TAMS 0x0000000706c00000, 0x0000000706c00000| Untracked 
|  19|0x0000000706e00000, 0x0000000706e00000, 0x0000000707000000|  0%| F|  |TAMS 0x0000000706e00000, 0x0000000706e00000| Untracked 
|  20|0x0000000707000000, 0x0000000707000000, 0x0000000707200000|  0%| F|  |TAMS 0x0000000707000000, 0x0000000707000000| Untracked 
|  21|0x0000000707200000, 0x0000000707200000, 0x0000000707400000|  0%| F|  |TAMS 0x0000000707200000, 0x0000000707200000| Untracked 
|  22|0x0000000707400000, 0x0000000707400000, 0x0000000707600000|  0%| F|  |TAMS 0x0000000707400000, 0x0000000707400000| Untracked 
|  23|0x0000000707600000, 0x0000000707600000, 0x0000000707800000|  0%| F|  |TAMS 0x0000000707600000, 0x0000000707600000| Untracked 
|  24|0x0000000707800000, 0x0000000707800000, 0x0000000707a00000|  0%| F|  |TAMS 0x0000000707800000, 0x0000000707800000| Untracked 
|  25|0x0000000707a00000, 0x0000000707a00000, 0x0000000707c00000|  0%| F|  |TAMS 0x0000000707a00000, 0x0000000707a00000| Untracked 
|  26|0x0000000707c00000, 0x0000000707c00000, 0x0000000707e00000|  0%| F|  |TAMS 0x0000000707c00000, 0x0000000707c00000| Untracked 
|  27|0x0000000707e00000, 0x0000000707e00000, 0x0000000708000000|  0%| F|  |TAMS 0x0000000707e00000, 0x0000000707e00000| Untracked 
|  28|0x0000000708000000, 0x0000000708000000, 0x0000000708200000|  0%| F|  |TAMS 0x0000000708000000, 0x0000000708000000| Untracked 
|  29|0x0000000708200000, 0x0000000708200000, 0x0000000708400000|  0%| F|  |TAMS 0x0000000708200000, 0x0000000708200000| Untracked 
|  30|0x0000000708400000, 0x0000000708400000, 0x0000000708600000|  0%| F|  |TAMS 0x0000000708400000, 0x0000000708400000| Untracked 
|  31|0x0000000708600000, 0x0000000708600000, 0x0000000708800000|  0%| F|  |TAMS 0x0000000708600000, 0x0000000708600000| Untracked 
|  32|0x0000000708800000, 0x0000000708800000, 0x0000000708a00000|  0%| F|  |TAMS 0x0000000708800000, 0x0000000708800000| Untracked 
|  33|0x0000000708a00000, 0x0000000708a00000, 0x0000000708c00000|  0%| F|  |TAMS 0x0000000708a00000, 0x0000000708a00000| Untracked 
|  34|0x0000000708c00000, 0x0000000708c00000, 0x0000000708e00000|  0%| F|  |TAMS 0x0000000708c00000, 0x0000000708c00000| Untracked 
|  35|0x0000000708e00000, 0x0000000708e00000, 0x0000000709000000|  0%| F|  |TAMS 0x0000000708e00000, 0x0000000708e00000| Untracked 
|  36|0x0000000709000000, 0x0000000709000000, 0x0000000709200000|  0%| F|  |TAMS 0x0000000709000000, 0x0000000709000000| Untracked 
|  37|0x0000000709200000, 0x0000000709200000, 0x0000000709400000|  0%| F|  |TAMS 0x0000000709200000, 0x0000000709200000| Untracked 
|  38|0x0000000709400000, 0x0000000709400000, 0x0000000709600000|  0%| F|  |TAMS 0x0000000709400000, 0x0000000709400000| Untracked 
|  39|0x0000000709600000, 0x0000000709600000, 0x0000000709800000|  0%| F|  |TAMS 0x0000000709600000, 0x0000000709600000| Untracked 
|  40|0x0000000709800000, 0x0000000709800000, 0x0000000709a00000|  0%| F|  |TAMS 0x0000000709800000, 0x0000000709800000| Untracked 
|  41|0x0000000709a00000, 0x0000000709a00000, 0x0000000709c00000|  0%| F|  |TAMS 0x0000000709a00000, 0x0000000709a00000| Untracked 
|  42|0x0000000709c00000, 0x0000000709c00000, 0x0000000709e00000|  0%| F|  |TAMS 0x0000000709c00000, 0x0000000709c00000| Untracked 
|  43|0x0000000709e00000, 0x0000000709e00000, 0x000000070a000000|  0%| F|  |TAMS 0x0000000709e00000, 0x0000000709e00000| Untracked 
|  44|0x000000070a000000, 0x000000070a000000, 0x000000070a200000|  0%| F|  |TAMS 0x000000070a000000, 0x000000070a000000| Untracked 
|  45|0x000000070a200000, 0x000000070a200000, 0x000000070a400000|  0%| F|  |TAMS 0x000000070a200000, 0x000000070a200000| Untracked 
|  46|0x000000070a400000, 0x000000070a400000, 0x000000070a600000|  0%| F|  |TAMS 0x000000070a400000, 0x000000070a400000| Untracked 
|  47|0x000000070a600000, 0x000000070a600000, 0x000000070a800000|  0%| F|  |TAMS 0x000000070a600000, 0x000000070a600000| Untracked 
|  48|0x000000070a800000, 0x000000070a800000, 0x000000070aa00000|  0%| F|  |TAMS 0x000000070a800000, 0x000000070a800000| Untracked 
|  49|0x000000070aa00000, 0x000000070aa00000, 0x000000070ac00000|  0%| F|  |TAMS 0x000000070aa00000, 0x000000070aa00000| Untracked 
|  50|0x000000070ac00000, 0x000000070ac00000, 0x000000070ae00000|  0%| F|  |TAMS 0x000000070ac00000, 0x000000070ac00000| Untracked 
|  51|0x000000070ae00000, 0x000000070ae00000, 0x000000070b000000|  0%| F|  |TAMS 0x000000070ae00000, 0x000000070ae00000| Untracked 
|  52|0x000000070b000000, 0x000000070b000000, 0x000000070b200000|  0%| F|  |TAMS 0x000000070b000000, 0x000000070b000000| Untracked 
|  53|0x000000070b200000, 0x000000070b200000, 0x000000070b400000|  0%| F|  |TAMS 0x000000070b200000, 0x000000070b200000| Untracked 
|  54|0x000000070b400000, 0x000000070b400000, 0x000000070b600000|  0%| F|  |TAMS 0x000000070b400000, 0x000000070b400000| Untracked 
|  55|0x000000070b600000, 0x000000070b600000, 0x000000070b800000|  0%| F|  |TAMS 0x000000070b600000, 0x000000070b600000| Untracked 
|  56|0x000000070b800000, 0x000000070b800000, 0x000000070ba00000|  0%| F|  |TAMS 0x000000070b800000, 0x000000070b800000| Untracked 
|  57|0x000000070ba00000, 0x000000070ba00000, 0x000000070bc00000|  0%| F|  |TAMS 0x000000070ba00000, 0x000000070ba00000| Untracked 
|  58|0x000000070bc00000, 0x000000070bc00000, 0x000000070be00000|  0%| F|  |TAMS 0x000000070bc00000, 0x000000070bc00000| Untracked 
|  59|0x000000070be00000, 0x000000070be00000, 0x000000070c000000|  0%| F|  |TAMS 0x000000070be00000, 0x000000070be00000| Untracked 
|  60|0x000000070c000000, 0x000000070c000000, 0x000000070c200000|  0%| F|  |TAMS 0x000000070c000000, 0x000000070c000000| Untracked 
|  61|0x000000070c200000, 0x000000070c200000, 0x000000070c400000|  0%| F|  |TAMS 0x000000070c200000, 0x000000070c200000| Untracked 
|  62|0x000000070c400000, 0x000000070c400000, 0x000000070c600000|  0%| F|  |TAMS 0x000000070c400000, 0x000000070c400000| Untracked 
|  63|0x000000070c600000, 0x000000070c600000, 0x000000070c800000|  0%| F|  |TAMS 0x000000070c600000, 0x000000070c600000| Untracked 
|  64|0x000000070c800000, 0x000000070c800000, 0x000000070ca00000|  0%| F|  |TAMS 0x000000070c800000, 0x000000070c800000| Untracked 
|  65|0x000000070ca00000, 0x000000070ca00000, 0x000000070cc00000|  0%| F|  |TAMS 0x000000070ca00000, 0x000000070ca00000| Untracked 
|  66|0x000000070cc00000, 0x000000070cc00000, 0x000000070ce00000|  0%| F|  |TAMS 0x000000070cc00000, 0x000000070cc00000| Untracked 
|  67|0x000000070ce00000, 0x000000070ce00000, 0x000000070d000000|  0%| F|  |TAMS 0x000000070ce00000, 0x000000070ce00000| Untracked 
|  68|0x000000070d000000, 0x000000070d000000, 0x000000070d200000|  0%| F|  |TAMS 0x000000070d000000, 0x000000070d000000| Untracked 
|  69|0x000000070d200000, 0x000000070d200000, 0x000000070d400000|  0%| F|  |TAMS 0x000000070d200000, 0x000000070d200000| Untracked 
|  70|0x000000070d400000, 0x000000070d400000, 0x000000070d600000|  0%| F|  |TAMS 0x000000070d400000, 0x000000070d400000| Untracked 
|  71|0x000000070d600000, 0x000000070d600000, 0x000000070d800000|  0%| F|  |TAMS 0x000000070d600000, 0x000000070d600000| Untracked 
|  72|0x000000070d800000, 0x000000070d800000, 0x000000070da00000|  0%| F|  |TAMS 0x000000070d800000, 0x000000070d800000| Untracked 
|  73|0x000000070da00000, 0x000000070da00000, 0x000000070dc00000|  0%| F|  |TAMS 0x000000070da00000, 0x000000070da00000| Untracked 
|  74|0x000000070dc00000, 0x000000070dc00000, 0x000000070de00000|  0%| F|  |TAMS 0x000000070dc00000, 0x000000070dc00000| Untracked 
|  75|0x000000070de00000, 0x000000070de00000, 0x000000070e000000|  0%| F|  |TAMS 0x000000070de00000, 0x000000070de00000| Untracked 
|  76|0x000000070e000000, 0x000000070e000000, 0x000000070e200000|  0%| F|  |TAMS 0x000000070e000000, 0x000000070e000000| Untracked 
|  77|0x000000070e200000, 0x000000070e200000, 0x000000070e400000|  0%| F|  |TAMS 0x000000070e200000, 0x000000070e200000| Untracked 
|  78|0x000000070e400000, 0x000000070e400000, 0x000000070e600000|  0%| F|  |TAMS 0x000000070e400000, 0x000000070e400000| Untracked 
|  79|0x000000070e600000, 0x000000070e600000, 0x000000070e800000|  0%| F|  |TAMS 0x000000070e600000, 0x000000070e600000| Untracked 
|  80|0x000000070e800000, 0x000000070e800000, 0x000000070ea00000|  0%| F|  |TAMS 0x000000070e800000, 0x000000070e800000| Untracked 
|  81|0x000000070ea00000, 0x000000070ea00000, 0x000000070ec00000|  0%| F|  |TAMS 0x000000070ea00000, 0x000000070ea00000| Untracked 
|  82|0x000000070ec00000, 0x000000070ec00000, 0x000000070ee00000|  0%| F|  |TAMS 0x000000070ec00000, 0x000000070ec00000| Untracked 
|  83|0x000000070ee00000, 0x000000070ee00000, 0x000000070f000000|  0%| F|  |TAMS 0x000000070ee00000, 0x000000070ee00000| Untracked 
|  84|0x000000070f000000, 0x000000070f000000, 0x000000070f200000|  0%| F|  |TAMS 0x000000070f000000, 0x000000070f000000| Untracked 
|  85|0x000000070f200000, 0x000000070f200000, 0x000000070f400000|  0%| F|  |TAMS 0x000000070f200000, 0x000000070f200000| Untracked 
|  86|0x000000070f400000, 0x000000070f400000, 0x000000070f600000|  0%| F|  |TAMS 0x000000070f400000, 0x000000070f400000| Untracked 
|  87|0x000000070f600000, 0x000000070f600000, 0x000000070f800000|  0%| F|  |TAMS 0x000000070f600000, 0x000000070f600000| Untracked 
|  88|0x000000070f800000, 0x000000070f800000, 0x000000070fa00000|  0%| F|  |TAMS 0x000000070f800000, 0x000000070f800000| Untracked 
|  89|0x000000070fa00000, 0x000000070fa00000, 0x000000070fc00000|  0%| F|  |TAMS 0x000000070fa00000, 0x000000070fa00000| Untracked 
|  90|0x000000070fc00000, 0x000000070fc00000, 0x000000070fe00000|  0%| F|  |TAMS 0x000000070fc00000, 0x000000070fc00000| Untracked 
|  91|0x000000070fe00000, 0x000000070fe00000, 0x0000000710000000|  0%| F|  |TAMS 0x000000070fe00000, 0x000000070fe00000| Untracked 
|  92|0x0000000710000000, 0x0000000710000000, 0x0000000710200000|  0%| F|  |TAMS 0x0000000710000000, 0x0000000710000000| Untracked 
|  93|0x0000000710200000, 0x0000000710200000, 0x0000000710400000|  0%| F|  |TAMS 0x0000000710200000, 0x0000000710200000| Untracked 
|  94|0x0000000710400000, 0x0000000710400000, 0x0000000710600000|  0%| F|  |TAMS 0x0000000710400000, 0x0000000710400000| Untracked 
|  95|0x0000000710600000, 0x0000000710600000, 0x0000000710800000|  0%| F|  |TAMS 0x0000000710600000, 0x0000000710600000| Untracked 
|  96|0x0000000710800000, 0x0000000710800000, 0x0000000710a00000|  0%| F|  |TAMS 0x0000000710800000, 0x0000000710800000| Untracked 
|  97|0x0000000710a00000, 0x0000000710a00000, 0x0000000710c00000|  0%| F|  |TAMS 0x0000000710a00000, 0x0000000710a00000| Untracked 
|  98|0x0000000710c00000, 0x0000000710c00000, 0x0000000710e00000|  0%| F|  |TAMS 0x0000000710c00000, 0x0000000710c00000| Untracked 
|  99|0x0000000710e00000, 0x0000000710e00000, 0x0000000711000000|  0%| F|  |TAMS 0x0000000710e00000, 0x0000000710e00000| Untracked 
| 100|0x0000000711000000, 0x0000000711000000, 0x0000000711200000|  0%| F|  |TAMS 0x0000000711000000, 0x0000000711000000| Untracked 
| 101|0x0000000711200000, 0x0000000711200000, 0x0000000711400000|  0%| F|  |TAMS 0x0000000711200000, 0x0000000711200000| Untracked 
| 102|0x0000000711400000, 0x0000000711400000, 0x0000000711600000|  0%| F|  |TAMS 0x0000000711400000, 0x0000000711400000| Untracked 
| 103|0x0000000711600000, 0x0000000711600000, 0x0000000711800000|  0%| F|  |TAMS 0x0000000711600000, 0x0000000711600000| Untracked 
| 104|0x0000000711800000, 0x0000000711800000, 0x0000000711a00000|  0%| F|  |TAMS 0x0000000711800000, 0x0000000711800000| Untracked 
| 105|0x0000000711a00000, 0x0000000711a00000, 0x0000000711c00000|  0%| F|  |TAMS 0x0000000711a00000, 0x0000000711a00000| Untracked 
| 106|0x0000000711c00000, 0x0000000711c00000, 0x0000000711e00000|  0%| F|  |TAMS 0x0000000711c00000, 0x0000000711c00000| Untracked 
| 107|0x0000000711e00000, 0x0000000711e00000, 0x0000000712000000|  0%| F|  |TAMS 0x0000000711e00000, 0x0000000711e00000| Untracked 
| 108|0x0000000712000000, 0x0000000712000000, 0x0000000712200000|  0%| F|  |TAMS 0x0000000712000000, 0x0000000712000000| Untracked 
| 109|0x0000000712200000, 0x00000007123ee4c0, 0x0000000712400000| 96%| S|CS|TAMS 0x0000000712200000, 0x0000000712200000| Complete 
| 110|0x0000000712400000, 0x0000000712400000, 0x0000000712600000|  0%| F|  |TAMS 0x0000000712400000, 0x0000000712400000| Untracked 
| 111|0x0000000712600000, 0x0000000712600000, 0x0000000712800000|  0%| F|  |TAMS 0x0000000712600000, 0x0000000712600000| Untracked 
| 112|0x0000000712800000, 0x0000000712800000, 0x0000000712a00000|  0%| F|  |TAMS 0x0000000712800000, 0x0000000712800000| Untracked 
| 113|0x0000000712a00000, 0x0000000712a00000, 0x0000000712c00000|  0%| F|  |TAMS 0x0000000712a00000, 0x0000000712a00000| Untracked 
| 114|0x0000000712c00000, 0x0000000712c00000, 0x0000000712e00000|  0%| F|  |TAMS 0x0000000712c00000, 0x0000000712c00000| Untracked 
| 115|0x0000000712e00000, 0x0000000712e00000, 0x0000000713000000|  0%| F|  |TAMS 0x0000000712e00000, 0x0000000712e00000| Untracked 
| 116|0x0000000713000000, 0x0000000713000000, 0x0000000713200000|  0%| F|  |TAMS 0x0000000713000000, 0x0000000713000000| Untracked 
| 117|0x0000000713200000, 0x0000000713200000, 0x0000000713400000|  0%| F|  |TAMS 0x0000000713200000, 0x0000000713200000| Untracked 
| 118|0x0000000713400000, 0x0000000713400000, 0x0000000713600000|  0%| F|  |TAMS 0x0000000713400000, 0x0000000713400000| Untracked 
| 119|0x0000000713600000, 0x0000000713700800, 0x0000000713800000| 50%| E|  |TAMS 0x0000000713600000, 0x0000000713600000| Complete 
| 120|0x0000000713800000, 0x0000000713a00000, 0x0000000713a00000|100%| E|CS|TAMS 0x0000000713800000, 0x0000000713800000| Complete 
| 121|0x0000000713a00000, 0x0000000713c00000, 0x0000000713c00000|100%| E|CS|TAMS 0x0000000713a00000, 0x0000000713a00000| Complete 
| 122|0x0000000713c00000, 0x0000000713e00000, 0x0000000713e00000|100%| E|CS|TAMS 0x0000000713c00000, 0x0000000713c00000| Complete 
| 123|0x0000000713e00000, 0x0000000714000000, 0x0000000714000000|100%| E|CS|TAMS 0x0000000713e00000, 0x0000000713e00000| Complete 
| 124|0x0000000714000000, 0x0000000714200000, 0x0000000714200000|100%| E|CS|TAMS 0x0000000714000000, 0x0000000714000000| Complete 
| 125|0x0000000714200000, 0x0000000714400000, 0x0000000714400000|100%| E|CS|TAMS 0x0000000714200000, 0x0000000714200000| Complete 

Card table byte_map: [0x000001d86df40000,0x000001d86e720000] _byte_map_base: 0x000001d86a71c000

Marking Bits (Prev, Next): (CMBitMap*) 0x000001d853fbe180, (CMBitMap*) 0x000001d853fbe1c0
 Prev Bits: [0x000001d86ef00000, 0x000001d872de0000)
 Next Bits: [0x000001d872de0000, 0x000001d876cc0000)

Polling page: 0x000001d853fe0000

Metaspace:

Usage:
  Non-class:      7.67 MB used.
      Class:    428.55 KB used.
       Both:      8.09 MB used.

Virtual space:
  Non-class space:       16.00 MB reserved,       7.75 MB ( 48%) committed,  2 nodes.
      Class space:        1.00 GB reserved,     512.00 KB ( <1%) committed,  1 nodes.
             Both:        1.02 GB reserved,       8.25 MB ( <1%) committed. 

Chunk freelists:
   Non-Class:  2.56 MB
       Class:  3.45 MB
        Both:  6.02 MB

MaxMetaspaceSize: unlimited
CompressedClassSpaceSize: 1.00 GB
Initial GC threshold: 21.00 MB
Current GC threshold: 21.00 MB
CDS: on
MetaspaceReclaimPolicy: balanced
 - commit_granule_bytes: 65536.
 - commit_granule_words: 8192.
 - virtual_space_node_default_size: 1048576.
 - enlarge_chunks_in_place: 1.
 - new_chunks_are_fully_committed: 0.
 - uncommit_free_chunks: 1.
 - use_allocation_guard: 0.
 - handle_deallocations: 1.


Internal statistics:

num_allocs_failed_limit: 0.
num_arena_births: 144.
num_arena_deaths: 0.
num_vsnodes_births: 3.
num_vsnodes_deaths: 0.
num_space_committed: 130.
num_space_uncommitted: 0.
num_chunks_returned_to_freelist: 0.
num_chunks_taken_from_freelist: 375.
num_chunk_merges: 0.
num_chunk_splits: 269.
num_chunks_enlarged: 212.
num_purges: 0.
num_inconsistent_stats: 0.

CodeHeap 'non-profiled nmethods': size=119168Kb used=835Kb max_used=835Kb free=118332Kb
 bounds [0x000001d865120000, 0x000001d865390000, 0x000001d86c580000]
CodeHeap 'profiled nmethods': size=119104Kb used=3357Kb max_used=3357Kb free=115746Kb
 bounds [0x000001d85dcd0000, 0x000001d85e020000, 0x000001d865120000]
CodeHeap 'non-nmethods': size=7488Kb used=3476Kb max_used=3536Kb free=4011Kb
 bounds [0x000001d85d580000, 0x000001d85d900000, 0x000001d85dcd0000]
 total_blobs=3299 nmethods=2024 adapters=1185
 compilation: enabled
              stopped_count=0, restarted_count=0
 full_count=0

Compilation events (20 events):
Event: 6.741 Thread 0x000001d87f131d00 nmethod 1986 0x000001d8651ed410 code [0x000001d8651ed580, 0x000001d8651ed658]
Event: 6.741 Thread 0x000001d879bf79e0 nmethod 1996 0x000001d8651ed710 code [0x000001d8651ed8a0, 0x000001d8651ed998]
Event: 6.741 Thread 0x000001d87a95f1b0 2018   !   3       sdu.revolution.engine.graph.UniformsMap::setUniform (60 bytes)
Event: 6.742 Thread 0x000001d805705080 nmethod 2015 0x000001d8651ee190 code [0x000001d8651ee320, 0x000001d8651ee3f8]
Event: 6.742 Thread 0x000001d805705080 2019       3       org.joml.Matrix4f::get (14 bytes)
Event: 6.742 Thread 0x000001d879c003b0 nmethod 2016 0x000001d85e014b90 code [0x000001d85e014d40, 0x000001d85e015058]
Event: 6.742 Thread 0x000001d87f1317e0 nmethod 1985 0x000001d8651ee490 code [0x000001d8651ee600, 0x000001d8651ee6f8]
Event: 6.742 Thread 0x000001d879c003b0 2020       3       org.lwjgl.opengl.GL11::glDrawElements (8 bytes)
Event: 6.742 Thread 0x000001d879e31880 nmethod 2017 0x000001d85e015190 code [0x000001d85e015360, 0x000001d85e0156f8]
Event: 6.742 Thread 0x000001d879e31880 2021       3       org.lwjgl.opengl.GL11C::glDrawElements (8 bytes)
Event: 6.742 Thread 0x000001d879e31880 nmethod 2021 0x000001d85e015890 code [0x000001d85e015a20, 0x000001d85e015b28]
Event: 6.742 Thread 0x000001d879c003b0 nmethod 2020 0x000001d85e015c10 code [0x000001d85e015da0, 0x000001d85e015ea8]
Event: 6.742 Thread 0x000001d805705080 nmethod 2019 0x000001d85e015f90 code [0x000001d85e016140, 0x000001d85e0162c8]
Event: 6.742 Thread 0x000001d8057a38d0 2023       4       org.lwjgl.system.MemoryStack::push (38 bytes)
Event: 6.742 Thread 0x000001d87a95f1b0 nmethod 2018 0x000001d85e016390 code [0x000001d85e016600, 0x000001d85e017168]
Event: 6.742 Thread 0x000001d87f131d00 2024 % !   4       sdu.revolution.engine.graph.UniformsMap::setUniform @ 30 (117 bytes)
Event: 6.743 Thread 0x000001d8057a38d0 nmethod 2023 0x000001d8651ee790 code [0x000001d8651ee900, 0x000001d8651ee9f8]
Event: 6.743 Thread 0x000001d805b82020 2025       4       sdu.revolution.engine.graph.UniformsMap::getUniformLocation (37 bytes)
Event: 6.749 Thread 0x000001d805b82020 nmethod 2025 0x000001d8651eeb10 code [0x000001d8651eecc0, 0x000001d8651ef2a8]
Event: 6.758 Thread 0x000001d87f131d00 nmethod 2024% 0x000001d8651ef790 code [0x000001d8651ef980, 0x000001d8651f04f8]

GC Heap History (4 events):
Event: 0.743 GC heap before
{Heap before GC invocations=0 (full 0):
 garbage-first heap   total 258048K, used 20480K [0x0000000704800000, 0x0000000800000000)
  region size 2048K, 11 young (22528K), 0 survivors (0K)
 Metaspace       used 6845K, committed 7040K, reserved 1064960K
  class space    used 354K, committed 448K, reserved 1048576K
}
Event: 0.745 GC heap after
{Heap after GC invocations=1 (full 0):
 garbage-first heap   total 258048K, used 4096K [0x0000000704800000, 0x0000000800000000)
  region size 2048K, 2 young (4096K), 2 survivors (4096K)
 Metaspace       used 6845K, committed 7040K, reserved 1064960K
  class space    used 354K, committed 448K, reserved 1048576K
}
Event: 6.669 GC heap before
{Heap before GC invocations=1 (full 0):
 garbage-first heap   total 258048K, used 32768K [0x0000000704800000, 0x0000000800000000)
  region size 2048K, 16 young (32768K), 2 survivors (4096K)
 Metaspace       used 8233K, committed 8448K, reserved 1064960K
  class space    used 424K, committed 512K, reserved 1048576K
}
Event: 6.681 GC heap after
{Heap after GC invocations=2 (full 0):
 garbage-first heap   total 258048K, used 5866K [0x0000000704800000, 0x0000000800000000)
  region size 2048K, 1 young (2048K), 1 survivors (2048K)
 Metaspace       used 8233K, committed 8448K, reserved 1064960K
  class space    used 424K, committed 512K, reserved 1048576K
}

Deoptimization events (20 events):
Event: 6.646 Thread 0x000001d853f8c7e0 Uncommon trap: trap_request=0xffffffc6 fr.pc=0x000001d8651c913c relative=0x000000000000031c
Event: 6.646 Thread 0x000001d853f8c7e0 Uncommon trap: reason=bimorphic_or_optimized_type_check action=maybe_recompile pc=0x000001d8651c913c method=org.lwjgl.system.StructBuffer.get(I)Lorg/lwjgl/system/Struct; @ 1 c2
Event: 6.646 Thread 0x000001d853f8c7e0 DEOPT PACKING pc=0x000001d8651c913c sp=0x00000036f83fea50
Event: 6.646 Thread 0x000001d853f8c7e0 DEOPT UNPACKING pc=0x000001d85d5d23a3 sp=0x00000036f83fea30 mode 2
Event: 6.646 Thread 0x000001d853f8c7e0 Uncommon trap: trap_request=0xffffffc6 fr.pc=0x000001d8651c913c relative=0x000000000000031c
Event: 6.646 Thread 0x000001d853f8c7e0 Uncommon trap: reason=bimorphic_or_optimized_type_check action=maybe_recompile pc=0x000001d8651c913c method=org.lwjgl.system.StructBuffer.get(I)Lorg/lwjgl/system/Struct; @ 1 c2
Event: 6.646 Thread 0x000001d853f8c7e0 DEOPT PACKING pc=0x000001d8651c913c sp=0x00000036f83fea50
Event: 6.646 Thread 0x000001d853f8c7e0 DEOPT UNPACKING pc=0x000001d85d5d23a3 sp=0x00000036f83fea30 mode 2
Event: 6.646 Thread 0x000001d853f8c7e0 Uncommon trap: trap_request=0xffffffc6 fr.pc=0x000001d8651c913c relative=0x000000000000031c
Event: 6.646 Thread 0x000001d853f8c7e0 Uncommon trap: reason=bimorphic_or_optimized_type_check action=maybe_recompile pc=0x000001d8651c913c method=org.lwjgl.system.StructBuffer.get(I)Lorg/lwjgl/system/Struct; @ 1 c2
Event: 6.646 Thread 0x000001d853f8c7e0 DEOPT PACKING pc=0x000001d8651c913c sp=0x00000036f83fe980
Event: 6.646 Thread 0x000001d853f8c7e0 DEOPT UNPACKING pc=0x000001d85d5d23a3 sp=0x00000036f83fe960 mode 2
Event: 6.647 Thread 0x000001d853f8c7e0 Uncommon trap: trap_request=0xffffffbe fr.pc=0x000001d8651a1c20 relative=0x0000000000000640
Event: 6.647 Thread 0x000001d853f8c7e0 Uncommon trap: reason=profile_predicate action=maybe_recompile pc=0x000001d8651a1c20 method=java.util.ArrayList$ArrayListSpliterator.forEachRemaining(Ljava/util/function/Consumer;)V @ 81 c2
Event: 6.647 Thread 0x000001d853f8c7e0 DEOPT PACKING pc=0x000001d8651a1c20 sp=0x00000036f83fe610
Event: 6.647 Thread 0x000001d853f8c7e0 DEOPT UNPACKING pc=0x000001d85d5d23a3 sp=0x00000036f83fe5c0 mode 2
Event: 6.648 Thread 0x000001d853f8c7e0 Uncommon trap: trap_request=0xffffffbe fr.pc=0x000001d8651a1c20 relative=0x0000000000000640
Event: 6.648 Thread 0x000001d853f8c7e0 Uncommon trap: reason=profile_predicate action=maybe_recompile pc=0x000001d8651a1c20 method=java.util.ArrayList$ArrayListSpliterator.forEachRemaining(Ljava/util/function/Consumer;)V @ 81 c2
Event: 6.648 Thread 0x000001d853f8c7e0 DEOPT PACKING pc=0x000001d8651a1c20 sp=0x00000036f83fe470
Event: 6.648 Thread 0x000001d853f8c7e0 DEOPT UNPACKING pc=0x000001d85d5d23a3 sp=0x00000036f83fe420 mode 2

Classes unloaded (0 events):
No events

Classes redefined (0 events):
No events

Internal exceptions (20 events):
Event: 0.202 Thread 0x000001d853f8c7e0 Exception <a 'java/lang/NoSuchMethodError'{0x00000007136ad5b8}: 'int java.lang.invoke.DirectMethodHandle$Holder.invokeStaticInit(java.lang.Object, java.lang.Object, int, long)'> (0x00000007136ad5b8) 
thrown [c:\jenkins\workspace\zulu17-build-win64\zulu-src.git\src\hotspot\share\interpreter\linkResolver.cpp, line 766]
Event: 0.202 Thread 0x000001d853f8c7e0 Exception <a 'java/lang/NoSuchMethodError'{0x00000007136b2e80}: 'java.lang.Object java.lang.invoke.DirectMethodHandle$Holder.newInvokeSpecial(java.lang.Object, java.lang.Object, int)'> (0x00000007136b2e80) 
thrown [c:\jenkins\workspace\zulu17-build-win64\zulu-src.git\src\hotspot\share\interpreter\linkResolver.cpp, line 766]
Event: 0.203 Thread 0x000001d853f8c7e0 Exception <a 'java/lang/NoSuchMethodError'{0x00000007136c1c58}: 'int java.lang.invoke.DirectMethodHandle$Holder.invokeStaticInit(java.lang.Object, java.lang.Object, long, long)'> (0x00000007136c1c58) 
thrown [c:\jenkins\workspace\zulu17-build-win64\zulu-src.git\src\hotspot\share\interpreter\linkResolver.cpp, line 766]
Event: 0.203 Thread 0x000001d853f8c7e0 Exception <a 'java/lang/NoSuchMethodError'{0x00000007136c79e0}: 'java.lang.Object java.lang.invoke.DirectMethodHandle$Holder.newInvokeSpecial(java.lang.Object, java.lang.Object, long)'> (0x00000007136c79e0) 
thrown [c:\jenkins\workspace\zulu17-build-win64\zulu-src.git\src\hotspot\share\interpreter\linkResolver.cpp, line 766]
Event: 0.203 Thread 0x000001d853f8c7e0 Exception <a 'java/lang/NoSuchMethodError'{0x00000007136cb550}: 'java.lang.Object java.lang.invoke.Invokers$Holder.linkToTargetMethod(java.lang.Object, long, java.lang.Object)'> (0x00000007136cb550) 
thrown [c:\jenkins\workspace\zulu17-build-win64\zulu-src.git\src\hotspot\share\interpreter\linkResolver.cpp, line 766]
Event: 0.204 Thread 0x000001d853f8c7e0 Exception <a 'java/lang/NoSuchMethodError'{0x00000007136d2a20}: 'int java.lang.invoke.DirectMethodHandle$Holder.invokeStaticInit(java.lang.Object, java.lang.Object, java.lang.Object, long)'> (0x00000007136d2a20) 
thrown [c:\jenkins\workspace\zulu17-build-win64\zulu-src.git\src\hotspot\share\interpreter\linkResolver.cpp, line 766]
Event: 0.508 Thread 0x000001d853f8c7e0 Exception <a 'sun/nio/fs/WindowsException'{0x0000000713792b98}> (0x0000000713792b98) 
thrown [c:\jenkins\workspace\zulu17-build-win64\zulu-src.git\src\hotspot\share\prims\jni.cpp, line 516]
Event: 0.508 Thread 0x000001d853f8c7e0 Exception <a 'sun/nio/fs/WindowsException'{0x0000000713792f58}> (0x0000000713792f58) 
thrown [c:\jenkins\workspace\zulu17-build-win64\zulu-src.git\src\hotspot\share\prims\jni.cpp, line 516]
Event: 0.513 Thread 0x000001d853f8c7e0 Exception <a 'java/lang/NoSuchMethodError'{0x00000007137bccd0}: 'void java.lang.invoke.DirectMethodHandle$Holder.invokeStatic(java.lang.Object, int, long)'> (0x00000007137bccd0) 
thrown [c:\jenkins\workspace\zulu17-build-win64\zulu-src.git\src\hotspot\share\interpreter\linkResolver.cpp, line 766]
Event: 0.559 Thread 0x000001d853f8c7e0 Exception <a 'sun/nio/fs/WindowsException'{0x0000000713461258}> (0x0000000713461258) 
thrown [c:\jenkins\workspace\zulu17-build-win64\zulu-src.git\src\hotspot\share\prims\jni.cpp, line 516]
Event: 0.559 Thread 0x000001d853f8c7e0 Exception <a 'sun/nio/fs/WindowsException'{0x0000000713461628}> (0x0000000713461628) 
thrown [c:\jenkins\workspace\zulu17-build-win64\zulu-src.git\src\hotspot\share\prims\jni.cpp, line 516]
Event: 0.562 Thread 0x000001d853f8c7e0 Exception <a 'sun/nio/fs/WindowsException'{0x0000000713473258}> (0x0000000713473258) 
thrown [c:\jenkins\workspace\zulu17-build-win64\zulu-src.git\src\hotspot\share\prims\jni.cpp, line 516]
Event: 0.562 Thread 0x000001d853f8c7e0 Exception <a 'sun/nio/fs/WindowsException'{0x0000000713473558}> (0x0000000713473558) 
thrown [c:\jenkins\workspace\zulu17-build-win64\zulu-src.git\src\hotspot\share\prims\jni.cpp, line 516]
Event: 0.615 Thread 0x000001d853f8c7e0 Exception <a 'java/lang/NoSuchMethodError'{0x00000007132e4300}: 'void java.lang.invoke.DirectMethodHandle$Holder.invokeStatic(java.lang.Object, int)'> (0x00000007132e4300) 
thrown [c:\jenkins\workspace\zulu17-build-win64\zulu-src.git\src\hotspot\share\interpreter\linkResolver.cpp, line 766]
Event: 0.627 Thread 0x000001d853f8c7e0 Exception <a 'sun/nio/fs/WindowsException'{0x0000000713370488}> (0x0000000713370488) 
thrown [c:\jenkins\workspace\zulu17-build-win64\zulu-src.git\src\hotspot\share\prims\jni.cpp, line 516]
Event: 0.756 Thread 0x000001d853f8c7e0 Exception <a 'sun/nio/fs/WindowsException'{0x0000000714263468}> (0x0000000714263468) 
thrown [c:\jenkins\workspace\zulu17-build-win64\zulu-src.git\src\hotspot\share\prims\jni.cpp, line 516]
Event: 0.756 Thread 0x000001d853f8c7e0 Exception <a 'sun/nio/fs/WindowsException'{0x0000000714263818}> (0x0000000714263818) 
thrown [c:\jenkins\workspace\zulu17-build-win64\zulu-src.git\src\hotspot\share\prims\jni.cpp, line 516]
Event: 0.793 Thread 0x000001d853f8c7e0 Exception <a 'sun/nio/fs/WindowsException'{0x0000000714328690}> (0x0000000714328690) 
thrown [c:\jenkins\workspace\zulu17-build-win64\zulu-src.git\src\hotspot\share\prims\jni.cpp, line 516]
Event: 0.793 Thread 0x000001d853f8c7e0 Exception <a 'sun/nio/fs/WindowsException'{0x0000000714328a40}> (0x0000000714328a40) 
thrown [c:\jenkins\workspace\zulu17-build-win64\zulu-src.git\src\hotspot\share\prims\jni.cpp, line 516]
Event: 0.818 Thread 0x000001d853f8c7e0 Exception <a 'java/lang/NoSuchMethodError'{0x0000000714075908}: 'void java.lang.invoke.DirectMethodHandle$Holder.invokeStatic(java.lang.Object, long)'> (0x0000000714075908) 
thrown [c:\jenkins\workspace\zulu17-build-win64\zulu-src.git\src\hotspot\share\interpreter\linkResolver.cpp, line 766]

VM Operations (20 events):
Event: 0.188 Executing VM operation: HandshakeAllThreads
Event: 0.188 Executing VM operation: HandshakeAllThreads done
Event: 0.743 Executing VM operation: G1CollectForAllocation
Event: 0.745 Executing VM operation: G1CollectForAllocation done
Event: 0.762 Executing VM operation: HandshakeAllThreads
Event: 0.762 Executing VM operation: HandshakeAllThreads done
Event: 1.773 Executing VM operation: Cleanup
Event: 1.773 Executing VM operation: Cleanup done
Event: 2.785 Executing VM operation: Cleanup
Event: 2.785 Executing VM operation: Cleanup done
Event: 3.795 Executing VM operation: Cleanup
Event: 3.795 Executing VM operation: Cleanup done
Event: 4.808 Executing VM operation: Cleanup
Event: 4.808 Executing VM operation: Cleanup done
Event: 6.644 Executing VM operation: HandshakeAllThreads
Event: 6.644 Executing VM operation: HandshakeAllThreads done
Event: 6.644 Executing VM operation: Cleanup
Event: 6.644 Executing VM operation: Cleanup done
Event: 6.669 Executing VM operation: G1CollectForAllocation
Event: 6.681 Executing VM operation: G1CollectForAllocation done

Events (20 events):
Event: 6.644 loading class java/util/stream/AbstractSpinedBuffer
Event: 6.644 loading class java/util/stream/AbstractSpinedBuffer done
Event: 6.644 loading class java/util/stream/SpinedBuffer done
Event: 6.644 loading class java/util/stream/Nodes$SpinedNodeBuilder done
Event: 6.647 Thread 0x000001d87a95f1b0 Thread added: 0x000001d87a95f1b0
Event: 6.649 Thread 0x000001d8057a38d0 Thread added: 0x000001d8057a38d0
Event: 6.649 Thread 0x000001d805b82020 Thread added: 0x000001d805b82020
Event: 6.649 Thread 0x000001d87f1317e0 Thread added: 0x000001d87f1317e0
Event: 6.649 Thread 0x000001d87f131d00 Thread added: 0x000001d87f131d00
Event: 6.649 Thread 0x000001d87f0ad460 Thread added: 0x000001d87f0ad460
Event: 6.649 Thread 0x000001d87f0ad980 Thread added: 0x000001d87f0ad980
Event: 6.653 Thread 0x000001d879e31880 Thread added: 0x000001d879e31880
Event: 6.729 loading class jdk/internal/math/FormattedFloatingDecimal$Form
Event: 6.729 loading class jdk/internal/math/FormattedFloatingDecimal$Form done
Event: 6.729 loading class jdk/internal/math/FormattedFloatingDecimal
Event: 6.729 loading class jdk/internal/math/FormattedFloatingDecimal done
Event: 6.729 loading class jdk/internal/math/FormattedFloatingDecimal$1
Event: 6.729 loading class jdk/internal/math/FormattedFloatingDecimal$1 done
Event: 6.729 loading class jdk/internal/math/FormattedFloatingDecimal$2
Event: 6.729 loading class jdk/internal/math/FormattedFloatingDecimal$2 done


Dynamic libraries:
0x00007ff615fe0000 - 0x00007ff615fee000 	D:\Program Files\Zulu\zulu-17\bin\java.exe
0x00007ff8f86c0000 - 0x00007ff8f88c9000 	C:\Windows\SYSTEM32\ntdll.dll
0x00007ff8f7350000 - 0x00007ff8f740e000 	C:\Windows\System32\KERNEL32.DLL
0x00007ff8f5dd0000 - 0x00007ff8f614b000 	C:\Windows\System32\KERNELBASE.dll
0x00007ff8f5cb0000 - 0x00007ff8f5dc1000 	C:\Windows\System32\ucrtbase.dll
0x00007ff8b9f00000 - 0x00007ff8b9f18000 	D:\Program Files\Zulu\zulu-17\bin\jli.dll
0x00007ff8b9ee0000 - 0x00007ff8b9efb000 	D:\Program Files\Zulu\zulu-17\bin\VCRUNTIME140.dll
0x00007ff8f7e30000 - 0x00007ff8f7fdd000 	C:\Windows\System32\USER32.dll
0x00007ff8f6280000 - 0x00007ff8f62a6000 	C:\Windows\System32\win32u.dll
0x00007ff8d5950000 - 0x00007ff8d5bf5000 	C:\Windows\WinSxS\amd64_microsoft.windows.common-controls_6595b64144ccf1df_6.0.22000.120_none_9d947278b86cc467\COMCTL32.dll
0x00007ff8f7e00000 - 0x00007ff8f7e29000 	C:\Windows\System32\GDI32.dll
0x00007ff8f6fa0000 - 0x00007ff8f7043000 	C:\Windows\System32\msvcrt.dll
0x00007ff8f5b90000 - 0x00007ff8f5ca8000 	C:\Windows\System32\gdi32full.dll
0x00007ff8f64a0000 - 0x00007ff8f653d000 	C:\Windows\System32\msvcp_win.dll
0x00007ff8f7050000 - 0x00007ff8f7082000 	C:\Windows\System32\IMM32.DLL
0x00007ff8c95b0000 - 0x00007ff8c95dd000 	C:\Program Files\MacType\MacType64.dll
0x00007ff8f74a0000 - 0x00007ff8f754e000 	C:\Windows\System32\ADVAPI32.dll
0x00007ff8f6d80000 - 0x00007ff8f6e1e000 	C:\Windows\System32\sechost.dll
0x00007ff8f70f0000 - 0x00007ff8f7210000 	C:\Windows\System32\RPCRT4.dll
0x00007ff8c95e0000 - 0x00007ff8c963a000 	C:\Program Files\MacType\Easyhk64.dll
0x00007ff8c8e50000 - 0x00007ff8c8f5b000 	C:\Program Files\MacType\MacType64.Core.dll
0x00007ff8f1460000 - 0x00007ff8f1a18000 	C:\Windows\SYSTEM32\d2d1.dll
0x00007ff8be820000 - 0x00007ff8bea7f000 	C:\Windows\SYSTEM32\dwrite.dll
0x00007ff8f62b0000 - 0x00007ff8f632f000 	C:\Windows\System32\bcryptPrimitives.dll
0x00007ff8c8d30000 - 0x00007ff8c8d3c000 	D:\Program Files\Zulu\zulu-17\bin\vcruntime140_1.dll
0x00007ff862c50000 - 0x00007ff862cdd000 	D:\Program Files\Zulu\zulu-17\bin\msvcp140.dll
0x00007ff85b790000 - 0x00007ff85c3f8000 	D:\Program Files\Zulu\zulu-17\bin\server\jvm.dll
0x00007ff8f6d70000 - 0x00007ff8f6d78000 	C:\Windows\System32\PSAPI.DLL
0x00007ff8c0b20000 - 0x00007ff8c0b29000 	C:\Windows\SYSTEM32\WSOCK32.dll
0x00007ff8e58a0000 - 0x00007ff8e58aa000 	C:\Windows\SYSTEM32\VERSION.dll
0x00007ff8f6d00000 - 0x00007ff8f6d6f000 	C:\Windows\System32\WS2_32.dll
0x00007ff8ef060000 - 0x00007ff8ef093000 	C:\Windows\SYSTEM32\WINMM.dll
0x00007ff8f4cc0000 - 0x00007ff8f4cd8000 	C:\Windows\SYSTEM32\kernel.appcore.dll
0x00007ff8c8950000 - 0x00007ff8c895a000 	D:\Program Files\Zulu\zulu-17\bin\jimage.dll
0x00007ff8f30e0000 - 0x00007ff8f3301000 	C:\Windows\SYSTEM32\DBGHELP.DLL
0x00007ff8e8220000 - 0x00007ff8e8251000 	C:\Windows\SYSTEM32\dbgcore.DLL
0x00007ff8f1320000 - 0x00007ff8f132e000 	D:\Program Files\Zulu\zulu-17\bin\instrument.dll
0x00007ff8b6f60000 - 0x00007ff8b6f85000 	D:\Program Files\Zulu\zulu-17\bin\java.dll
0x00007ff85d020000 - 0x00007ff85d0f7000 	D:\Program Files\Zulu\zulu-17\bin\jsvml.dll
0x00007ff8f6540000 - 0x00007ff8f6cf8000 	C:\Windows\System32\SHELL32.dll
0x00007ff8f3c40000 - 0x00007ff8f44a5000 	C:\Windows\SYSTEM32\windows.storage.dll
0x00007ff8f8050000 - 0x00007ff8f83c8000 	C:\Windows\System32\combase.dll
0x00007ff8f3ad0000 - 0x00007ff8f3c36000 	C:\Windows\SYSTEM32\wintypes.dll
0x00007ff8f6eb0000 - 0x00007ff8f6f9a000 	C:\Windows\System32\SHCORE.dll
0x00007ff8f76a0000 - 0x00007ff8f76fd000 	C:\Windows\System32\shlwapi.dll
0x00007ff8f5ac0000 - 0x00007ff8f5ae1000 	C:\Windows\SYSTEM32\profapi.dll
0x00007ff8af840000 - 0x00007ff8af858000 	D:\Program Files\Zulu\zulu-17\bin\zip.dll
0x00007ff8b7e90000 - 0x00007ff8b7ea9000 	D:\Program Files\Zulu\zulu-17\bin\net.dll
0x00007ff8ef2f0000 - 0x00007ff8ef404000 	C:\Windows\SYSTEM32\WINHTTP.dll
0x00007ff8f5150000 - 0x00007ff8f51b7000 	C:\Windows\system32\mswsock.dll
0x00007ff8b06c0000 - 0x00007ff8b06d6000 	D:\Program Files\Zulu\zulu-17\bin\nio.dll
0x00007ff8f0b50000 - 0x00007ff8f0b6a000 	D:\Program Files\JetBrains\IntelliJ IDEA Community Edition 2022.1.4\bin\breakgen64.dll
0x00007ff8c6230000 - 0x00007ff8c6240000 	D:\Program Files\Zulu\zulu-17\bin\verify.dll
0x00007ff85fab0000 - 0x00007ff85fb25000 	C:\Users\Maxmilite\AppData\Local\Temp\lwjglMaxmilite\3.3.1-build-7\lwjgl.dll
0x00007ff883df0000 - 0x00007ff883e51000 	C:\Users\MAXMIL~1\AppData\Local\Temp\lwjglMaxmilite\3.3.1-build-7\glfw.dll
0x00007ff8a3500000 - 0x00007ff8a3545000 	C:\Windows\SYSTEM32\dinput8.dll
0x00007ff8d52b0000 - 0x00007ff8d52c1000 	C:\Windows\SYSTEM32\xinput1_4.dll
0x00007ff8f58b0000 - 0x00007ff8f58dc000 	C:\Windows\SYSTEM32\DEVOBJ.dll
0x00007ff8f5860000 - 0x00007ff8f58ac000 	C:\Windows\SYSTEM32\cfgmgr32.dll
0x00007ff8f34a0000 - 0x00007ff8f34cf000 	C:\Windows\SYSTEM32\dwmapi.dll
0x00007ff8d2930000 - 0x00007ff8d2af9000 	C:\Windows\SYSTEM32\inputhost.dll
0x00007ff8f2820000 - 0x00007ff8f2951000 	C:\Windows\SYSTEM32\CoreMessaging.dll
0x00007ff8f5340000 - 0x00007ff8f534c000 	C:\Windows\SYSTEM32\CRYPTBASE.DLL
0x00007ff8f2dc0000 - 0x00007ff8f2e6c000 	C:\Windows\system32\uxtheme.dll
0x00007ff8f7580000 - 0x00007ff8f769d000 	C:\Windows\System32\MSCTF.dll
0x00007ff85df30000 - 0x00007ff85e031000 	C:\Windows\SYSTEM32\opengl32.dll
0x00007ff8c5540000 - 0x00007ff8c556d000 	C:\Windows\SYSTEM32\GLU32.dll
0x00007ff8f2eb0000 - 0x00007ff8f2ee8000 	C:\Windows\SYSTEM32\dxcore.dll
0x00007ff8f0a80000 - 0x00007ff8f0ac4000 	C:\Windows\SYSTEM32\directxdatabasehelper.dll
0x00007ff8f4ce0000 - 0x00007ff8f4d14000 	C:\Windows\SYSTEM32\ntmarta.dll
0x00007ff8f7210000 - 0x00007ff8f72c5000 	C:\Windows\System32\clbcatq.dll
0x00007ff8564c0000 - 0x00007ff85967a000 	C:\Windows\System32\DriverStore\FileRepository\nvaci.inf_amd64_8ce19eb793971eee\nvoglv64.dll
0x00007ff8f77e0000 - 0x00007ff8f7c4c000 	C:\Windows\System32\SETUPAPI.dll
0x00007ff8f7700000 - 0x00007ff8f77d6000 	C:\Windows\System32\OLEAUT32.dll
0x00007ff8f1de0000 - 0x00007ff8f1df4000 	C:\Windows\SYSTEM32\WTSAPI32.dll
0x000001d87bc00000 - 0x000001d87bd9a000 	C:\Windows\System32\ole32.dll
0x00007ff8f5480000 - 0x00007ff8f5492000 	C:\Windows\SYSTEM32\msasn1.dll
0x00007ff8e5860000 - 0x00007ff8e5891000 	C:\Windows\SYSTEM32\cryptnet.dll
0x00007ff8f6330000 - 0x00007ff8f6492000 	C:\Windows\System32\CRYPT32.dll
0x00007ff8e5710000 - 0x00007ff8e5859000 	C:\Windows\SYSTEM32\drvstore.dll
0x00007ff8f53d0000 - 0x00007ff8f5411000 	C:\Windows\SYSTEM32\wldp.dll
0x00007ff8f6210000 - 0x00007ff8f6278000 	C:\Windows\System32\WINTRUST.dll
0x00007ff85cd50000 - 0x00007ff85d01f000 	C:\Windows\system32\nvspcap64.dll
0x00007ff8f4ad0000 - 0x00007ff8f4b1d000 	C:\Windows\SYSTEM32\powrprof.dll
0x00007ff8f4ab0000 - 0x00007ff8f4ac3000 	C:\Windows\SYSTEM32\UMPDC.dll
0x00007ff8f4700000 - 0x00007ff8f4764000 	C:\Windows\SYSTEM32\WINSTA.dll
0x00007ff8f2fc0000 - 0x00007ff8f30b3000 	C:\Windows\system32\dxgi.dll
0x00007ff8eebf0000 - 0x00007ff8eee70000 	C:\Windows\system32\d3d11.dll
0x00007ff85f990000 - 0x00007ff85faa7000 	C:\Windows\System32\DriverStore\FileRepository\nvaci.inf_amd64_8ce19eb793971eee\nvldumdx.dll
0x00007ff8f7550000 - 0x00007ff8f756f000 	C:\Windows\System32\imagehlp.dll
0x00007ff8f5430000 - 0x00007ff8f5448000 	C:\Windows\SYSTEM32\CRYPTSP.dll
0x00007ff8f4c20000 - 0x00007ff8f4c55000 	C:\Windows\system32\rsaenh.dll
0x00007ff8f5570000 - 0x00007ff8f5597000 	C:\Windows\SYSTEM32\bcrypt.dll
0x00007ff852eb0000 - 0x00007ff8558aa000 	C:\Windows\System32\DriverStore\FileRepository\nvaci.inf_amd64_8ce19eb793971eee\nvwgf2umx.dll
0x00007ff8e8260000 - 0x00007ff8e89a8000 	C:\Windows\SYSTEM32\nvapi64.dll
0x00007ff85b530000 - 0x00007ff85b789000 	C:\Users\MAXMIL~1\AppData\Local\Temp\lwjglMaxmilite\3.3.1-build-7\jemalloc.dll
0x00007ff8cb820000 - 0x00007ff8cb94d000 	C:\Windows\SYSTEM32\textinputframework.dll
0x00007ff8ef410000 - 0x00007ff8ef77d000 	C:\Windows\SYSTEM32\CoreUIComponents.dll
0x00007ff885890000 - 0x00007ff8858ed000 	C:\Users\Maxmilite\AppData\Local\Temp\lwjglMaxmilite\3.3.1-build-7\lwjgl_opengl.dll
0x0000000064a00000 - 0x000000006578a000 	C:\Users\Maxmilite\AppData\Local\Temp\imgui-java-natives_1669425922031\imgui-java64.dll
0x00007ff85f900000 - 0x00007ff85f981000 	C:\Users\Maxmilite\AppData\Local\Temp\lwjglMaxmilite\3.3.1-build-7\lwjgl_stb.dll
0x00007ff85a380000 - 0x00007ff85a929000 	C:\Users\MAXMIL~1\AppData\Local\Temp\lwjglMaxmilite\3.3.1-build-7\assimp.dll

dbghelp: loaded successfully - version: 4.0.5 - missing functions: none
symbol engine: initialized successfully - sym options: 0x614 - pdb path: .;D:\Program Files\Zulu\zulu-17\bin;C:\Windows\SYSTEM32;C:\Windows\WinSxS\amd64_microsoft.windows.common-controls_6595b64144ccf1df_6.0.22000.120_none_9d947278b86cc467;C:\Program Files\MacType;D:\Program Files\Zulu\zulu-17\bin\server;D:\Program Files\JetBrains\IntelliJ IDEA Community Edition 2022.1.4\bin;C:\Users\Maxmilite\AppData\Local\Temp\lwjglMaxmilite\3.3.1-build-7;C:\Users\MAXMIL~1\AppData\Local\Temp\lwjglMaxmilite\3.3.1-build-7;C:\Windows\System32\DriverStore\FileRepository\nvaci.inf_amd64_8ce19eb793971eee;C:\Users\Maxmilite\AppData\Local\Temp\imgui-java-natives_1669425922031

VM Arguments:
jvm_args: -javaagent:D:\Program Files\JetBrains\IntelliJ IDEA Community Edition 2022.1.4\lib\idea_rt.jar=3096:D:\Program Files\JetBrains\IntelliJ IDEA Community Edition 2022.1.4\bin -Dfile.encoding=UTF-8 
java_command: sdu.revolution.Main
java_class_path (initial): D:\CodeSpace\Revolution\target\classes;C:\Users\Maxmilite\.m2\repository\org\cooder\tinylog\tinylog\1.2.2\tinylog-1.2.2.jar;C:\Users\Maxmilite\.m2\repository\org\lwjgl\lwjgl\3.3.1\lwjgl-3.3.1.jar;C:\Users\Maxmilite\.m2\repository\org\lwjgl\lwjgl-assimp\3.3.1\lwjgl-assimp-3.3.1.jar;C:\Users\Maxmilite\.m2\repository\org\lwjgl\lwjgl-bgfx\3.3.1\lwjgl-bgfx-3.3.1.jar;C:\Users\Maxmilite\.m2\repository\org\lwjgl\lwjgl-cuda\3.3.1\lwjgl-cuda-3.3.1.jar;C:\Users\Maxmilite\.m2\repository\org\lwjgl\lwjgl-egl\3.3.1\lwjgl-egl-3.3.1.jar;C:\Users\Maxmilite\.m2\repository\org\lwjgl\lwjgl-glfw\3.3.1\lwjgl-glfw-3.3.1.jar;C:\Users\Maxmilite\.m2\repository\org\lwjgl\lwjgl-jawt\3.3.1\lwjgl-jawt-3.3.1.jar;C:\Users\Maxmilite\.m2\repository\org\lwjgl\lwjgl-jemalloc\3.3.1\lwjgl-jemalloc-3.3.1.jar;C:\Users\Maxmilite\.m2\repository\org\lwjgl\lwjgl-libdivide\3.3.1\lwjgl-libdivide-3.3.1.jar;C:\Users\Maxmilite\.m2\repository\org\lwjgl\lwjgl-llvm\3.3.1\lwjgl-llvm-3.3.1.jar;C:\Users\Maxmilite\.m2\repository\org\lwjgl\lwjgl-lmdb\3.3.1\lwjgl-lmdb-3.3.1.jar;C:\Users\Maxmilite\.m2\repository\org\lwjgl\lwjgl-lz4\3.3.1\lwjgl-lz4-3.3.1.jar;C:\Users\Maxmilite\.m2\repository\org\lwjgl\lwjgl-meow\3.3.1\lwjgl-meow-3.3.1.jar;C:\Users\Maxmilite\.m2\repository\org\lwjgl\lwjgl-meshoptimizer\3.3.1\lwjgl-meshoptimizer-3.3.1.jar;C:\Users\Maxmilite\.m2\repository\org\lwjgl\lwjgl-nanovg\3.3.1\lwjgl-nanovg-3.3.1.jar;C:\Users\Maxmilite\.m2\repository\org\lwjgl\lwjgl-nfd\3.3.1\lwjgl-nfd-3.3.1.jar;C:\Users\Maxmilite\.m2\repository\org\lwjgl\lwjgl-nuklear\3.3.1\lwjgl-nuklear-3.3.1.jar;C:\Users\Maxmilite\.m2\repository\org\lwjgl\lwjgl-odbc\3.3.1\lwjgl-odbc-3.3.1.jar;C:\Users\Maxmilite\.m2\repository\org\lwjgl\lwjgl-openal\3.3.1\lwjgl-openal-3.3.1.jar;C:\Users\Maxmilite\.m2\repository\org\lwjgl\lwjgl-opencl\3.3.1\lwjgl-opencl-3.3.1.jar;C:\Users\Maxmilite\.m2\repository\org\lwjgl\lwjgl-opengl\3.3.1\lwjgl-opengl-3.3.1.jar;C:\Users\Maxmilite\.m2\repository\org\lwjgl\lwjgl-opengles\3.3.1\lwjgl-opengles
Launcher Type: SUN_STANDARD

[Global flags]
     intx CICompilerCount                          = 12                                        {product} {ergonomic}
     uint ConcGCThreads                            = 3                                         {product} {ergonomic}
     uint G1ConcRefinementThreads                  = 13                                        {product} {ergonomic}
   size_t G1HeapRegionSize                         = 2097152                                   {product} {ergonomic}
    uintx GCDrainStackTargetSize                   = 64                                        {product} {ergonomic}
   size_t InitialHeapSize                          = 264241152                                 {product} {ergonomic}
   size_t MarkStackSize                            = 4194304                                   {product} {ergonomic}
   size_t MaxHeapSize                              = 4219469824                                {product} {ergonomic}
   size_t MaxNewSize                               = 2531262464                                {product} {ergonomic}
   size_t MinHeapDeltaBytes                        = 2097152                                   {product} {ergonomic}
   size_t MinHeapSize                              = 8388608                                   {product} {ergonomic}
    uintx NonNMethodCodeHeapSize                   = 7602480                                {pd product} {ergonomic}
    uintx NonProfiledCodeHeapSize                  = 122027880                              {pd product} {ergonomic}
    uintx ProfiledCodeHeapSize                     = 122027880                              {pd product} {ergonomic}
    uintx ReservedCodeCacheSize                    = 251658240                              {pd product} {ergonomic}
     bool SegmentedCodeCache                       = true                                      {product} {ergonomic}
   size_t SoftMaxHeapSize                          = 4219469824                             {manageable} {ergonomic}
     bool UseCompressedClassPointers               = true                           {product lp64_product} {ergonomic}
     bool UseCompressedOops                        = true                           {product lp64_product} {ergonomic}
     bool UseG1GC                                  = true                                      {product} {ergonomic}
     bool UseLargePagesIndividualAllocation        = false                                  {pd product} {ergonomic}

Logging:
Log output configuration:
 #0: stdout all=warning uptime,level,tags
 #1: stderr all=off uptime,level,tags

Environment Variables:
JAVA_HOME=D:\Program Files\Zulu\zulu-17\
PATH=D:\Program Files (x86)\VMware\VMware Workstation\bin\;C:\Program Files (x86)\Common Files\Intel\Shared Libraries\redist\intel64\compiler;D:\Program Files\Zulu\zulu-17\bin\;C:\Windows\system32;C:\Windows;C:\Windows\System32\Wbem;C:\Windows\System32\WindowsPowerShell\v1.0\;C:\Windows\System32\OpenSSH\;C:\Program Files (x86)\NVIDIA Corporation\PhysX\Common;D:\Program Files\Bandizip\Bandizip;C:\Program Files\dotnet\;D:\TDM-GCC-64\bin;D:\Program Files\nodejs\;C:\ProgramData\chocolatey\bin;D:\Program Files\Git\cmd;D:\Program Files (x86)\NetSarang\Xshell 7\;C:\Program Files\NVIDIA Corporation\NVIDIA NvDLISR;D:\Program Files\IDM Computer Solutions\UltraEdit;C:\Program Files\Pandoc\;E:\Program Files\MATLAB\R2020a\bin;D:\Program Files\Python\Python310\Scripts\;D:\Program Files\Python\Python310\;C:\Users\Maxmilite\AppData\Local\Microsoft\WindowsApps;D:\Program Files\Microsoft VS Code\bin;C:\Users\Maxmilite\AppData\Roaming\npm;C:\Users\Maxmilite\AppData\Local\GitHubDesktop\bin;D:\Tools\ADB;D:\Tools\kotlin-native-windows-x86_64-1.7.10\bin;E:\texlive\2022\bin\win32;C:\Program Files\Pandoc;
USERNAME=Maxmilite
OS=Windows_NT
PROCESSOR_IDENTIFIER=Intel64 Family 6 Model 154 Stepping 3, GenuineIntel



---------------  S Y S T E M  ---------------

OS:
 Windows 11 , 64 bit Build 22000 (10.0.22000.1219)
OS uptime: 0 days 1:11 hours
Hyper-V role detected

CPU: total 16 (initial active 16) (8 cores per cpu, 2 threads per core) family 6 model 154 stepping 3 microcode 0x41b, cx8, cmov, fxsr, ht, mmx, 3dnowpref, sse, sse2, sse3, ssse3, sse4.1, sse4.2, popcnt, lzcnt, tsc, tscinvbit, avx, avx2, aes, erms, clmul, bmi1, bmi2, adx, sha, fma, vzeroupper, clflush, clflushopt, clwb, hv

Memory: 4k page, system-wide physical 16088M (4289M free)
TotalPageFile size 28376M (AvailPageFile size 11973M)
current process WorkingSet (physical memory assigned to process): 227M, peak: 227M
current process commit charge ("private bytes"): 577M, peak: 577M

vm_info: OpenJDK 64-Bit Server VM (17.0.3+7-LTS) for windows-amd64 JRE (17.0.3+7-LTS) (Zulu17.34+19-CA), built on Apr 17 2022 09:18:41 by "zulu_re" with MS VC++ 16.10 / 16.11 (VS2019)

END.
